<?xml version="1.0" encoding="UTF-8"?>
<testsuite xmlns:xsi="http://www.w3.org/2001/XMLSchema-instance" xsi:noNamespaceSchemaLocation="https://maven.apache.org/surefire/maven-surefire-plugin/xsd/surefire-test-report-3.0.xsd" version="3.0" name="TestSuite" time="631.549" tests="31" errors="0" skipped="0" failures="3">
  <properties>
    <property name="java.specification.version" value="17"/>
    <property name="webdriver.chrome.driver" value="C:\Users\kumar\.cache\selenium\chromedriver\win64\119.0.6045.105\chromedriver.exe"/>
    <property name="sun.cpu.isalist" value="amd64"/>
    <property name="sun.jnu.encoding" value="Cp1252"/>
    <property name="java.class.path" value="C:\Development\Automation\Jiviewsrpav2\target\test-classes;C:\Development\Automation\Jiviewsrpav2\target\classes;C:\Users\kumar\.m2\repository\org\testng\testng\6.14.3\testng-6.14.3.jar;C:\Users\kumar\.m2\repository\com\beust\jcommander\1.72\jcommander-1.72.jar;C:\Users\kumar\.m2\repository\org\apache-extras\beanshell\bsh\2.0b6\bsh-2.0b6.jar;C:\Users\kumar\.m2\repository\org\seleniumhq\selenium\selenium-java\4.10.0\selenium-java-4.10.0.jar;C:\Users\kumar\.m2\repository\org\seleniumhq\selenium\selenium-api\4.10.0\selenium-api-4.10.0.jar;C:\Users\kumar\.m2\repository\org\seleniumhq\selenium\selenium-chrome-driver\4.10.0\selenium-chrome-driver-4.10.0.jar;C:\Users\kumar\.m2\repository\com\google\auto\service\auto-service-annotations\1.0.1\auto-service-annotations-1.0.1.jar;C:\Users\kumar\.m2\repository\com\google\auto\service\auto-service\1.0.1\auto-service-1.0.1.jar;C:\Users\kumar\.m2\repository\com\google\auto\auto-common\1.2\auto-common-1.2.jar;C:\Users\kumar\.m2\repository\com\google\guava\guava\31.1-jre\guava-31.1-jre.jar;C:\Users\kumar\.m2\repository\com\google\guava\failureaccess\1.0.1\failureaccess-1.0.1.jar;C:\Users\kumar\.m2\repository\com\google\guava\listenablefuture\9999.0-empty-to-avoid-conflict-with-guava\listenablefuture-9999.0-empty-to-avoid-conflict-with-guava.jar;C:\Users\kumar\.m2\repository\com\google\code\findbugs\jsr305\3.0.2\jsr305-3.0.2.jar;C:\Users\kumar\.m2\repository\org\checkerframework\checker-qual\3.12.0\checker-qual-3.12.0.jar;C:\Users\kumar\.m2\repository\com\google\errorprone\error_prone_annotations\2.11.0\error_prone_annotations-2.11.0.jar;C:\Users\kumar\.m2\repository\com\google\j2objc\j2objc-annotations\1.3\j2objc-annotations-1.3.jar;C:\Users\kumar\.m2\repository\org\seleniumhq\selenium\selenium-chromium-driver\4.10.0\selenium-chromium-driver-4.10.0.jar;C:\Users\kumar\.m2\repository\org\seleniumhq\selenium\selenium-json\4.10.0\selenium-json-4.10.0.jar;C:\Users\kumar\.m2\repository\org\seleniumhq\selenium\selenium-manager\4.10.0\selenium-manager-4.10.0.jar;C:\Users\kumar\.m2\repository\org\seleniumhq\selenium\selenium-devtools-v112\4.10.0\selenium-devtools-v112-4.10.0.jar;C:\Users\kumar\.m2\repository\org\seleniumhq\selenium\selenium-devtools-v113\4.10.0\selenium-devtools-v113-4.10.0.jar;C:\Users\kumar\.m2\repository\org\seleniumhq\selenium\selenium-devtools-v114\4.10.0\selenium-devtools-v114-4.10.0.jar;C:\Users\kumar\.m2\repository\org\seleniumhq\selenium\selenium-devtools-v85\4.10.0\selenium-devtools-v85-4.10.0.jar;C:\Users\kumar\.m2\repository\org\seleniumhq\selenium\selenium-edge-driver\4.10.0\selenium-edge-driver-4.10.0.jar;C:\Users\kumar\.m2\repository\org\seleniumhq\selenium\selenium-firefox-driver\4.10.0\selenium-firefox-driver-4.10.0.jar;C:\Users\kumar\.m2\repository\org\seleniumhq\selenium\selenium-http\4.10.0\selenium-http-4.10.0.jar;C:\Users\kumar\.m2\repository\dev\failsafe\failsafe\3.3.1\failsafe-3.3.1.jar;C:\Users\kumar\.m2\repository\org\seleniumhq\selenium\selenium-ie-driver\4.10.0\selenium-ie-driver-4.10.0.jar;C:\Users\kumar\.m2\repository\org\seleniumhq\selenium\selenium-remote-driver\4.10.0\selenium-remote-driver-4.10.0.jar;C:\Users\kumar\.m2\repository\io\netty\netty-buffer\4.1.92.Final\netty-buffer-4.1.92.Final.jar;C:\Users\kumar\.m2\repository\io\netty\netty-codec-http\4.1.92.Final\netty-codec-http-4.1.92.Final.jar;C:\Users\kumar\.m2\repository\io\netty\netty-codec\4.1.92.Final\netty-codec-4.1.92.Final.jar;C:\Users\kumar\.m2\repository\io\netty\netty-handler\4.1.92.Final\netty-handler-4.1.92.Final.jar;C:\Users\kumar\.m2\repository\io\netty\netty-common\4.1.92.Final\netty-common-4.1.92.Final.jar;C:\Users\kumar\.m2\repository\io\netty\netty-transport-classes-epoll\4.1.92.Final\netty-transport-classes-epoll-4.1.92.Final.jar;C:\Users\kumar\.m2\repository\io\netty\netty-transport-classes-kqueue\4.1.92.Final\netty-transport-classes-kqueue-4.1.92.Final.jar;C:\Users\kumar\.m2\repository\io\netty\netty-transport-native-epoll\4.1.92.Final\netty-transport-native-epoll-4.1.92.Final.jar;C:\Users\kumar\.m2\repository\io\netty\netty-transport-native-kqueue\4.1.92.Final\netty-transport-native-kqueue-4.1.92.Final.jar;C:\Users\kumar\.m2\repository\io\netty\netty-transport-native-unix-common\4.1.92.Final\netty-transport-native-unix-common-4.1.92.Final.jar;C:\Users\kumar\.m2\repository\io\netty\netty-transport\4.1.92.Final\netty-transport-4.1.92.Final.jar;C:\Users\kumar\.m2\repository\io\netty\netty-resolver\4.1.92.Final\netty-resolver-4.1.92.Final.jar;C:\Users\kumar\.m2\repository\io\opentelemetry\opentelemetry-api\1.26.0\opentelemetry-api-1.26.0.jar;C:\Users\kumar\.m2\repository\io\opentelemetry\opentelemetry-context\1.26.0\opentelemetry-context-1.26.0.jar;C:\Users\kumar\.m2\repository\io\opentelemetry\opentelemetry-exporter-logging\1.26.0\opentelemetry-exporter-logging-1.26.0.jar;C:\Users\kumar\.m2\repository\io\opentelemetry\opentelemetry-sdk-metrics\1.26.0\opentelemetry-sdk-metrics-1.26.0.jar;C:\Users\kumar\.m2\repository\io\opentelemetry\opentelemetry-extension-incubator\1.26.0-alpha\opentelemetry-extension-incubator-1.26.0-alpha.jar;C:\Users\kumar\.m2\repository\io\opentelemetry\opentelemetry-sdk-logs\1.26.0-alpha\opentelemetry-sdk-logs-1.26.0-alpha.jar;C:\Users\kumar\.m2\repository\io\opentelemetry\opentelemetry-api-logs\1.26.0-alpha\opentelemetry-api-logs-1.26.0-alpha.jar;C:\Users\kumar\.m2\repository\io\opentelemetry\opentelemetry-api-events\1.26.0-alpha\opentelemetry-api-events-1.26.0-alpha.jar;C:\Users\kumar\.m2\repository\io\opentelemetry\opentelemetry-sdk-common\1.26.0\opentelemetry-sdk-common-1.26.0.jar;C:\Users\kumar\.m2\repository\io\opentelemetry\opentelemetry-sdk-extension-autoconfigure-spi\1.26.0\opentelemetry-sdk-extension-autoconfigure-spi-1.26.0.jar;C:\Users\kumar\.m2\repository\io\opentelemetry\opentelemetry-sdk-extension-autoconfigure\1.26.0-alpha\opentelemetry-sdk-extension-autoconfigure-1.26.0-alpha.jar;C:\Users\kumar\.m2\repository\io\opentelemetry\opentelemetry-sdk-trace\1.26.0\opentelemetry-sdk-trace-1.26.0.jar;C:\Users\kumar\.m2\repository\io\opentelemetry\opentelemetry-sdk\1.26.0\opentelemetry-sdk-1.26.0.jar;C:\Users\kumar\.m2\repository\io\opentelemetry\opentelemetry-semconv\1.26.0-alpha\opentelemetry-semconv-1.26.0-alpha.jar;C:\Users\kumar\.m2\repository\net\bytebuddy\byte-buddy\1.14.4\byte-buddy-1.14.4.jar;C:\Users\kumar\.m2\repository\org\apache\commons\commons-exec\1.3\commons-exec-1.3.jar;C:\Users\kumar\.m2\repository\org\asynchttpclient\async-http-client\2.12.3\async-http-client-2.12.3.jar;C:\Users\kumar\.m2\repository\org\asynchttpclient\async-http-client-netty-utils\2.12.3\async-http-client-netty-utils-2.12.3.jar;C:\Users\kumar\.m2\repository\io\netty\netty-codec-socks\4.1.60.Final\netty-codec-socks-4.1.60.Final.jar;C:\Users\kumar\.m2\repository\io\netty\netty-handler-proxy\4.1.60.Final\netty-handler-proxy-4.1.60.Final.jar;C:\Users\kumar\.m2\repository\io\netty\netty-transport-native-epoll\4.1.60.Final\netty-transport-native-epoll-4.1.60.Final-linux-x86_64.jar;C:\Users\kumar\.m2\repository\io\netty\netty-transport-native-kqueue\4.1.60.Final\netty-transport-native-kqueue-4.1.60.Final-osx-x86_64.jar;C:\Users\kumar\.m2\repository\org\reactivestreams\reactive-streams\1.0.3\reactive-streams-1.0.3.jar;C:\Users\kumar\.m2\repository\com\typesafe\netty\netty-reactive-streams\2.0.4\netty-reactive-streams-2.0.4.jar;C:\Users\kumar\.m2\repository\com\sun\activation\jakarta.activation\1.2.2\jakarta.activation-1.2.2.jar;C:\Users\kumar\.m2\repository\org\seleniumhq\selenium\selenium-safari-driver\4.10.0\selenium-safari-driver-4.10.0.jar;C:\Users\kumar\.m2\repository\org\seleniumhq\selenium\selenium-support\4.10.0\selenium-support-4.10.0.jar;C:\Users\kumar\.m2\repository\io\github\bonigarcia\webdrivermanager\5.5.3\webdrivermanager-5.5.3.jar;C:\Users\kumar\.m2\repository\org\slf4j\slf4j-api\2.0.7\slf4j-api-2.0.7.jar;C:\Users\kumar\.m2\repository\com\google\code\gson\gson\2.10.1\gson-2.10.1.jar;C:\Users\kumar\.m2\repository\com\github\docker-java\docker-java\3.3.3\docker-java-3.3.3.jar;C:\Users\kumar\.m2\repository\com\github\docker-java\docker-java-core\3.3.3\docker-java-core-3.3.3.jar;C:\Users\kumar\.m2\repository\com\github\docker-java\docker-java-api\3.3.3\docker-java-api-3.3.3.jar;C:\Users\kumar\.m2\repository\com\fasterxml\jackson\core\jackson-annotations\2.10.3\jackson-annotations-2.10.3.jar;C:\Users\kumar\.m2\repository\com\fasterxml\jackson\core\jackson-databind\2.10.3\jackson-databind-2.10.3.jar;C:\Users\kumar\.m2\repository\com\fasterxml\jackson\core\jackson-core\2.10.3\jackson-core-2.10.3.jar;C:\Users\kumar\.m2\repository\org\bouncycastle\bcpkix-jdk18on\1.75\bcpkix-jdk18on-1.75.jar;C:\Users\kumar\.m2\repository\org\bouncycastle\bcprov-jdk18on\1.75\bcprov-jdk18on-1.75.jar;C:\Users\kumar\.m2\repository\org\bouncycastle\bcutil-jdk18on\1.75\bcutil-jdk18on-1.75.jar;C:\Users\kumar\.m2\repository\org\slf4j\jcl-over-slf4j\1.7.30\jcl-over-slf4j-1.7.30.jar;C:\Users\kumar\.m2\repository\com\github\docker-java\docker-java-transport-httpclient5\3.3.3\docker-java-transport-httpclient5-3.3.3.jar;C:\Users\kumar\.m2\repository\com\github\docker-java\docker-java-transport\3.3.3\docker-java-transport-3.3.3.jar;C:\Users\kumar\.m2\repository\net\java\dev\jna\jna\5.12.1\jna-5.12.1.jar;C:\Users\kumar\.m2\repository\org\brotli\dec\0.1.2\dec-0.1.2.jar;C:\Users\kumar\.m2\repository\org\apache\commons\commons-lang3\3.13.0\commons-lang3-3.13.0.jar;C:\Users\kumar\.m2\repository\org\apache\httpcomponents\client5\httpclient5\5.2.1\httpclient5-5.2.1.jar;C:\Users\kumar\.m2\repository\org\apache\httpcomponents\core5\httpcore5\5.2\httpcore5-5.2.jar;C:\Users\kumar\.m2\repository\org\apache\httpcomponents\core5\httpcore5-h2\5.2\httpcore5-h2-5.2.jar;C:\Users\kumar\.m2\repository\org\apache\poi\poi\5.2.3\poi-5.2.3.jar;C:\Users\kumar\.m2\repository\commons-codec\commons-codec\1.15\commons-codec-1.15.jar;C:\Users\kumar\.m2\repository\org\apache\commons\commons-collections4\4.4\commons-collections4-4.4.jar;C:\Users\kumar\.m2\repository\org\apache\commons\commons-math3\3.6.1\commons-math3-3.6.1.jar;C:\Users\kumar\.m2\repository\commons-io\commons-io\2.11.0\commons-io-2.11.0.jar;C:\Users\kumar\.m2\repository\com\zaxxer\SparseBitSet\1.2\SparseBitSet-1.2.jar;C:\Users\kumar\.m2\repository\org\apache\poi\poi-ooxml\5.2.3\poi-ooxml-5.2.3.jar;C:\Users\kumar\.m2\repository\org\apache\poi\poi-ooxml-lite\5.2.3\poi-ooxml-lite-5.2.3.jar;C:\Users\kumar\.m2\repository\org\apache\xmlbeans\xmlbeans\5.1.1\xmlbeans-5.1.1.jar;C:\Users\kumar\.m2\repository\org\apache\commons\commons-compress\1.21\commons-compress-1.21.jar;C:\Users\kumar\.m2\repository\com\github\virtuald\curvesapi\1.07\curvesapi-1.07.jar;C:\Users\kumar\.m2\repository\org\apache\poi\poi-ooxml-schemas\4.1.2\poi-ooxml-schemas-4.1.2.jar;C:\Users\kumar\.m2\repository\org\apache\logging\log4j\log4j-api\2.14.1\log4j-api-2.14.1.jar;C:\Users\kumar\.m2\repository\org\apache\logging\log4j\log4j-core\2.14.1\log4j-core-2.14.1.jar;C:\Users\kumar\.m2\repository\com\aventstack\extentreports\4.0.9\extentreports-4.0.9.jar;C:\Users\kumar\.m2\repository\org\freemarker\freemarker\2.3.23\freemarker-2.3.23.jar;C:\Users\kumar\.m2\repository\org\mongodb\mongodb-driver\3.3.0\mongodb-driver-3.3.0.jar;C:\Users\kumar\.m2\repository\org\mongodb\mongodb-driver-core\3.3.0\mongodb-driver-core-3.3.0.jar;C:\Users\kumar\.m2\repository\org\mongodb\bson\3.3.0\bson-3.3.0.jar;C:\Users\kumar\.m2\repository\org\apache\httpcomponents\httpclient\4.5.2\httpclient-4.5.2.jar;C:\Users\kumar\.m2\repository\org\apache\httpcomponents\httpcore\4.4.4\httpcore-4.4.4.jar;C:\Users\kumar\.m2\repository\commons-logging\commons-logging\1.2\commons-logging-1.2.jar;C:\Users\kumar\.m2\repository\org\apache\httpcomponents\httpmime\4.5.2\httpmime-4.5.2.jar;C:\Users\kumar\.m2\repository\com\github\javafaker\javafaker\1.0.2\javafaker-1.0.2.jar;C:\Users\kumar\.m2\repository\org\yaml\snakeyaml\1.23\snakeyaml-1.23-android.jar;C:\Users\kumar\.m2\repository\com\github\mifmif\generex\1.0.2\generex-1.0.2.jar;C:\Users\kumar\.m2\repository\dk\brics\automaton\automaton\1.11-8\automaton-1.11-8.jar;C:\Users\kumar\.m2\repository\org\json\json\20230618\json-20230618.jar;"/>
    <property name="java.vm.vendor" value="Eclipse Adoptium"/>
    <property name="sun.arch.data.model" value="64"/>
    <property name="user.variant" value=""/>
    <property name="java.vendor.url" value="https://adoptium.net/"/>
    <property name="user.timezone" value="Asia/Calcutta"/>
    <property name="os.name" value="Windows 11"/>
    <property name="java.vm.specification.version" value="17"/>
    <property name="sun.java.launcher" value="SUN_STANDARD"/>
    <property name="user.country" value="IN"/>
    <property name="sun.boot.library.path" value="C:\Users\kumar\.p2\pool\plugins\org.eclipse.justj.openjdk.hotspot.jre.full.win32.x86_64_17.0.8.v20230831-1047\jre\bin"/>
    <property name="sun.java.command" value="C:\Users\kumar\AppData\Local\Temp\surefire8393762355273558086\surefirebooter-20231110011308314_3.jar C:\Users\kumar\AppData\Local\Temp\surefire8393762355273558086 2023-11-10T01-13-08_195-jvmRun1 surefire-20231110011308314_1tmp surefire_0-20231110011308314_2tmp"/>
    <property name="jdk.debug" value="release"/>
    <property name="surefire.test.class.path" value="C:\Development\Automation\Jiviewsrpav2\target\test-classes;C:\Development\Automation\Jiviewsrpav2\target\classes;C:\Users\kumar\.m2\repository\org\testng\testng\6.14.3\testng-6.14.3.jar;C:\Users\kumar\.m2\repository\com\beust\jcommander\1.72\jcommander-1.72.jar;C:\Users\kumar\.m2\repository\org\apache-extras\beanshell\bsh\2.0b6\bsh-2.0b6.jar;C:\Users\kumar\.m2\repository\org\seleniumhq\selenium\selenium-java\4.10.0\selenium-java-4.10.0.jar;C:\Users\kumar\.m2\repository\org\seleniumhq\selenium\selenium-api\4.10.0\selenium-api-4.10.0.jar;C:\Users\kumar\.m2\repository\org\seleniumhq\selenium\selenium-chrome-driver\4.10.0\selenium-chrome-driver-4.10.0.jar;C:\Users\kumar\.m2\repository\com\google\auto\service\auto-service-annotations\1.0.1\auto-service-annotations-1.0.1.jar;C:\Users\kumar\.m2\repository\com\google\auto\service\auto-service\1.0.1\auto-service-1.0.1.jar;C:\Users\kumar\.m2\repository\com\google\auto\auto-common\1.2\auto-common-1.2.jar;C:\Users\kumar\.m2\repository\com\google\guava\guava\31.1-jre\guava-31.1-jre.jar;C:\Users\kumar\.m2\repository\com\google\guava\failureaccess\1.0.1\failureaccess-1.0.1.jar;C:\Users\kumar\.m2\repository\com\google\guava\listenablefuture\9999.0-empty-to-avoid-conflict-with-guava\listenablefuture-9999.0-empty-to-avoid-conflict-with-guava.jar;C:\Users\kumar\.m2\repository\com\google\code\findbugs\jsr305\3.0.2\jsr305-3.0.2.jar;C:\Users\kumar\.m2\repository\org\checkerframework\checker-qual\3.12.0\checker-qual-3.12.0.jar;C:\Users\kumar\.m2\repository\com\google\errorprone\error_prone_annotations\2.11.0\error_prone_annotations-2.11.0.jar;C:\Users\kumar\.m2\repository\com\google\j2objc\j2objc-annotations\1.3\j2objc-annotations-1.3.jar;C:\Users\kumar\.m2\repository\org\seleniumhq\selenium\selenium-chromium-driver\4.10.0\selenium-chromium-driver-4.10.0.jar;C:\Users\kumar\.m2\repository\org\seleniumhq\selenium\selenium-json\4.10.0\selenium-json-4.10.0.jar;C:\Users\kumar\.m2\repository\org\seleniumhq\selenium\selenium-manager\4.10.0\selenium-manager-4.10.0.jar;C:\Users\kumar\.m2\repository\org\seleniumhq\selenium\selenium-devtools-v112\4.10.0\selenium-devtools-v112-4.10.0.jar;C:\Users\kumar\.m2\repository\org\seleniumhq\selenium\selenium-devtools-v113\4.10.0\selenium-devtools-v113-4.10.0.jar;C:\Users\kumar\.m2\repository\org\seleniumhq\selenium\selenium-devtools-v114\4.10.0\selenium-devtools-v114-4.10.0.jar;C:\Users\kumar\.m2\repository\org\seleniumhq\selenium\selenium-devtools-v85\4.10.0\selenium-devtools-v85-4.10.0.jar;C:\Users\kumar\.m2\repository\org\seleniumhq\selenium\selenium-edge-driver\4.10.0\selenium-edge-driver-4.10.0.jar;C:\Users\kumar\.m2\repository\org\seleniumhq\selenium\selenium-firefox-driver\4.10.0\selenium-firefox-driver-4.10.0.jar;C:\Users\kumar\.m2\repository\org\seleniumhq\selenium\selenium-http\4.10.0\selenium-http-4.10.0.jar;C:\Users\kumar\.m2\repository\dev\failsafe\failsafe\3.3.1\failsafe-3.3.1.jar;C:\Users\kumar\.m2\repository\org\seleniumhq\selenium\selenium-ie-driver\4.10.0\selenium-ie-driver-4.10.0.jar;C:\Users\kumar\.m2\repository\org\seleniumhq\selenium\selenium-remote-driver\4.10.0\selenium-remote-driver-4.10.0.jar;C:\Users\kumar\.m2\repository\io\netty\netty-buffer\4.1.92.Final\netty-buffer-4.1.92.Final.jar;C:\Users\kumar\.m2\repository\io\netty\netty-codec-http\4.1.92.Final\netty-codec-http-4.1.92.Final.jar;C:\Users\kumar\.m2\repository\io\netty\netty-codec\4.1.92.Final\netty-codec-4.1.92.Final.jar;C:\Users\kumar\.m2\repository\io\netty\netty-handler\4.1.92.Final\netty-handler-4.1.92.Final.jar;C:\Users\kumar\.m2\repository\io\netty\netty-common\4.1.92.Final\netty-common-4.1.92.Final.jar;C:\Users\kumar\.m2\repository\io\netty\netty-transport-classes-epoll\4.1.92.Final\netty-transport-classes-epoll-4.1.92.Final.jar;C:\Users\kumar\.m2\repository\io\netty\netty-transport-classes-kqueue\4.1.92.Final\netty-transport-classes-kqueue-4.1.92.Final.jar;C:\Users\kumar\.m2\repository\io\netty\netty-transport-native-epoll\4.1.92.Final\netty-transport-native-epoll-4.1.92.Final.jar;C:\Users\kumar\.m2\repository\io\netty\netty-transport-native-kqueue\4.1.92.Final\netty-transport-native-kqueue-4.1.92.Final.jar;C:\Users\kumar\.m2\repository\io\netty\netty-transport-native-unix-common\4.1.92.Final\netty-transport-native-unix-common-4.1.92.Final.jar;C:\Users\kumar\.m2\repository\io\netty\netty-transport\4.1.92.Final\netty-transport-4.1.92.Final.jar;C:\Users\kumar\.m2\repository\io\netty\netty-resolver\4.1.92.Final\netty-resolver-4.1.92.Final.jar;C:\Users\kumar\.m2\repository\io\opentelemetry\opentelemetry-api\1.26.0\opentelemetry-api-1.26.0.jar;C:\Users\kumar\.m2\repository\io\opentelemetry\opentelemetry-context\1.26.0\opentelemetry-context-1.26.0.jar;C:\Users\kumar\.m2\repository\io\opentelemetry\opentelemetry-exporter-logging\1.26.0\opentelemetry-exporter-logging-1.26.0.jar;C:\Users\kumar\.m2\repository\io\opentelemetry\opentelemetry-sdk-metrics\1.26.0\opentelemetry-sdk-metrics-1.26.0.jar;C:\Users\kumar\.m2\repository\io\opentelemetry\opentelemetry-extension-incubator\1.26.0-alpha\opentelemetry-extension-incubator-1.26.0-alpha.jar;C:\Users\kumar\.m2\repository\io\opentelemetry\opentelemetry-sdk-logs\1.26.0-alpha\opentelemetry-sdk-logs-1.26.0-alpha.jar;C:\Users\kumar\.m2\repository\io\opentelemetry\opentelemetry-api-logs\1.26.0-alpha\opentelemetry-api-logs-1.26.0-alpha.jar;C:\Users\kumar\.m2\repository\io\opentelemetry\opentelemetry-api-events\1.26.0-alpha\opentelemetry-api-events-1.26.0-alpha.jar;C:\Users\kumar\.m2\repository\io\opentelemetry\opentelemetry-sdk-common\1.26.0\opentelemetry-sdk-common-1.26.0.jar;C:\Users\kumar\.m2\repository\io\opentelemetry\opentelemetry-sdk-extension-autoconfigure-spi\1.26.0\opentelemetry-sdk-extension-autoconfigure-spi-1.26.0.jar;C:\Users\kumar\.m2\repository\io\opentelemetry\opentelemetry-sdk-extension-autoconfigure\1.26.0-alpha\opentelemetry-sdk-extension-autoconfigure-1.26.0-alpha.jar;C:\Users\kumar\.m2\repository\io\opentelemetry\opentelemetry-sdk-trace\1.26.0\opentelemetry-sdk-trace-1.26.0.jar;C:\Users\kumar\.m2\repository\io\opentelemetry\opentelemetry-sdk\1.26.0\opentelemetry-sdk-1.26.0.jar;C:\Users\kumar\.m2\repository\io\opentelemetry\opentelemetry-semconv\1.26.0-alpha\opentelemetry-semconv-1.26.0-alpha.jar;C:\Users\kumar\.m2\repository\net\bytebuddy\byte-buddy\1.14.4\byte-buddy-1.14.4.jar;C:\Users\kumar\.m2\repository\org\apache\commons\commons-exec\1.3\commons-exec-1.3.jar;C:\Users\kumar\.m2\repository\org\asynchttpclient\async-http-client\2.12.3\async-http-client-2.12.3.jar;C:\Users\kumar\.m2\repository\org\asynchttpclient\async-http-client-netty-utils\2.12.3\async-http-client-netty-utils-2.12.3.jar;C:\Users\kumar\.m2\repository\io\netty\netty-codec-socks\4.1.60.Final\netty-codec-socks-4.1.60.Final.jar;C:\Users\kumar\.m2\repository\io\netty\netty-handler-proxy\4.1.60.Final\netty-handler-proxy-4.1.60.Final.jar;C:\Users\kumar\.m2\repository\io\netty\netty-transport-native-epoll\4.1.60.Final\netty-transport-native-epoll-4.1.60.Final-linux-x86_64.jar;C:\Users\kumar\.m2\repository\io\netty\netty-transport-native-kqueue\4.1.60.Final\netty-transport-native-kqueue-4.1.60.Final-osx-x86_64.jar;C:\Users\kumar\.m2\repository\org\reactivestreams\reactive-streams\1.0.3\reactive-streams-1.0.3.jar;C:\Users\kumar\.m2\repository\com\typesafe\netty\netty-reactive-streams\2.0.4\netty-reactive-streams-2.0.4.jar;C:\Users\kumar\.m2\repository\com\sun\activation\jakarta.activation\1.2.2\jakarta.activation-1.2.2.jar;C:\Users\kumar\.m2\repository\org\seleniumhq\selenium\selenium-safari-driver\4.10.0\selenium-safari-driver-4.10.0.jar;C:\Users\kumar\.m2\repository\org\seleniumhq\selenium\selenium-support\4.10.0\selenium-support-4.10.0.jar;C:\Users\kumar\.m2\repository\io\github\bonigarcia\webdrivermanager\5.5.3\webdrivermanager-5.5.3.jar;C:\Users\kumar\.m2\repository\org\slf4j\slf4j-api\2.0.7\slf4j-api-2.0.7.jar;C:\Users\kumar\.m2\repository\com\google\code\gson\gson\2.10.1\gson-2.10.1.jar;C:\Users\kumar\.m2\repository\com\github\docker-java\docker-java\3.3.3\docker-java-3.3.3.jar;C:\Users\kumar\.m2\repository\com\github\docker-java\docker-java-core\3.3.3\docker-java-core-3.3.3.jar;C:\Users\kumar\.m2\repository\com\github\docker-java\docker-java-api\3.3.3\docker-java-api-3.3.3.jar;C:\Users\kumar\.m2\repository\com\fasterxml\jackson\core\jackson-annotations\2.10.3\jackson-annotations-2.10.3.jar;C:\Users\kumar\.m2\repository\com\fasterxml\jackson\core\jackson-databind\2.10.3\jackson-databind-2.10.3.jar;C:\Users\kumar\.m2\repository\com\fasterxml\jackson\core\jackson-core\2.10.3\jackson-core-2.10.3.jar;C:\Users\kumar\.m2\repository\org\bouncycastle\bcpkix-jdk18on\1.75\bcpkix-jdk18on-1.75.jar;C:\Users\kumar\.m2\repository\org\bouncycastle\bcprov-jdk18on\1.75\bcprov-jdk18on-1.75.jar;C:\Users\kumar\.m2\repository\org\bouncycastle\bcutil-jdk18on\1.75\bcutil-jdk18on-1.75.jar;C:\Users\kumar\.m2\repository\org\slf4j\jcl-over-slf4j\1.7.30\jcl-over-slf4j-1.7.30.jar;C:\Users\kumar\.m2\repository\com\github\docker-java\docker-java-transport-httpclient5\3.3.3\docker-java-transport-httpclient5-3.3.3.jar;C:\Users\kumar\.m2\repository\com\github\docker-java\docker-java-transport\3.3.3\docker-java-transport-3.3.3.jar;C:\Users\kumar\.m2\repository\net\java\dev\jna\jna\5.12.1\jna-5.12.1.jar;C:\Users\kumar\.m2\repository\org\brotli\dec\0.1.2\dec-0.1.2.jar;C:\Users\kumar\.m2\repository\org\apache\commons\commons-lang3\3.13.0\commons-lang3-3.13.0.jar;C:\Users\kumar\.m2\repository\org\apache\httpcomponents\client5\httpclient5\5.2.1\httpclient5-5.2.1.jar;C:\Users\kumar\.m2\repository\org\apache\httpcomponents\core5\httpcore5\5.2\httpcore5-5.2.jar;C:\Users\kumar\.m2\repository\org\apache\httpcomponents\core5\httpcore5-h2\5.2\httpcore5-h2-5.2.jar;C:\Users\kumar\.m2\repository\org\apache\poi\poi\5.2.3\poi-5.2.3.jar;C:\Users\kumar\.m2\repository\commons-codec\commons-codec\1.15\commons-codec-1.15.jar;C:\Users\kumar\.m2\repository\org\apache\commons\commons-collections4\4.4\commons-collections4-4.4.jar;C:\Users\kumar\.m2\repository\org\apache\commons\commons-math3\3.6.1\commons-math3-3.6.1.jar;C:\Users\kumar\.m2\repository\commons-io\commons-io\2.11.0\commons-io-2.11.0.jar;C:\Users\kumar\.m2\repository\com\zaxxer\SparseBitSet\1.2\SparseBitSet-1.2.jar;C:\Users\kumar\.m2\repository\org\apache\poi\poi-ooxml\5.2.3\poi-ooxml-5.2.3.jar;C:\Users\kumar\.m2\repository\org\apache\poi\poi-ooxml-lite\5.2.3\poi-ooxml-lite-5.2.3.jar;C:\Users\kumar\.m2\repository\org\apache\xmlbeans\xmlbeans\5.1.1\xmlbeans-5.1.1.jar;C:\Users\kumar\.m2\repository\org\apache\commons\commons-compress\1.21\commons-compress-1.21.jar;C:\Users\kumar\.m2\repository\com\github\virtuald\curvesapi\1.07\curvesapi-1.07.jar;C:\Users\kumar\.m2\repository\org\apache\poi\poi-ooxml-schemas\4.1.2\poi-ooxml-schemas-4.1.2.jar;C:\Users\kumar\.m2\repository\org\apache\logging\log4j\log4j-api\2.14.1\log4j-api-2.14.1.jar;C:\Users\kumar\.m2\repository\org\apache\logging\log4j\log4j-core\2.14.1\log4j-core-2.14.1.jar;C:\Users\kumar\.m2\repository\com\aventstack\extentreports\4.0.9\extentreports-4.0.9.jar;C:\Users\kumar\.m2\repository\org\freemarker\freemarker\2.3.23\freemarker-2.3.23.jar;C:\Users\kumar\.m2\repository\org\mongodb\mongodb-driver\3.3.0\mongodb-driver-3.3.0.jar;C:\Users\kumar\.m2\repository\org\mongodb\mongodb-driver-core\3.3.0\mongodb-driver-core-3.3.0.jar;C:\Users\kumar\.m2\repository\org\mongodb\bson\3.3.0\bson-3.3.0.jar;C:\Users\kumar\.m2\repository\org\apache\httpcomponents\httpclient\4.5.2\httpclient-4.5.2.jar;C:\Users\kumar\.m2\repository\org\apache\httpcomponents\httpcore\4.4.4\httpcore-4.4.4.jar;C:\Users\kumar\.m2\repository\commons-logging\commons-logging\1.2\commons-logging-1.2.jar;C:\Users\kumar\.m2\repository\org\apache\httpcomponents\httpmime\4.5.2\httpmime-4.5.2.jar;C:\Users\kumar\.m2\repository\com\github\javafaker\javafaker\1.0.2\javafaker-1.0.2.jar;C:\Users\kumar\.m2\repository\org\yaml\snakeyaml\1.23\snakeyaml-1.23-android.jar;C:\Users\kumar\.m2\repository\com\github\mifmif\generex\1.0.2\generex-1.0.2.jar;C:\Users\kumar\.m2\repository\dk\brics\automaton\automaton\1.11-8\automaton-1.11-8.jar;C:\Users\kumar\.m2\repository\org\json\json\20230618\json-20230618.jar;"/>
    <property name="sun.cpu.endian" value="little"/>
    <property name="user.home" value="C:\Users\kumar"/>
    <property name="user.language" value="en"/>
    <property name="java.specification.vendor" value="Oracle Corporation"/>
    <property name="java.version.date" value="2023-08-24"/>
    <property name="java.home" value="C:\Users\kumar\.p2\pool\plugins\org.eclipse.justj.openjdk.hotspot.jre.full.win32.x86_64_17.0.8.v20230831-1047\jre"/>
    <property name="file.separator" value="\"/>
    <property name="style.color" value="always"/>
    <property name="basedir" value="C:\Development\Automation\Jiviewsrpav2"/>
    <property name="java.vm.compressedOopsMode" value="Zero based"/>
    <property name="line.separator" value="&#10;"/>
    <property name="java.vm.specification.vendor" value="Oracle Corporation"/>
    <property name="java.specification.name" value="Java Platform API Specification"/>
    <property name="surefire.real.class.path" value="C:\Users\kumar\AppData\Local\Temp\surefire8393762355273558086\surefirebooter-20231110011308314_3.jar"/>
    <property name="user.script" value=""/>
    <property name="sun.management.compiler" value="HotSpot 64-Bit Tiered Compilers"/>
    <property name="java.runtime.version" value="17.0.8.1+1"/>
    <property name="user.name" value="kumar"/>
    <property name="path.separator" value=";"/>
    <property name="os.version" value="10.0"/>
    <property name="java.runtime.name" value="OpenJDK Runtime Environment"/>
    <property name="file.encoding" value="Cp1252"/>
    <property name="java.vm.name" value="OpenJDK 64-Bit Server VM"/>
    <property name="java.vendor.version" value="Temurin-17.0.8.1+1"/>
    <property name="localRepository" value="C:\Users\kumar\.m2\repository"/>
    <property name="java.vendor.url.bug" value="https://github.com/adoptium/adoptium-support/issues"/>
    <property name="java.io.tmpdir" value="C:\Users\kumar\AppData\Local\Temp\"/>
    <property name="java.version" value="17.0.8.1"/>
    <property name="user.dir" value="C:\Development\Automation\Jiviewsrpav2"/>
    <property name="os.arch" value="amd64"/>
    <property name="java.vm.specification.name" value="Java Virtual Machine Specification"/>
    <property name="sun.os.patch.level" value=""/>
    <property name="native.encoding" value="Cp1252"/>
    <property name="java.library.path" value="C:\Users\kumar\.p2\pool\plugins\org.eclipse.justj.openjdk.hotspot.jre.full.win32.x86_64_17.0.8.v20230831-1047\jre\bin;C:\windows\Sun\Java\bin;C:\windows\system32;C:\windows;C:/Users/kumar/.p2/pool/plugins/org.eclipse.justj.openjdk.hotspot.jre.full.win32.x86_64_17.0.8.v20230831-1047/jre/bin/server;C:/Users/kumar/.p2/pool/plugins/org.eclipse.justj.openjdk.hotspot.jre.full.win32.x86_64_17.0.8.v20230831-1047/jre/bin;C:\Program Files\Common Files\Oracle\Java\javapath;C:\windows\system32;C:\windows;C:\windows\System32\Wbem;C:\windows\System32\WindowsPowerShell\v1.0\;C:\windows\System32\OpenSSH\;C:\Program Files\Java\jdk-11\bin;C:\Users\kumar;C:\Users\kumar\Downloads\gradle-8.3-bin\gradle-8.3\bin;C:\Program Files\Git\cmd;C:\apache-maven-3.9.4-bin\apache-maven-3.9.4;C:\Program Files\Java\allure-2.24.0\bin;C:\Users\kumar\AppData\Local\Microsoft\WindowsApps;C:\Users\kumar\Downloads\gradle-8.3-bin\gradle-8.3\bin;C:\Users\kumar\Downloads\apache-maven-3.9.4-bin\apache-maven-3.9.4\bin;C:\Program Files\Java\apache-maven-3.9.4-bin\apache-maven-3.9.4\bin;C:\apache-maven-3.9.4-bin\apache-maven-3.9.4;C:\Users\kumar\Downloads\allure-2.24.0\allure-2.24.0\bin;;C:\Users\kumar\OneDrive\Desktop;;."/>
    <property name="java.vm.info" value="mixed mode"/>
    <property name="java.vendor" value="Eclipse Adoptium"/>
    <property name="java.vm.version" value="17.0.8.1+1"/>
    <property name="sun.io.unicode.encoding" value="UnicodeLittle"/>
    <property name="java.class.version" value="61.0"/>
  </properties>
  <testcase name="createNewSkill" classname="com.JiviewsAutomation.SystemDefination_Test.skillSetUpTest" time="10.551">
    <system-out><![CDATA[[TestNGContentHandler] [WARN] It is strongly recommended to add "<!DOCTYPE suite SYSTEM "http://testng.org/testng-1.0.dtd" >" at the top of your file, otherwise TestNG may fail or not work as expected.
01:13:09.535 [main] INFO  com.AutomationJiviewsGeneric.BaseClass - Open Browser
01:13:54.206 [main] INFO  com.AutomationJiviewsGeneric.BaseClass - Browser launched successfully
01:13:54.225 [main] INFO  com.AutomationJiviewsGeneric.BaseClass - Login to the Jivi application
01:13:58.961 [main] INFO  com.AutomationJiviewsGeneric.BaseClass - Screenshot captured for test failure. View it at: C:\Development\Automation\Jiviewsrpav2\.\ScreenShot\createNewSkill.png
01:13:58.962 [main] INFO  com.JiviewsAutomation.SystemDefination_Test.skillSetUpTest - Create a new Skill
01:14:07.293 [main] INFO  com.JiviewsAutomation.SystemDefination_Test.skillSetUpTest - A skill is created successfully 
]]></system-out>
    <system-err><![CDATA[SLF4J: No SLF4J providers were found.
SLF4J: Defaulting to no-operation (NOP) logger implementation
SLF4J: See https://www.slf4j.org/codes.html#noProviders for further details.
Nov 10, 2023 1:13:52 AM org.openqa.selenium.remote.service.DriverService$Builder getLogOutput
INFO: Driver logs no longer sent to console by default; https://www.selenium.dev/documentation/webdriver/drivers/service/#setting-log-output
Nov 10, 2023 1:13:53 AM org.openqa.selenium.devtools.CdpVersionFinder findNearestMatch
WARNING: Unable to find CDP implementation matching 119
Nov 10, 2023 1:13:53 AM org.openqa.selenium.chromium.ChromiumDriver lambda$new$4
WARNING: Unable to find version of CDP to use for . You may need to include a dependency on a specific version of the CDP using something similar to `org.seleniumhq.selenium:selenium-devtools-v86:4.10.0` where the version ("v86") matches the version of the chromium-based browser you're using and the version number of the artifact is the same as Selenium's.
]]></system-err>
  </testcase>
  <testcase name="updateSkill" classname="com.JiviewsAutomation.SystemDefination_Test.skillSetUpTest" time="7.651">
    <system-out><![CDATA[01:14:07.295 [main] INFO  com.AutomationJiviewsGeneric.BaseClass - Logout from Jivi application
01:14:07.295 [main] INFO  com.AutomationJiviewsGeneric.BaseClass - Login to the Jivi application
01:14:11.028 [main] INFO  com.AutomationJiviewsGeneric.BaseClass - Screenshot captured for test failure. View it at: C:\Development\Automation\Jiviewsrpav2\.\ScreenShot\updateSkill.png
01:14:11.028 [main] INFO  com.JiviewsAutomation.SystemDefination_Test.skillSetUpTest - Update a Skill
01:14:16.523 [main] INFO  com.JiviewsAutomation.SystemDefination_Test.skillSetUpTest - A skill is updated successfully 
]]></system-out>
  </testcase>
  <testcase name="deActivateSkill" classname="com.JiviewsAutomation.SystemDefination_Test.skillSetUpTest" time="16.794">
    <failure message="no such element: Unable to locate element: {&quot;method&quot;:&quot;xpath&quot;,&quot;selector&quot;:&quot;//button[.=&apos;Yes&apos;]&quot;}&#10;  (Session info: chrome=119.0.6045.106)&#10;For documentation on this error, please visit: https://www.selenium.dev/documentation/webdriver/troubleshooting/errors#no-such-element-exception&#10;Build info: version: &apos;4.10.0&apos;, revision: &apos;c14d967899&apos;&#10;System info: os.name: &apos;Windows 11&apos;, os.arch: &apos;amd64&apos;, os.version: &apos;10.0&apos;, java.version: &apos;17.0.8.1&apos;&#10;Driver info: org.openqa.selenium.chrome.ChromeDriver&#10;Command: [4082aaa503dc34f42ad542227db2edbd, findElement {using=xpath, value=//button[.=&apos;Yes&apos;]}]&#10;Capabilities {acceptInsecureCerts: false, browserName: chrome, browserVersion: 119.0.6045.106, chrome: {chromedriverVersion: 119.0.6045.105 (38c72552c5e..., userDataDir: C:\Users\kumar\AppData\Loca...}, fedcm:accounts: true, goog:chromeOptions: {debuggerAddress: localhost:55678}, networkConnectionEnabled: false, pageLoadStrategy: normal, platformName: windows, proxy: Proxy(), se:cdp: ws://localhost:55678/devtoo..., se:cdpVersion: 119.0.6045.106, setWindowRect: true, strictFileInteractability: false, timeouts: {implicit: 0, pageLoad: 300000, script: 30000}, unhandledPromptBehavior: dismiss and notify, webauthn:extension:credBlob: true, webauthn:extension:largeBlob: true, webauthn:extension:minPinLength: true, webauthn:extension:prf: true, webauthn:virtualAuthenticators: true}&#10;Session ID: 4082aaa503dc34f42ad542227db2edbd" type="org.openqa.selenium.NoSuchElementException"><![CDATA[org.openqa.selenium.NoSuchElementException: 
no such element: Unable to locate element: {"method":"xpath","selector":"//button[.='Yes']"}
  (Session info: chrome=119.0.6045.106)
For documentation on this error, please visit: https://www.selenium.dev/documentation/webdriver/troubleshooting/errors#no-such-element-exception
Build info: version: '4.10.0', revision: 'c14d967899'
System info: os.name: 'Windows 11', os.arch: 'amd64', os.version: '10.0', java.version: '17.0.8.1'
Driver info: org.openqa.selenium.chrome.ChromeDriver
Command: [4082aaa503dc34f42ad542227db2edbd, findElement {using=xpath, value=//button[.='Yes']}]
Capabilities {acceptInsecureCerts: false, browserName: chrome, browserVersion: 119.0.6045.106, chrome: {chromedriverVersion: 119.0.6045.105 (38c72552c5e..., userDataDir: C:\Users\kumar\AppData\Loca...}, fedcm:accounts: true, goog:chromeOptions: {debuggerAddress: localhost:55678}, networkConnectionEnabled: false, pageLoadStrategy: normal, platformName: windows, proxy: Proxy(), se:cdp: ws://localhost:55678/devtoo..., se:cdpVersion: 119.0.6045.106, setWindowRect: true, strictFileInteractability: false, timeouts: {implicit: 0, pageLoad: 300000, script: 30000}, unhandledPromptBehavior: dismiss and notify, webauthn:extension:credBlob: true, webauthn:extension:largeBlob: true, webauthn:extension:minPinLength: true, webauthn:extension:prf: true, webauthn:virtualAuthenticators: true}
Session ID: 4082aaa503dc34f42ad542227db2edbd
	at java.base/jdk.internal.reflect.NativeConstructorAccessorImpl.newInstance0(Native Method)
	at java.base/jdk.internal.reflect.NativeConstructorAccessorImpl.newInstance(NativeConstructorAccessorImpl.java:77)
	at java.base/jdk.internal.reflect.DelegatingConstructorAccessorImpl.newInstance(DelegatingConstructorAccessorImpl.java:45)
	at java.base/java.lang.reflect.Constructor.newInstanceWithCaller(Constructor.java:499)
	at java.base/java.lang.reflect.Constructor.newInstance(Constructor.java:480)
	at org.openqa.selenium.remote.codec.w3c.W3CHttpResponseCodec.createException(W3CHttpResponseCodec.java:199)
	at org.openqa.selenium.remote.codec.w3c.W3CHttpResponseCodec.decode(W3CHttpResponseCodec.java:132)
	at org.openqa.selenium.remote.codec.w3c.W3CHttpResponseCodec.decode(W3CHttpResponseCodec.java:51)
	at org.openqa.selenium.remote.HttpCommandExecutor.execute(HttpCommandExecutor.java:191)
	at org.openqa.selenium.remote.service.DriverCommandExecutor.invokeExecute(DriverCommandExecutor.java:196)
	at org.openqa.selenium.remote.service.DriverCommandExecutor.execute(DriverCommandExecutor.java:171)
	at org.openqa.selenium.remote.RemoteWebDriver.execute(RemoteWebDriver.java:531)
	at org.openqa.selenium.remote.ElementLocation$ElementFinder$2.findElement(ElementLocation.java:165)
	at org.openqa.selenium.remote.ElementLocation.findElement(ElementLocation.java:59)
	at org.openqa.selenium.remote.RemoteWebDriver.findElement(RemoteWebDriver.java:350)
	at org.openqa.selenium.remote.RemoteWebDriver.findElement(RemoteWebDriver.java:344)
	at org.openqa.selenium.support.pagefactory.DefaultElementLocator.findElement(DefaultElementLocator.java:68)
	at org.openqa.selenium.support.pagefactory.internal.LocatingElementHandler.invoke(LocatingElementHandler.java:38)
	at jdk.proxy2/jdk.proxy2.$Proxy30.click(Unknown Source)
	at com.AutomationJiviewsPOM.SystemDefinationSkillSetupPage.clickYes(SystemDefinationSkillSetupPage.java:187)
	at com.AutomationJiviewsPOM.SystemDefinationSkillSetupPage.deactivateSkill(SystemDefinationSkillSetupPage.java:228)
	at com.JiviewsAutomation.SystemDefination_Test.skillSetUpTest.deActivateSkill(skillSetUpTest.java:69)
	at java.base/jdk.internal.reflect.NativeMethodAccessorImpl.invoke0(Native Method)
	at java.base/jdk.internal.reflect.NativeMethodAccessorImpl.invoke(NativeMethodAccessorImpl.java:77)
	at java.base/jdk.internal.reflect.DelegatingMethodAccessorImpl.invoke(DelegatingMethodAccessorImpl.java:43)
	at java.base/java.lang.reflect.Method.invoke(Method.java:568)
	at org.testng.internal.MethodInvocationHelper.invokeMethod(MethodInvocationHelper.java:124)
	at org.testng.internal.Invoker.invokeMethod(Invoker.java:583)
	at org.testng.internal.Invoker.invokeTestMethod(Invoker.java:719)
	at org.testng.internal.Invoker.invokeTestMethods(Invoker.java:989)
	at org.testng.internal.TestMethodWorker.invokeTestMethods(TestMethodWorker.java:125)
	at org.testng.internal.TestMethodWorker.run(TestMethodWorker.java:109)
	at org.testng.TestRunner.privateRun(TestRunner.java:648)
	at org.testng.TestRunner.run(TestRunner.java:505)
	at org.testng.SuiteRunner.runTest(SuiteRunner.java:455)
	at org.testng.SuiteRunner.runSequentially(SuiteRunner.java:450)
	at org.testng.SuiteRunner.privateRun(SuiteRunner.java:415)
	at org.testng.SuiteRunner.run(SuiteRunner.java:364)
	at org.testng.SuiteRunnerWorker.runSuite(SuiteRunnerWorker.java:52)
	at org.testng.SuiteRunnerWorker.run(SuiteRunnerWorker.java:84)
	at org.testng.TestNG.runSuitesSequentially(TestNG.java:1208)
	at org.testng.TestNG.runSuitesLocally(TestNG.java:1137)
	at org.testng.TestNG.runSuites(TestNG.java:1049)
	at org.testng.TestNG.run(TestNG.java:1017)
	at org.apache.maven.surefire.testng.TestNGExecutor.run(TestNGExecutor.java:308)
	at org.apache.maven.surefire.testng.TestNGXmlTestSuite.execute(TestNGXmlTestSuite.java:71)
	at org.apache.maven.surefire.testng.TestNGProvider.invoke(TestNGProvider.java:113)
	at org.apache.maven.surefire.booter.ForkedBooter.runSuitesInProcess(ForkedBooter.java:385)
	at org.apache.maven.surefire.booter.ForkedBooter.execute(ForkedBooter.java:162)
	at org.apache.maven.surefire.booter.ForkedBooter.run(ForkedBooter.java:507)
	at org.apache.maven.surefire.booter.ForkedBooter.main(ForkedBooter.java:495)
]]></failure>
    <system-out><![CDATA[01:14:16.524 [main] INFO  com.AutomationJiviewsGeneric.BaseClass - Logout from Jivi application
01:14:16.524 [main] INFO  com.AutomationJiviewsGeneric.BaseClass - Login to the Jivi application
01:14:20.744 [main] INFO  com.AutomationJiviewsGeneric.BaseClass - Screenshot captured for test failure. View it at: C:\Development\Automation\Jiviewsrpav2\.\ScreenShot\deActivateSkill.png
01:14:20.744 [main] INFO  com.JiviewsAutomation.SystemDefination_Test.skillSetUpTest - Deactivate a Skill
]]></system-out>
  </testcase>
  <testcase name="reactivateSkill" classname="com.JiviewsAutomation.SystemDefination_Test.skillSetUpTest" time="9.694">
    <system-out><![CDATA[01:14:34.949 [main] INFO  com.AutomationJiviewsGeneric.BaseClass - Logout from Jivi application
01:14:34.951 [main] INFO  com.AutomationJiviewsGeneric.BaseClass - Login to the Jivi application
01:14:42.682 [main] INFO  com.AutomationJiviewsGeneric.BaseClass - Screenshot captured for test failure. View it at: C:\Development\Automation\Jiviewsrpav2\.\ScreenShot\reactivateSkill.png
01:14:42.682 [main] INFO  com.JiviewsAutomation.SystemDefination_Test.skillSetUpTest - Reactivate a Skill
01:14:48.423 [main] INFO  com.JiviewsAutomation.SystemDefination_Test.skillSetUpTest - A skill is reactivated successfully 
]]></system-out>
  </testcase>
  <testcase name="searchColumnsForSkill" classname="com.JiviewsAutomation.SystemDefination_Test.skillSetUpTest" time="7.282">
    <system-out><![CDATA[01:14:48.423 [main] INFO  com.AutomationJiviewsGeneric.BaseClass - Logout from Jivi application
01:14:48.423 [main] INFO  com.AutomationJiviewsGeneric.BaseClass - Login to the Jivi application
01:14:55.263 [main] INFO  com.AutomationJiviewsGeneric.BaseClass - Screenshot captured for test failure. View it at: C:\Development\Automation\Jiviewsrpav2\.\ScreenShot\searchColumnsForSkill.png
01:14:55.263 [main] INFO  com.JiviewsAutomation.SystemDefination_Test.skillSetUpTest - Searching a skill
01:14:59.003 [main] INFO  com.JiviewsAutomation.SystemDefination_Test.skillSetUpTest - Searching a skill is successful
]]></system-out>
  </testcase>
  <testcase name="verifyCreateNewRole" classname="com.JiviewsAutomation.SystemDefination_Test.RoleSetUpTest" time="17.71">
    <system-out><![CDATA[01:14:59.003 [main] INFO  com.AutomationJiviewsGeneric.BaseClass - Logout from Jivi application
01:14:59.004 [main] INFO  com.AutomationJiviewsGeneric.BaseClass - Close Browser...
01:14:59.554 [main] INFO  com.AutomationJiviewsGeneric.BaseClass - Open Browser
01:15:00.411 [main] INFO  com.AutomationJiviewsGeneric.BaseClass - Browser launched successfully
01:15:00.411 [main] INFO  com.AutomationJiviewsGeneric.BaseClass - Login to the Jivi application
01:15:11.433 [main] INFO  com.AutomationJiviewsGeneric.BaseClass - Screenshot captured for test failure. View it at: C:\Development\Automation\Jiviewsrpav2\.\ScreenShot\roleSetUpTest.png
01:15:11.433 [main] INFO  com.JiviewsAutomation.SystemDefination_Test.RoleSetUpTest - Create a new Skill
01:15:24.132 [main] INFO  com.JiviewsAutomation.SystemDefination_Test.RoleSetUpTest - verify Create a new role is successful
]]></system-out>
    <system-err><![CDATA[Nov 10, 2023 1:14:59 AM org.openqa.selenium.remote.service.DriverService$Builder getLogOutput
INFO: Driver logs no longer sent to console by default; https://www.selenium.dev/documentation/webdriver/drivers/service/#setting-log-output
Nov 10, 2023 1:15:00 AM org.openqa.selenium.devtools.CdpVersionFinder findNearestMatch
WARNING: Unable to find CDP implementation matching 119
Nov 10, 2023 1:15:00 AM org.openqa.selenium.chromium.ChromiumDriver lambda$new$4
WARNING: Unable to find version of CDP to use for . You may need to include a dependency on a specific version of the CDP using something similar to `org.seleniumhq.selenium:selenium-devtools-v86:4.10.0` where the version ("v86") matches the version of the chromium-based browser you're using and the version number of the artifact is the same as Selenium's.
]]></system-err>
  </testcase>
  <testcase name="verifyCreateRoleWithAllAvailableSkill" classname="com.JiviewsAutomation.SystemDefination_Test.RoleSetUpTest" time="14.239">
    <system-out><![CDATA[01:15:24.133 [main] INFO  com.AutomationJiviewsGeneric.BaseClass - Logout from Jivi application
01:15:24.135 [main] INFO  com.AutomationJiviewsGeneric.BaseClass - Login to the Jivi application
01:15:44.688 [main] INFO  com.AutomationJiviewsGeneric.BaseClass - Screenshot captured for test failure. View it at: C:\Development\Automation\Jiviewsrpav2\.\ScreenShot\roleSetUpTest.png
01:15:52.749 [main] INFO  com.JiviewsAutomation.SystemDefination_Test.RoleSetUpTest - Verify create a role with all available skill
]]></system-out>
  </testcase>
  <testcase name="verifyDeactiveRole" classname="com.JiviewsAutomation.SystemDefination_Test.RoleSetUpTest" time="20.654">
    <failure message="no such element: Unable to locate element: {&quot;method&quot;:&quot;xpath&quot;,&quot;selector&quot;:&quot;//button[text()=&apos;Yes&apos;]&quot;}&#10;  (Session info: chrome=119.0.6045.106)&#10;For documentation on this error, please visit: https://www.selenium.dev/documentation/webdriver/troubleshooting/errors#no-such-element-exception&#10;Build info: version: &apos;4.10.0&apos;, revision: &apos;c14d967899&apos;&#10;System info: os.name: &apos;Windows 11&apos;, os.arch: &apos;amd64&apos;, os.version: &apos;10.0&apos;, java.version: &apos;17.0.8.1&apos;&#10;Driver info: org.openqa.selenium.chrome.ChromeDriver&#10;Command: [de43e969f925de85949ef8a0847cf28a, findElement {using=xpath, value=//button[text()=&apos;Yes&apos;]}]&#10;Capabilities {acceptInsecureCerts: false, browserName: chrome, browserVersion: 119.0.6045.106, chrome: {chromedriverVersion: 119.0.6045.105 (38c72552c5e..., userDataDir: C:\Users\kumar\AppData\Loca...}, fedcm:accounts: true, goog:chromeOptions: {debuggerAddress: localhost:55715}, networkConnectionEnabled: false, pageLoadStrategy: normal, platformName: windows, proxy: Proxy(), se:cdp: ws://localhost:55715/devtoo..., se:cdpVersion: 119.0.6045.106, setWindowRect: true, strictFileInteractability: false, timeouts: {implicit: 0, pageLoad: 300000, script: 30000}, unhandledPromptBehavior: dismiss and notify, webauthn:extension:credBlob: true, webauthn:extension:largeBlob: true, webauthn:extension:minPinLength: true, webauthn:extension:prf: true, webauthn:virtualAuthenticators: true}&#10;Session ID: de43e969f925de85949ef8a0847cf28a" type="org.openqa.selenium.NoSuchElementException"><![CDATA[org.openqa.selenium.NoSuchElementException: 
no such element: Unable to locate element: {"method":"xpath","selector":"//button[text()='Yes']"}
  (Session info: chrome=119.0.6045.106)
For documentation on this error, please visit: https://www.selenium.dev/documentation/webdriver/troubleshooting/errors#no-such-element-exception
Build info: version: '4.10.0', revision: 'c14d967899'
System info: os.name: 'Windows 11', os.arch: 'amd64', os.version: '10.0', java.version: '17.0.8.1'
Driver info: org.openqa.selenium.chrome.ChromeDriver
Command: [de43e969f925de85949ef8a0847cf28a, findElement {using=xpath, value=//button[text()='Yes']}]
Capabilities {acceptInsecureCerts: false, browserName: chrome, browserVersion: 119.0.6045.106, chrome: {chromedriverVersion: 119.0.6045.105 (38c72552c5e..., userDataDir: C:\Users\kumar\AppData\Loca...}, fedcm:accounts: true, goog:chromeOptions: {debuggerAddress: localhost:55715}, networkConnectionEnabled: false, pageLoadStrategy: normal, platformName: windows, proxy: Proxy(), se:cdp: ws://localhost:55715/devtoo..., se:cdpVersion: 119.0.6045.106, setWindowRect: true, strictFileInteractability: false, timeouts: {implicit: 0, pageLoad: 300000, script: 30000}, unhandledPromptBehavior: dismiss and notify, webauthn:extension:credBlob: true, webauthn:extension:largeBlob: true, webauthn:extension:minPinLength: true, webauthn:extension:prf: true, webauthn:virtualAuthenticators: true}
Session ID: de43e969f925de85949ef8a0847cf28a
	at java.base/jdk.internal.reflect.NativeConstructorAccessorImpl.newInstance0(Native Method)
	at java.base/jdk.internal.reflect.NativeConstructorAccessorImpl.newInstance(NativeConstructorAccessorImpl.java:77)
	at java.base/jdk.internal.reflect.DelegatingConstructorAccessorImpl.newInstance(DelegatingConstructorAccessorImpl.java:45)
	at java.base/java.lang.reflect.Constructor.newInstanceWithCaller(Constructor.java:499)
	at java.base/java.lang.reflect.Constructor.newInstance(Constructor.java:480)
	at org.openqa.selenium.remote.codec.w3c.W3CHttpResponseCodec.createException(W3CHttpResponseCodec.java:199)
	at org.openqa.selenium.remote.codec.w3c.W3CHttpResponseCodec.decode(W3CHttpResponseCodec.java:132)
	at org.openqa.selenium.remote.codec.w3c.W3CHttpResponseCodec.decode(W3CHttpResponseCodec.java:51)
	at org.openqa.selenium.remote.HttpCommandExecutor.execute(HttpCommandExecutor.java:191)
	at org.openqa.selenium.remote.service.DriverCommandExecutor.invokeExecute(DriverCommandExecutor.java:196)
	at org.openqa.selenium.remote.service.DriverCommandExecutor.execute(DriverCommandExecutor.java:171)
	at org.openqa.selenium.remote.RemoteWebDriver.execute(RemoteWebDriver.java:531)
	at org.openqa.selenium.remote.ElementLocation$ElementFinder$2.findElement(ElementLocation.java:165)
	at org.openqa.selenium.remote.ElementLocation.findElement(ElementLocation.java:59)
	at org.openqa.selenium.remote.RemoteWebDriver.findElement(RemoteWebDriver.java:350)
	at org.openqa.selenium.remote.RemoteWebDriver.findElement(RemoteWebDriver.java:344)
	at org.openqa.selenium.support.pagefactory.DefaultElementLocator.findElement(DefaultElementLocator.java:68)
	at org.openqa.selenium.support.pagefactory.internal.LocatingElementHandler.invoke(LocatingElementHandler.java:38)
	at jdk.proxy2/jdk.proxy2.$Proxy30.click(Unknown Source)
	at com.AutomationJiviewsPOM.SystemDefinationRoleSetupPage.setClickYes(SystemDefinationRoleSetupPage.java:238)
	at com.AutomationJiviewsPOM.SystemDefinationRoleSetupPage.setDeactiveRole(SystemDefinationRoleSetupPage.java:318)
	at com.JiviewsAutomation.SystemDefination_Test.RoleSetUpTest.verifyDeactiveRole(RoleSetUpTest.java:68)
	at java.base/jdk.internal.reflect.NativeMethodAccessorImpl.invoke0(Native Method)
	at java.base/jdk.internal.reflect.NativeMethodAccessorImpl.invoke(NativeMethodAccessorImpl.java:77)
	at java.base/jdk.internal.reflect.DelegatingMethodAccessorImpl.invoke(DelegatingMethodAccessorImpl.java:43)
	at java.base/java.lang.reflect.Method.invoke(Method.java:568)
	at org.testng.internal.MethodInvocationHelper.invokeMethod(MethodInvocationHelper.java:124)
	at org.testng.internal.Invoker.invokeMethod(Invoker.java:583)
	at org.testng.internal.Invoker.invokeTestMethod(Invoker.java:719)
	at org.testng.internal.Invoker.invokeTestMethods(Invoker.java:989)
	at org.testng.internal.TestMethodWorker.invokeTestMethods(TestMethodWorker.java:125)
	at org.testng.internal.TestMethodWorker.run(TestMethodWorker.java:109)
	at org.testng.TestRunner.privateRun(TestRunner.java:648)
	at org.testng.TestRunner.run(TestRunner.java:505)
	at org.testng.SuiteRunner.runTest(SuiteRunner.java:455)
	at org.testng.SuiteRunner.runSequentially(SuiteRunner.java:450)
	at org.testng.SuiteRunner.privateRun(SuiteRunner.java:415)
	at org.testng.SuiteRunner.run(SuiteRunner.java:364)
	at org.testng.SuiteRunnerWorker.runSuite(SuiteRunnerWorker.java:52)
	at org.testng.SuiteRunnerWorker.run(SuiteRunnerWorker.java:84)
	at org.testng.TestNG.runSuitesSequentially(TestNG.java:1208)
	at org.testng.TestNG.runSuitesLocally(TestNG.java:1137)
	at org.testng.TestNG.runSuites(TestNG.java:1049)
	at org.testng.TestNG.run(TestNG.java:1017)
	at org.apache.maven.surefire.testng.TestNGExecutor.run(TestNGExecutor.java:308)
	at org.apache.maven.surefire.testng.TestNGXmlTestSuite.execute(TestNGXmlTestSuite.java:71)
	at org.apache.maven.surefire.testng.TestNGProvider.invoke(TestNGProvider.java:113)
	at org.apache.maven.surefire.booter.ForkedBooter.runSuitesInProcess(ForkedBooter.java:385)
	at org.apache.maven.surefire.booter.ForkedBooter.execute(ForkedBooter.java:162)
	at org.apache.maven.surefire.booter.ForkedBooter.run(ForkedBooter.java:507)
	at org.apache.maven.surefire.booter.ForkedBooter.main(ForkedBooter.java:495)
]]></failure>
    <system-out><![CDATA[01:15:52.749 [main] INFO  com.AutomationJiviewsGeneric.BaseClass - Logout from Jivi application
01:15:52.750 [main] INFO  com.AutomationJiviewsGeneric.BaseClass - Login to the Jivi application
01:16:03.385 [main] INFO  com.AutomationJiviewsGeneric.BaseClass - Screenshot captured for test failure. View it at: C:\Development\Automation\Jiviewsrpav2\.\ScreenShot\roleSetUpTest.png
]]></system-out>
  </testcase>
  <testcase name="verifyDisselectAllAvailableSkill" classname="com.JiviewsAutomation.SystemDefination_Test.RoleSetUpTest" time="20.974">
    <system-out><![CDATA[01:16:18.597 [main] INFO  com.AutomationJiviewsGeneric.BaseClass - Logout from Jivi application
01:16:18.598 [main] INFO  com.AutomationJiviewsGeneric.BaseClass - Login to the Jivi application
01:16:38.203 [main] INFO  com.AutomationJiviewsGeneric.BaseClass - Screenshot captured for test failure. View it at: C:\Development\Automation\Jiviewsrpav2\.\ScreenShot\roleSetUpTest.png
01:16:52.324 [main] INFO  com.JiviewsAutomation.SystemDefination_Test.RoleSetUpTest - Verify disselect all available skill
]]></system-out>
  </testcase>
  <testcase name="verifyReactiveRole" classname="com.JiviewsAutomation.SystemDefination_Test.RoleSetUpTest" time="11.268">
    <system-out><![CDATA[01:16:52.327 [main] INFO  com.AutomationJiviewsGeneric.BaseClass - Logout from Jivi application
01:16:52.327 [main] INFO  com.AutomationJiviewsGeneric.BaseClass - Login to the Jivi application
01:17:02.510 [main] INFO  com.AutomationJiviewsGeneric.BaseClass - Screenshot captured for test failure. View it at: C:\Development\Automation\Jiviewsrpav2\.\ScreenShot\roleSetUpTest.png
01:17:08.791 [main] INFO  com.JiviewsAutomation.SystemDefination_Test.RoleSetUpTest - Verify Reactive Role is successful
]]></system-out>
  </testcase>
  <testcase name="verifySearchColumnsForRole" classname="com.JiviewsAutomation.SystemDefination_Test.RoleSetUpTest" time="6.485">
    <system-out><![CDATA[01:17:08.793 [main] INFO  com.AutomationJiviewsGeneric.BaseClass - Logout from Jivi application
01:17:08.793 [main] INFO  com.AutomationJiviewsGeneric.BaseClass - Login to the Jivi application
01:17:13.699 [main] INFO  com.AutomationJiviewsGeneric.BaseClass - Screenshot captured for test failure. View it at: C:\Development\Automation\Jiviewsrpav2\.\ScreenShot\roleSetUpTest.png
01:17:17.683 [main] INFO  com.JiviewsAutomation.SystemDefination_Test.RoleSetUpTest - verify Search Columns For Role is successfull
]]></system-out>
  </testcase>
  <testcase name="verifyUpdateRole" classname="com.JiviewsAutomation.SystemDefination_Test.RoleSetUpTest" time="9.846">
    <system-out><![CDATA[01:17:17.684 [main] INFO  com.AutomationJiviewsGeneric.BaseClass - Logout from Jivi application
01:17:17.685 [main] INFO  com.AutomationJiviewsGeneric.BaseClass - Login to the Jivi application
01:17:21.943 [main] INFO  com.AutomationJiviewsGeneric.BaseClass - Screenshot captured for test failure. View it at: C:\Development\Automation\Jiviewsrpav2\.\ScreenShot\roleSetUpTest.png
01:17:29.338 [main] INFO  com.JiviewsAutomation.SystemDefination_Test.RoleSetUpTest - Verify Update Role successful
]]></system-out>
  </testcase>
  <testcase name="verifyCreateRoleGroups" classname="com.JiviewsAutomation.SystemDefination_Test.RoleGroupTest" time="3.38">
    <system-out><![CDATA[01:17:29.339 [main] INFO  com.AutomationJiviewsGeneric.BaseClass - Logout from Jivi application
01:17:29.339 [main] INFO  com.AutomationJiviewsGeneric.BaseClass - Close Browser...
01:17:29.631 [main] INFO  com.AutomationJiviewsGeneric.BaseClass - Open Browser
01:17:30.505 [main] INFO  com.AutomationJiviewsGeneric.BaseClass - Browser launched successfully
01:17:30.506 [main] INFO  com.AutomationJiviewsGeneric.BaseClass - Login to the Jivi application
01:17:39.556 [main] INFO  com.AutomationJiviewsGeneric.BaseClass - Screenshot captured for test failure. View it at: C:\Development\Automation\Jiviewsrpav2\.\ScreenShot\RoleGroupTest.png
01:17:39.556 [main] INFO  com.JiviewsAutomation.SystemDefination_Test.RoleGroupTest - Create Role Group
]]></system-out>
    <system-err><![CDATA[Nov 10, 2023 1:17:29 AM org.openqa.selenium.remote.service.DriverService$Builder getLogOutput
INFO: Driver logs no longer sent to console by default; https://www.selenium.dev/documentation/webdriver/drivers/service/#setting-log-output
Nov 10, 2023 1:17:30 AM org.openqa.selenium.devtools.CdpVersionFinder findNearestMatch
WARNING: Unable to find CDP implementation matching 119
Nov 10, 2023 1:17:30 AM org.openqa.selenium.chromium.ChromiumDriver lambda$new$4
WARNING: Unable to find version of CDP to use for . You may need to include a dependency on a specific version of the CDP using something similar to `org.seleniumhq.selenium:selenium-devtools-v86:4.10.0` where the version ("v86") matches the version of the chromium-based browser you're using and the version number of the artifact is the same as Selenium's.
]]></system-err>
  </testcase>
  <testcase name="verifyUpdateRoleGroups" classname="com.JiviewsAutomation.SystemDefination_Test.RoleGroupTest" time="7.792">
    <system-out><![CDATA[01:17:42.780 [main] INFO  com.AutomationJiviewsGeneric.BaseClass - Logout from Jivi application
01:17:42.781 [main] INFO  com.AutomationJiviewsGeneric.BaseClass - Login to the Jivi application
01:17:48.888 [main] INFO  com.AutomationJiviewsGeneric.BaseClass - Screenshot captured for test failure. View it at: C:\Development\Automation\Jiviewsrpav2\.\ScreenShot\RoleGroupTest.png
01:17:48.888 [main] INFO  com.JiviewsAutomation.SystemDefination_Test.RoleGroupTest - Update Role Group
]]></system-out>
  </testcase>
  <testcase name="verifyDeactivateRoleGroups" classname="com.JiviewsAutomation.SystemDefination_Test.RoleGroupTest" time="2.41">
    <system-out><![CDATA[01:17:56.552 [main] INFO  com.AutomationJiviewsGeneric.BaseClass - Logout from Jivi application
01:17:56.553 [main] INFO  com.AutomationJiviewsGeneric.BaseClass - Login to the Jivi application
01:18:03.631 [main] INFO  com.AutomationJiviewsGeneric.BaseClass - Screenshot captured for test failure. View it at: C:\Development\Automation\Jiviewsrpav2\.\ScreenShot\RoleGroupTest.png
01:18:03.631 [main] INFO  com.JiviewsAutomation.SystemDefination_Test.RoleGroupTest - Deactivate Role Group
]]></system-out>
  </testcase>
  <testcase name="verifyCreateRoleGrpWithoutAvailableRole" classname="com.JiviewsAutomation.SystemDefination_Test.RoleGroupTest" time="2.077">
    <system-out><![CDATA[01:18:05.912 [main] INFO  com.AutomationJiviewsGeneric.BaseClass - Logout from Jivi application
01:18:05.914 [main] INFO  com.AutomationJiviewsGeneric.BaseClass - Login to the Jivi application
01:18:23.113 [main] INFO  com.AutomationJiviewsGeneric.BaseClass - Screenshot captured for test failure. View it at: C:\Development\Automation\Jiviewsrpav2\.\ScreenShot\RoleGroupTest.png
01:18:23.113 [main] INFO  com.JiviewsAutomation.SystemDefination_Test.RoleGroupTest - Create role group without available role Group
]]></system-out>
  </testcase>
  <testcase name="verifySearchRoleGroup" classname="com.JiviewsAutomation.SystemDefination_Test.RoleGroupTest" time="0.861">
    <system-out><![CDATA[01:18:25.053 [main] INFO  com.AutomationJiviewsGeneric.BaseClass - Logout from Jivi application
01:18:25.054 [main] INFO  com.AutomationJiviewsGeneric.BaseClass - Login to the Jivi application
01:18:37.210 [main] INFO  com.JiviewsAutomation.SystemDefination_Test.RoleGroupTest - Create role group without available role Group
]]></system-out>
  </testcase>
  <testcase name="verifyCreateRoleGrpWithoutRoleGrpName" classname="com.JiviewsAutomation.SystemDefination_Test.RoleGroupTest" time="2.967">
    <system-out><![CDATA[01:18:38.070 [main] INFO  com.AutomationJiviewsGeneric.BaseClass - Logout from Jivi application
01:18:38.070 [main] INFO  com.AutomationJiviewsGeneric.BaseClass - Login to the Jivi application
01:18:50.368 [main] INFO  com.AutomationJiviewsGeneric.BaseClass - Screenshot captured for test failure. View it at: C:\Development\Automation\Jiviewsrpav2\.\ScreenShot\RoleGroupTest.png
01:18:50.369 [main] INFO  com.JiviewsAutomation.SystemDefination_Test.RoleGroupTest - Create role group without role group name
]]></system-out>
  </testcase>
  <testcase name="testCreateShiftBand" classname="com.JiviewsAutomation.SystemDefination_Test.ShiftBandTest" time="18.957">
    <system-out><![CDATA[01:18:53.206 [main] INFO  com.AutomationJiviewsGeneric.BaseClass - Logout from Jivi application
01:18:53.207 [main] INFO  com.AutomationJiviewsGeneric.BaseClass - Close Browser...
01:18:53.502 [main] INFO  com.AutomationJiviewsGeneric.BaseClass - Open Browser
01:18:54.384 [main] INFO  com.AutomationJiviewsGeneric.BaseClass - Browser launched successfully
01:18:54.385 [main] INFO  com.AutomationJiviewsGeneric.BaseClass - Login to the Jivi application
01:18:59.015 [main] INFO  com.AutomationJiviewsGeneric.BaseClass - Screenshot captured for test failure. View it at: C:\Development\Automation\Jiviewsrpav2\.\ScreenShot\shiftBandTest.png
01:18:59.015 [main] INFO  com.JiviewsAutomation.SystemDefination_Test.ShiftBandTest - Create Shift Band Definition
]]></system-out>
    <system-err><![CDATA[Nov 10, 2023 1:18:53 AM org.openqa.selenium.remote.service.DriverService$Builder getLogOutput
INFO: Driver logs no longer sent to console by default; https://www.selenium.dev/documentation/webdriver/drivers/service/#setting-log-output
Nov 10, 2023 1:18:54 AM org.openqa.selenium.devtools.CdpVersionFinder findNearestMatch
WARNING: Unable to find CDP implementation matching 119
Nov 10, 2023 1:18:54 AM org.openqa.selenium.chromium.ChromiumDriver lambda$new$4
WARNING: Unable to find version of CDP to use for . You may need to include a dependency on a specific version of the CDP using something similar to `org.seleniumhq.selenium:selenium-devtools-v86:4.10.0` where the version ("v86") matches the version of the chromium-based browser you're using and the version number of the artifact is the same as Selenium's.
]]></system-err>
  </testcase>
  <testcase name="testDeactivateShiftBand" classname="com.JiviewsAutomation.SystemDefination_Test.ShiftBandTest" time="17.561">
    <system-out><![CDATA[01:19:15.769 [main] INFO  com.AutomationJiviewsGeneric.BaseClass - Logout from Jivi application
01:19:15.769 [main] INFO  com.AutomationJiviewsGeneric.BaseClass - Login to the Jivi application
01:19:33.073 [main] INFO  com.AutomationJiviewsGeneric.BaseClass - Screenshot captured for test failure. View it at: C:\Development\Automation\Jiviewsrpav2\.\ScreenShot\shiftBandTest.png
01:19:33.074 [main] INFO  com.JiviewsAutomation.SystemDefination_Test.ShiftBandTest - Verify Deactivate Shift band
]]></system-out>
  </testcase>
  <testcase name="testUpdateShiftBand" classname="com.JiviewsAutomation.SystemDefination_Test.ShiftBandTest" time="18.664">
    <system-out><![CDATA[01:19:43.828 [main] INFO  com.AutomationJiviewsGeneric.BaseClass - Logout from Jivi application
01:19:43.830 [main] INFO  com.AutomationJiviewsGeneric.BaseClass - Login to the Jivi application
01:19:53.006 [main] INFO  com.AutomationJiviewsGeneric.BaseClass - Screenshot captured for test failure. View it at: C:\Development\Automation\Jiviewsrpav2\.\ScreenShot\shiftBandTest.png
01:19:53.007 [main] INFO  com.JiviewsAutomation.SystemDefination_Test.ShiftBandTest - Verify update shiftBand
]]></system-out>
  </testcase>
  <testcase name="testWithCombinationShift" classname="com.JiviewsAutomation.SystemDefination_Test.ShiftBandTest" time="17.062">
    <failure message="element not interactable: [object HTMLSelectElement] has no size and location&#10;  (Session info: chrome=119.0.6045.106)&#10;Build info: version: &apos;4.10.0&apos;, revision: &apos;c14d967899&apos;&#10;System info: os.name: &apos;Windows 11&apos;, os.arch: &apos;amd64&apos;, os.version: &apos;10.0&apos;, java.version: &apos;17.0.8.1&apos;&#10;Driver info: org.openqa.selenium.chrome.ChromeDriver&#10;Command: [ce8aeb2e53ce0fac97b68ffce2cda534, actions {actions=[org.openqa.selenium.interactions.Sequence@18accf9c]}]&#10;Capabilities {acceptInsecureCerts: false, browserName: chrome, browserVersion: 119.0.6045.106, chrome: {chromedriverVersion: 119.0.6045.105 (38c72552c5e..., userDataDir: C:\Users\kumar\AppData\Loca...}, fedcm:accounts: true, goog:chromeOptions: {debuggerAddress: localhost:55768}, networkConnectionEnabled: false, pageLoadStrategy: normal, platformName: windows, proxy: Proxy(), se:cdp: ws://localhost:55768/devtoo..., se:cdpVersion: 119.0.6045.106, setWindowRect: true, strictFileInteractability: false, timeouts: {implicit: 0, pageLoad: 300000, script: 30000}, unhandledPromptBehavior: dismiss and notify, webauthn:extension:credBlob: true, webauthn:extension:largeBlob: true, webauthn:extension:minPinLength: true, webauthn:extension:prf: true, webauthn:virtualAuthenticators: true}&#10;Session ID: ce8aeb2e53ce0fac97b68ffce2cda534" type="org.openqa.selenium.ElementNotInteractableException"><![CDATA[org.openqa.selenium.ElementNotInteractableException: 
element not interactable: [object HTMLSelectElement] has no size and location
  (Session info: chrome=119.0.6045.106)
Build info: version: '4.10.0', revision: 'c14d967899'
System info: os.name: 'Windows 11', os.arch: 'amd64', os.version: '10.0', java.version: '17.0.8.1'
Driver info: org.openqa.selenium.chrome.ChromeDriver
Command: [ce8aeb2e53ce0fac97b68ffce2cda534, actions {actions=[org.openqa.selenium.interactions.Sequence@18accf9c]}]
Capabilities {acceptInsecureCerts: false, browserName: chrome, browserVersion: 119.0.6045.106, chrome: {chromedriverVersion: 119.0.6045.105 (38c72552c5e..., userDataDir: C:\Users\kumar\AppData\Loca...}, fedcm:accounts: true, goog:chromeOptions: {debuggerAddress: localhost:55768}, networkConnectionEnabled: false, pageLoadStrategy: normal, platformName: windows, proxy: Proxy(), se:cdp: ws://localhost:55768/devtoo..., se:cdpVersion: 119.0.6045.106, setWindowRect: true, strictFileInteractability: false, timeouts: {implicit: 0, pageLoad: 300000, script: 30000}, unhandledPromptBehavior: dismiss and notify, webauthn:extension:credBlob: true, webauthn:extension:largeBlob: true, webauthn:extension:minPinLength: true, webauthn:extension:prf: true, webauthn:virtualAuthenticators: true}
Session ID: ce8aeb2e53ce0fac97b68ffce2cda534
	at java.base/jdk.internal.reflect.NativeConstructorAccessorImpl.newInstance0(Native Method)
	at java.base/jdk.internal.reflect.NativeConstructorAccessorImpl.newInstance(NativeConstructorAccessorImpl.java:77)
	at java.base/jdk.internal.reflect.DelegatingConstructorAccessorImpl.newInstance(DelegatingConstructorAccessorImpl.java:45)
	at java.base/java.lang.reflect.Constructor.newInstanceWithCaller(Constructor.java:499)
	at java.base/java.lang.reflect.Constructor.newInstance(Constructor.java:480)
	at org.openqa.selenium.remote.codec.w3c.W3CHttpResponseCodec.createException(W3CHttpResponseCodec.java:199)
	at org.openqa.selenium.remote.codec.w3c.W3CHttpResponseCodec.decode(W3CHttpResponseCodec.java:132)
	at org.openqa.selenium.remote.codec.w3c.W3CHttpResponseCodec.decode(W3CHttpResponseCodec.java:51)
	at org.openqa.selenium.remote.HttpCommandExecutor.execute(HttpCommandExecutor.java:191)
	at org.openqa.selenium.remote.service.DriverCommandExecutor.invokeExecute(DriverCommandExecutor.java:196)
	at org.openqa.selenium.remote.service.DriverCommandExecutor.execute(DriverCommandExecutor.java:171)
	at org.openqa.selenium.remote.RemoteWebDriver.execute(RemoteWebDriver.java:531)
	at org.openqa.selenium.remote.RemoteWebDriver.perform(RemoteWebDriver.java:603)
	at org.openqa.selenium.interactions.Actions$BuiltAction.perform(Actions.java:585)
	at org.openqa.selenium.interactions.Actions.perform(Actions.java:554)
	at com.AutomationJiviewsPOM.SystemDefinationShiftBandPage.setAvailableSkillForSingleSkill(SystemDefinationShiftBandPage.java:211)
	at com.AutomationJiviewsPOM.SystemDefinationShiftBandPage.shiftBandTypeCombinationShift(SystemDefinationShiftBandPage.java:430)
	at com.JiviewsAutomation.SystemDefination_Test.ShiftBandTest.testWithCombinationShift(ShiftBandTest.java:90)
	at java.base/jdk.internal.reflect.NativeMethodAccessorImpl.invoke0(Native Method)
	at java.base/jdk.internal.reflect.NativeMethodAccessorImpl.invoke(NativeMethodAccessorImpl.java:77)
	at java.base/jdk.internal.reflect.DelegatingMethodAccessorImpl.invoke(DelegatingMethodAccessorImpl.java:43)
	at java.base/java.lang.reflect.Method.invoke(Method.java:568)
	at org.testng.internal.MethodInvocationHelper.invokeMethod(MethodInvocationHelper.java:124)
	at org.testng.internal.Invoker.invokeMethod(Invoker.java:583)
	at org.testng.internal.Invoker.invokeTestMethod(Invoker.java:719)
	at org.testng.internal.Invoker.invokeTestMethods(Invoker.java:989)
	at org.testng.internal.TestMethodWorker.invokeTestMethods(TestMethodWorker.java:125)
	at org.testng.internal.TestMethodWorker.run(TestMethodWorker.java:109)
	at org.testng.TestRunner.privateRun(TestRunner.java:648)
	at org.testng.TestRunner.run(TestRunner.java:505)
	at org.testng.SuiteRunner.runTest(SuiteRunner.java:455)
	at org.testng.SuiteRunner.runSequentially(SuiteRunner.java:450)
	at org.testng.SuiteRunner.privateRun(SuiteRunner.java:415)
	at org.testng.SuiteRunner.run(SuiteRunner.java:364)
	at org.testng.SuiteRunnerWorker.runSuite(SuiteRunnerWorker.java:52)
	at org.testng.SuiteRunnerWorker.run(SuiteRunnerWorker.java:84)
	at org.testng.TestNG.runSuitesSequentially(TestNG.java:1208)
	at org.testng.TestNG.runSuitesLocally(TestNG.java:1137)
	at org.testng.TestNG.runSuites(TestNG.java:1049)
	at org.testng.TestNG.run(TestNG.java:1017)
	at org.apache.maven.surefire.testng.TestNGExecutor.run(TestNGExecutor.java:308)
	at org.apache.maven.surefire.testng.TestNGXmlTestSuite.execute(TestNGXmlTestSuite.java:71)
	at org.apache.maven.surefire.testng.TestNGProvider.invoke(TestNGProvider.java:113)
	at org.apache.maven.surefire.booter.ForkedBooter.runSuitesInProcess(ForkedBooter.java:385)
	at org.apache.maven.surefire.booter.ForkedBooter.execute(ForkedBooter.java:162)
	at org.apache.maven.surefire.booter.ForkedBooter.run(ForkedBooter.java:507)
	at org.apache.maven.surefire.booter.ForkedBooter.main(ForkedBooter.java:495)
]]></failure>
    <system-out><![CDATA[01:20:06.756 [main] INFO  com.AutomationJiviewsGeneric.BaseClass - Logout from Jivi application
01:20:06.756 [main] INFO  com.AutomationJiviewsGeneric.BaseClass - Login to the Jivi application
01:20:16.890 [main] INFO  com.AutomationJiviewsGeneric.BaseClass - Screenshot captured for test failure. View it at: C:\Development\Automation\Jiviewsrpav2\.\ScreenShot\shiftBandTest.png
01:20:16.890 [main] INFO  com.JiviewsAutomation.SystemDefination_Test.ShiftBandTest - Verify With Combination Shift
]]></system-out>
  </testcase>
  <testcase name="testWithOvertimeShift" classname="com.JiviewsAutomation.SystemDefination_Test.ShiftBandTest" time="19.272">
    <system-out><![CDATA[01:20:29.844 [main] INFO  com.AutomationJiviewsGeneric.BaseClass - Logout from Jivi application
01:20:29.845 [main] INFO  com.AutomationJiviewsGeneric.BaseClass - Login to the Jivi application
01:20:38.331 [main] INFO  com.AutomationJiviewsGeneric.BaseClass - Screenshot captured for test failure. View it at: C:\Development\Automation\Jiviewsrpav2\.\ScreenShot\shiftBandTest.png
01:20:38.332 [main] INFO  com.JiviewsAutomation.SystemDefination_Test.ShiftBandTest - Verify With Overtime Shift
]]></system-out>
  </testcase>
  <testcase name="testWithoutShiftBandName" classname="com.JiviewsAutomation.SystemDefination_Test.ShiftBandTest" time="19.627">
    <system-out><![CDATA[01:20:53.030 [main] INFO  com.AutomationJiviewsGeneric.BaseClass - Logout from Jivi application
01:20:53.030 [main] INFO  com.AutomationJiviewsGeneric.BaseClass - Login to the Jivi application
01:21:01.128 [main] INFO  com.AutomationJiviewsGeneric.BaseClass - Screenshot captured for test failure. View it at: C:\Development\Automation\Jiviewsrpav2\.\ScreenShot\shiftBandTest.png
01:21:01.129 [main] INFO  com.JiviewsAutomation.SystemDefination_Test.ShiftBandTest - Verify Without Shift Band Name
]]></system-out>
  </testcase>
  <testcase name="verifyCreateSCR" classname="com.JiviewsAutomation.SystemDefination_Test.SCRTest" time="13.196">
    <system-out><![CDATA[01:21:16.464 [main] INFO  com.AutomationJiviewsGeneric.BaseClass - Logout from Jivi application
01:21:16.465 [main] INFO  com.AutomationJiviewsGeneric.BaseClass - Close Browser...
01:21:16.763 [main] INFO  com.AutomationJiviewsGeneric.BaseClass - Open Browser
01:21:17.606 [main] INFO  com.AutomationJiviewsGeneric.BaseClass - Browser launched successfully
01:21:17.608 [main] INFO  com.AutomationJiviewsGeneric.BaseClass - Login to the Jivi application
01:21:30.343 [main] INFO  com.AutomationJiviewsGeneric.BaseClass - Screenshot captured for test failure. View it at: C:\Development\Automation\Jiviewsrpav2\.\ScreenShot\SCRTest.png
01:21:30.343 [main] INFO  com.JiviewsAutomation.SystemDefination_Test.SCRTest - Create SCR
01:21:43.125 [main] INFO  com.JiviewsAutomation.SystemDefination_Test.SCRTest - Create a SCR is successful
]]></system-out>
    <system-err><![CDATA[Nov 10, 2023 1:21:16 AM org.openqa.selenium.remote.service.DriverService$Builder getLogOutput
INFO: Driver logs no longer sent to console by default; https://www.selenium.dev/documentation/webdriver/drivers/service/#setting-log-output
Nov 10, 2023 1:21:17 AM org.openqa.selenium.devtools.CdpVersionFinder findNearestMatch
WARNING: Unable to find CDP implementation matching 119
Nov 10, 2023 1:21:17 AM org.openqa.selenium.chromium.ChromiumDriver lambda$new$4
WARNING: Unable to find version of CDP to use for . You may need to include a dependency on a specific version of the CDP using something similar to `org.seleniumhq.selenium:selenium-devtools-v86:4.10.0` where the version ("v86") matches the version of the chromium-based browser you're using and the version number of the artifact is the same as Selenium's.
]]></system-err>
  </testcase>
  <testcase name="verifyUpdateSCR" classname="com.JiviewsAutomation.SystemDefination_Test.SCRTest" time="5.346">
    <system-out><![CDATA[01:21:43.125 [main] INFO  com.AutomationJiviewsGeneric.BaseClass - Logout from Jivi application
01:21:43.126 [main] INFO  com.AutomationJiviewsGeneric.BaseClass - Login to the Jivi application
01:22:00.679 [main] INFO  com.AutomationJiviewsGeneric.BaseClass - Screenshot captured for test failure. View it at: C:\Development\Automation\Jiviewsrpav2\.\ScreenShot\SCRTest.png
01:22:00.680 [main] INFO  com.JiviewsAutomation.SystemDefination_Test.SCRTest - Update SCR
]]></system-out>
  </testcase>
  <testcase name="verifyDeactivateSCR" classname="com.JiviewsAutomation.SystemDefination_Test.SCRTest" time="3.29">
    <system-out><![CDATA[01:22:05.616 [main] INFO  com.AutomationJiviewsGeneric.BaseClass - Logout from Jivi application
01:22:05.616 [main] INFO  com.AutomationJiviewsGeneric.BaseClass - Login to the Jivi application
01:22:19.122 [main] INFO  com.AutomationJiviewsGeneric.BaseClass - Screenshot captured for test failure. View it at: C:\Development\Automation\Jiviewsrpav2\.\ScreenShot\SCRTest.png
01:22:19.122 [main] INFO  com.JiviewsAutomation.SystemDefination_Test.SCRTest - Deactivate SCR
]]></system-out>
  </testcase>
  <testcase name="verifyReactivateSCR" classname="com.JiviewsAutomation.SystemDefination_Test.SCRTest" time="5.416">
    <system-out><![CDATA[01:22:21.600 [main] INFO  com.AutomationJiviewsGeneric.BaseClass - Logout from Jivi application
01:22:21.601 [main] INFO  com.AutomationJiviewsGeneric.BaseClass - Login to the Jivi application
01:22:38.196 [main] INFO  com.AutomationJiviewsGeneric.BaseClass - Screenshot captured for test failure. View it at: C:\Development\Automation\Jiviewsrpav2\.\ScreenShot\SCRTest.png
01:22:38.196 [main] INFO  com.JiviewsAutomation.SystemDefination_Test.SCRTest - Reactive SCR
]]></system-out>
  </testcase>
  <testcase name="verifyCreatePublicHoliday" classname="com.JiviewsAutomation.SystemDefination_Test.PublicHolidayTest" time="3.434">
    <system-out><![CDATA[01:22:43.209 [main] INFO  com.AutomationJiviewsGeneric.BaseClass - Logout from Jivi application
01:22:43.210 [main] INFO  com.AutomationJiviewsGeneric.BaseClass - Close Browser...
01:22:43.502 [main] INFO  com.AutomationJiviewsGeneric.BaseClass - Open Browser
01:22:44.349 [main] INFO  com.AutomationJiviewsGeneric.BaseClass - Browser launched successfully
01:22:44.350 [main] INFO  com.AutomationJiviewsGeneric.BaseClass - Login to the Jivi application
01:22:57.009 [main] INFO  com.AutomationJiviewsGeneric.BaseClass - Screenshot captured for test failure. View it at: C:\Development\Automation\Jiviewsrpav2\.\ScreenShot\PublicHolidayTest_Create.png
01:22:57.009 [main] INFO  com.JiviewsAutomation.SystemDefination_Test.PublicHolidayTest - Creating public holiday
01:23:00.309 [main] INFO  com.JiviewsAutomation.SystemDefination_Test.PublicHolidayTest - Public holiday creation successful
]]></system-out>
    <system-err><![CDATA[Nov 10, 2023 1:22:43 AM org.openqa.selenium.remote.service.DriverService$Builder getLogOutput
INFO: Driver logs no longer sent to console by default; https://www.selenium.dev/documentation/webdriver/drivers/service/#setting-log-output
Nov 10, 2023 1:22:44 AM org.openqa.selenium.devtools.CdpVersionFinder findNearestMatch
WARNING: Unable to find CDP implementation matching 119
Nov 10, 2023 1:22:44 AM org.openqa.selenium.chromium.ChromiumDriver lambda$new$4
WARNING: Unable to find version of CDP to use for . You may need to include a dependency on a specific version of the CDP using something similar to `org.seleniumhq.selenium:selenium-devtools-v86:4.10.0` where the version ("v86") matches the version of the chromium-based browser you're using and the version number of the artifact is the same as Selenium's.
]]></system-err>
  </testcase>
  <testcase name="verifyUpdatePublicHoliday" classname="com.JiviewsAutomation.SystemDefination_Test.PublicHolidayTest" time="4.358">
    <system-out><![CDATA[01:23:00.312 [main] INFO  com.AutomationJiviewsGeneric.BaseClass - Logout from Jivi application
01:23:00.313 [main] INFO  com.AutomationJiviewsGeneric.BaseClass - Login to the Jivi application
01:23:09.171 [main] INFO  com.AutomationJiviewsGeneric.BaseClass - Screenshot captured for test failure. View it at: C:\Development\Automation\Jiviewsrpav2\.\ScreenShot\PublicHolidayTest_Update.png
01:23:09.172 [main] INFO  com.JiviewsAutomation.SystemDefination_Test.PublicHolidayTest - Updating public holiday
01:23:13.415 [main] INFO  com.JiviewsAutomation.SystemDefination_Test.PublicHolidayTest - Public holiday update successful
]]></system-out>
  </testcase>
  <testcase name="verifyDeletePublicHoliday" classname="com.JiviewsAutomation.SystemDefination_Test.PublicHolidayTest" time="6.673">
    <system-out><![CDATA[01:23:13.415 [main] INFO  com.AutomationJiviewsGeneric.BaseClass - Logout from Jivi application
01:23:13.416 [main] INFO  com.AutomationJiviewsGeneric.BaseClass - Login to the Jivi application
01:23:33.590 [main] INFO  com.AutomationJiviewsGeneric.BaseClass - Screenshot captured for test failure. View it at: C:\Development\Automation\Jiviewsrpav2\.\ScreenShot\PublicHolidayTest_Delete.png
01:23:33.590 [main] INFO  com.JiviewsAutomation.SystemDefination_Test.PublicHolidayTest - Deleting public holiday
01:23:39.964 [main] INFO  com.JiviewsAutomation.SystemDefination_Test.PublicHolidayTest - Deactivate public holiday successful
]]></system-out>
  </testcase>
</testsuite>