<?xml version="1.0" encoding="UTF-8"?>
<testsuite xmlns:xsi="http://www.w3.org/2001/XMLSchema-instance" xsi:noNamespaceSchemaLocation="https://maven.apache.org/surefire/maven-surefire-plugin/xsd/surefire-test-report-3.0.xsd" version="3.0" name="TestSuite" time="525.29" tests="30" errors="0" skipped="0" failures="0">
  <properties>
    <property name="java.specification.version" value="17"/>
    <property name="webdriver.chrome.driver" value="C:\Users\kumar\.cache\selenium\chromedriver\win64\119.0.6045.105\chromedriver.exe"/>
    <property name="sun.cpu.isalist" value="amd64"/>
    <property name="sun.jnu.encoding" value="Cp1252"/>
    <property name="java.class.path" value="C:\Development\Automation\Jiviewsrpav2\target\test-classes;C:\Development\Automation\Jiviewsrpav2\target\classes;C:\Users\kumar\.m2\repository\org\testng\testng\6.14.3\testng-6.14.3.jar;C:\Users\kumar\.m2\repository\com\beust\jcommander\1.72\jcommander-1.72.jar;C:\Users\kumar\.m2\repository\org\apache-extras\beanshell\bsh\2.0b6\bsh-2.0b6.jar;C:\Users\kumar\.m2\repository\org\seleniumhq\selenium\selenium-java\4.10.0\selenium-java-4.10.0.jar;C:\Users\kumar\.m2\repository\org\seleniumhq\selenium\selenium-api\4.10.0\selenium-api-4.10.0.jar;C:\Users\kumar\.m2\repository\org\seleniumhq\selenium\selenium-chrome-driver\4.10.0\selenium-chrome-driver-4.10.0.jar;C:\Users\kumar\.m2\repository\com\google\auto\service\auto-service-annotations\1.0.1\auto-service-annotations-1.0.1.jar;C:\Users\kumar\.m2\repository\com\google\auto\service\auto-service\1.0.1\auto-service-1.0.1.jar;C:\Users\kumar\.m2\repository\com\google\auto\auto-common\1.2\auto-common-1.2.jar;C:\Users\kumar\.m2\repository\com\google\guava\guava\31.1-jre\guava-31.1-jre.jar;C:\Users\kumar\.m2\repository\com\google\guava\failureaccess\1.0.1\failureaccess-1.0.1.jar;C:\Users\kumar\.m2\repository\com\google\guava\listenablefuture\9999.0-empty-to-avoid-conflict-with-guava\listenablefuture-9999.0-empty-to-avoid-conflict-with-guava.jar;C:\Users\kumar\.m2\repository\com\google\code\findbugs\jsr305\3.0.2\jsr305-3.0.2.jar;C:\Users\kumar\.m2\repository\org\checkerframework\checker-qual\3.12.0\checker-qual-3.12.0.jar;C:\Users\kumar\.m2\repository\com\google\errorprone\error_prone_annotations\2.11.0\error_prone_annotations-2.11.0.jar;C:\Users\kumar\.m2\repository\com\google\j2objc\j2objc-annotations\1.3\j2objc-annotations-1.3.jar;C:\Users\kumar\.m2\repository\org\seleniumhq\selenium\selenium-chromium-driver\4.10.0\selenium-chromium-driver-4.10.0.jar;C:\Users\kumar\.m2\repository\org\seleniumhq\selenium\selenium-json\4.10.0\selenium-json-4.10.0.jar;C:\Users\kumar\.m2\repository\org\seleniumhq\selenium\selenium-manager\4.10.0\selenium-manager-4.10.0.jar;C:\Users\kumar\.m2\repository\org\seleniumhq\selenium\selenium-devtools-v112\4.10.0\selenium-devtools-v112-4.10.0.jar;C:\Users\kumar\.m2\repository\org\seleniumhq\selenium\selenium-devtools-v113\4.10.0\selenium-devtools-v113-4.10.0.jar;C:\Users\kumar\.m2\repository\org\seleniumhq\selenium\selenium-devtools-v114\4.10.0\selenium-devtools-v114-4.10.0.jar;C:\Users\kumar\.m2\repository\org\seleniumhq\selenium\selenium-devtools-v85\4.10.0\selenium-devtools-v85-4.10.0.jar;C:\Users\kumar\.m2\repository\org\seleniumhq\selenium\selenium-edge-driver\4.10.0\selenium-edge-driver-4.10.0.jar;C:\Users\kumar\.m2\repository\org\seleniumhq\selenium\selenium-firefox-driver\4.10.0\selenium-firefox-driver-4.10.0.jar;C:\Users\kumar\.m2\repository\org\seleniumhq\selenium\selenium-http\4.10.0\selenium-http-4.10.0.jar;C:\Users\kumar\.m2\repository\dev\failsafe\failsafe\3.3.1\failsafe-3.3.1.jar;C:\Users\kumar\.m2\repository\org\seleniumhq\selenium\selenium-ie-driver\4.10.0\selenium-ie-driver-4.10.0.jar;C:\Users\kumar\.m2\repository\org\seleniumhq\selenium\selenium-remote-driver\4.10.0\selenium-remote-driver-4.10.0.jar;C:\Users\kumar\.m2\repository\io\netty\netty-buffer\4.1.92.Final\netty-buffer-4.1.92.Final.jar;C:\Users\kumar\.m2\repository\io\netty\netty-codec-http\4.1.92.Final\netty-codec-http-4.1.92.Final.jar;C:\Users\kumar\.m2\repository\io\netty\netty-codec\4.1.92.Final\netty-codec-4.1.92.Final.jar;C:\Users\kumar\.m2\repository\io\netty\netty-handler\4.1.92.Final\netty-handler-4.1.92.Final.jar;C:\Users\kumar\.m2\repository\io\netty\netty-common\4.1.92.Final\netty-common-4.1.92.Final.jar;C:\Users\kumar\.m2\repository\io\netty\netty-transport-classes-epoll\4.1.92.Final\netty-transport-classes-epoll-4.1.92.Final.jar;C:\Users\kumar\.m2\repository\io\netty\netty-transport-classes-kqueue\4.1.92.Final\netty-transport-classes-kqueue-4.1.92.Final.jar;C:\Users\kumar\.m2\repository\io\netty\netty-transport-native-epoll\4.1.92.Final\netty-transport-native-epoll-4.1.92.Final.jar;C:\Users\kumar\.m2\repository\io\netty\netty-transport-native-kqueue\4.1.92.Final\netty-transport-native-kqueue-4.1.92.Final.jar;C:\Users\kumar\.m2\repository\io\netty\netty-transport-native-unix-common\4.1.92.Final\netty-transport-native-unix-common-4.1.92.Final.jar;C:\Users\kumar\.m2\repository\io\netty\netty-transport\4.1.92.Final\netty-transport-4.1.92.Final.jar;C:\Users\kumar\.m2\repository\io\netty\netty-resolver\4.1.92.Final\netty-resolver-4.1.92.Final.jar;C:\Users\kumar\.m2\repository\io\opentelemetry\opentelemetry-api\1.26.0\opentelemetry-api-1.26.0.jar;C:\Users\kumar\.m2\repository\io\opentelemetry\opentelemetry-context\1.26.0\opentelemetry-context-1.26.0.jar;C:\Users\kumar\.m2\repository\io\opentelemetry\opentelemetry-exporter-logging\1.26.0\opentelemetry-exporter-logging-1.26.0.jar;C:\Users\kumar\.m2\repository\io\opentelemetry\opentelemetry-sdk-metrics\1.26.0\opentelemetry-sdk-metrics-1.26.0.jar;C:\Users\kumar\.m2\repository\io\opentelemetry\opentelemetry-extension-incubator\1.26.0-alpha\opentelemetry-extension-incubator-1.26.0-alpha.jar;C:\Users\kumar\.m2\repository\io\opentelemetry\opentelemetry-sdk-logs\1.26.0-alpha\opentelemetry-sdk-logs-1.26.0-alpha.jar;C:\Users\kumar\.m2\repository\io\opentelemetry\opentelemetry-api-logs\1.26.0-alpha\opentelemetry-api-logs-1.26.0-alpha.jar;C:\Users\kumar\.m2\repository\io\opentelemetry\opentelemetry-api-events\1.26.0-alpha\opentelemetry-api-events-1.26.0-alpha.jar;C:\Users\kumar\.m2\repository\io\opentelemetry\opentelemetry-sdk-common\1.26.0\opentelemetry-sdk-common-1.26.0.jar;C:\Users\kumar\.m2\repository\io\opentelemetry\opentelemetry-sdk-extension-autoconfigure-spi\1.26.0\opentelemetry-sdk-extension-autoconfigure-spi-1.26.0.jar;C:\Users\kumar\.m2\repository\io\opentelemetry\opentelemetry-sdk-extension-autoconfigure\1.26.0-alpha\opentelemetry-sdk-extension-autoconfigure-1.26.0-alpha.jar;C:\Users\kumar\.m2\repository\io\opentelemetry\opentelemetry-sdk-trace\1.26.0\opentelemetry-sdk-trace-1.26.0.jar;C:\Users\kumar\.m2\repository\io\opentelemetry\opentelemetry-sdk\1.26.0\opentelemetry-sdk-1.26.0.jar;C:\Users\kumar\.m2\repository\io\opentelemetry\opentelemetry-semconv\1.26.0-alpha\opentelemetry-semconv-1.26.0-alpha.jar;C:\Users\kumar\.m2\repository\net\bytebuddy\byte-buddy\1.14.4\byte-buddy-1.14.4.jar;C:\Users\kumar\.m2\repository\org\apache\commons\commons-exec\1.3\commons-exec-1.3.jar;C:\Users\kumar\.m2\repository\org\asynchttpclient\async-http-client\2.12.3\async-http-client-2.12.3.jar;C:\Users\kumar\.m2\repository\org\asynchttpclient\async-http-client-netty-utils\2.12.3\async-http-client-netty-utils-2.12.3.jar;C:\Users\kumar\.m2\repository\io\netty\netty-codec-socks\4.1.60.Final\netty-codec-socks-4.1.60.Final.jar;C:\Users\kumar\.m2\repository\io\netty\netty-handler-proxy\4.1.60.Final\netty-handler-proxy-4.1.60.Final.jar;C:\Users\kumar\.m2\repository\io\netty\netty-transport-native-epoll\4.1.60.Final\netty-transport-native-epoll-4.1.60.Final-linux-x86_64.jar;C:\Users\kumar\.m2\repository\io\netty\netty-transport-native-kqueue\4.1.60.Final\netty-transport-native-kqueue-4.1.60.Final-osx-x86_64.jar;C:\Users\kumar\.m2\repository\org\reactivestreams\reactive-streams\1.0.3\reactive-streams-1.0.3.jar;C:\Users\kumar\.m2\repository\com\typesafe\netty\netty-reactive-streams\2.0.4\netty-reactive-streams-2.0.4.jar;C:\Users\kumar\.m2\repository\com\sun\activation\jakarta.activation\1.2.2\jakarta.activation-1.2.2.jar;C:\Users\kumar\.m2\repository\org\seleniumhq\selenium\selenium-safari-driver\4.10.0\selenium-safari-driver-4.10.0.jar;C:\Users\kumar\.m2\repository\org\seleniumhq\selenium\selenium-support\4.10.0\selenium-support-4.10.0.jar;C:\Users\kumar\.m2\repository\io\github\bonigarcia\webdrivermanager\5.5.3\webdrivermanager-5.5.3.jar;C:\Users\kumar\.m2\repository\org\slf4j\slf4j-api\2.0.7\slf4j-api-2.0.7.jar;C:\Users\kumar\.m2\repository\com\google\code\gson\gson\2.10.1\gson-2.10.1.jar;C:\Users\kumar\.m2\repository\com\github\docker-java\docker-java\3.3.3\docker-java-3.3.3.jar;C:\Users\kumar\.m2\repository\com\github\docker-java\docker-java-core\3.3.3\docker-java-core-3.3.3.jar;C:\Users\kumar\.m2\repository\com\github\docker-java\docker-java-api\3.3.3\docker-java-api-3.3.3.jar;C:\Users\kumar\.m2\repository\com\fasterxml\jackson\core\jackson-annotations\2.10.3\jackson-annotations-2.10.3.jar;C:\Users\kumar\.m2\repository\com\fasterxml\jackson\core\jackson-databind\2.10.3\jackson-databind-2.10.3.jar;C:\Users\kumar\.m2\repository\com\fasterxml\jackson\core\jackson-core\2.10.3\jackson-core-2.10.3.jar;C:\Users\kumar\.m2\repository\org\bouncycastle\bcpkix-jdk18on\1.75\bcpkix-jdk18on-1.75.jar;C:\Users\kumar\.m2\repository\org\bouncycastle\bcprov-jdk18on\1.75\bcprov-jdk18on-1.75.jar;C:\Users\kumar\.m2\repository\org\bouncycastle\bcutil-jdk18on\1.75\bcutil-jdk18on-1.75.jar;C:\Users\kumar\.m2\repository\org\slf4j\jcl-over-slf4j\1.7.30\jcl-over-slf4j-1.7.30.jar;C:\Users\kumar\.m2\repository\com\github\docker-java\docker-java-transport-httpclient5\3.3.3\docker-java-transport-httpclient5-3.3.3.jar;C:\Users\kumar\.m2\repository\com\github\docker-java\docker-java-transport\3.3.3\docker-java-transport-3.3.3.jar;C:\Users\kumar\.m2\repository\net\java\dev\jna\jna\5.12.1\jna-5.12.1.jar;C:\Users\kumar\.m2\repository\org\brotli\dec\0.1.2\dec-0.1.2.jar;C:\Users\kumar\.m2\repository\org\apache\commons\commons-lang3\3.13.0\commons-lang3-3.13.0.jar;C:\Users\kumar\.m2\repository\org\apache\httpcomponents\client5\httpclient5\5.2.1\httpclient5-5.2.1.jar;C:\Users\kumar\.m2\repository\org\apache\httpcomponents\core5\httpcore5\5.2\httpcore5-5.2.jar;C:\Users\kumar\.m2\repository\org\apache\httpcomponents\core5\httpcore5-h2\5.2\httpcore5-h2-5.2.jar;C:\Users\kumar\.m2\repository\org\apache\poi\poi\5.2.3\poi-5.2.3.jar;C:\Users\kumar\.m2\repository\commons-codec\commons-codec\1.15\commons-codec-1.15.jar;C:\Users\kumar\.m2\repository\org\apache\commons\commons-collections4\4.4\commons-collections4-4.4.jar;C:\Users\kumar\.m2\repository\org\apache\commons\commons-math3\3.6.1\commons-math3-3.6.1.jar;C:\Users\kumar\.m2\repository\commons-io\commons-io\2.11.0\commons-io-2.11.0.jar;C:\Users\kumar\.m2\repository\com\zaxxer\SparseBitSet\1.2\SparseBitSet-1.2.jar;C:\Users\kumar\.m2\repository\org\apache\poi\poi-ooxml\5.2.3\poi-ooxml-5.2.3.jar;C:\Users\kumar\.m2\repository\org\apache\poi\poi-ooxml-lite\5.2.3\poi-ooxml-lite-5.2.3.jar;C:\Users\kumar\.m2\repository\org\apache\xmlbeans\xmlbeans\5.1.1\xmlbeans-5.1.1.jar;C:\Users\kumar\.m2\repository\org\apache\commons\commons-compress\1.21\commons-compress-1.21.jar;C:\Users\kumar\.m2\repository\com\github\virtuald\curvesapi\1.07\curvesapi-1.07.jar;C:\Users\kumar\.m2\repository\org\apache\poi\poi-ooxml-schemas\4.1.2\poi-ooxml-schemas-4.1.2.jar;C:\Users\kumar\.m2\repository\org\apache\logging\log4j\log4j-api\2.14.1\log4j-api-2.14.1.jar;C:\Users\kumar\.m2\repository\org\apache\logging\log4j\log4j-core\2.14.1\log4j-core-2.14.1.jar;C:\Users\kumar\.m2\repository\com\aventstack\extentreports\4.0.9\extentreports-4.0.9.jar;C:\Users\kumar\.m2\repository\org\freemarker\freemarker\2.3.23\freemarker-2.3.23.jar;C:\Users\kumar\.m2\repository\org\mongodb\mongodb-driver\3.3.0\mongodb-driver-3.3.0.jar;C:\Users\kumar\.m2\repository\org\mongodb\mongodb-driver-core\3.3.0\mongodb-driver-core-3.3.0.jar;C:\Users\kumar\.m2\repository\org\mongodb\bson\3.3.0\bson-3.3.0.jar;C:\Users\kumar\.m2\repository\org\apache\httpcomponents\httpclient\4.5.2\httpclient-4.5.2.jar;C:\Users\kumar\.m2\repository\org\apache\httpcomponents\httpcore\4.4.4\httpcore-4.4.4.jar;C:\Users\kumar\.m2\repository\commons-logging\commons-logging\1.2\commons-logging-1.2.jar;C:\Users\kumar\.m2\repository\org\apache\httpcomponents\httpmime\4.5.2\httpmime-4.5.2.jar;C:\Users\kumar\.m2\repository\com\github\javafaker\javafaker\1.0.2\javafaker-1.0.2.jar;C:\Users\kumar\.m2\repository\org\yaml\snakeyaml\1.23\snakeyaml-1.23-android.jar;C:\Users\kumar\.m2\repository\com\github\mifmif\generex\1.0.2\generex-1.0.2.jar;C:\Users\kumar\.m2\repository\dk\brics\automaton\automaton\1.11-8\automaton-1.11-8.jar;C:\Users\kumar\.m2\repository\org\json\json\20230618\json-20230618.jar;"/>
    <property name="java.vm.vendor" value="Eclipse Adoptium"/>
    <property name="sun.arch.data.model" value="64"/>
    <property name="user.variant" value=""/>
    <property name="java.vendor.url" value="https://adoptium.net/"/>
    <property name="user.timezone" value="Asia/Calcutta"/>
    <property name="os.name" value="Windows 11"/>
    <property name="java.vm.specification.version" value="17"/>
    <property name="sun.java.launcher" value="SUN_STANDARD"/>
    <property name="user.country" value="IN"/>
    <property name="sun.boot.library.path" value="C:\Users\kumar\.p2\pool\plugins\org.eclipse.justj.openjdk.hotspot.jre.full.win32.x86_64_17.0.8.v20230831-1047\jre\bin"/>
    <property name="sun.java.command" value="C:\Users\kumar\AppData\Local\Temp\surefire13126537798698841766\surefirebooter-20231111101801148_3.jar C:\Users\kumar\AppData\Local\Temp\surefire13126537798698841766 2023-11-11T10-18-01_021-jvmRun1 surefire-20231111101801148_1tmp surefire_0-20231111101801148_2tmp"/>
    <property name="jdk.debug" value="release"/>
    <property name="surefire.test.class.path" value="C:\Development\Automation\Jiviewsrpav2\target\test-classes;C:\Development\Automation\Jiviewsrpav2\target\classes;C:\Users\kumar\.m2\repository\org\testng\testng\6.14.3\testng-6.14.3.jar;C:\Users\kumar\.m2\repository\com\beust\jcommander\1.72\jcommander-1.72.jar;C:\Users\kumar\.m2\repository\org\apache-extras\beanshell\bsh\2.0b6\bsh-2.0b6.jar;C:\Users\kumar\.m2\repository\org\seleniumhq\selenium\selenium-java\4.10.0\selenium-java-4.10.0.jar;C:\Users\kumar\.m2\repository\org\seleniumhq\selenium\selenium-api\4.10.0\selenium-api-4.10.0.jar;C:\Users\kumar\.m2\repository\org\seleniumhq\selenium\selenium-chrome-driver\4.10.0\selenium-chrome-driver-4.10.0.jar;C:\Users\kumar\.m2\repository\com\google\auto\service\auto-service-annotations\1.0.1\auto-service-annotations-1.0.1.jar;C:\Users\kumar\.m2\repository\com\google\auto\service\auto-service\1.0.1\auto-service-1.0.1.jar;C:\Users\kumar\.m2\repository\com\google\auto\auto-common\1.2\auto-common-1.2.jar;C:\Users\kumar\.m2\repository\com\google\guava\guava\31.1-jre\guava-31.1-jre.jar;C:\Users\kumar\.m2\repository\com\google\guava\failureaccess\1.0.1\failureaccess-1.0.1.jar;C:\Users\kumar\.m2\repository\com\google\guava\listenablefuture\9999.0-empty-to-avoid-conflict-with-guava\listenablefuture-9999.0-empty-to-avoid-conflict-with-guava.jar;C:\Users\kumar\.m2\repository\com\google\code\findbugs\jsr305\3.0.2\jsr305-3.0.2.jar;C:\Users\kumar\.m2\repository\org\checkerframework\checker-qual\3.12.0\checker-qual-3.12.0.jar;C:\Users\kumar\.m2\repository\com\google\errorprone\error_prone_annotations\2.11.0\error_prone_annotations-2.11.0.jar;C:\Users\kumar\.m2\repository\com\google\j2objc\j2objc-annotations\1.3\j2objc-annotations-1.3.jar;C:\Users\kumar\.m2\repository\org\seleniumhq\selenium\selenium-chromium-driver\4.10.0\selenium-chromium-driver-4.10.0.jar;C:\Users\kumar\.m2\repository\org\seleniumhq\selenium\selenium-json\4.10.0\selenium-json-4.10.0.jar;C:\Users\kumar\.m2\repository\org\seleniumhq\selenium\selenium-manager\4.10.0\selenium-manager-4.10.0.jar;C:\Users\kumar\.m2\repository\org\seleniumhq\selenium\selenium-devtools-v112\4.10.0\selenium-devtools-v112-4.10.0.jar;C:\Users\kumar\.m2\repository\org\seleniumhq\selenium\selenium-devtools-v113\4.10.0\selenium-devtools-v113-4.10.0.jar;C:\Users\kumar\.m2\repository\org\seleniumhq\selenium\selenium-devtools-v114\4.10.0\selenium-devtools-v114-4.10.0.jar;C:\Users\kumar\.m2\repository\org\seleniumhq\selenium\selenium-devtools-v85\4.10.0\selenium-devtools-v85-4.10.0.jar;C:\Users\kumar\.m2\repository\org\seleniumhq\selenium\selenium-edge-driver\4.10.0\selenium-edge-driver-4.10.0.jar;C:\Users\kumar\.m2\repository\org\seleniumhq\selenium\selenium-firefox-driver\4.10.0\selenium-firefox-driver-4.10.0.jar;C:\Users\kumar\.m2\repository\org\seleniumhq\selenium\selenium-http\4.10.0\selenium-http-4.10.0.jar;C:\Users\kumar\.m2\repository\dev\failsafe\failsafe\3.3.1\failsafe-3.3.1.jar;C:\Users\kumar\.m2\repository\org\seleniumhq\selenium\selenium-ie-driver\4.10.0\selenium-ie-driver-4.10.0.jar;C:\Users\kumar\.m2\repository\org\seleniumhq\selenium\selenium-remote-driver\4.10.0\selenium-remote-driver-4.10.0.jar;C:\Users\kumar\.m2\repository\io\netty\netty-buffer\4.1.92.Final\netty-buffer-4.1.92.Final.jar;C:\Users\kumar\.m2\repository\io\netty\netty-codec-http\4.1.92.Final\netty-codec-http-4.1.92.Final.jar;C:\Users\kumar\.m2\repository\io\netty\netty-codec\4.1.92.Final\netty-codec-4.1.92.Final.jar;C:\Users\kumar\.m2\repository\io\netty\netty-handler\4.1.92.Final\netty-handler-4.1.92.Final.jar;C:\Users\kumar\.m2\repository\io\netty\netty-common\4.1.92.Final\netty-common-4.1.92.Final.jar;C:\Users\kumar\.m2\repository\io\netty\netty-transport-classes-epoll\4.1.92.Final\netty-transport-classes-epoll-4.1.92.Final.jar;C:\Users\kumar\.m2\repository\io\netty\netty-transport-classes-kqueue\4.1.92.Final\netty-transport-classes-kqueue-4.1.92.Final.jar;C:\Users\kumar\.m2\repository\io\netty\netty-transport-native-epoll\4.1.92.Final\netty-transport-native-epoll-4.1.92.Final.jar;C:\Users\kumar\.m2\repository\io\netty\netty-transport-native-kqueue\4.1.92.Final\netty-transport-native-kqueue-4.1.92.Final.jar;C:\Users\kumar\.m2\repository\io\netty\netty-transport-native-unix-common\4.1.92.Final\netty-transport-native-unix-common-4.1.92.Final.jar;C:\Users\kumar\.m2\repository\io\netty\netty-transport\4.1.92.Final\netty-transport-4.1.92.Final.jar;C:\Users\kumar\.m2\repository\io\netty\netty-resolver\4.1.92.Final\netty-resolver-4.1.92.Final.jar;C:\Users\kumar\.m2\repository\io\opentelemetry\opentelemetry-api\1.26.0\opentelemetry-api-1.26.0.jar;C:\Users\kumar\.m2\repository\io\opentelemetry\opentelemetry-context\1.26.0\opentelemetry-context-1.26.0.jar;C:\Users\kumar\.m2\repository\io\opentelemetry\opentelemetry-exporter-logging\1.26.0\opentelemetry-exporter-logging-1.26.0.jar;C:\Users\kumar\.m2\repository\io\opentelemetry\opentelemetry-sdk-metrics\1.26.0\opentelemetry-sdk-metrics-1.26.0.jar;C:\Users\kumar\.m2\repository\io\opentelemetry\opentelemetry-extension-incubator\1.26.0-alpha\opentelemetry-extension-incubator-1.26.0-alpha.jar;C:\Users\kumar\.m2\repository\io\opentelemetry\opentelemetry-sdk-logs\1.26.0-alpha\opentelemetry-sdk-logs-1.26.0-alpha.jar;C:\Users\kumar\.m2\repository\io\opentelemetry\opentelemetry-api-logs\1.26.0-alpha\opentelemetry-api-logs-1.26.0-alpha.jar;C:\Users\kumar\.m2\repository\io\opentelemetry\opentelemetry-api-events\1.26.0-alpha\opentelemetry-api-events-1.26.0-alpha.jar;C:\Users\kumar\.m2\repository\io\opentelemetry\opentelemetry-sdk-common\1.26.0\opentelemetry-sdk-common-1.26.0.jar;C:\Users\kumar\.m2\repository\io\opentelemetry\opentelemetry-sdk-extension-autoconfigure-spi\1.26.0\opentelemetry-sdk-extension-autoconfigure-spi-1.26.0.jar;C:\Users\kumar\.m2\repository\io\opentelemetry\opentelemetry-sdk-extension-autoconfigure\1.26.0-alpha\opentelemetry-sdk-extension-autoconfigure-1.26.0-alpha.jar;C:\Users\kumar\.m2\repository\io\opentelemetry\opentelemetry-sdk-trace\1.26.0\opentelemetry-sdk-trace-1.26.0.jar;C:\Users\kumar\.m2\repository\io\opentelemetry\opentelemetry-sdk\1.26.0\opentelemetry-sdk-1.26.0.jar;C:\Users\kumar\.m2\repository\io\opentelemetry\opentelemetry-semconv\1.26.0-alpha\opentelemetry-semconv-1.26.0-alpha.jar;C:\Users\kumar\.m2\repository\net\bytebuddy\byte-buddy\1.14.4\byte-buddy-1.14.4.jar;C:\Users\kumar\.m2\repository\org\apache\commons\commons-exec\1.3\commons-exec-1.3.jar;C:\Users\kumar\.m2\repository\org\asynchttpclient\async-http-client\2.12.3\async-http-client-2.12.3.jar;C:\Users\kumar\.m2\repository\org\asynchttpclient\async-http-client-netty-utils\2.12.3\async-http-client-netty-utils-2.12.3.jar;C:\Users\kumar\.m2\repository\io\netty\netty-codec-socks\4.1.60.Final\netty-codec-socks-4.1.60.Final.jar;C:\Users\kumar\.m2\repository\io\netty\netty-handler-proxy\4.1.60.Final\netty-handler-proxy-4.1.60.Final.jar;C:\Users\kumar\.m2\repository\io\netty\netty-transport-native-epoll\4.1.60.Final\netty-transport-native-epoll-4.1.60.Final-linux-x86_64.jar;C:\Users\kumar\.m2\repository\io\netty\netty-transport-native-kqueue\4.1.60.Final\netty-transport-native-kqueue-4.1.60.Final-osx-x86_64.jar;C:\Users\kumar\.m2\repository\org\reactivestreams\reactive-streams\1.0.3\reactive-streams-1.0.3.jar;C:\Users\kumar\.m2\repository\com\typesafe\netty\netty-reactive-streams\2.0.4\netty-reactive-streams-2.0.4.jar;C:\Users\kumar\.m2\repository\com\sun\activation\jakarta.activation\1.2.2\jakarta.activation-1.2.2.jar;C:\Users\kumar\.m2\repository\org\seleniumhq\selenium\selenium-safari-driver\4.10.0\selenium-safari-driver-4.10.0.jar;C:\Users\kumar\.m2\repository\org\seleniumhq\selenium\selenium-support\4.10.0\selenium-support-4.10.0.jar;C:\Users\kumar\.m2\repository\io\github\bonigarcia\webdrivermanager\5.5.3\webdrivermanager-5.5.3.jar;C:\Users\kumar\.m2\repository\org\slf4j\slf4j-api\2.0.7\slf4j-api-2.0.7.jar;C:\Users\kumar\.m2\repository\com\google\code\gson\gson\2.10.1\gson-2.10.1.jar;C:\Users\kumar\.m2\repository\com\github\docker-java\docker-java\3.3.3\docker-java-3.3.3.jar;C:\Users\kumar\.m2\repository\com\github\docker-java\docker-java-core\3.3.3\docker-java-core-3.3.3.jar;C:\Users\kumar\.m2\repository\com\github\docker-java\docker-java-api\3.3.3\docker-java-api-3.3.3.jar;C:\Users\kumar\.m2\repository\com\fasterxml\jackson\core\jackson-annotations\2.10.3\jackson-annotations-2.10.3.jar;C:\Users\kumar\.m2\repository\com\fasterxml\jackson\core\jackson-databind\2.10.3\jackson-databind-2.10.3.jar;C:\Users\kumar\.m2\repository\com\fasterxml\jackson\core\jackson-core\2.10.3\jackson-core-2.10.3.jar;C:\Users\kumar\.m2\repository\org\bouncycastle\bcpkix-jdk18on\1.75\bcpkix-jdk18on-1.75.jar;C:\Users\kumar\.m2\repository\org\bouncycastle\bcprov-jdk18on\1.75\bcprov-jdk18on-1.75.jar;C:\Users\kumar\.m2\repository\org\bouncycastle\bcutil-jdk18on\1.75\bcutil-jdk18on-1.75.jar;C:\Users\kumar\.m2\repository\org\slf4j\jcl-over-slf4j\1.7.30\jcl-over-slf4j-1.7.30.jar;C:\Users\kumar\.m2\repository\com\github\docker-java\docker-java-transport-httpclient5\3.3.3\docker-java-transport-httpclient5-3.3.3.jar;C:\Users\kumar\.m2\repository\com\github\docker-java\docker-java-transport\3.3.3\docker-java-transport-3.3.3.jar;C:\Users\kumar\.m2\repository\net\java\dev\jna\jna\5.12.1\jna-5.12.1.jar;C:\Users\kumar\.m2\repository\org\brotli\dec\0.1.2\dec-0.1.2.jar;C:\Users\kumar\.m2\repository\org\apache\commons\commons-lang3\3.13.0\commons-lang3-3.13.0.jar;C:\Users\kumar\.m2\repository\org\apache\httpcomponents\client5\httpclient5\5.2.1\httpclient5-5.2.1.jar;C:\Users\kumar\.m2\repository\org\apache\httpcomponents\core5\httpcore5\5.2\httpcore5-5.2.jar;C:\Users\kumar\.m2\repository\org\apache\httpcomponents\core5\httpcore5-h2\5.2\httpcore5-h2-5.2.jar;C:\Users\kumar\.m2\repository\org\apache\poi\poi\5.2.3\poi-5.2.3.jar;C:\Users\kumar\.m2\repository\commons-codec\commons-codec\1.15\commons-codec-1.15.jar;C:\Users\kumar\.m2\repository\org\apache\commons\commons-collections4\4.4\commons-collections4-4.4.jar;C:\Users\kumar\.m2\repository\org\apache\commons\commons-math3\3.6.1\commons-math3-3.6.1.jar;C:\Users\kumar\.m2\repository\commons-io\commons-io\2.11.0\commons-io-2.11.0.jar;C:\Users\kumar\.m2\repository\com\zaxxer\SparseBitSet\1.2\SparseBitSet-1.2.jar;C:\Users\kumar\.m2\repository\org\apache\poi\poi-ooxml\5.2.3\poi-ooxml-5.2.3.jar;C:\Users\kumar\.m2\repository\org\apache\poi\poi-ooxml-lite\5.2.3\poi-ooxml-lite-5.2.3.jar;C:\Users\kumar\.m2\repository\org\apache\xmlbeans\xmlbeans\5.1.1\xmlbeans-5.1.1.jar;C:\Users\kumar\.m2\repository\org\apache\commons\commons-compress\1.21\commons-compress-1.21.jar;C:\Users\kumar\.m2\repository\com\github\virtuald\curvesapi\1.07\curvesapi-1.07.jar;C:\Users\kumar\.m2\repository\org\apache\poi\poi-ooxml-schemas\4.1.2\poi-ooxml-schemas-4.1.2.jar;C:\Users\kumar\.m2\repository\org\apache\logging\log4j\log4j-api\2.14.1\log4j-api-2.14.1.jar;C:\Users\kumar\.m2\repository\org\apache\logging\log4j\log4j-core\2.14.1\log4j-core-2.14.1.jar;C:\Users\kumar\.m2\repository\com\aventstack\extentreports\4.0.9\extentreports-4.0.9.jar;C:\Users\kumar\.m2\repository\org\freemarker\freemarker\2.3.23\freemarker-2.3.23.jar;C:\Users\kumar\.m2\repository\org\mongodb\mongodb-driver\3.3.0\mongodb-driver-3.3.0.jar;C:\Users\kumar\.m2\repository\org\mongodb\mongodb-driver-core\3.3.0\mongodb-driver-core-3.3.0.jar;C:\Users\kumar\.m2\repository\org\mongodb\bson\3.3.0\bson-3.3.0.jar;C:\Users\kumar\.m2\repository\org\apache\httpcomponents\httpclient\4.5.2\httpclient-4.5.2.jar;C:\Users\kumar\.m2\repository\org\apache\httpcomponents\httpcore\4.4.4\httpcore-4.4.4.jar;C:\Users\kumar\.m2\repository\commons-logging\commons-logging\1.2\commons-logging-1.2.jar;C:\Users\kumar\.m2\repository\org\apache\httpcomponents\httpmime\4.5.2\httpmime-4.5.2.jar;C:\Users\kumar\.m2\repository\com\github\javafaker\javafaker\1.0.2\javafaker-1.0.2.jar;C:\Users\kumar\.m2\repository\org\yaml\snakeyaml\1.23\snakeyaml-1.23-android.jar;C:\Users\kumar\.m2\repository\com\github\mifmif\generex\1.0.2\generex-1.0.2.jar;C:\Users\kumar\.m2\repository\dk\brics\automaton\automaton\1.11-8\automaton-1.11-8.jar;C:\Users\kumar\.m2\repository\org\json\json\20230618\json-20230618.jar;"/>
    <property name="sun.cpu.endian" value="little"/>
    <property name="user.home" value="C:\Users\kumar"/>
    <property name="user.language" value="en"/>
    <property name="java.specification.vendor" value="Oracle Corporation"/>
    <property name="java.version.date" value="2023-08-24"/>
    <property name="java.home" value="C:\Users\kumar\.p2\pool\plugins\org.eclipse.justj.openjdk.hotspot.jre.full.win32.x86_64_17.0.8.v20230831-1047\jre"/>
    <property name="file.separator" value="\"/>
    <property name="style.color" value="always"/>
    <property name="basedir" value="C:\Development\Automation\Jiviewsrpav2"/>
    <property name="java.vm.compressedOopsMode" value="Zero based"/>
    <property name="line.separator" value="&#10;"/>
    <property name="java.vm.specification.vendor" value="Oracle Corporation"/>
    <property name="java.specification.name" value="Java Platform API Specification"/>
    <property name="surefire.real.class.path" value="C:\Users\kumar\AppData\Local\Temp\surefire13126537798698841766\surefirebooter-20231111101801148_3.jar"/>
    <property name="user.script" value=""/>
    <property name="sun.management.compiler" value="HotSpot 64-Bit Tiered Compilers"/>
    <property name="java.runtime.version" value="17.0.8.1+1"/>
    <property name="user.name" value="kumar"/>
    <property name="path.separator" value=";"/>
    <property name="os.version" value="10.0"/>
    <property name="java.runtime.name" value="OpenJDK Runtime Environment"/>
    <property name="file.encoding" value="Cp1252"/>
    <property name="java.vm.name" value="OpenJDK 64-Bit Server VM"/>
    <property name="java.vendor.version" value="Temurin-17.0.8.1+1"/>
    <property name="localRepository" value="C:\Users\kumar\.m2\repository"/>
    <property name="java.vendor.url.bug" value="https://github.com/adoptium/adoptium-support/issues"/>
    <property name="java.io.tmpdir" value="C:\Users\kumar\AppData\Local\Temp\"/>
    <property name="java.version" value="17.0.8.1"/>
    <property name="user.dir" value="C:\Development\Automation\Jiviewsrpav2"/>
    <property name="os.arch" value="amd64"/>
    <property name="java.vm.specification.name" value="Java Virtual Machine Specification"/>
    <property name="sun.os.patch.level" value=""/>
    <property name="native.encoding" value="Cp1252"/>
    <property name="java.library.path" value="C:\Users\kumar\.p2\pool\plugins\org.eclipse.justj.openjdk.hotspot.jre.full.win32.x86_64_17.0.8.v20230831-1047\jre\bin;C:\windows\Sun\Java\bin;C:\windows\system32;C:\windows;C:/Users/kumar/.p2/pool/plugins/org.eclipse.justj.openjdk.hotspot.jre.full.win32.x86_64_17.0.8.v20230831-1047/jre/bin/server;C:/Users/kumar/.p2/pool/plugins/org.eclipse.justj.openjdk.hotspot.jre.full.win32.x86_64_17.0.8.v20230831-1047/jre/bin;C:\Program Files\Common Files\Oracle\Java\javapath;C:\windows\system32;C:\windows;C:\windows\System32\Wbem;C:\windows\System32\WindowsPowerShell\v1.0\;C:\windows\System32\OpenSSH\;C:\Program Files\Java\jdk-11\bin;C:\Users\kumar;C:\Users\kumar\Downloads\gradle-8.3-bin\gradle-8.3\bin;C:\Program Files\Git\cmd;C:\apache-maven-3.9.4-bin\apache-maven-3.9.4;C:\Program Files\Java\allure-2.24.0\bin;C:\Users\kumar\AppData\Local\Microsoft\WindowsApps;C:\Users\kumar\Downloads\gradle-8.3-bin\gradle-8.3\bin;C:\Users\kumar\Downloads\apache-maven-3.9.4-bin\apache-maven-3.9.4\bin;C:\Program Files\Java\apache-maven-3.9.4-bin\apache-maven-3.9.4\bin;C:\apache-maven-3.9.4-bin\apache-maven-3.9.4;C:\Users\kumar\Downloads\allure-2.24.0\allure-2.24.0\bin;;C:\Users\kumar\OneDrive\Desktop;;."/>
    <property name="java.vm.info" value="mixed mode"/>
    <property name="java.vendor" value="Eclipse Adoptium"/>
    <property name="java.vm.version" value="17.0.8.1+1"/>
    <property name="sun.io.unicode.encoding" value="UnicodeLittle"/>
    <property name="java.class.version" value="61.0"/>
  </properties>
  <testcase name="createNewSkill" classname="com.JiviewsAutomation.SystemDefination_Test.skillSetUpTest" time="21.624">
    <system-out><![CDATA[[TestNGContentHandler] [WARN] It is strongly recommended to add "<!DOCTYPE suite SYSTEM "http://testng.org/testng-1.0.dtd" >" at the top of your file, otherwise TestNG may fail or not work as expected.
10:18:02.161 [main] INFO  com.AutomationJiviewsGeneric.BaseClass - Open Browser
10:18:47.012 [main] INFO  com.AutomationJiviewsGeneric.BaseClass - Browser launched successfully
10:18:47.020 [main] INFO  com.AutomationJiviewsGeneric.BaseClass - Login to the Jivi application
10:19:24.655 [main] INFO  com.AutomationJiviewsGeneric.BaseClass - Screenshot captured for test failure. View it at: C:\Development\Automation\Jiviewsrpav2\.\ScreenShot\createNewSkill.png
10:19:24.655 [main] INFO  com.JiviewsAutomation.SystemDefination_Test.skillSetUpTest - Create a new Skill
10:19:45.247 [main] INFO  com.JiviewsAutomation.SystemDefination_Test.skillSetUpTest - A skill is created successfully 
]]></system-out>
    <system-err><![CDATA[SLF4J: No SLF4J providers were found.
SLF4J: Defaulting to no-operation (NOP) logger implementation
SLF4J: See https://www.slf4j.org/codes.html#noProviders for further details.
Nov 11, 2023 10:18:45 AM org.openqa.selenium.remote.service.DriverService$Builder getLogOutput
INFO: Driver logs no longer sent to console by default; https://www.selenium.dev/documentation/webdriver/drivers/service/#setting-log-output
Nov 11, 2023 10:18:46 AM org.openqa.selenium.devtools.CdpVersionFinder findNearestMatch
WARNING: Unable to find CDP implementation matching 119
Nov 11, 2023 10:18:46 AM org.openqa.selenium.chromium.ChromiumDriver lambda$new$4
WARNING: Unable to find version of CDP to use for . You may need to include a dependency on a specific version of the CDP using something similar to `org.seleniumhq.selenium:selenium-devtools-v86:4.10.0` where the version ("v86") matches the version of the chromium-based browser you're using and the version number of the artifact is the same as Selenium's.
]]></system-err>
  </testcase>
  <testcase name="updateSkill" classname="com.JiviewsAutomation.SystemDefination_Test.skillSetUpTest" time="10.032">
    <system-out><![CDATA[10:19:45.249 [main] INFO  com.AutomationJiviewsGeneric.BaseClass - Logout from Jivi application
10:19:45.251 [main] INFO  com.AutomationJiviewsGeneric.BaseClass - Login to the Jivi application
10:19:54.696 [main] INFO  com.AutomationJiviewsGeneric.BaseClass - Screenshot captured for test failure. View it at: C:\Development\Automation\Jiviewsrpav2\.\ScreenShot\updateSkill.png
10:19:54.711 [main] INFO  com.JiviewsAutomation.SystemDefination_Test.skillSetUpTest - Update a Skill
10:20:00.072 [main] INFO  com.JiviewsAutomation.SystemDefination_Test.skillSetUpTest - A skill is updated successfully 
]]></system-out>
  </testcase>
  <testcase name="deActivateSkill" classname="com.JiviewsAutomation.SystemDefination_Test.skillSetUpTest" time="8.866">
    <system-out><![CDATA[10:20:00.077 [main] INFO  com.AutomationJiviewsGeneric.BaseClass - Logout from Jivi application
10:20:00.078 [main] INFO  com.AutomationJiviewsGeneric.BaseClass - Login to the Jivi application
10:20:09.458 [main] INFO  com.AutomationJiviewsGeneric.BaseClass - Screenshot captured for test failure. View it at: C:\Development\Automation\Jiviewsrpav2\.\ScreenShot\deActivateSkill.png
10:20:09.458 [main] INFO  com.JiviewsAutomation.SystemDefination_Test.skillSetUpTest - Deactivate a Skill
10:20:13.775 [main] INFO  com.JiviewsAutomation.SystemDefination_Test.skillSetUpTest - A skill is deactivated successfully 
]]></system-out>
  </testcase>
  <testcase name="reactivateSkill" classname="com.JiviewsAutomation.SystemDefination_Test.skillSetUpTest" time="10.116">
    <system-out><![CDATA[10:20:13.775 [main] INFO  com.AutomationJiviewsGeneric.BaseClass - Logout from Jivi application
10:20:13.775 [main] INFO  com.AutomationJiviewsGeneric.BaseClass - Login to the Jivi application
10:20:25.703 [main] INFO  com.AutomationJiviewsGeneric.BaseClass - Screenshot captured for test failure. View it at: C:\Development\Automation\Jiviewsrpav2\.\ScreenShot\reactivateSkill.png
10:20:25.703 [main] INFO  com.JiviewsAutomation.SystemDefination_Test.skillSetUpTest - Reactivate a Skill
10:20:31.225 [main] INFO  com.JiviewsAutomation.SystemDefination_Test.skillSetUpTest - A skill is reactivated successfully 
]]></system-out>
  </testcase>
  <testcase name="searchColumnsForSkill" classname="com.JiviewsAutomation.SystemDefination_Test.skillSetUpTest" time="8.272">
    <system-out><![CDATA[10:20:31.225 [main] INFO  com.AutomationJiviewsGeneric.BaseClass - Logout from Jivi application
10:20:31.225 [main] INFO  com.AutomationJiviewsGeneric.BaseClass - Login to the Jivi application
10:20:40.662 [main] INFO  com.AutomationJiviewsGeneric.BaseClass - Screenshot captured for test failure. View it at: C:\Development\Automation\Jiviewsrpav2\.\ScreenShot\searchColumnsForSkill.png
10:20:40.663 [main] INFO  com.JiviewsAutomation.SystemDefination_Test.skillSetUpTest - Searching a skill
10:20:44.312 [main] INFO  com.JiviewsAutomation.SystemDefination_Test.skillSetUpTest - Searching a skill is successful
]]></system-out>
  </testcase>
  <testcase name="verifyCreateNewRole" classname="com.JiviewsAutomation.SystemDefination_Test.RoleSetUpTest" time="12.64">
    <system-out><![CDATA[10:20:44.312 [main] INFO  com.AutomationJiviewsGeneric.BaseClass - Logout from Jivi application
10:20:44.312 [main] INFO  com.AutomationJiviewsGeneric.BaseClass - Close Browser...
10:20:44.953 [main] INFO  com.AutomationJiviewsGeneric.BaseClass - Open Browser
10:20:45.833 [main] INFO  com.AutomationJiviewsGeneric.BaseClass - Browser launched successfully
10:20:45.834 [main] INFO  com.AutomationJiviewsGeneric.BaseClass - Login to the Jivi application
10:20:50.524 [main] INFO  com.AutomationJiviewsGeneric.BaseClass - Screenshot captured for test failure. View it at: C:\Development\Automation\Jiviewsrpav2\.\ScreenShot\roleSetUpTest.png
10:20:50.524 [main] INFO  com.JiviewsAutomation.SystemDefination_Test.RoleSetUpTest - Create a new Skill
10:21:00.752 [main] INFO  com.JiviewsAutomation.SystemDefination_Test.RoleSetUpTest - verify Create a new role is successful
]]></system-out>
    <system-err><![CDATA[Nov 11, 2023 10:20:44 AM org.openqa.selenium.remote.http.WebSocket$Listener onError
WARNING: Connection reset
java.net.SocketException: Connection reset
	at java.base/sun.nio.ch.SocketChannelImpl.throwConnectionReset(SocketChannelImpl.java:394)
	at java.base/sun.nio.ch.SocketChannelImpl.read(SocketChannelImpl.java:426)
	at io.netty.buffer.PooledByteBuf.setBytes(PooledByteBuf.java:256)
	at io.netty.buffer.AbstractByteBuf.writeBytes(AbstractByteBuf.java:1132)
	at io.netty.channel.socket.nio.NioSocketChannel.doReadBytes(NioSocketChannel.java:357)
	at io.netty.channel.nio.AbstractNioByteChannel$NioByteUnsafe.read(AbstractNioByteChannel.java:151)
	at io.netty.channel.nio.NioEventLoop.processSelectedKey(NioEventLoop.java:788)
	at io.netty.channel.nio.NioEventLoop.processSelectedKeysOptimized(NioEventLoop.java:724)
	at io.netty.channel.nio.NioEventLoop.processSelectedKeys(NioEventLoop.java:650)
	at io.netty.channel.nio.NioEventLoop.run(NioEventLoop.java:562)
	at io.netty.util.concurrent.SingleThreadEventExecutor$4.run(SingleThreadEventExecutor.java:997)
	at io.netty.util.internal.ThreadExecutorMap$2.run(ThreadExecutorMap.java:74)
	at io.netty.util.concurrent.FastThreadLocalRunnable.run(FastThreadLocalRunnable.java:30)
	at java.base/java.lang.Thread.run(Thread.java:833)

Nov 11, 2023 10:20:44 AM org.openqa.selenium.remote.service.DriverService$Builder getLogOutput
INFO: Driver logs no longer sent to console by default; https://www.selenium.dev/documentation/webdriver/drivers/service/#setting-log-output
Nov 11, 2023 10:20:45 AM org.openqa.selenium.devtools.CdpVersionFinder findNearestMatch
WARNING: Unable to find CDP implementation matching 119
Nov 11, 2023 10:20:45 AM org.openqa.selenium.chromium.ChromiumDriver lambda$new$4
WARNING: Unable to find version of CDP to use for . You may need to include a dependency on a specific version of the CDP using something similar to `org.seleniumhq.selenium:selenium-devtools-v86:4.10.0` where the version ("v86") matches the version of the chromium-based browser you're using and the version number of the artifact is the same as Selenium's.
]]></system-err>
  </testcase>
  <testcase name="verifyUpdateRole" classname="com.JiviewsAutomation.SystemDefination_Test.RoleSetUpTest" time="12.114">
    <system-out><![CDATA[10:21:00.755 [main] INFO  com.AutomationJiviewsGeneric.BaseClass - Logout from Jivi application
10:21:00.757 [main] INFO  com.AutomationJiviewsGeneric.BaseClass - Login to the Jivi application
10:21:07.042 [main] INFO  com.AutomationJiviewsGeneric.BaseClass - Screenshot captured for test failure. View it at: C:\Development\Automation\Jiviewsrpav2\.\ScreenShot\roleSetUpTest.png
10:21:15.306 [main] INFO  com.JiviewsAutomation.SystemDefination_Test.RoleSetUpTest - Verify Update Role successful
]]></system-out>
  </testcase>
  <testcase name="verifyDeactiveRole" classname="com.JiviewsAutomation.SystemDefination_Test.RoleSetUpTest" time="7.644">
    <system-out><![CDATA[10:21:15.306 [main] INFO  com.AutomationJiviewsGeneric.BaseClass - Logout from Jivi application
10:21:15.307 [main] INFO  com.AutomationJiviewsGeneric.BaseClass - Login to the Jivi application
10:21:19.762 [main] INFO  com.AutomationJiviewsGeneric.BaseClass - Screenshot captured for test failure. View it at: C:\Development\Automation\Jiviewsrpav2\.\ScreenShot\roleSetUpTest.png
10:21:24.818 [main] INFO  com.JiviewsAutomation.SystemDefination_Test.RoleSetUpTest - Verify Deactive Role is successful
]]></system-out>
  </testcase>
  <testcase name="verifyReactiveRole" classname="com.JiviewsAutomation.SystemDefination_Test.RoleSetUpTest" time="8.573">
    <system-out><![CDATA[10:21:24.818 [main] INFO  com.AutomationJiviewsGeneric.BaseClass - Logout from Jivi application
10:21:24.818 [main] INFO  com.AutomationJiviewsGeneric.BaseClass - Login to the Jivi application
10:21:29.764 [main] INFO  com.AutomationJiviewsGeneric.BaseClass - Screenshot captured for test failure. View it at: C:\Development\Automation\Jiviewsrpav2\.\ScreenShot\roleSetUpTest.png
10:21:35.796 [main] INFO  com.JiviewsAutomation.SystemDefination_Test.RoleSetUpTest - Verify Reactive Role is successful
]]></system-out>
  </testcase>
  <testcase name="verifyCreateRoleWithAllAvailableSkill" classname="com.JiviewsAutomation.SystemDefination_Test.RoleSetUpTest" time="9.923">
    <system-out><![CDATA[10:21:35.796 [main] INFO  com.AutomationJiviewsGeneric.BaseClass - Logout from Jivi application
10:21:35.796 [main] INFO  com.AutomationJiviewsGeneric.BaseClass - Login to the Jivi application
10:21:40.679 [main] INFO  com.AutomationJiviewsGeneric.BaseClass - Screenshot captured for test failure. View it at: C:\Development\Automation\Jiviewsrpav2\.\ScreenShot\roleSetUpTest.png
10:21:48.094 [main] INFO  com.JiviewsAutomation.SystemDefination_Test.RoleSetUpTest - Verify create a role with all available skill
]]></system-out>
  </testcase>
  <testcase name="verifyDisselectAllAvailableSkill" classname="com.JiviewsAutomation.SystemDefination_Test.RoleSetUpTest" time="18.111">
    <system-out><![CDATA[10:21:48.099 [main] INFO  com.AutomationJiviewsGeneric.BaseClass - Logout from Jivi application
10:21:48.099 [main] INFO  com.AutomationJiviewsGeneric.BaseClass - Login to the Jivi application
10:21:54.992 [main] INFO  com.AutomationJiviewsGeneric.BaseClass - Screenshot captured for test failure. View it at: C:\Development\Automation\Jiviewsrpav2\.\ScreenShot\roleSetUpTest.png
10:22:08.636 [main] INFO  com.JiviewsAutomation.SystemDefination_Test.RoleSetUpTest - Verify disselect all available skill
]]></system-out>
  </testcase>
  <testcase name="verifySearchColumnsForRole" classname="com.JiviewsAutomation.SystemDefination_Test.RoleSetUpTest" time="8.308">
    <system-out><![CDATA[10:22:08.636 [main] INFO  com.AutomationJiviewsGeneric.BaseClass - Logout from Jivi application
10:22:08.636 [main] INFO  com.AutomationJiviewsGeneric.BaseClass - Login to the Jivi application
10:22:18.436 [main] INFO  com.AutomationJiviewsGeneric.BaseClass - Screenshot captured for test failure. View it at: C:\Development\Automation\Jiviewsrpav2\.\ScreenShot\roleSetUpTest.png
10:22:22.411 [main] INFO  com.JiviewsAutomation.SystemDefination_Test.RoleSetUpTest - verify Search Columns For Role is successfull
]]></system-out>
  </testcase>
  <testcase name="verifyCreateRoleGroups" classname="com.JiviewsAutomation.SystemDefination_Test.RoleGroupTest" time="2.824">
    <system-out><![CDATA[10:22:22.411 [main] INFO  com.AutomationJiviewsGeneric.BaseClass - Logout from Jivi application
10:22:22.411 [main] INFO  com.AutomationJiviewsGeneric.BaseClass - Close Browser...
10:22:22.726 [main] INFO  com.AutomationJiviewsGeneric.BaseClass - Open Browser
10:22:23.575 [main] INFO  com.AutomationJiviewsGeneric.BaseClass - Browser launched successfully
10:22:23.575 [main] INFO  com.AutomationJiviewsGeneric.BaseClass - Login to the Jivi application
10:22:33.125 [main] INFO  com.AutomationJiviewsGeneric.BaseClass - Screenshot captured for test failure. View it at: C:\Development\Automation\Jiviewsrpav2\.\ScreenShot\RoleGroupTest.png
10:22:33.125 [main] INFO  com.JiviewsAutomation.SystemDefination_Test.RoleGroupTest - Create Role Group
]]></system-out>
    <system-err><![CDATA[Nov 11, 2023 10:22:22 AM org.openqa.selenium.remote.service.DriverService$Builder getLogOutput
INFO: Driver logs no longer sent to console by default; https://www.selenium.dev/documentation/webdriver/drivers/service/#setting-log-output
Nov 11, 2023 10:22:23 AM org.openqa.selenium.devtools.CdpVersionFinder findNearestMatch
WARNING: Unable to find CDP implementation matching 119
Nov 11, 2023 10:22:23 AM org.openqa.selenium.chromium.ChromiumDriver lambda$new$4
WARNING: Unable to find version of CDP to use for . You may need to include a dependency on a specific version of the CDP using something similar to `org.seleniumhq.selenium:selenium-devtools-v86:4.10.0` where the version ("v86") matches the version of the chromium-based browser you're using and the version number of the artifact is the same as Selenium's.
]]></system-err>
  </testcase>
  <testcase name="verifyUpdateRoleGroups" classname="com.JiviewsAutomation.SystemDefination_Test.RoleGroupTest" time="7.594">
    <system-out><![CDATA[10:22:35.798 [main] INFO  com.AutomationJiviewsGeneric.BaseClass - Logout from Jivi application
10:22:35.798 [main] INFO  com.AutomationJiviewsGeneric.BaseClass - Login to the Jivi application
10:22:41.724 [main] INFO  com.AutomationJiviewsGeneric.BaseClass - Screenshot captured for test failure. View it at: C:\Development\Automation\Jiviewsrpav2\.\ScreenShot\RoleGroupTest.png
10:22:41.724 [main] INFO  com.JiviewsAutomation.SystemDefination_Test.RoleGroupTest - Update Role Group
]]></system-out>
  </testcase>
  <testcase name="verifyDeactivateRoleGroups" classname="com.JiviewsAutomation.SystemDefination_Test.RoleGroupTest" time="2.173">
    <system-out><![CDATA[10:22:49.186 [main] INFO  com.AutomationJiviewsGeneric.BaseClass - Logout from Jivi application
10:22:49.187 [main] INFO  com.AutomationJiviewsGeneric.BaseClass - Login to the Jivi application
10:22:58.687 [main] INFO  com.AutomationJiviewsGeneric.BaseClass - Screenshot captured for test failure. View it at: C:\Development\Automation\Jiviewsrpav2\.\ScreenShot\RoleGroupTest.png
10:22:58.687 [main] INFO  com.JiviewsAutomation.SystemDefination_Test.RoleGroupTest - Deactivate Role Group
]]></system-out>
  </testcase>
  <testcase name="verifyCreateRoleGrpWithoutAvailableRole" classname="com.JiviewsAutomation.SystemDefination_Test.RoleGroupTest" time="2.009">
    <system-out><![CDATA[10:23:00.708 [main] INFO  com.AutomationJiviewsGeneric.BaseClass - Logout from Jivi application
10:23:00.715 [main] INFO  com.AutomationJiviewsGeneric.BaseClass - Login to the Jivi application
10:23:07.030 [main] INFO  com.AutomationJiviewsGeneric.BaseClass - Screenshot captured for test failure. View it at: C:\Development\Automation\Jiviewsrpav2\.\ScreenShot\RoleGroupTest.png
10:23:07.030 [main] INFO  com.JiviewsAutomation.SystemDefination_Test.RoleGroupTest - Create role group without available role Group
]]></system-out>
  </testcase>
  <testcase name="verifySearchRoleGroup" classname="com.JiviewsAutomation.SystemDefination_Test.RoleGroupTest" time="0.9">
    <system-out><![CDATA[10:23:08.906 [main] INFO  com.AutomationJiviewsGeneric.BaseClass - Logout from Jivi application
10:23:08.907 [main] INFO  com.AutomationJiviewsGeneric.BaseClass - Login to the Jivi application
10:23:15.012 [main] INFO  com.JiviewsAutomation.SystemDefination_Test.RoleGroupTest - Create role group without available role Group
]]></system-out>
  </testcase>
  <testcase name="verifyCreateRoleGrpWithoutRoleGrpName" classname="com.JiviewsAutomation.SystemDefination_Test.RoleGroupTest" time="2.778">
    <system-out><![CDATA[10:23:15.912 [main] INFO  com.AutomationJiviewsGeneric.BaseClass - Logout from Jivi application
10:23:15.912 [main] INFO  com.AutomationJiviewsGeneric.BaseClass - Login to the Jivi application
10:23:22.161 [main] INFO  com.AutomationJiviewsGeneric.BaseClass - Screenshot captured for test failure. View it at: C:\Development\Automation\Jiviewsrpav2\.\ScreenShot\RoleGroupTest.png
10:23:22.161 [main] INFO  com.JiviewsAutomation.SystemDefination_Test.RoleGroupTest - Create role group without role group name
]]></system-out>
  </testcase>
  <testcase name="testCreateShiftBand" classname="com.JiviewsAutomation.SystemDefination_Test.ShiftBandTest" time="13.489">
    <system-out><![CDATA[10:23:24.809 [main] INFO  com.AutomationJiviewsGeneric.BaseClass - Logout from Jivi application
10:23:24.809 [main] INFO  com.AutomationJiviewsGeneric.BaseClass - Close Browser...
10:23:25.138 [main] INFO  com.AutomationJiviewsGeneric.BaseClass - Open Browser
10:23:26.093 [main] INFO  com.AutomationJiviewsGeneric.BaseClass - Browser launched successfully
10:23:26.097 [main] INFO  com.AutomationJiviewsGeneric.BaseClass - Login to the Jivi application
10:23:30.557 [main] INFO  com.AutomationJiviewsGeneric.BaseClass - Screenshot captured for test failure. View it at: C:\Development\Automation\Jiviewsrpav2\.\ScreenShot\shiftBandTest.png
10:23:30.557 [main] INFO  com.JiviewsAutomation.SystemDefination_Test.ShiftBandTest - Create Shift Band Definition
]]></system-out>
    <system-err><![CDATA[Nov 11, 2023 10:23:25 AM org.openqa.selenium.remote.service.DriverService$Builder getLogOutput
INFO: Driver logs no longer sent to console by default; https://www.selenium.dev/documentation/webdriver/drivers/service/#setting-log-output
Nov 11, 2023 10:23:25 AM org.openqa.selenium.devtools.CdpVersionFinder findNearestMatch
WARNING: Unable to find CDP implementation matching 119
Nov 11, 2023 10:23:25 AM org.openqa.selenium.chromium.ChromiumDriver lambda$new$4
WARNING: Unable to find version of CDP to use for . You may need to include a dependency on a specific version of the CDP using something similar to `org.seleniumhq.selenium:selenium-devtools-v86:4.10.0` where the version ("v86") matches the version of the chromium-based browser you're using and the version number of the artifact is the same as Selenium's.
]]></system-err>
  </testcase>
  <testcase name="testUpdateShiftBand" classname="com.JiviewsAutomation.SystemDefination_Test.ShiftBandTest" time="12.793">
    <system-out><![CDATA[10:23:41.756 [main] INFO  com.AutomationJiviewsGeneric.BaseClass - Logout from Jivi application
10:23:41.757 [main] INFO  com.AutomationJiviewsGeneric.BaseClass - Login to the Jivi application
10:23:49.383 [main] INFO  com.AutomationJiviewsGeneric.BaseClass - Screenshot captured for test failure. View it at: C:\Development\Automation\Jiviewsrpav2\.\ScreenShot\shiftBandTest.png
10:23:49.383 [main] INFO  com.JiviewsAutomation.SystemDefination_Test.ShiftBandTest - Verify update shiftBand
]]></system-out>
  </testcase>
  <testcase name="testDeactivateShiftBand" classname="com.JiviewsAutomation.SystemDefination_Test.ShiftBandTest" time="10.69">
    <system-out><![CDATA[10:23:57.381 [main] INFO  com.AutomationJiviewsGeneric.BaseClass - Logout from Jivi application
10:23:57.381 [main] INFO  com.AutomationJiviewsGeneric.BaseClass - Login to the Jivi application
10:24:04.533 [main] INFO  com.AutomationJiviewsGeneric.BaseClass - Screenshot captured for test failure. View it at: C:\Development\Automation\Jiviewsrpav2\.\ScreenShot\shiftBandTest.png
10:24:04.533 [main] INFO  com.JiviewsAutomation.SystemDefination_Test.ShiftBandTest - Verify Deactivate Shift band
]]></system-out>
  </testcase>
  <testcase name="testWithoutShiftBandName" classname="com.JiviewsAutomation.SystemDefination_Test.ShiftBandTest" time="13.441">
    <system-out><![CDATA[10:24:11.762 [main] INFO  com.AutomationJiviewsGeneric.BaseClass - Logout from Jivi application
10:24:11.762 [main] INFO  com.AutomationJiviewsGeneric.BaseClass - Login to the Jivi application
10:24:18.759 [main] INFO  com.AutomationJiviewsGeneric.BaseClass - Screenshot captured for test failure. View it at: C:\Development\Automation\Jiviewsrpav2\.\ScreenShot\shiftBandTest.png
10:24:18.760 [main] INFO  com.JiviewsAutomation.SystemDefination_Test.ShiftBandTest - Verify Without Shift Band Name
]]></system-out>
  </testcase>
  <testcase name="testWithOvertimeShift" classname="com.JiviewsAutomation.SystemDefination_Test.ShiftBandTest" time="11.946">
    <system-out><![CDATA[10:24:28.752 [main] INFO  com.AutomationJiviewsGeneric.BaseClass - Logout from Jivi application
10:24:28.752 [main] INFO  com.AutomationJiviewsGeneric.BaseClass - Login to the Jivi application
10:24:35.251 [main] INFO  com.AutomationJiviewsGeneric.BaseClass - Screenshot captured for test failure. View it at: C:\Development\Automation\Jiviewsrpav2\.\ScreenShot\shiftBandTest.png
10:24:35.251 [main] INFO  com.JiviewsAutomation.SystemDefination_Test.ShiftBandTest - Verify With Overtime Shift
]]></system-out>
  </testcase>
  <testcase name="verifyCreateSCR" classname="com.JiviewsAutomation.SystemDefination_Test.SCRTest" time="10.85">
    <system-out><![CDATA[10:24:43.755 [main] INFO  com.AutomationJiviewsGeneric.BaseClass - Logout from Jivi application
10:24:43.755 [main] INFO  com.AutomationJiviewsGeneric.BaseClass - Close Browser...
10:24:44.266 [main] INFO  com.AutomationJiviewsGeneric.BaseClass - Open Browser
10:24:45.116 [main] INFO  com.AutomationJiviewsGeneric.BaseClass - Browser launched successfully
10:24:45.118 [main] INFO  com.AutomationJiviewsGeneric.BaseClass - Login to the Jivi application
10:24:55.960 [main] INFO  com.AutomationJiviewsGeneric.BaseClass - Screenshot captured for test failure. View it at: C:\Development\Automation\Jiviewsrpav2\.\ScreenShot\SCRTest.png
10:24:55.960 [main] INFO  com.JiviewsAutomation.SystemDefination_Test.SCRTest - Create SCR
10:25:06.662 [main] INFO  com.JiviewsAutomation.SystemDefination_Test.SCRTest - Create a SCR is successful
]]></system-out>
    <system-err><![CDATA[Nov 11, 2023 10:24:44 AM org.openqa.selenium.remote.service.DriverService$Builder getLogOutput
INFO: Driver logs no longer sent to console by default; https://www.selenium.dev/documentation/webdriver/drivers/service/#setting-log-output
Nov 11, 2023 10:24:44 AM org.openqa.selenium.devtools.CdpVersionFinder findNearestMatch
WARNING: Unable to find CDP implementation matching 119
Nov 11, 2023 10:24:44 AM org.openqa.selenium.chromium.ChromiumDriver lambda$new$4
WARNING: Unable to find version of CDP to use for . You may need to include a dependency on a specific version of the CDP using something similar to `org.seleniumhq.selenium:selenium-devtools-v86:4.10.0` where the version ("v86") matches the version of the chromium-based browser you're using and the version number of the artifact is the same as Selenium's.
]]></system-err>
  </testcase>
  <testcase name="verifyUpdateSCR" classname="com.JiviewsAutomation.SystemDefination_Test.SCRTest" time="4.401">
    <system-out><![CDATA[10:25:06.663 [main] INFO  com.AutomationJiviewsGeneric.BaseClass - Logout from Jivi application
10:25:06.663 [main] INFO  com.AutomationJiviewsGeneric.BaseClass - Login to the Jivi application
10:25:25.774 [main] INFO  com.AutomationJiviewsGeneric.BaseClass - Screenshot captured for test failure. View it at: C:\Development\Automation\Jiviewsrpav2\.\ScreenShot\SCRTest.png
10:25:25.775 [main] INFO  com.JiviewsAutomation.SystemDefination_Test.SCRTest - Update SCR
]]></system-out>
  </testcase>
  <testcase name="verifyDeactivateSCR" classname="com.JiviewsAutomation.SystemDefination_Test.SCRTest" time="2.806">
    <system-out><![CDATA[10:25:29.772 [main] INFO  com.AutomationJiviewsGeneric.BaseClass - Logout from Jivi application
10:25:29.772 [main] INFO  com.AutomationJiviewsGeneric.BaseClass - Login to the Jivi application
10:25:41.293 [main] INFO  com.AutomationJiviewsGeneric.BaseClass - Screenshot captured for test failure. View it at: C:\Development\Automation\Jiviewsrpav2\.\ScreenShot\SCRTest.png
10:25:41.293 [main] INFO  com.JiviewsAutomation.SystemDefination_Test.SCRTest - Deactivate SCR
]]></system-out>
  </testcase>
  <testcase name="verifyReactivateSCR" classname="com.JiviewsAutomation.SystemDefination_Test.SCRTest" time="4.378">
    <system-out><![CDATA[10:25:43.695 [main] INFO  com.AutomationJiviewsGeneric.BaseClass - Logout from Jivi application
10:25:43.695 [main] INFO  com.AutomationJiviewsGeneric.BaseClass - Login to the Jivi application
10:25:54.501 [main] INFO  com.AutomationJiviewsGeneric.BaseClass - Screenshot captured for test failure. View it at: C:\Development\Automation\Jiviewsrpav2\.\ScreenShot\SCRTest.png
10:25:54.502 [main] INFO  com.JiviewsAutomation.SystemDefination_Test.SCRTest - Reactive SCR
]]></system-out>
  </testcase>
  <testcase name="verifyCreatePublicHoliday" classname="com.JiviewsAutomation.SystemDefination_Test.PublicHolidayTest" time="3.206">
    <system-out><![CDATA[10:25:58.479 [main] INFO  com.AutomationJiviewsGeneric.BaseClass - Logout from Jivi application
10:25:58.488 [main] INFO  com.AutomationJiviewsGeneric.BaseClass - Close Browser...
10:25:58.836 [main] INFO  com.AutomationJiviewsGeneric.BaseClass - Open Browser
10:25:59.688 [main] INFO  com.AutomationJiviewsGeneric.BaseClass - Browser launched successfully
10:25:59.688 [main] INFO  com.AutomationJiviewsGeneric.BaseClass - Login to the Jivi application
10:26:10.875 [main] INFO  com.AutomationJiviewsGeneric.BaseClass - Screenshot captured for test failure. View it at: C:\Development\Automation\Jiviewsrpav2\.\ScreenShot\PublicHolidayTest_Create.png
10:26:10.875 [main] INFO  com.JiviewsAutomation.SystemDefination_Test.PublicHolidayTest - Creating public holiday
10:26:13.785 [main] INFO  com.JiviewsAutomation.SystemDefination_Test.PublicHolidayTest - Public holiday creation successful
]]></system-out>
    <system-err><![CDATA[Nov 11, 2023 10:25:58 AM org.openqa.selenium.remote.service.DriverService$Builder getLogOutput
INFO: Driver logs no longer sent to console by default; https://www.selenium.dev/documentation/webdriver/drivers/service/#setting-log-output
Nov 11, 2023 10:25:59 AM org.openqa.selenium.devtools.CdpVersionFinder findNearestMatch
WARNING: Unable to find CDP implementation matching 119
Nov 11, 2023 10:25:59 AM org.openqa.selenium.chromium.ChromiumDriver lambda$new$4
WARNING: Unable to find version of CDP to use for . You may need to include a dependency on a specific version of the CDP using something similar to `org.seleniumhq.selenium:selenium-devtools-v86:4.10.0` where the version ("v86") matches the version of the chromium-based browser you're using and the version number of the artifact is the same as Selenium's.
]]></system-err>
  </testcase>
  <testcase name="verifyUpdatePublicHoliday" classname="com.JiviewsAutomation.SystemDefination_Test.PublicHolidayTest" time="4.39">
    <system-out><![CDATA[10:26:13.785 [main] INFO  com.AutomationJiviewsGeneric.BaseClass - Logout from Jivi application
10:26:13.785 [main] INFO  com.AutomationJiviewsGeneric.BaseClass - Login to the Jivi application
10:26:21.798 [main] INFO  com.AutomationJiviewsGeneric.BaseClass - Screenshot captured for test failure. View it at: C:\Development\Automation\Jiviewsrpav2\.\ScreenShot\PublicHolidayTest_Update.png
10:26:21.807 [main] INFO  com.JiviewsAutomation.SystemDefination_Test.PublicHolidayTest - Updating public holiday
10:26:25.929 [main] INFO  com.JiviewsAutomation.SystemDefination_Test.PublicHolidayTest - Public holiday update successful
]]></system-out>
  </testcase>
  <testcase name="verifyDeletePublicHoliday" classname="com.JiviewsAutomation.SystemDefination_Test.PublicHolidayTest" time="6.589">
    <system-out><![CDATA[10:26:25.930 [main] INFO  com.AutomationJiviewsGeneric.BaseClass - Logout from Jivi application
10:26:25.930 [main] INFO  com.AutomationJiviewsGeneric.BaseClass - Login to the Jivi application
10:26:39.975 [main] INFO  com.AutomationJiviewsGeneric.BaseClass - Screenshot captured for test failure. View it at: C:\Development\Automation\Jiviewsrpav2\.\ScreenShot\PublicHolidayTest_Delete.png
10:26:39.975 [main] INFO  com.JiviewsAutomation.SystemDefination_Test.PublicHolidayTest - Deleting public holiday
10:26:46.293 [main] INFO  com.JiviewsAutomation.SystemDefination_Test.PublicHolidayTest - Deactivate public holiday successful
]]></system-out>
  </testcase>
</testsuite>