<?xml version="1.0" encoding="UTF-8"?>
<testsuite xmlns:xsi="http://www.w3.org/2001/XMLSchema-instance" xsi:noNamespaceSchemaLocation="https://maven.apache.org/surefire/maven-surefire-plugin/xsd/surefire-test-report-3.0.xsd" version="3.0" name="TestSuite" time="995.593" tests="62" errors="0" skipped="13" failures="4">
  <properties>
    <property name="java.specification.version" value="17"/>
    <property name="webdriver.chrome.driver" value="C:\Users\kumar\.cache\selenium\chromedriver\win64\119.0.6045.105\chromedriver.exe"/>
    <property name="sun.cpu.isalist" value="amd64"/>
    <property name="sun.jnu.encoding" value="Cp1252"/>
    <property name="java.class.path" value="C:\Development\Automation\Jiviewsrpav2\target\test-classes;C:\Development\Automation\Jiviewsrpav2\target\classes;C:\Users\kumar\.m2\repository\org\testng\testng\6.14.3\testng-6.14.3.jar;C:\Users\kumar\.m2\repository\com\beust\jcommander\1.72\jcommander-1.72.jar;C:\Users\kumar\.m2\repository\org\apache-extras\beanshell\bsh\2.0b6\bsh-2.0b6.jar;C:\Users\kumar\.m2\repository\org\seleniumhq\selenium\selenium-java\4.10.0\selenium-java-4.10.0.jar;C:\Users\kumar\.m2\repository\org\seleniumhq\selenium\selenium-api\4.10.0\selenium-api-4.10.0.jar;C:\Users\kumar\.m2\repository\org\seleniumhq\selenium\selenium-chrome-driver\4.10.0\selenium-chrome-driver-4.10.0.jar;C:\Users\kumar\.m2\repository\com\google\auto\service\auto-service-annotations\1.0.1\auto-service-annotations-1.0.1.jar;C:\Users\kumar\.m2\repository\com\google\auto\service\auto-service\1.0.1\auto-service-1.0.1.jar;C:\Users\kumar\.m2\repository\com\google\auto\auto-common\1.2\auto-common-1.2.jar;C:\Users\kumar\.m2\repository\com\google\guava\guava\31.1-jre\guava-31.1-jre.jar;C:\Users\kumar\.m2\repository\com\google\guava\failureaccess\1.0.1\failureaccess-1.0.1.jar;C:\Users\kumar\.m2\repository\com\google\guava\listenablefuture\9999.0-empty-to-avoid-conflict-with-guava\listenablefuture-9999.0-empty-to-avoid-conflict-with-guava.jar;C:\Users\kumar\.m2\repository\com\google\code\findbugs\jsr305\3.0.2\jsr305-3.0.2.jar;C:\Users\kumar\.m2\repository\org\checkerframework\checker-qual\3.12.0\checker-qual-3.12.0.jar;C:\Users\kumar\.m2\repository\com\google\errorprone\error_prone_annotations\2.11.0\error_prone_annotations-2.11.0.jar;C:\Users\kumar\.m2\repository\com\google\j2objc\j2objc-annotations\1.3\j2objc-annotations-1.3.jar;C:\Users\kumar\.m2\repository\org\seleniumhq\selenium\selenium-chromium-driver\4.10.0\selenium-chromium-driver-4.10.0.jar;C:\Users\kumar\.m2\repository\org\seleniumhq\selenium\selenium-json\4.10.0\selenium-json-4.10.0.jar;C:\Users\kumar\.m2\repository\org\seleniumhq\selenium\selenium-manager\4.10.0\selenium-manager-4.10.0.jar;C:\Users\kumar\.m2\repository\org\seleniumhq\selenium\selenium-devtools-v112\4.10.0\selenium-devtools-v112-4.10.0.jar;C:\Users\kumar\.m2\repository\org\seleniumhq\selenium\selenium-devtools-v113\4.10.0\selenium-devtools-v113-4.10.0.jar;C:\Users\kumar\.m2\repository\org\seleniumhq\selenium\selenium-devtools-v114\4.10.0\selenium-devtools-v114-4.10.0.jar;C:\Users\kumar\.m2\repository\org\seleniumhq\selenium\selenium-devtools-v85\4.10.0\selenium-devtools-v85-4.10.0.jar;C:\Users\kumar\.m2\repository\org\seleniumhq\selenium\selenium-edge-driver\4.10.0\selenium-edge-driver-4.10.0.jar;C:\Users\kumar\.m2\repository\org\seleniumhq\selenium\selenium-firefox-driver\4.10.0\selenium-firefox-driver-4.10.0.jar;C:\Users\kumar\.m2\repository\org\seleniumhq\selenium\selenium-http\4.10.0\selenium-http-4.10.0.jar;C:\Users\kumar\.m2\repository\dev\failsafe\failsafe\3.3.1\failsafe-3.3.1.jar;C:\Users\kumar\.m2\repository\org\seleniumhq\selenium\selenium-ie-driver\4.10.0\selenium-ie-driver-4.10.0.jar;C:\Users\kumar\.m2\repository\org\seleniumhq\selenium\selenium-remote-driver\4.10.0\selenium-remote-driver-4.10.0.jar;C:\Users\kumar\.m2\repository\io\netty\netty-buffer\4.1.92.Final\netty-buffer-4.1.92.Final.jar;C:\Users\kumar\.m2\repository\io\netty\netty-codec-http\4.1.92.Final\netty-codec-http-4.1.92.Final.jar;C:\Users\kumar\.m2\repository\io\netty\netty-codec\4.1.92.Final\netty-codec-4.1.92.Final.jar;C:\Users\kumar\.m2\repository\io\netty\netty-handler\4.1.92.Final\netty-handler-4.1.92.Final.jar;C:\Users\kumar\.m2\repository\io\netty\netty-common\4.1.92.Final\netty-common-4.1.92.Final.jar;C:\Users\kumar\.m2\repository\io\netty\netty-transport-classes-epoll\4.1.92.Final\netty-transport-classes-epoll-4.1.92.Final.jar;C:\Users\kumar\.m2\repository\io\netty\netty-transport-classes-kqueue\4.1.92.Final\netty-transport-classes-kqueue-4.1.92.Final.jar;C:\Users\kumar\.m2\repository\io\netty\netty-transport-native-epoll\4.1.92.Final\netty-transport-native-epoll-4.1.92.Final.jar;C:\Users\kumar\.m2\repository\io\netty\netty-transport-native-kqueue\4.1.92.Final\netty-transport-native-kqueue-4.1.92.Final.jar;C:\Users\kumar\.m2\repository\io\netty\netty-transport-native-unix-common\4.1.92.Final\netty-transport-native-unix-common-4.1.92.Final.jar;C:\Users\kumar\.m2\repository\io\netty\netty-transport\4.1.92.Final\netty-transport-4.1.92.Final.jar;C:\Users\kumar\.m2\repository\io\netty\netty-resolver\4.1.92.Final\netty-resolver-4.1.92.Final.jar;C:\Users\kumar\.m2\repository\io\opentelemetry\opentelemetry-api\1.26.0\opentelemetry-api-1.26.0.jar;C:\Users\kumar\.m2\repository\io\opentelemetry\opentelemetry-context\1.26.0\opentelemetry-context-1.26.0.jar;C:\Users\kumar\.m2\repository\io\opentelemetry\opentelemetry-exporter-logging\1.26.0\opentelemetry-exporter-logging-1.26.0.jar;C:\Users\kumar\.m2\repository\io\opentelemetry\opentelemetry-sdk-metrics\1.26.0\opentelemetry-sdk-metrics-1.26.0.jar;C:\Users\kumar\.m2\repository\io\opentelemetry\opentelemetry-extension-incubator\1.26.0-alpha\opentelemetry-extension-incubator-1.26.0-alpha.jar;C:\Users\kumar\.m2\repository\io\opentelemetry\opentelemetry-sdk-logs\1.26.0-alpha\opentelemetry-sdk-logs-1.26.0-alpha.jar;C:\Users\kumar\.m2\repository\io\opentelemetry\opentelemetry-api-logs\1.26.0-alpha\opentelemetry-api-logs-1.26.0-alpha.jar;C:\Users\kumar\.m2\repository\io\opentelemetry\opentelemetry-api-events\1.26.0-alpha\opentelemetry-api-events-1.26.0-alpha.jar;C:\Users\kumar\.m2\repository\io\opentelemetry\opentelemetry-sdk-common\1.26.0\opentelemetry-sdk-common-1.26.0.jar;C:\Users\kumar\.m2\repository\io\opentelemetry\opentelemetry-sdk-extension-autoconfigure-spi\1.26.0\opentelemetry-sdk-extension-autoconfigure-spi-1.26.0.jar;C:\Users\kumar\.m2\repository\io\opentelemetry\opentelemetry-sdk-extension-autoconfigure\1.26.0-alpha\opentelemetry-sdk-extension-autoconfigure-1.26.0-alpha.jar;C:\Users\kumar\.m2\repository\io\opentelemetry\opentelemetry-sdk-trace\1.26.0\opentelemetry-sdk-trace-1.26.0.jar;C:\Users\kumar\.m2\repository\io\opentelemetry\opentelemetry-sdk\1.26.0\opentelemetry-sdk-1.26.0.jar;C:\Users\kumar\.m2\repository\io\opentelemetry\opentelemetry-semconv\1.26.0-alpha\opentelemetry-semconv-1.26.0-alpha.jar;C:\Users\kumar\.m2\repository\net\bytebuddy\byte-buddy\1.14.4\byte-buddy-1.14.4.jar;C:\Users\kumar\.m2\repository\org\apache\commons\commons-exec\1.3\commons-exec-1.3.jar;C:\Users\kumar\.m2\repository\org\asynchttpclient\async-http-client\2.12.3\async-http-client-2.12.3.jar;C:\Users\kumar\.m2\repository\org\asynchttpclient\async-http-client-netty-utils\2.12.3\async-http-client-netty-utils-2.12.3.jar;C:\Users\kumar\.m2\repository\io\netty\netty-codec-socks\4.1.60.Final\netty-codec-socks-4.1.60.Final.jar;C:\Users\kumar\.m2\repository\io\netty\netty-handler-proxy\4.1.60.Final\netty-handler-proxy-4.1.60.Final.jar;C:\Users\kumar\.m2\repository\io\netty\netty-transport-native-epoll\4.1.60.Final\netty-transport-native-epoll-4.1.60.Final-linux-x86_64.jar;C:\Users\kumar\.m2\repository\io\netty\netty-transport-native-kqueue\4.1.60.Final\netty-transport-native-kqueue-4.1.60.Final-osx-x86_64.jar;C:\Users\kumar\.m2\repository\org\reactivestreams\reactive-streams\1.0.3\reactive-streams-1.0.3.jar;C:\Users\kumar\.m2\repository\com\typesafe\netty\netty-reactive-streams\2.0.4\netty-reactive-streams-2.0.4.jar;C:\Users\kumar\.m2\repository\com\sun\activation\jakarta.activation\1.2.2\jakarta.activation-1.2.2.jar;C:\Users\kumar\.m2\repository\org\seleniumhq\selenium\selenium-safari-driver\4.10.0\selenium-safari-driver-4.10.0.jar;C:\Users\kumar\.m2\repository\org\seleniumhq\selenium\selenium-support\4.10.0\selenium-support-4.10.0.jar;C:\Users\kumar\.m2\repository\io\github\bonigarcia\webdrivermanager\5.5.3\webdrivermanager-5.5.3.jar;C:\Users\kumar\.m2\repository\org\slf4j\slf4j-api\2.0.7\slf4j-api-2.0.7.jar;C:\Users\kumar\.m2\repository\com\google\code\gson\gson\2.10.1\gson-2.10.1.jar;C:\Users\kumar\.m2\repository\com\github\docker-java\docker-java\3.3.3\docker-java-3.3.3.jar;C:\Users\kumar\.m2\repository\com\github\docker-java\docker-java-core\3.3.3\docker-java-core-3.3.3.jar;C:\Users\kumar\.m2\repository\com\github\docker-java\docker-java-api\3.3.3\docker-java-api-3.3.3.jar;C:\Users\kumar\.m2\repository\com\fasterxml\jackson\core\jackson-annotations\2.10.3\jackson-annotations-2.10.3.jar;C:\Users\kumar\.m2\repository\com\fasterxml\jackson\core\jackson-databind\2.10.3\jackson-databind-2.10.3.jar;C:\Users\kumar\.m2\repository\com\fasterxml\jackson\core\jackson-core\2.10.3\jackson-core-2.10.3.jar;C:\Users\kumar\.m2\repository\org\bouncycastle\bcpkix-jdk18on\1.75\bcpkix-jdk18on-1.75.jar;C:\Users\kumar\.m2\repository\org\bouncycastle\bcprov-jdk18on\1.75\bcprov-jdk18on-1.75.jar;C:\Users\kumar\.m2\repository\org\bouncycastle\bcutil-jdk18on\1.75\bcutil-jdk18on-1.75.jar;C:\Users\kumar\.m2\repository\org\slf4j\jcl-over-slf4j\1.7.30\jcl-over-slf4j-1.7.30.jar;C:\Users\kumar\.m2\repository\com\github\docker-java\docker-java-transport-httpclient5\3.3.3\docker-java-transport-httpclient5-3.3.3.jar;C:\Users\kumar\.m2\repository\com\github\docker-java\docker-java-transport\3.3.3\docker-java-transport-3.3.3.jar;C:\Users\kumar\.m2\repository\net\java\dev\jna\jna\5.12.1\jna-5.12.1.jar;C:\Users\kumar\.m2\repository\org\brotli\dec\0.1.2\dec-0.1.2.jar;C:\Users\kumar\.m2\repository\org\apache\commons\commons-lang3\3.13.0\commons-lang3-3.13.0.jar;C:\Users\kumar\.m2\repository\org\apache\httpcomponents\client5\httpclient5\5.2.1\httpclient5-5.2.1.jar;C:\Users\kumar\.m2\repository\org\apache\httpcomponents\core5\httpcore5\5.2\httpcore5-5.2.jar;C:\Users\kumar\.m2\repository\org\apache\httpcomponents\core5\httpcore5-h2\5.2\httpcore5-h2-5.2.jar;C:\Users\kumar\.m2\repository\org\apache\poi\poi\5.2.3\poi-5.2.3.jar;C:\Users\kumar\.m2\repository\commons-codec\commons-codec\1.15\commons-codec-1.15.jar;C:\Users\kumar\.m2\repository\org\apache\commons\commons-collections4\4.4\commons-collections4-4.4.jar;C:\Users\kumar\.m2\repository\org\apache\commons\commons-math3\3.6.1\commons-math3-3.6.1.jar;C:\Users\kumar\.m2\repository\commons-io\commons-io\2.11.0\commons-io-2.11.0.jar;C:\Users\kumar\.m2\repository\com\zaxxer\SparseBitSet\1.2\SparseBitSet-1.2.jar;C:\Users\kumar\.m2\repository\org\apache\poi\poi-ooxml\5.2.3\poi-ooxml-5.2.3.jar;C:\Users\kumar\.m2\repository\org\apache\poi\poi-ooxml-lite\5.2.3\poi-ooxml-lite-5.2.3.jar;C:\Users\kumar\.m2\repository\org\apache\xmlbeans\xmlbeans\5.1.1\xmlbeans-5.1.1.jar;C:\Users\kumar\.m2\repository\org\apache\commons\commons-compress\1.21\commons-compress-1.21.jar;C:\Users\kumar\.m2\repository\com\github\virtuald\curvesapi\1.07\curvesapi-1.07.jar;C:\Users\kumar\.m2\repository\org\apache\poi\poi-ooxml-schemas\4.1.2\poi-ooxml-schemas-4.1.2.jar;C:\Users\kumar\.m2\repository\org\apache\logging\log4j\log4j-api\2.14.1\log4j-api-2.14.1.jar;C:\Users\kumar\.m2\repository\org\apache\logging\log4j\log4j-core\2.14.1\log4j-core-2.14.1.jar;C:\Users\kumar\.m2\repository\com\aventstack\extentreports\4.0.9\extentreports-4.0.9.jar;C:\Users\kumar\.m2\repository\org\freemarker\freemarker\2.3.23\freemarker-2.3.23.jar;C:\Users\kumar\.m2\repository\org\mongodb\mongodb-driver\3.3.0\mongodb-driver-3.3.0.jar;C:\Users\kumar\.m2\repository\org\mongodb\mongodb-driver-core\3.3.0\mongodb-driver-core-3.3.0.jar;C:\Users\kumar\.m2\repository\org\mongodb\bson\3.3.0\bson-3.3.0.jar;C:\Users\kumar\.m2\repository\org\apache\httpcomponents\httpclient\4.5.2\httpclient-4.5.2.jar;C:\Users\kumar\.m2\repository\org\apache\httpcomponents\httpcore\4.4.4\httpcore-4.4.4.jar;C:\Users\kumar\.m2\repository\commons-logging\commons-logging\1.2\commons-logging-1.2.jar;C:\Users\kumar\.m2\repository\org\apache\httpcomponents\httpmime\4.5.2\httpmime-4.5.2.jar;C:\Users\kumar\.m2\repository\com\github\javafaker\javafaker\1.0.2\javafaker-1.0.2.jar;C:\Users\kumar\.m2\repository\org\yaml\snakeyaml\1.23\snakeyaml-1.23-android.jar;C:\Users\kumar\.m2\repository\com\github\mifmif\generex\1.0.2\generex-1.0.2.jar;C:\Users\kumar\.m2\repository\dk\brics\automaton\automaton\1.11-8\automaton-1.11-8.jar;C:\Users\kumar\.m2\repository\org\json\json\20230618\json-20230618.jar;"/>
    <property name="java.vm.vendor" value="Eclipse Adoptium"/>
    <property name="sun.arch.data.model" value="64"/>
    <property name="user.variant" value=""/>
    <property name="java.vendor.url" value="https://adoptium.net/"/>
    <property name="user.timezone" value="Asia/Calcutta"/>
    <property name="os.name" value="Windows 11"/>
    <property name="java.vm.specification.version" value="17"/>
    <property name="sun.java.launcher" value="SUN_STANDARD"/>
    <property name="user.country" value="IN"/>
    <property name="sun.boot.library.path" value="C:\Users\kumar\.p2\pool\plugins\org.eclipse.justj.openjdk.hotspot.jre.full.win32.x86_64_17.0.8.v20230831-1047\jre\bin"/>
    <property name="sun.java.command" value="C:\Users\kumar\AppData\Local\Temp\surefire3441735236827900432\surefirebooter-20231124062516535_3.jar C:\Users\kumar\AppData\Local\Temp\surefire3441735236827900432 2023-11-24T06-25-16_329-jvmRun1 surefire-20231124062516535_1tmp surefire_0-20231124062516535_2tmp"/>
    <property name="jdk.debug" value="release"/>
    <property name="surefire.test.class.path" value="C:\Development\Automation\Jiviewsrpav2\target\test-classes;C:\Development\Automation\Jiviewsrpav2\target\classes;C:\Users\kumar\.m2\repository\org\testng\testng\6.14.3\testng-6.14.3.jar;C:\Users\kumar\.m2\repository\com\beust\jcommander\1.72\jcommander-1.72.jar;C:\Users\kumar\.m2\repository\org\apache-extras\beanshell\bsh\2.0b6\bsh-2.0b6.jar;C:\Users\kumar\.m2\repository\org\seleniumhq\selenium\selenium-java\4.10.0\selenium-java-4.10.0.jar;C:\Users\kumar\.m2\repository\org\seleniumhq\selenium\selenium-api\4.10.0\selenium-api-4.10.0.jar;C:\Users\kumar\.m2\repository\org\seleniumhq\selenium\selenium-chrome-driver\4.10.0\selenium-chrome-driver-4.10.0.jar;C:\Users\kumar\.m2\repository\com\google\auto\service\auto-service-annotations\1.0.1\auto-service-annotations-1.0.1.jar;C:\Users\kumar\.m2\repository\com\google\auto\service\auto-service\1.0.1\auto-service-1.0.1.jar;C:\Users\kumar\.m2\repository\com\google\auto\auto-common\1.2\auto-common-1.2.jar;C:\Users\kumar\.m2\repository\com\google\guava\guava\31.1-jre\guava-31.1-jre.jar;C:\Users\kumar\.m2\repository\com\google\guava\failureaccess\1.0.1\failureaccess-1.0.1.jar;C:\Users\kumar\.m2\repository\com\google\guava\listenablefuture\9999.0-empty-to-avoid-conflict-with-guava\listenablefuture-9999.0-empty-to-avoid-conflict-with-guava.jar;C:\Users\kumar\.m2\repository\com\google\code\findbugs\jsr305\3.0.2\jsr305-3.0.2.jar;C:\Users\kumar\.m2\repository\org\checkerframework\checker-qual\3.12.0\checker-qual-3.12.0.jar;C:\Users\kumar\.m2\repository\com\google\errorprone\error_prone_annotations\2.11.0\error_prone_annotations-2.11.0.jar;C:\Users\kumar\.m2\repository\com\google\j2objc\j2objc-annotations\1.3\j2objc-annotations-1.3.jar;C:\Users\kumar\.m2\repository\org\seleniumhq\selenium\selenium-chromium-driver\4.10.0\selenium-chromium-driver-4.10.0.jar;C:\Users\kumar\.m2\repository\org\seleniumhq\selenium\selenium-json\4.10.0\selenium-json-4.10.0.jar;C:\Users\kumar\.m2\repository\org\seleniumhq\selenium\selenium-manager\4.10.0\selenium-manager-4.10.0.jar;C:\Users\kumar\.m2\repository\org\seleniumhq\selenium\selenium-devtools-v112\4.10.0\selenium-devtools-v112-4.10.0.jar;C:\Users\kumar\.m2\repository\org\seleniumhq\selenium\selenium-devtools-v113\4.10.0\selenium-devtools-v113-4.10.0.jar;C:\Users\kumar\.m2\repository\org\seleniumhq\selenium\selenium-devtools-v114\4.10.0\selenium-devtools-v114-4.10.0.jar;C:\Users\kumar\.m2\repository\org\seleniumhq\selenium\selenium-devtools-v85\4.10.0\selenium-devtools-v85-4.10.0.jar;C:\Users\kumar\.m2\repository\org\seleniumhq\selenium\selenium-edge-driver\4.10.0\selenium-edge-driver-4.10.0.jar;C:\Users\kumar\.m2\repository\org\seleniumhq\selenium\selenium-firefox-driver\4.10.0\selenium-firefox-driver-4.10.0.jar;C:\Users\kumar\.m2\repository\org\seleniumhq\selenium\selenium-http\4.10.0\selenium-http-4.10.0.jar;C:\Users\kumar\.m2\repository\dev\failsafe\failsafe\3.3.1\failsafe-3.3.1.jar;C:\Users\kumar\.m2\repository\org\seleniumhq\selenium\selenium-ie-driver\4.10.0\selenium-ie-driver-4.10.0.jar;C:\Users\kumar\.m2\repository\org\seleniumhq\selenium\selenium-remote-driver\4.10.0\selenium-remote-driver-4.10.0.jar;C:\Users\kumar\.m2\repository\io\netty\netty-buffer\4.1.92.Final\netty-buffer-4.1.92.Final.jar;C:\Users\kumar\.m2\repository\io\netty\netty-codec-http\4.1.92.Final\netty-codec-http-4.1.92.Final.jar;C:\Users\kumar\.m2\repository\io\netty\netty-codec\4.1.92.Final\netty-codec-4.1.92.Final.jar;C:\Users\kumar\.m2\repository\io\netty\netty-handler\4.1.92.Final\netty-handler-4.1.92.Final.jar;C:\Users\kumar\.m2\repository\io\netty\netty-common\4.1.92.Final\netty-common-4.1.92.Final.jar;C:\Users\kumar\.m2\repository\io\netty\netty-transport-classes-epoll\4.1.92.Final\netty-transport-classes-epoll-4.1.92.Final.jar;C:\Users\kumar\.m2\repository\io\netty\netty-transport-classes-kqueue\4.1.92.Final\netty-transport-classes-kqueue-4.1.92.Final.jar;C:\Users\kumar\.m2\repository\io\netty\netty-transport-native-epoll\4.1.92.Final\netty-transport-native-epoll-4.1.92.Final.jar;C:\Users\kumar\.m2\repository\io\netty\netty-transport-native-kqueue\4.1.92.Final\netty-transport-native-kqueue-4.1.92.Final.jar;C:\Users\kumar\.m2\repository\io\netty\netty-transport-native-unix-common\4.1.92.Final\netty-transport-native-unix-common-4.1.92.Final.jar;C:\Users\kumar\.m2\repository\io\netty\netty-transport\4.1.92.Final\netty-transport-4.1.92.Final.jar;C:\Users\kumar\.m2\repository\io\netty\netty-resolver\4.1.92.Final\netty-resolver-4.1.92.Final.jar;C:\Users\kumar\.m2\repository\io\opentelemetry\opentelemetry-api\1.26.0\opentelemetry-api-1.26.0.jar;C:\Users\kumar\.m2\repository\io\opentelemetry\opentelemetry-context\1.26.0\opentelemetry-context-1.26.0.jar;C:\Users\kumar\.m2\repository\io\opentelemetry\opentelemetry-exporter-logging\1.26.0\opentelemetry-exporter-logging-1.26.0.jar;C:\Users\kumar\.m2\repository\io\opentelemetry\opentelemetry-sdk-metrics\1.26.0\opentelemetry-sdk-metrics-1.26.0.jar;C:\Users\kumar\.m2\repository\io\opentelemetry\opentelemetry-extension-incubator\1.26.0-alpha\opentelemetry-extension-incubator-1.26.0-alpha.jar;C:\Users\kumar\.m2\repository\io\opentelemetry\opentelemetry-sdk-logs\1.26.0-alpha\opentelemetry-sdk-logs-1.26.0-alpha.jar;C:\Users\kumar\.m2\repository\io\opentelemetry\opentelemetry-api-logs\1.26.0-alpha\opentelemetry-api-logs-1.26.0-alpha.jar;C:\Users\kumar\.m2\repository\io\opentelemetry\opentelemetry-api-events\1.26.0-alpha\opentelemetry-api-events-1.26.0-alpha.jar;C:\Users\kumar\.m2\repository\io\opentelemetry\opentelemetry-sdk-common\1.26.0\opentelemetry-sdk-common-1.26.0.jar;C:\Users\kumar\.m2\repository\io\opentelemetry\opentelemetry-sdk-extension-autoconfigure-spi\1.26.0\opentelemetry-sdk-extension-autoconfigure-spi-1.26.0.jar;C:\Users\kumar\.m2\repository\io\opentelemetry\opentelemetry-sdk-extension-autoconfigure\1.26.0-alpha\opentelemetry-sdk-extension-autoconfigure-1.26.0-alpha.jar;C:\Users\kumar\.m2\repository\io\opentelemetry\opentelemetry-sdk-trace\1.26.0\opentelemetry-sdk-trace-1.26.0.jar;C:\Users\kumar\.m2\repository\io\opentelemetry\opentelemetry-sdk\1.26.0\opentelemetry-sdk-1.26.0.jar;C:\Users\kumar\.m2\repository\io\opentelemetry\opentelemetry-semconv\1.26.0-alpha\opentelemetry-semconv-1.26.0-alpha.jar;C:\Users\kumar\.m2\repository\net\bytebuddy\byte-buddy\1.14.4\byte-buddy-1.14.4.jar;C:\Users\kumar\.m2\repository\org\apache\commons\commons-exec\1.3\commons-exec-1.3.jar;C:\Users\kumar\.m2\repository\org\asynchttpclient\async-http-client\2.12.3\async-http-client-2.12.3.jar;C:\Users\kumar\.m2\repository\org\asynchttpclient\async-http-client-netty-utils\2.12.3\async-http-client-netty-utils-2.12.3.jar;C:\Users\kumar\.m2\repository\io\netty\netty-codec-socks\4.1.60.Final\netty-codec-socks-4.1.60.Final.jar;C:\Users\kumar\.m2\repository\io\netty\netty-handler-proxy\4.1.60.Final\netty-handler-proxy-4.1.60.Final.jar;C:\Users\kumar\.m2\repository\io\netty\netty-transport-native-epoll\4.1.60.Final\netty-transport-native-epoll-4.1.60.Final-linux-x86_64.jar;C:\Users\kumar\.m2\repository\io\netty\netty-transport-native-kqueue\4.1.60.Final\netty-transport-native-kqueue-4.1.60.Final-osx-x86_64.jar;C:\Users\kumar\.m2\repository\org\reactivestreams\reactive-streams\1.0.3\reactive-streams-1.0.3.jar;C:\Users\kumar\.m2\repository\com\typesafe\netty\netty-reactive-streams\2.0.4\netty-reactive-streams-2.0.4.jar;C:\Users\kumar\.m2\repository\com\sun\activation\jakarta.activation\1.2.2\jakarta.activation-1.2.2.jar;C:\Users\kumar\.m2\repository\org\seleniumhq\selenium\selenium-safari-driver\4.10.0\selenium-safari-driver-4.10.0.jar;C:\Users\kumar\.m2\repository\org\seleniumhq\selenium\selenium-support\4.10.0\selenium-support-4.10.0.jar;C:\Users\kumar\.m2\repository\io\github\bonigarcia\webdrivermanager\5.5.3\webdrivermanager-5.5.3.jar;C:\Users\kumar\.m2\repository\org\slf4j\slf4j-api\2.0.7\slf4j-api-2.0.7.jar;C:\Users\kumar\.m2\repository\com\google\code\gson\gson\2.10.1\gson-2.10.1.jar;C:\Users\kumar\.m2\repository\com\github\docker-java\docker-java\3.3.3\docker-java-3.3.3.jar;C:\Users\kumar\.m2\repository\com\github\docker-java\docker-java-core\3.3.3\docker-java-core-3.3.3.jar;C:\Users\kumar\.m2\repository\com\github\docker-java\docker-java-api\3.3.3\docker-java-api-3.3.3.jar;C:\Users\kumar\.m2\repository\com\fasterxml\jackson\core\jackson-annotations\2.10.3\jackson-annotations-2.10.3.jar;C:\Users\kumar\.m2\repository\com\fasterxml\jackson\core\jackson-databind\2.10.3\jackson-databind-2.10.3.jar;C:\Users\kumar\.m2\repository\com\fasterxml\jackson\core\jackson-core\2.10.3\jackson-core-2.10.3.jar;C:\Users\kumar\.m2\repository\org\bouncycastle\bcpkix-jdk18on\1.75\bcpkix-jdk18on-1.75.jar;C:\Users\kumar\.m2\repository\org\bouncycastle\bcprov-jdk18on\1.75\bcprov-jdk18on-1.75.jar;C:\Users\kumar\.m2\repository\org\bouncycastle\bcutil-jdk18on\1.75\bcutil-jdk18on-1.75.jar;C:\Users\kumar\.m2\repository\org\slf4j\jcl-over-slf4j\1.7.30\jcl-over-slf4j-1.7.30.jar;C:\Users\kumar\.m2\repository\com\github\docker-java\docker-java-transport-httpclient5\3.3.3\docker-java-transport-httpclient5-3.3.3.jar;C:\Users\kumar\.m2\repository\com\github\docker-java\docker-java-transport\3.3.3\docker-java-transport-3.3.3.jar;C:\Users\kumar\.m2\repository\net\java\dev\jna\jna\5.12.1\jna-5.12.1.jar;C:\Users\kumar\.m2\repository\org\brotli\dec\0.1.2\dec-0.1.2.jar;C:\Users\kumar\.m2\repository\org\apache\commons\commons-lang3\3.13.0\commons-lang3-3.13.0.jar;C:\Users\kumar\.m2\repository\org\apache\httpcomponents\client5\httpclient5\5.2.1\httpclient5-5.2.1.jar;C:\Users\kumar\.m2\repository\org\apache\httpcomponents\core5\httpcore5\5.2\httpcore5-5.2.jar;C:\Users\kumar\.m2\repository\org\apache\httpcomponents\core5\httpcore5-h2\5.2\httpcore5-h2-5.2.jar;C:\Users\kumar\.m2\repository\org\apache\poi\poi\5.2.3\poi-5.2.3.jar;C:\Users\kumar\.m2\repository\commons-codec\commons-codec\1.15\commons-codec-1.15.jar;C:\Users\kumar\.m2\repository\org\apache\commons\commons-collections4\4.4\commons-collections4-4.4.jar;C:\Users\kumar\.m2\repository\org\apache\commons\commons-math3\3.6.1\commons-math3-3.6.1.jar;C:\Users\kumar\.m2\repository\commons-io\commons-io\2.11.0\commons-io-2.11.0.jar;C:\Users\kumar\.m2\repository\com\zaxxer\SparseBitSet\1.2\SparseBitSet-1.2.jar;C:\Users\kumar\.m2\repository\org\apache\poi\poi-ooxml\5.2.3\poi-ooxml-5.2.3.jar;C:\Users\kumar\.m2\repository\org\apache\poi\poi-ooxml-lite\5.2.3\poi-ooxml-lite-5.2.3.jar;C:\Users\kumar\.m2\repository\org\apache\xmlbeans\xmlbeans\5.1.1\xmlbeans-5.1.1.jar;C:\Users\kumar\.m2\repository\org\apache\commons\commons-compress\1.21\commons-compress-1.21.jar;C:\Users\kumar\.m2\repository\com\github\virtuald\curvesapi\1.07\curvesapi-1.07.jar;C:\Users\kumar\.m2\repository\org\apache\poi\poi-ooxml-schemas\4.1.2\poi-ooxml-schemas-4.1.2.jar;C:\Users\kumar\.m2\repository\org\apache\logging\log4j\log4j-api\2.14.1\log4j-api-2.14.1.jar;C:\Users\kumar\.m2\repository\org\apache\logging\log4j\log4j-core\2.14.1\log4j-core-2.14.1.jar;C:\Users\kumar\.m2\repository\com\aventstack\extentreports\4.0.9\extentreports-4.0.9.jar;C:\Users\kumar\.m2\repository\org\freemarker\freemarker\2.3.23\freemarker-2.3.23.jar;C:\Users\kumar\.m2\repository\org\mongodb\mongodb-driver\3.3.0\mongodb-driver-3.3.0.jar;C:\Users\kumar\.m2\repository\org\mongodb\mongodb-driver-core\3.3.0\mongodb-driver-core-3.3.0.jar;C:\Users\kumar\.m2\repository\org\mongodb\bson\3.3.0\bson-3.3.0.jar;C:\Users\kumar\.m2\repository\org\apache\httpcomponents\httpclient\4.5.2\httpclient-4.5.2.jar;C:\Users\kumar\.m2\repository\org\apache\httpcomponents\httpcore\4.4.4\httpcore-4.4.4.jar;C:\Users\kumar\.m2\repository\commons-logging\commons-logging\1.2\commons-logging-1.2.jar;C:\Users\kumar\.m2\repository\org\apache\httpcomponents\httpmime\4.5.2\httpmime-4.5.2.jar;C:\Users\kumar\.m2\repository\com\github\javafaker\javafaker\1.0.2\javafaker-1.0.2.jar;C:\Users\kumar\.m2\repository\org\yaml\snakeyaml\1.23\snakeyaml-1.23-android.jar;C:\Users\kumar\.m2\repository\com\github\mifmif\generex\1.0.2\generex-1.0.2.jar;C:\Users\kumar\.m2\repository\dk\brics\automaton\automaton\1.11-8\automaton-1.11-8.jar;C:\Users\kumar\.m2\repository\org\json\json\20230618\json-20230618.jar;"/>
    <property name="sun.cpu.endian" value="little"/>
    <property name="user.home" value="C:\Users\kumar"/>
    <property name="user.language" value="en"/>
    <property name="java.specification.vendor" value="Oracle Corporation"/>
    <property name="java.version.date" value="2023-08-24"/>
    <property name="java.home" value="C:\Users\kumar\.p2\pool\plugins\org.eclipse.justj.openjdk.hotspot.jre.full.win32.x86_64_17.0.8.v20230831-1047\jre"/>
    <property name="file.separator" value="\"/>
    <property name="style.color" value="always"/>
    <property name="basedir" value="C:\Development\Automation\Jiviewsrpav2"/>
    <property name="java.vm.compressedOopsMode" value="Zero based"/>
    <property name="line.separator" value="&#10;"/>
    <property name="java.vm.specification.vendor" value="Oracle Corporation"/>
    <property name="java.specification.name" value="Java Platform API Specification"/>
    <property name="surefire.real.class.path" value="C:\Users\kumar\AppData\Local\Temp\surefire3441735236827900432\surefirebooter-20231124062516535_3.jar"/>
    <property name="user.script" value=""/>
    <property name="sun.management.compiler" value="HotSpot 64-Bit Tiered Compilers"/>
    <property name="java.runtime.version" value="17.0.8.1+1"/>
    <property name="user.name" value="kumar"/>
    <property name="path.separator" value=";"/>
    <property name="os.version" value="10.0"/>
    <property name="java.runtime.name" value="OpenJDK Runtime Environment"/>
    <property name="file.encoding" value="Cp1252"/>
    <property name="java.vm.name" value="OpenJDK 64-Bit Server VM"/>
    <property name="java.vendor.version" value="Temurin-17.0.8.1+1"/>
    <property name="localRepository" value="C:\Users\kumar\.m2\repository"/>
    <property name="java.vendor.url.bug" value="https://github.com/adoptium/adoptium-support/issues"/>
    <property name="java.io.tmpdir" value="C:\Users\kumar\AppData\Local\Temp\"/>
    <property name="java.version" value="17.0.8.1"/>
    <property name="user.dir" value="C:\Development\Automation\Jiviewsrpav2"/>
    <property name="os.arch" value="amd64"/>
    <property name="java.vm.specification.name" value="Java Virtual Machine Specification"/>
    <property name="sun.os.patch.level" value=""/>
    <property name="native.encoding" value="Cp1252"/>
    <property name="java.library.path" value="C:\Users\kumar\.p2\pool\plugins\org.eclipse.justj.openjdk.hotspot.jre.full.win32.x86_64_17.0.8.v20230831-1047\jre\bin;C:\windows\Sun\Java\bin;C:\windows\system32;C:\windows;C:/Users/kumar/.p2/pool/plugins/org.eclipse.justj.openjdk.hotspot.jre.full.win32.x86_64_17.0.8.v20230831-1047/jre/bin/server;C:/Users/kumar/.p2/pool/plugins/org.eclipse.justj.openjdk.hotspot.jre.full.win32.x86_64_17.0.8.v20230831-1047/jre/bin;C:\Program Files\Common Files\Oracle\Java\javapath;C:\windows\system32;C:\windows;C:\windows\System32\Wbem;C:\windows\System32\WindowsPowerShell\v1.0\;C:\windows\System32\OpenSSH\;C:\Program Files\Java\jdk-11\bin;C:\Users\kumar;C:\Users\kumar\Downloads\gradle-8.3-bin\gradle-8.3\bin;C:\Program Files\Git\cmd;C:\apache-maven-3.9.4-bin\apache-maven-3.9.4;C:\Program Files\Java\allure-2.24.0\bin;C:\Users\kumar\AppData\Local\Microsoft\WindowsApps;C:\Users\kumar\Downloads\gradle-8.3-bin\gradle-8.3\bin;C:\Users\kumar\Downloads\apache-maven-3.9.4-bin\apache-maven-3.9.4\bin;C:\Program Files\Java\apache-maven-3.9.4-bin\apache-maven-3.9.4\bin;C:\apache-maven-3.9.4-bin\apache-maven-3.9.4;C:\Users\kumar\Downloads\allure-2.24.0\allure-2.24.0\bin;;C:\Users\kumar\OneDrive\Desktop;;."/>
    <property name="java.vm.info" value="mixed mode"/>
    <property name="java.vendor" value="Eclipse Adoptium"/>
    <property name="java.vm.version" value="17.0.8.1+1"/>
    <property name="sun.io.unicode.encoding" value="UnicodeLittle"/>
    <property name="java.class.version" value="61.0"/>
  </properties>
  <testcase name="createNewSkill" classname="com.JiviewsAutomation.SystemDefination_Test.skillSetUpTest" time="3.845">
    <system-out><![CDATA[[TestNGContentHandler] [WARN] It is strongly recommended to add "<!DOCTYPE suite SYSTEM "http://testng.org/testng-1.0.dtd" >" at the top of your file, otherwise TestNG may fail or not work as expected.
06:25:17.683 [main] INFO  com.AutomationJiviewsGeneric.ListenerImplimentation - Extent Report Output Path: null
06:25:17.959 [main] INFO  com.AutomationJiviewsGeneric.BaseClass - Open Browser
06:26:02.324 [main] INFO  com.AutomationJiviewsGeneric.BaseClass - Browser launched successfully
Login
06:26:02.581 [main] INFO  com.AutomationJiviewsGeneric.BaseClass - Login to the Jivi application
06:26:54.659 [main] INFO  com.AutomationJiviewsGeneric.BaseClass - Screenshot captured for test failure. View it at: C:\Development\Automation\Jiviewsrpav2\.\ScreenShot\createNewSkill.png
06:26:54.659 [main] INFO  com.JiviewsAutomation.SystemDefination_Test.skillSetUpTest - Create a new Skill
06:26:58.221 [main] INFO  com.JiviewsAutomation.SystemDefination_Test.skillSetUpTest - A skill is created successfully 
]]></system-out>
    <system-err><![CDATA[SLF4J: No SLF4J providers were found.
SLF4J: Defaulting to no-operation (NOP) logger implementation
SLF4J: See https://www.slf4j.org/codes.html#noProviders for further details.
Nov 24, 2023 6:26:00 AM org.openqa.selenium.remote.service.DriverService$Builder getLogOutput
INFO: Driver logs no longer sent to console by default; https://www.selenium.dev/documentation/webdriver/drivers/service/#setting-log-output
Nov 24, 2023 6:26:02 AM org.openqa.selenium.devtools.CdpVersionFinder findNearestMatch
WARNING: Unable to find CDP implementation matching 119
Nov 24, 2023 6:26:02 AM org.openqa.selenium.chromium.ChromiumDriver lambda$new$4
WARNING: Unable to find version of CDP to use for . You may need to include a dependency on a specific version of the CDP using something similar to `org.seleniumhq.selenium:selenium-devtools-v86:4.10.0` where the version ("v86") matches the version of the chromium-based browser you're using and the version number of the artifact is the same as Selenium's.
]]></system-err>
  </testcase>
  <testcase name="updateSkill" classname="com.JiviewsAutomation.SystemDefination_Test.skillSetUpTest" time="2.695">
    <system-out><![CDATA[06:27:03.270 [main] INFO  com.AutomationJiviewsGeneric.BaseClass - Screenshot captured for test failure. View it at: C:\Development\Automation\Jiviewsrpav2\.\ScreenShot\updateSkill.png
06:27:03.270 [main] INFO  com.JiviewsAutomation.SystemDefination_Test.skillSetUpTest - Update a Skill
06:27:05.768 [main] INFO  com.JiviewsAutomation.SystemDefination_Test.skillSetUpTest - A skill is updated successfully 
]]></system-out>
  </testcase>
  <testcase name="deActivateSkill" classname="com.JiviewsAutomation.SystemDefination_Test.skillSetUpTest" time="1.828">
    <system-out><![CDATA[06:27:10.682 [main] INFO  com.AutomationJiviewsGeneric.BaseClass - Screenshot captured for test failure. View it at: C:\Development\Automation\Jiviewsrpav2\.\ScreenShot\deActivateSkill.png
06:27:10.682 [main] INFO  com.JiviewsAutomation.SystemDefination_Test.skillSetUpTest - Deactivate a Skill
06:27:12.334 [main] INFO  com.JiviewsAutomation.SystemDefination_Test.skillSetUpTest - A skill is deactivated successfully 
]]></system-out>
  </testcase>
  <testcase name="reactivateSkill" classname="com.JiviewsAutomation.SystemDefination_Test.skillSetUpTest" time="2.685">
    <system-out><![CDATA[06:27:17.166 [main] INFO  com.AutomationJiviewsGeneric.BaseClass - Screenshot captured for test failure. View it at: C:\Development\Automation\Jiviewsrpav2\.\ScreenShot\reactivateSkill.png
06:27:17.166 [main] INFO  com.JiviewsAutomation.SystemDefination_Test.skillSetUpTest - Reactivate a Skill
06:27:19.668 [main] INFO  com.JiviewsAutomation.SystemDefination_Test.skillSetUpTest - A skill is reactivated successfully 
]]></system-out>
  </testcase>
  <testcase name="searchColumnsForSkill" classname="com.JiviewsAutomation.SystemDefination_Test.skillSetUpTest" time="1.185">
    <system-out><![CDATA[06:27:24.586 [main] INFO  com.AutomationJiviewsGeneric.BaseClass - Screenshot captured for test failure. View it at: C:\Development\Automation\Jiviewsrpav2\.\ScreenShot\searchColumnsForSkill.png
06:27:24.586 [main] INFO  com.JiviewsAutomation.SystemDefination_Test.skillSetUpTest - Searching a skill
06:27:25.596 [main] INFO  com.JiviewsAutomation.SystemDefination_Test.skillSetUpTest - Searching a skill is successful
]]></system-out>
  </testcase>
  <testcase name="verifyCreateNewRole" classname="com.JiviewsAutomation.SystemDefination_Test.RoleSetUpTest" time="6.611">
    <system-out><![CDATA[Logout
06:27:25.599 [main] INFO  com.AutomationJiviewsGeneric.BaseClass - Logout from Jivi application
06:27:25.599 [main] INFO  com.AutomationJiviewsGeneric.BaseClass - Close Browser...
06:27:26.737 [main] INFO  com.AutomationJiviewsGeneric.BaseClass - Open Browser
06:27:27.630 [main] INFO  com.AutomationJiviewsGeneric.BaseClass - Browser launched successfully
Login
06:27:27.960 [main] INFO  com.AutomationJiviewsGeneric.BaseClass - Login to the Jivi application
06:27:42.001 [main] INFO  com.AutomationJiviewsGeneric.BaseClass - Screenshot captured for test failure. View it at: C:\Development\Automation\Jiviewsrpav2\.\ScreenShot\roleSetUpTest.png
06:27:42.005 [main] INFO  com.JiviewsAutomation.SystemDefination_Test.RoleSetUpTest - Create a new Skill
06:27:48.421 [main] INFO  com.JiviewsAutomation.SystemDefination_Test.RoleSetUpTest - verify Create a new role is successful
]]></system-out>
    <system-err><![CDATA[Nov 24, 2023 6:27:26 AM org.openqa.selenium.remote.service.DriverService$Builder getLogOutput
INFO: Driver logs no longer sent to console by default; https://www.selenium.dev/documentation/webdriver/drivers/service/#setting-log-output
Nov 24, 2023 6:27:27 AM org.openqa.selenium.devtools.CdpVersionFinder findNearestMatch
WARNING: Unable to find CDP implementation matching 119
Nov 24, 2023 6:27:27 AM org.openqa.selenium.chromium.ChromiumDriver lambda$new$4
WARNING: Unable to find version of CDP to use for . You may need to include a dependency on a specific version of the CDP using something similar to `org.seleniumhq.selenium:selenium-devtools-v86:4.10.0` where the version ("v86") matches the version of the chromium-based browser you're using and the version number of the artifact is the same as Selenium's.
]]></system-err>
  </testcase>
  <testcase name="verifyUpdateRole" classname="com.JiviewsAutomation.SystemDefination_Test.RoleSetUpTest" time="8.331">
    <system-out><![CDATA[06:27:53.081 [main] INFO  com.AutomationJiviewsGeneric.BaseClass - Screenshot captured for test failure. View it at: C:\Development\Automation\Jiviewsrpav2\.\ScreenShot\roleSetUpTest.png
06:28:01.268 [main] INFO  com.JiviewsAutomation.SystemDefination_Test.RoleSetUpTest - Verify Update Role successful
]]></system-out>
  </testcase>
  <testcase name="verifyDeactiveRole" classname="com.JiviewsAutomation.SystemDefination_Test.RoleSetUpTest" time="2.839">
    <system-out><![CDATA[06:28:11.904 [main] INFO  com.AutomationJiviewsGeneric.BaseClass - Screenshot captured for test failure. View it at: C:\Development\Automation\Jiviewsrpav2\.\ScreenShot\roleSetUpTest.png
06:28:14.607 [main] INFO  com.JiviewsAutomation.SystemDefination_Test.RoleSetUpTest - Verify Deactive Role is successful
]]></system-out>
  </testcase>
  <testcase name="verifyReactiveRole" classname="com.JiviewsAutomation.SystemDefination_Test.RoleSetUpTest" time="3.512">
    <system-out><![CDATA[06:28:21.626 [main] INFO  com.AutomationJiviewsGeneric.BaseClass - Screenshot captured for test failure. View it at: C:\Development\Automation\Jiviewsrpav2\.\ScreenShot\roleSetUpTest.png
06:28:24.977 [main] INFO  com.JiviewsAutomation.SystemDefination_Test.RoleSetUpTest - Verify Reactive Role is successful
]]></system-out>
  </testcase>
  <testcase name="verifyCreateRoleWithAllAvailableSkill" classname="com.JiviewsAutomation.SystemDefination_Test.RoleSetUpTest" time="5.796">
    <system-out><![CDATA[06:28:32.008 [main] INFO  com.AutomationJiviewsGeneric.BaseClass - Screenshot captured for test failure. View it at: C:\Development\Automation\Jiviewsrpav2\.\ScreenShot\roleSetUpTest.png
06:28:37.660 [main] INFO  com.JiviewsAutomation.SystemDefination_Test.RoleSetUpTest - Verify create a role with all available skill
]]></system-out>
  </testcase>
  <testcase name="verifyDisselectAllAvailableSkill" classname="com.JiviewsAutomation.SystemDefination_Test.RoleSetUpTest" time="9.408">
    <system-out><![CDATA[06:28:44.399 [main] INFO  com.AutomationJiviewsGeneric.BaseClass - Screenshot captured for test failure. View it at: C:\Development\Automation\Jiviewsrpav2\.\ScreenShot\roleSetUpTest.png
06:28:53.652 [main] INFO  com.JiviewsAutomation.SystemDefination_Test.RoleSetUpTest - Verify disselect all available skill
]]></system-out>
  </testcase>
  <testcase name="verifySearchColumnsForRole" classname="com.JiviewsAutomation.SystemDefination_Test.RoleSetUpTest" time="1.451">
    <system-out><![CDATA[06:29:00.107 [main] INFO  com.AutomationJiviewsGeneric.BaseClass - Screenshot captured for test failure. View it at: C:\Development\Automation\Jiviewsrpav2\.\ScreenShot\roleSetUpTest.png
06:29:01.395 [main] INFO  com.JiviewsAutomation.SystemDefination_Test.RoleSetUpTest - verify Search Columns For Role is successfull
]]></system-out>
  </testcase>
  <testcase name="verifyCreateNewRoleWithoutRoleCode" classname="com.JiviewsAutomation.SystemDefination_Test.RoleSetUpTest" time="7.483">
    <system-out><![CDATA[06:29:08.594 [main] INFO  com.AutomationJiviewsGeneric.BaseClass - Screenshot captured for test failure. View it at: C:\Development\Automation\Jiviewsrpav2\.\ScreenShot\roleSetUpTest.png
06:29:15.743 [main] INFO  com.JiviewsAutomation.SystemDefination_Test.RoleSetUpTest - verify create new role without role code
]]></system-out>
  </testcase>
  <testcase name="verifyCreateNewRoleWithoutRoleDescription" classname="com.JiviewsAutomation.SystemDefination_Test.RoleSetUpTest" time="5.629">
    <system-out><![CDATA[06:29:21.987 [main] INFO  com.AutomationJiviewsGeneric.BaseClass - Screenshot captured for test failure. View it at: C:\Development\Automation\Jiviewsrpav2\.\ScreenShot\roleSetUpTest.png
06:29:27.459 [main] INFO  com.JiviewsAutomation.SystemDefination_Test.RoleSetUpTest - verify create new role without role description
]]></system-out>
  </testcase>
  <testcase name="verifyCreateNewRoleWithoutSecondarySkillEmpty" classname="com.JiviewsAutomation.SystemDefination_Test.RoleSetUpTest" time="3.562">
    <system-out><![CDATA[06:29:33.900 [main] INFO  com.AutomationJiviewsGeneric.BaseClass - Screenshot captured for test failure. View it at: C:\Development\Automation\Jiviewsrpav2\.\ScreenShot\roleSetUpTest.png
06:29:37.112 [main] INFO  com.JiviewsAutomation.SystemDefination_Test.RoleSetUpTest - verify Create New Role Without Secondary Skill Empty is successfull
]]></system-out>
  </testcase>
  <testcase name="verifyDisselectSingleSkillFromSelectedSkill" classname="com.JiviewsAutomation.SystemDefination_Test.RoleSetUpTest" time="12.513">
    <system-out><![CDATA[06:29:43.464 [main] INFO  com.AutomationJiviewsGeneric.BaseClass - Screenshot captured for test failure. View it at: C:\Development\Automation\Jiviewsrpav2\.\ScreenShot\roleSetUpTest.png
06:29:55.827 [main] INFO  com.JiviewsAutomation.SystemDefination_Test.RoleSetUpTest - verify Disselect Single Skill From Selected Skill is successfull
]]></system-out>
  </testcase>
  <testcase name="verifyCreateNewRoleWithoutPriarySkill" classname="com.JiviewsAutomation.SystemDefination_Test.RoleSetUpTest" time="9.641">
    <system-out><![CDATA[06:30:01.987 [main] INFO  com.AutomationJiviewsGeneric.BaseClass - Screenshot captured for test failure. View it at: C:\Development\Automation\Jiviewsrpav2\.\ScreenShot\roleSetUpTest.png
06:30:11.449 [main] INFO  com.JiviewsAutomation.SystemDefination_Test.RoleSetUpTest - verify create new role without priary skill
]]></system-out>
  </testcase>
  <testcase name="verifyCreateRoleGroups" classname="com.JiviewsAutomation.SystemDefination_Test.RoleGroupTest" time="3.23">
    <system-out><![CDATA[Logout
06:30:11.453 [main] INFO  com.AutomationJiviewsGeneric.BaseClass - Logout from Jivi application
06:30:11.454 [main] INFO  com.AutomationJiviewsGeneric.BaseClass - Close Browser...
06:30:12.110 [main] INFO  com.AutomationJiviewsGeneric.BaseClass - Open Browser
06:30:12.972 [main] INFO  com.AutomationJiviewsGeneric.BaseClass - Browser launched successfully
Login
06:30:13.067 [main] INFO  com.AutomationJiviewsGeneric.BaseClass - Login to the Jivi application
06:30:23.011 [main] INFO  com.AutomationJiviewsGeneric.BaseClass - Screenshot captured for test failure. View it at: C:\Development\Automation\Jiviewsrpav2\.\ScreenShot\RoleGroupTest.png
06:30:23.011 [main] INFO  com.JiviewsAutomation.SystemDefination_Test.RoleGroupTest - Create Role Group
]]></system-out>
    <system-err><![CDATA[Nov 24, 2023 6:30:12 AM org.openqa.selenium.remote.service.DriverService$Builder getLogOutput
INFO: Driver logs no longer sent to console by default; https://www.selenium.dev/documentation/webdriver/drivers/service/#setting-log-output
Nov 24, 2023 6:30:12 AM org.openqa.selenium.devtools.CdpVersionFinder findNearestMatch
WARNING: Unable to find CDP implementation matching 119
Nov 24, 2023 6:30:12 AM org.openqa.selenium.chromium.ChromiumDriver lambda$new$4
WARNING: Unable to find version of CDP to use for . You may need to include a dependency on a specific version of the CDP using something similar to `org.seleniumhq.selenium:selenium-devtools-v86:4.10.0` where the version ("v86") matches the version of the chromium-based browser you're using and the version number of the artifact is the same as Selenium's.
]]></system-err>
  </testcase>
  <testcase name="verifyUpdateRoleGroups" classname="com.JiviewsAutomation.SystemDefination_Test.RoleGroupTest" time="2.746">
    <system-out><![CDATA[06:30:31.080 [main] INFO  com.AutomationJiviewsGeneric.BaseClass - Screenshot captured for test failure. View it at: C:\Development\Automation\Jiviewsrpav2\.\ScreenShot\RoleGroupTest.png
06:30:31.080 [main] INFO  com.JiviewsAutomation.SystemDefination_Test.RoleGroupTest - Update Role Group
]]></system-out>
  </testcase>
  <testcase name="verifyDeactivateRoleGroups" classname="com.JiviewsAutomation.SystemDefination_Test.RoleGroupTest" time="2.378">
    <system-out><![CDATA[06:30:38.600 [main] INFO  com.AutomationJiviewsGeneric.BaseClass - Screenshot captured for test failure. View it at: C:\Development\Automation\Jiviewsrpav2\.\ScreenShot\RoleGroupTest.png
06:30:38.600 [main] INFO  com.JiviewsAutomation.SystemDefination_Test.RoleGroupTest - Deactivate Role Group
]]></system-out>
  </testcase>
  <testcase name="verifyCreateRoleGrpWithoutAvailableRole" classname="com.JiviewsAutomation.SystemDefination_Test.RoleGroupTest" time="2.553">
    <system-out><![CDATA[06:30:45.625 [main] INFO  com.AutomationJiviewsGeneric.BaseClass - Screenshot captured for test failure. View it at: C:\Development\Automation\Jiviewsrpav2\.\ScreenShot\RoleGroupTest.png
06:30:45.625 [main] INFO  com.JiviewsAutomation.SystemDefination_Test.RoleGroupTest - Create role group without available role Group
]]></system-out>
  </testcase>
  <testcase name="verifySearchRoleGroup" classname="com.JiviewsAutomation.SystemDefination_Test.RoleGroupTest" time="1.077">
    <system-out><![CDATA[06:30:59.708 [main] INFO  com.JiviewsAutomation.SystemDefination_Test.RoleGroupTest - Create role group without available role Group
]]></system-out>
  </testcase>
  <testcase name="verifyCreateRoleGrpWithoutRoleGrpName" classname="com.JiviewsAutomation.SystemDefination_Test.RoleGroupTest" time="2.779">
    <system-out><![CDATA[06:31:07.419 [main] INFO  com.AutomationJiviewsGeneric.BaseClass - Screenshot captured for test failure. View it at: C:\Development\Automation\Jiviewsrpav2\.\ScreenShot\RoleGroupTest.png
06:31:07.419 [main] INFO  com.JiviewsAutomation.SystemDefination_Test.RoleGroupTest - Create role group without role group name
]]></system-out>
  </testcase>
  <testcase name="testCreateShiftBand" classname="com.JiviewsAutomation.SystemDefination_Test.ShiftBandTest" time="6.046">
    <system-out><![CDATA[Logout
06:31:10.049 [main] INFO  com.AutomationJiviewsGeneric.BaseClass - Logout from Jivi application
06:31:10.049 [main] INFO  com.AutomationJiviewsGeneric.BaseClass - Close Browser...
06:31:10.634 [main] INFO  com.AutomationJiviewsGeneric.BaseClass - Open Browser
06:31:11.930 [main] INFO  com.AutomationJiviewsGeneric.BaseClass - Browser launched successfully
Login
06:31:11.979 [main] INFO  com.AutomationJiviewsGeneric.BaseClass - Login to the Jivi application
06:31:23.245 [main] INFO  com.AutomationJiviewsGeneric.BaseClass - Screenshot captured for test failure. View it at: C:\Development\Automation\Jiviewsrpav2\.\ScreenShot\shiftBandTest.png
06:31:23.245 [main] INFO  com.JiviewsAutomation.SystemDefination_Test.ShiftBandTest - Create Shift Band Definition
]]></system-out>
    <system-err><![CDATA[Nov 24, 2023 6:31:11 AM org.openqa.selenium.remote.service.DriverService$Builder getLogOutput
INFO: Driver logs no longer sent to console by default; https://www.selenium.dev/documentation/webdriver/drivers/service/#setting-log-output
Nov 24, 2023 6:31:11 AM org.openqa.selenium.devtools.CdpVersionFinder findNearestMatch
WARNING: Unable to find CDP implementation matching 119
Nov 24, 2023 6:31:11 AM org.openqa.selenium.chromium.ChromiumDriver lambda$new$4
WARNING: Unable to find version of CDP to use for . You may need to include a dependency on a specific version of the CDP using something similar to `org.seleniumhq.selenium:selenium-devtools-v86:4.10.0` where the version ("v86") matches the version of the chromium-based browser you're using and the version number of the artifact is the same as Selenium's.
]]></system-err>
  </testcase>
  <testcase name="testUpdateShiftBand" classname="com.JiviewsAutomation.SystemDefination_Test.ShiftBandTest" time="5.979">
    <system-out><![CDATA[06:31:39.055 [main] INFO  com.AutomationJiviewsGeneric.BaseClass - Screenshot captured for test failure. View it at: C:\Development\Automation\Jiviewsrpav2\.\ScreenShot\shiftBandTest.png
06:31:39.055 [main] INFO  com.JiviewsAutomation.SystemDefination_Test.ShiftBandTest - Verify update shiftBand
]]></system-out>
  </testcase>
  <testcase name="testDeactivateShiftBand" classname="com.JiviewsAutomation.SystemDefination_Test.ShiftBandTest" time="2.87">
    <system-out><![CDATA[06:31:55.669 [main] INFO  com.AutomationJiviewsGeneric.BaseClass - Screenshot captured for test failure. View it at: C:\Development\Automation\Jiviewsrpav2\.\ScreenShot\shiftBandTest.png
06:31:55.669 [main] INFO  com.JiviewsAutomation.SystemDefination_Test.ShiftBandTest - Verify Deactivate Shift band
]]></system-out>
  </testcase>
  <testcase name="testReactivateShiftBand" classname="com.JiviewsAutomation.SystemDefination_Test.ShiftBandTest" time="3.448">
    <system-out><![CDATA[06:32:06.424 [main] INFO  com.AutomationJiviewsGeneric.BaseClass - Screenshot captured for test failure. View it at: C:\Development\Automation\Jiviewsrpav2\.\ScreenShot\shiftBandTest.png
06:32:06.428 [main] INFO  com.JiviewsAutomation.SystemDefination_Test.ShiftBandTest - Verify Reactivate Shift band
]]></system-out>
  </testcase>
  <testcase name="testWithoutShiftBandName" classname="com.JiviewsAutomation.SystemDefination_Test.ShiftBandTest" time="6.862">
    <system-out><![CDATA[06:32:17.215 [main] INFO  com.AutomationJiviewsGeneric.BaseClass - Screenshot captured for test failure. View it at: C:\Development\Automation\Jiviewsrpav2\.\ScreenShot\shiftBandTest.png
06:32:17.215 [main] INFO  com.JiviewsAutomation.SystemDefination_Test.ShiftBandTest - Verify Without Shift Band Name
]]></system-out>
  </testcase>
  <testcase name="testWithCombinationShift" classname="com.JiviewsAutomation.SystemDefination_Test.ShiftBandTest" time="8.228">
    <system-out><![CDATA[06:32:31.772 [main] INFO  com.AutomationJiviewsGeneric.BaseClass - Screenshot captured for test failure. View it at: C:\Development\Automation\Jiviewsrpav2\.\ScreenShot\shiftBandTest.png
06:32:31.773 [main] INFO  com.JiviewsAutomation.SystemDefination_Test.ShiftBandTest - Verify With Combination Shift
]]></system-out>
  </testcase>
  <testcase name="testWithOvertimeShift" classname="com.JiviewsAutomation.SystemDefination_Test.ShiftBandTest" time="5.42">
    <system-out><![CDATA[06:32:47.672 [main] INFO  com.AutomationJiviewsGeneric.BaseClass - Screenshot captured for test failure. View it at: C:\Development\Automation\Jiviewsrpav2\.\ScreenShot\shiftBandTest.png
06:32:47.672 [main] INFO  com.JiviewsAutomation.SystemDefination_Test.ShiftBandTest - Verify With Overtime Shift
]]></system-out>
  </testcase>
  <testcase name="verifyCreateRoasterWithGroup" classname="com.JiviewsAutomation.SystemDefination_Test.roasterSetupTest" time="39.077">
    <system-out><![CDATA[Logout
06:32:52.779 [main] INFO  com.AutomationJiviewsGeneric.BaseClass - Logout from Jivi application
06:32:52.779 [main] INFO  com.AutomationJiviewsGeneric.BaseClass - Close Browser...
06:32:53.588 [main] INFO  com.AutomationJiviewsGeneric.BaseClass - Open Browser
06:32:54.635 [main] INFO  com.AutomationJiviewsGeneric.BaseClass - Browser launched successfully
Login
06:32:54.682 [main] INFO  com.AutomationJiviewsGeneric.BaseClass - Login to the Jivi application
06:33:06.367 [main] INFO  com.AutomationJiviewsGeneric.BaseClass - Screenshot captured for test failure. View it at: C:\Development\Automation\Jiviewsrpav2\.\ScreenShot\roasterSetupTest.png
06:33:06.367 [main] INFO  com.JiviewsAutomation.SystemDefination_Test.skillSetUpTest - Creating Roaster with Employee...
06:33:45.105 [main] INFO  com.JiviewsAutomation.SystemDefination_Test.skillSetUpTest - Create a Roster Pattern with Roster Group is successfull
]]></system-out>
    <system-err><![CDATA[Nov 24, 2023 6:32:53 AM org.openqa.selenium.remote.service.DriverService$Builder getLogOutput
INFO: Driver logs no longer sent to console by default; https://www.selenium.dev/documentation/webdriver/drivers/service/#setting-log-output
Nov 24, 2023 6:32:54 AM org.openqa.selenium.devtools.CdpVersionFinder findNearestMatch
WARNING: Unable to find CDP implementation matching 119
Nov 24, 2023 6:32:54 AM org.openqa.selenium.chromium.ChromiumDriver lambda$new$4
WARNING: Unable to find version of CDP to use for . You may need to include a dependency on a specific version of the CDP using something similar to `org.seleniumhq.selenium:selenium-devtools-v86:4.10.0` where the version ("v86") matches the version of the chromium-based browser you're using and the version number of the artifact is the same as Selenium's.
]]></system-err>
  </testcase>
  <testcase name="verifyCreateRoasterwithEmployee" classname="com.JiviewsAutomation.SystemDefination_Test.roasterSetupTest" time="19.683">
    <failure message="java.lang.reflect.InvocationTargetException&#10;Build info: version: &apos;4.10.0&apos;, revision: &apos;c14d967899&apos;&#10;System info: os.name: &apos;Windows 11&apos;, os.arch: &apos;amd64&apos;, os.version: &apos;10.0&apos;, java.version: &apos;17.0.8.1&apos;&#10;Driver info: org.openqa.selenium.chrome.ChromeDriver&#10;Command: [a069efdb1beb8fc17574e12c96da7e75, actions {actions=[org.openqa.selenium.interactions.Sequence@4ff33674]}]&#10;Capabilities {acceptInsecureCerts: false, browserName: chrome, browserVersion: 119.0.6045.160, chrome: {chromedriverVersion: 119.0.6045.105 (38c72552c5e..., userDataDir: C:\Users\kumar\AppData\Loca...}, fedcm:accounts: true, goog:chromeOptions: {debuggerAddress: localhost:59354}, networkConnectionEnabled: false, pageLoadStrategy: normal, platformName: windows, proxy: Proxy(), se:cdp: ws://localhost:59354/devtoo..., se:cdpVersion: 119.0.6045.160, setWindowRect: true, strictFileInteractability: false, timeouts: {implicit: 0, pageLoad: 300000, script: 30000}, unhandledPromptBehavior: dismiss and notify, webauthn:extension:credBlob: true, webauthn:extension:largeBlob: true, webauthn:extension:minPinLength: true, webauthn:extension:prf: true, webauthn:virtualAuthenticators: true}&#10;Session ID: a069efdb1beb8fc17574e12c96da7e75" type="org.openqa.selenium.json.JsonException"><![CDATA[org.openqa.selenium.json.JsonException: 
java.lang.reflect.InvocationTargetException
Build info: version: '4.10.0', revision: 'c14d967899'
System info: os.name: 'Windows 11', os.arch: 'amd64', os.version: '10.0', java.version: '17.0.8.1'
Driver info: org.openqa.selenium.chrome.ChromeDriver
Command: [a069efdb1beb8fc17574e12c96da7e75, actions {actions=[org.openqa.selenium.interactions.Sequence@4ff33674]}]
Capabilities {acceptInsecureCerts: false, browserName: chrome, browserVersion: 119.0.6045.160, chrome: {chromedriverVersion: 119.0.6045.105 (38c72552c5e..., userDataDir: C:\Users\kumar\AppData\Loca...}, fedcm:accounts: true, goog:chromeOptions: {debuggerAddress: localhost:59354}, networkConnectionEnabled: false, pageLoadStrategy: normal, platformName: windows, proxy: Proxy(), se:cdp: ws://localhost:59354/devtoo..., se:cdpVersion: 119.0.6045.160, setWindowRect: true, strictFileInteractability: false, timeouts: {implicit: 0, pageLoad: 300000, script: 30000}, unhandledPromptBehavior: dismiss and notify, webauthn:extension:credBlob: true, webauthn:extension:largeBlob: true, webauthn:extension:minPinLength: true, webauthn:extension:prf: true, webauthn:virtualAuthenticators: true}
Session ID: a069efdb1beb8fc17574e12c96da7e75
	at org.openqa.selenium.json.JsonOutput.convertUsingMethod(JsonOutput.java:395)
	at org.openqa.selenium.json.JsonOutput.lambda$new$16(JsonOutput.java:165)
	at org.openqa.selenium.json.JsonOutput.write(JsonOutput.java:322)
	at org.openqa.selenium.json.JsonOutput.lambda$new$22(JsonOutput.java:185)
	at java.base/java.util.stream.ForEachOps$ForEachOp$OfRef.accept(ForEachOps.java:183)
	at java.base/java.util.stream.ReferencePipeline$2$1.accept(ReferencePipeline.java:179)
	at java.base/java.util.Iterator.forEachRemaining(Iterator.java:133)
	at java.base/java.util.Spliterators$IteratorSpliterator.forEachRemaining(Spliterators.java:1845)
	at java.base/java.util.stream.AbstractPipeline.copyInto(AbstractPipeline.java:509)
	at java.base/java.util.stream.AbstractPipeline.wrapAndCopyInto(AbstractPipeline.java:499)
	at java.base/java.util.stream.ForEachOps$ForEachOp.evaluateSequential(ForEachOps.java:150)
	at java.base/java.util.stream.ForEachOps$ForEachOp$OfRef.evaluateSequential(ForEachOps.java:173)
	at java.base/java.util.stream.AbstractPipeline.evaluate(AbstractPipeline.java:234)
	at java.base/java.util.stream.ReferencePipeline.forEach(ReferencePipeline.java:596)
	at org.openqa.selenium.json.JsonOutput.lambda$new$23(JsonOutput.java:185)
	at org.openqa.selenium.json.JsonOutput.write(JsonOutput.java:322)
	at org.openqa.selenium.json.JsonOutput.lambda$new$24(JsonOutput.java:203)
	at com.google.common.collect.SingletonImmutableBiMap.forEach(SingletonImmutableBiMap.java:68)
	at org.openqa.selenium.json.JsonOutput.lambda$new$25(JsonOutput.java:198)
	at org.openqa.selenium.json.JsonOutput.write(JsonOutput.java:322)
	at org.openqa.selenium.json.JsonOutput.write(JsonOutput.java:313)
	at org.openqa.selenium.json.Json.toJson(Json.java:43)
	at org.openqa.selenium.remote.codec.AbstractHttpCommandCodec.encode(AbstractHttpCommandCodec.java:256)
	at org.openqa.selenium.remote.codec.AbstractHttpCommandCodec.encode(AbstractHttpCommandCodec.java:120)
	at org.openqa.selenium.remote.HttpCommandExecutor.execute(HttpCommandExecutor.java:179)
	at org.openqa.selenium.remote.service.DriverCommandExecutor.invokeExecute(DriverCommandExecutor.java:196)
	at org.openqa.selenium.remote.service.DriverCommandExecutor.execute(DriverCommandExecutor.java:171)
	at org.openqa.selenium.remote.RemoteWebDriver.execute(RemoteWebDriver.java:531)
	at org.openqa.selenium.remote.RemoteWebDriver.perform(RemoteWebDriver.java:603)
	at org.openqa.selenium.interactions.Actions$BuiltAction.perform(Actions.java:585)
	at org.openqa.selenium.interactions.Actions.perform(Actions.java:554)
	at com.AutomationJiviewsPOM.SystemDefinationRosterCreationPage.setRosterCreation1stDay(SystemDefinationRosterCreationPage.java:307)
	at com.AutomationJiviewsPOM.SystemDefinationRosterCreationPage.setCreateRoasterwithEmployee(SystemDefinationRosterCreationPage.java:612)
	at com.JiviewsAutomation.SystemDefination_Test.roasterSetupTest.verifyCreateRoasterwithEmployee(roasterSetupTest.java:55)
	at java.base/jdk.internal.reflect.NativeMethodAccessorImpl.invoke0(Native Method)
	at java.base/jdk.internal.reflect.NativeMethodAccessorImpl.invoke(NativeMethodAccessorImpl.java:77)
	at java.base/jdk.internal.reflect.DelegatingMethodAccessorImpl.invoke(DelegatingMethodAccessorImpl.java:43)
	at java.base/java.lang.reflect.Method.invoke(Method.java:568)
	at org.testng.internal.MethodInvocationHelper.invokeMethod(MethodInvocationHelper.java:124)
	at org.testng.internal.Invoker.invokeMethod(Invoker.java:583)
	at org.testng.internal.Invoker.invokeTestMethod(Invoker.java:719)
	at org.testng.internal.Invoker.invokeTestMethods(Invoker.java:989)
	at org.testng.internal.TestMethodWorker.invokeTestMethods(TestMethodWorker.java:125)
	at org.testng.internal.TestMethodWorker.run(TestMethodWorker.java:109)
	at org.testng.TestRunner.privateRun(TestRunner.java:648)
	at org.testng.TestRunner.run(TestRunner.java:505)
	at org.testng.SuiteRunner.runTest(SuiteRunner.java:455)
	at org.testng.SuiteRunner.runSequentially(SuiteRunner.java:450)
	at org.testng.SuiteRunner.privateRun(SuiteRunner.java:415)
	at org.testng.SuiteRunner.run(SuiteRunner.java:364)
	at org.testng.SuiteRunnerWorker.runSuite(SuiteRunnerWorker.java:52)
	at org.testng.SuiteRunnerWorker.run(SuiteRunnerWorker.java:84)
	at org.testng.TestNG.runSuitesSequentially(TestNG.java:1208)
	at org.testng.TestNG.runSuitesLocally(TestNG.java:1137)
	at org.testng.TestNG.runSuites(TestNG.java:1049)
	at org.testng.TestNG.run(TestNG.java:1017)
	at org.apache.maven.surefire.testng.TestNGExecutor.run(TestNGExecutor.java:308)
	at org.apache.maven.surefire.testng.TestNGXmlTestSuite.execute(TestNGXmlTestSuite.java:71)
	at org.apache.maven.surefire.testng.TestNGProvider.invoke(TestNGProvider.java:113)
	at org.apache.maven.surefire.booter.ForkedBooter.runSuitesInProcess(ForkedBooter.java:385)
	at org.apache.maven.surefire.booter.ForkedBooter.execute(ForkedBooter.java:162)
	at org.apache.maven.surefire.booter.ForkedBooter.run(ForkedBooter.java:507)
	at org.apache.maven.surefire.booter.ForkedBooter.main(ForkedBooter.java:495)
	Suppressed: org.openqa.selenium.json.JsonException: Attempting to close incomplete json stream
Build info: version: '4.10.0', revision: 'c14d967899'
System info: os.name: 'Windows 11', os.arch: 'amd64', os.version: '10.0', java.version: '17.0.8.1'
Driver info: driver.version: RemoteWebDriver
		at org.openqa.selenium.json.JsonOutput.close(JsonOutput.java:338)
		at org.openqa.selenium.json.Json.toJson(Json.java:41)
		... 41 more
Caused by: java.lang.reflect.InvocationTargetException
	at jdk.internal.reflect.GeneratedMethodAccessor14.invoke(Unknown Source)
	at java.base/jdk.internal.reflect.DelegatingMethodAccessorImpl.invoke(DelegatingMethodAccessorImpl.java:43)
	at java.base/java.lang.reflect.Method.invoke(Method.java:568)
	at org.openqa.selenium.json.JsonOutput.convertUsingMethod(JsonOutput.java:391)
	... 62 more
Caused by: org.openqa.selenium.NoSuchElementException: no such element: Unable to locate element: {"method":"xpath","selector":"(//div[text()='Off']/..)[1]"}
  (Session info: chrome=119.0.6045.160)
For documentation on this error, please visit: https://www.selenium.dev/documentation/webdriver/troubleshooting/errors#no-such-element-exception
Build info: version: '4.10.0', revision: 'c14d967899'
System info: os.name: 'Windows 11', os.arch: 'amd64', os.version: '10.0', java.version: '17.0.8.1'
Driver info: org.openqa.selenium.chrome.ChromeDriver
Command: [a069efdb1beb8fc17574e12c96da7e75, findElement {using=xpath, value=(//div[text()='Off']/..)[1]}]
Capabilities {acceptInsecureCerts: false, browserName: chrome, browserVersion: 119.0.6045.160, chrome: {chromedriverVersion: 119.0.6045.105 (38c72552c5e..., userDataDir: C:\Users\kumar\AppData\Loca...}, fedcm:accounts: true, goog:chromeOptions: {debuggerAddress: localhost:59354}, networkConnectionEnabled: false, pageLoadStrategy: normal, platformName: windows, proxy: Proxy(), se:cdp: ws://localhost:59354/devtoo..., se:cdpVersion: 119.0.6045.160, setWindowRect: true, strictFileInteractability: false, timeouts: {implicit: 0, pageLoad: 300000, script: 30000}, unhandledPromptBehavior: dismiss and notify, webauthn:extension:credBlob: true, webauthn:extension:largeBlob: true, webauthn:extension:minPinLength: true, webauthn:extension:prf: true, webauthn:virtualAuthenticators: true}
Session ID: a069efdb1beb8fc17574e12c96da7e75
	at java.base/jdk.internal.reflect.NativeConstructorAccessorImpl.newInstance0(Native Method)
	at java.base/jdk.internal.reflect.NativeConstructorAccessorImpl.newInstance(NativeConstructorAccessorImpl.java:77)
	at java.base/jdk.internal.reflect.DelegatingConstructorAccessorImpl.newInstance(DelegatingConstructorAccessorImpl.java:45)
	at java.base/java.lang.reflect.Constructor.newInstanceWithCaller(Constructor.java:499)
	at java.base/java.lang.reflect.Constructor.newInstance(Constructor.java:480)
	at org.openqa.selenium.remote.codec.w3c.W3CHttpResponseCodec.createException(W3CHttpResponseCodec.java:199)
	at org.openqa.selenium.remote.codec.w3c.W3CHttpResponseCodec.decode(W3CHttpResponseCodec.java:132)
	at org.openqa.selenium.remote.codec.w3c.W3CHttpResponseCodec.decode(W3CHttpResponseCodec.java:51)
	at org.openqa.selenium.remote.HttpCommandExecutor.execute(HttpCommandExecutor.java:191)
	at org.openqa.selenium.remote.service.DriverCommandExecutor.invokeExecute(DriverCommandExecutor.java:196)
	at org.openqa.selenium.remote.service.DriverCommandExecutor.execute(DriverCommandExecutor.java:171)
	at org.openqa.selenium.remote.RemoteWebDriver.execute(RemoteWebDriver.java:531)
	at org.openqa.selenium.remote.ElementLocation$ElementFinder$2.findElement(ElementLocation.java:165)
	at org.openqa.selenium.remote.ElementLocation.findElement(ElementLocation.java:59)
	at org.openqa.selenium.remote.RemoteWebDriver.findElement(RemoteWebDriver.java:350)
	at org.openqa.selenium.remote.RemoteWebDriver.findElement(RemoteWebDriver.java:344)
	at org.openqa.selenium.support.pagefactory.DefaultElementLocator.findElement(DefaultElementLocator.java:68)
	at org.openqa.selenium.support.pagefactory.internal.LocatingElementHandler.invoke(LocatingElementHandler.java:38)
	at jdk.proxy2/jdk.proxy2.$Proxy31.getWrappedElement(Unknown Source)
	at org.openqa.selenium.interactions.PointerInput$Origin.asArg(PointerInput.java:275)
	at org.openqa.selenium.interactions.PointerInput$Move.encode(PointerInput.java:224)
	at org.openqa.selenium.interactions.Sequence.encode(Sequence.java:72)
	at org.openqa.selenium.interactions.Sequence.toJson(Sequence.java:81)
	... 66 more
]]></failure>
    <system-out><![CDATA[06:33:55.108 [main] INFO  com.AutomationJiviewsGeneric.BaseClass - Screenshot captured for test failure. View it at: C:\Development\Automation\Jiviewsrpav2\.\ScreenShot\roasterSetupTest.png
06:33:55.108 [main] INFO  com.JiviewsAutomation.SystemDefination_Test.skillSetUpTest - Creating Roaster with Employee...
]]></system-out>
  </testcase>
  <testcase name="verifyUpdateRoaster" classname="com.JiviewsAutomation.SystemDefination_Test.roasterSetupTest" time="5.378">
    <system-out><![CDATA[06:34:20.927 [main] INFO  com.AutomationJiviewsGeneric.BaseClass - Screenshot captured for test failure. View it at: C:\Development\Automation\Jiviewsrpav2\.\ScreenShot\roasterSetupTest.png
]]></system-out>
  </testcase>
  <testcase name="verifyDeactiveRoster" classname="com.JiviewsAutomation.SystemDefination_Test.roasterSetupTest" time="1.004">
    <system-out><![CDATA[06:34:33.645 [main] INFO  com.AutomationJiviewsGeneric.BaseClass - Screenshot captured for test failure. View it at: C:\Development\Automation\Jiviewsrpav2\.\ScreenShot\roasterSetupTest.png
]]></system-out>
  </testcase>
  <testcase name="verifyReactiveRoster" classname="com.JiviewsAutomation.SystemDefination_Test.roasterSetupTest" time="3.776">
    <system-out><![CDATA[06:34:40.610 [main] INFO  com.AutomationJiviewsGeneric.BaseClass - Screenshot captured for test failure. View it at: C:\Development\Automation\Jiviewsrpav2\.\ScreenShot\roasterSetupTest.png
]]></system-out>
  </testcase>
  <testcase name="verifyCreateRoasterWithGroupAndEmp" classname="com.JiviewsAutomation.SystemDefination_Test.roasterSetupTest" time="17.855">
    <failure message="java.lang.reflect.InvocationTargetException&#10;Build info: version: &apos;4.10.0&apos;, revision: &apos;c14d967899&apos;&#10;System info: os.name: &apos;Windows 11&apos;, os.arch: &apos;amd64&apos;, os.version: &apos;10.0&apos;, java.version: &apos;17.0.8.1&apos;&#10;Driver info: org.openqa.selenium.chrome.ChromeDriver&#10;Command: [a069efdb1beb8fc17574e12c96da7e75, actions {actions=[org.openqa.selenium.interactions.Sequence@48bbcd9d]}]&#10;Capabilities {acceptInsecureCerts: false, browserName: chrome, browserVersion: 119.0.6045.160, chrome: {chromedriverVersion: 119.0.6045.105 (38c72552c5e..., userDataDir: C:\Users\kumar\AppData\Loca...}, fedcm:accounts: true, goog:chromeOptions: {debuggerAddress: localhost:59354}, networkConnectionEnabled: false, pageLoadStrategy: normal, platformName: windows, proxy: Proxy(), se:cdp: ws://localhost:59354/devtoo..., se:cdpVersion: 119.0.6045.160, setWindowRect: true, strictFileInteractability: false, timeouts: {implicit: 0, pageLoad: 300000, script: 30000}, unhandledPromptBehavior: dismiss and notify, webauthn:extension:credBlob: true, webauthn:extension:largeBlob: true, webauthn:extension:minPinLength: true, webauthn:extension:prf: true, webauthn:virtualAuthenticators: true}&#10;Session ID: a069efdb1beb8fc17574e12c96da7e75" type="org.openqa.selenium.json.JsonException"><![CDATA[org.openqa.selenium.json.JsonException: 
java.lang.reflect.InvocationTargetException
Build info: version: '4.10.0', revision: 'c14d967899'
System info: os.name: 'Windows 11', os.arch: 'amd64', os.version: '10.0', java.version: '17.0.8.1'
Driver info: org.openqa.selenium.chrome.ChromeDriver
Command: [a069efdb1beb8fc17574e12c96da7e75, actions {actions=[org.openqa.selenium.interactions.Sequence@48bbcd9d]}]
Capabilities {acceptInsecureCerts: false, browserName: chrome, browserVersion: 119.0.6045.160, chrome: {chromedriverVersion: 119.0.6045.105 (38c72552c5e..., userDataDir: C:\Users\kumar\AppData\Loca...}, fedcm:accounts: true, goog:chromeOptions: {debuggerAddress: localhost:59354}, networkConnectionEnabled: false, pageLoadStrategy: normal, platformName: windows, proxy: Proxy(), se:cdp: ws://localhost:59354/devtoo..., se:cdpVersion: 119.0.6045.160, setWindowRect: true, strictFileInteractability: false, timeouts: {implicit: 0, pageLoad: 300000, script: 30000}, unhandledPromptBehavior: dismiss and notify, webauthn:extension:credBlob: true, webauthn:extension:largeBlob: true, webauthn:extension:minPinLength: true, webauthn:extension:prf: true, webauthn:virtualAuthenticators: true}
Session ID: a069efdb1beb8fc17574e12c96da7e75
	at org.openqa.selenium.json.JsonOutput.convertUsingMethod(JsonOutput.java:395)
	at org.openqa.selenium.json.JsonOutput.lambda$new$16(JsonOutput.java:165)
	at org.openqa.selenium.json.JsonOutput.write(JsonOutput.java:322)
	at org.openqa.selenium.json.JsonOutput.lambda$new$22(JsonOutput.java:185)
	at java.base/java.util.stream.ForEachOps$ForEachOp$OfRef.accept(ForEachOps.java:183)
	at java.base/java.util.stream.ReferencePipeline$2$1.accept(ReferencePipeline.java:179)
	at java.base/java.util.Iterator.forEachRemaining(Iterator.java:133)
	at java.base/java.util.Spliterators$IteratorSpliterator.forEachRemaining(Spliterators.java:1845)
	at java.base/java.util.stream.AbstractPipeline.copyInto(AbstractPipeline.java:509)
	at java.base/java.util.stream.AbstractPipeline.wrapAndCopyInto(AbstractPipeline.java:499)
	at java.base/java.util.stream.ForEachOps$ForEachOp.evaluateSequential(ForEachOps.java:150)
	at java.base/java.util.stream.ForEachOps$ForEachOp$OfRef.evaluateSequential(ForEachOps.java:173)
	at java.base/java.util.stream.AbstractPipeline.evaluate(AbstractPipeline.java:234)
	at java.base/java.util.stream.ReferencePipeline.forEach(ReferencePipeline.java:596)
	at org.openqa.selenium.json.JsonOutput.lambda$new$23(JsonOutput.java:185)
	at org.openqa.selenium.json.JsonOutput.write(JsonOutput.java:322)
	at org.openqa.selenium.json.JsonOutput.lambda$new$24(JsonOutput.java:203)
	at com.google.common.collect.SingletonImmutableBiMap.forEach(SingletonImmutableBiMap.java:68)
	at org.openqa.selenium.json.JsonOutput.lambda$new$25(JsonOutput.java:198)
	at org.openqa.selenium.json.JsonOutput.write(JsonOutput.java:322)
	at org.openqa.selenium.json.JsonOutput.write(JsonOutput.java:313)
	at org.openqa.selenium.json.Json.toJson(Json.java:43)
	at org.openqa.selenium.remote.codec.AbstractHttpCommandCodec.encode(AbstractHttpCommandCodec.java:256)
	at org.openqa.selenium.remote.codec.AbstractHttpCommandCodec.encode(AbstractHttpCommandCodec.java:120)
	at org.openqa.selenium.remote.HttpCommandExecutor.execute(HttpCommandExecutor.java:179)
	at org.openqa.selenium.remote.service.DriverCommandExecutor.invokeExecute(DriverCommandExecutor.java:196)
	at org.openqa.selenium.remote.service.DriverCommandExecutor.execute(DriverCommandExecutor.java:171)
	at org.openqa.selenium.remote.RemoteWebDriver.execute(RemoteWebDriver.java:531)
	at org.openqa.selenium.remote.RemoteWebDriver.perform(RemoteWebDriver.java:603)
	at org.openqa.selenium.interactions.Actions$BuiltAction.perform(Actions.java:585)
	at org.openqa.selenium.interactions.Actions.perform(Actions.java:554)
	at com.AutomationJiviewsPOM.SystemDefinationRosterCreationPage.setRosterCreation1stDay(SystemDefinationRosterCreationPage.java:307)
	at com.AutomationJiviewsPOM.SystemDefinationRosterCreationPage.setCreateRoasterwithRosterAndEmp(SystemDefinationRosterCreationPage.java:669)
	at com.JiviewsAutomation.SystemDefination_Test.roasterSetupTest.verifyCreateRoasterWithGroupAndEmp(roasterSetupTest.java:81)
	at java.base/jdk.internal.reflect.NativeMethodAccessorImpl.invoke0(Native Method)
	at java.base/jdk.internal.reflect.NativeMethodAccessorImpl.invoke(NativeMethodAccessorImpl.java:77)
	at java.base/jdk.internal.reflect.DelegatingMethodAccessorImpl.invoke(DelegatingMethodAccessorImpl.java:43)
	at java.base/java.lang.reflect.Method.invoke(Method.java:568)
	at org.testng.internal.MethodInvocationHelper.invokeMethod(MethodInvocationHelper.java:124)
	at org.testng.internal.Invoker.invokeMethod(Invoker.java:583)
	at org.testng.internal.Invoker.invokeTestMethod(Invoker.java:719)
	at org.testng.internal.Invoker.invokeTestMethods(Invoker.java:989)
	at org.testng.internal.TestMethodWorker.invokeTestMethods(TestMethodWorker.java:125)
	at org.testng.internal.TestMethodWorker.run(TestMethodWorker.java:109)
	at org.testng.TestRunner.privateRun(TestRunner.java:648)
	at org.testng.TestRunner.run(TestRunner.java:505)
	at org.testng.SuiteRunner.runTest(SuiteRunner.java:455)
	at org.testng.SuiteRunner.runSequentially(SuiteRunner.java:450)
	at org.testng.SuiteRunner.privateRun(SuiteRunner.java:415)
	at org.testng.SuiteRunner.run(SuiteRunner.java:364)
	at org.testng.SuiteRunnerWorker.runSuite(SuiteRunnerWorker.java:52)
	at org.testng.SuiteRunnerWorker.run(SuiteRunnerWorker.java:84)
	at org.testng.TestNG.runSuitesSequentially(TestNG.java:1208)
	at org.testng.TestNG.runSuitesLocally(TestNG.java:1137)
	at org.testng.TestNG.runSuites(TestNG.java:1049)
	at org.testng.TestNG.run(TestNG.java:1017)
	at org.apache.maven.surefire.testng.TestNGExecutor.run(TestNGExecutor.java:308)
	at org.apache.maven.surefire.testng.TestNGXmlTestSuite.execute(TestNGXmlTestSuite.java:71)
	at org.apache.maven.surefire.testng.TestNGProvider.invoke(TestNGProvider.java:113)
	at org.apache.maven.surefire.booter.ForkedBooter.runSuitesInProcess(ForkedBooter.java:385)
	at org.apache.maven.surefire.booter.ForkedBooter.execute(ForkedBooter.java:162)
	at org.apache.maven.surefire.booter.ForkedBooter.run(ForkedBooter.java:507)
	at org.apache.maven.surefire.booter.ForkedBooter.main(ForkedBooter.java:495)
	Suppressed: org.openqa.selenium.json.JsonException: Attempting to close incomplete json stream
Build info: version: '4.10.0', revision: 'c14d967899'
System info: os.name: 'Windows 11', os.arch: 'amd64', os.version: '10.0', java.version: '17.0.8.1'
Driver info: driver.version: RemoteWebDriver
		at org.openqa.selenium.json.JsonOutput.close(JsonOutput.java:338)
		at org.openqa.selenium.json.Json.toJson(Json.java:41)
		... 41 more
Caused by: java.lang.reflect.InvocationTargetException
	at jdk.internal.reflect.GeneratedMethodAccessor14.invoke(Unknown Source)
	at java.base/jdk.internal.reflect.DelegatingMethodAccessorImpl.invoke(DelegatingMethodAccessorImpl.java:43)
	at java.base/java.lang.reflect.Method.invoke(Method.java:568)
	at org.openqa.selenium.json.JsonOutput.convertUsingMethod(JsonOutput.java:391)
	... 62 more
Caused by: org.openqa.selenium.NoSuchElementException: no such element: Unable to locate element: {"method":"xpath","selector":"(//div[text()='Off']/..)[1]"}
  (Session info: chrome=119.0.6045.160)
For documentation on this error, please visit: https://www.selenium.dev/documentation/webdriver/troubleshooting/errors#no-such-element-exception
Build info: version: '4.10.0', revision: 'c14d967899'
System info: os.name: 'Windows 11', os.arch: 'amd64', os.version: '10.0', java.version: '17.0.8.1'
Driver info: org.openqa.selenium.chrome.ChromeDriver
Command: [a069efdb1beb8fc17574e12c96da7e75, findElement {using=xpath, value=(//div[text()='Off']/..)[1]}]
Capabilities {acceptInsecureCerts: false, browserName: chrome, browserVersion: 119.0.6045.160, chrome: {chromedriverVersion: 119.0.6045.105 (38c72552c5e..., userDataDir: C:\Users\kumar\AppData\Loca...}, fedcm:accounts: true, goog:chromeOptions: {debuggerAddress: localhost:59354}, networkConnectionEnabled: false, pageLoadStrategy: normal, platformName: windows, proxy: Proxy(), se:cdp: ws://localhost:59354/devtoo..., se:cdpVersion: 119.0.6045.160, setWindowRect: true, strictFileInteractability: false, timeouts: {implicit: 0, pageLoad: 300000, script: 30000}, unhandledPromptBehavior: dismiss and notify, webauthn:extension:credBlob: true, webauthn:extension:largeBlob: true, webauthn:extension:minPinLength: true, webauthn:extension:prf: true, webauthn:virtualAuthenticators: true}
Session ID: a069efdb1beb8fc17574e12c96da7e75
	at java.base/jdk.internal.reflect.NativeConstructorAccessorImpl.newInstance0(Native Method)
	at java.base/jdk.internal.reflect.NativeConstructorAccessorImpl.newInstance(NativeConstructorAccessorImpl.java:77)
	at java.base/jdk.internal.reflect.DelegatingConstructorAccessorImpl.newInstance(DelegatingConstructorAccessorImpl.java:45)
	at java.base/java.lang.reflect.Constructor.newInstanceWithCaller(Constructor.java:499)
	at java.base/java.lang.reflect.Constructor.newInstance(Constructor.java:480)
	at org.openqa.selenium.remote.codec.w3c.W3CHttpResponseCodec.createException(W3CHttpResponseCodec.java:199)
	at org.openqa.selenium.remote.codec.w3c.W3CHttpResponseCodec.decode(W3CHttpResponseCodec.java:132)
	at org.openqa.selenium.remote.codec.w3c.W3CHttpResponseCodec.decode(W3CHttpResponseCodec.java:51)
	at org.openqa.selenium.remote.HttpCommandExecutor.execute(HttpCommandExecutor.java:191)
	at org.openqa.selenium.remote.service.DriverCommandExecutor.invokeExecute(DriverCommandExecutor.java:196)
	at org.openqa.selenium.remote.service.DriverCommandExecutor.execute(DriverCommandExecutor.java:171)
	at org.openqa.selenium.remote.RemoteWebDriver.execute(RemoteWebDriver.java:531)
	at org.openqa.selenium.remote.ElementLocation$ElementFinder$2.findElement(ElementLocation.java:165)
	at org.openqa.selenium.remote.ElementLocation.findElement(ElementLocation.java:59)
	at org.openqa.selenium.remote.RemoteWebDriver.findElement(RemoteWebDriver.java:350)
	at org.openqa.selenium.remote.RemoteWebDriver.findElement(RemoteWebDriver.java:344)
	at org.openqa.selenium.support.pagefactory.DefaultElementLocator.findElement(DefaultElementLocator.java:68)
	at org.openqa.selenium.support.pagefactory.internal.LocatingElementHandler.invoke(LocatingElementHandler.java:38)
	at jdk.proxy2/jdk.proxy2.$Proxy31.getWrappedElement(Unknown Source)
	at org.openqa.selenium.interactions.PointerInput$Origin.asArg(PointerInput.java:275)
	at org.openqa.selenium.interactions.PointerInput$Move.encode(PointerInput.java:224)
	at org.openqa.selenium.interactions.Sequence.encode(Sequence.java:72)
	at org.openqa.selenium.interactions.Sequence.toJson(Sequence.java:81)
	... 66 more
]]></failure>
    <system-out><![CDATA[06:34:50.306 [main] INFO  com.AutomationJiviewsGeneric.BaseClass - Screenshot captured for test failure. View it at: C:\Development\Automation\Jiviewsrpav2\.\ScreenShot\roasterSetupTest.png
]]></system-out>
  </testcase>
  <testcase name="testCreateSCR" classname="com.JiviewsAutomation.SystemDefination_Test.SCRTest" time="13.237">
    <system-out><![CDATA[Logout
06:35:08.006 [main] INFO  com.AutomationJiviewsGeneric.BaseClass - Logout from Jivi application
06:35:08.006 [main] INFO  com.AutomationJiviewsGeneric.BaseClass - Close Browser...
06:35:08.938 [main] INFO  com.AutomationJiviewsGeneric.BaseClass - Open Browser
06:35:09.754 [main] INFO  com.AutomationJiviewsGeneric.BaseClass - Browser launched successfully
Login
06:35:09.807 [main] INFO  com.AutomationJiviewsGeneric.BaseClass - Login to the Jivi application
06:35:22.692 [main] INFO  com.AutomationJiviewsGeneric.BaseClass - Screenshot captured for test failure. View it at: C:\Development\Automation\Jiviewsrpav2\.\ScreenShot\SCRTest.png
06:35:22.692 [main] INFO  com.JiviewsAutomation.SystemDefination_Test.SCRTest - Create SCR
06:35:35.774 [main] INFO  com.JiviewsAutomation.SystemDefination_Test.SCRTest - Create a SCR is successful
]]></system-out>
    <system-err><![CDATA[Nov 24, 2023 6:35:08 AM org.openqa.selenium.remote.service.DriverService$Builder getLogOutput
INFO: Driver logs no longer sent to console by default; https://www.selenium.dev/documentation/webdriver/drivers/service/#setting-log-output
Nov 24, 2023 6:35:09 AM org.openqa.selenium.devtools.CdpVersionFinder findNearestMatch
WARNING: Unable to find CDP implementation matching 119
Nov 24, 2023 6:35:09 AM org.openqa.selenium.chromium.ChromiumDriver lambda$new$4
WARNING: Unable to find version of CDP to use for . You may need to include a dependency on a specific version of the CDP using something similar to `org.seleniumhq.selenium:selenium-devtools-v86:4.10.0` where the version ("v86") matches the version of the chromium-based browser you're using and the version number of the artifact is the same as Selenium's.
]]></system-err>
  </testcase>
  <testcase name="testUpdateSCR" classname="com.JiviewsAutomation.SystemDefination_Test.SCRTest" time="5.334">
    <system-out><![CDATA[06:35:50.849 [main] INFO  com.AutomationJiviewsGeneric.BaseClass - Screenshot captured for test failure. View it at: C:\Development\Automation\Jiviewsrpav2\.\ScreenShot\SCRTest.png
06:35:50.849 [main] INFO  com.JiviewsAutomation.SystemDefination_Test.SCRTest - Update SCR
]]></system-out>
  </testcase>
  <testcase name="testDeactivateSCR" classname="com.JiviewsAutomation.SystemDefination_Test.SCRTest" time="3.532">
    <system-out><![CDATA[06:36:06.710 [main] INFO  com.AutomationJiviewsGeneric.BaseClass - Screenshot captured for test failure. View it at: C:\Development\Automation\Jiviewsrpav2\.\ScreenShot\SCRTest.png
06:36:06.713 [main] INFO  com.JiviewsAutomation.SystemDefination_Test.SCRTest - Deactivate SCR
]]></system-out>
  </testcase>
  <testcase name="testReactivateSCR" classname="com.JiviewsAutomation.SystemDefination_Test.SCRTest" time="6.114">
    <system-out><![CDATA[06:36:20.164 [main] INFO  com.AutomationJiviewsGeneric.BaseClass - Screenshot captured for test failure. View it at: C:\Development\Automation\Jiviewsrpav2\.\ScreenShot\SCRTest.png
06:36:20.164 [main] INFO  com.JiviewsAutomation.SystemDefination_Test.SCRTest - Reactive SCR
]]></system-out>
  </testcase>
  <testcase name="verifyCreatePublicHoliday" classname="com.JiviewsAutomation.SystemDefination_Test.PublicHolidayTest" time="3.52">
    <system-out><![CDATA[Logout
06:36:24.896 [main] INFO  com.AutomationJiviewsGeneric.BaseClass - Logout from Jivi application
06:36:24.898 [main] INFO  com.AutomationJiviewsGeneric.BaseClass - Close Browser...
06:36:25.491 [main] INFO  com.AutomationJiviewsGeneric.BaseClass - Open Browser
06:36:26.451 [main] INFO  com.AutomationJiviewsGeneric.BaseClass - Browser launched successfully
Login
06:36:26.537 [main] INFO  com.AutomationJiviewsGeneric.BaseClass - Login to the Jivi application
06:36:38.797 [main] INFO  com.AutomationJiviewsGeneric.BaseClass - Screenshot captured for test failure. View it at: C:\Development\Automation\Jiviewsrpav2\.\ScreenShot\verifyCreatePublicHoliday.png
06:36:38.797 [main] INFO  com.JiviewsAutomation.SystemDefination_Test.PublicHolidayTest - Creating public holiday
06:36:41.961 [main] INFO  com.JiviewsAutomation.SystemDefination_Test.PublicHolidayTest - Public holiday creation successful
]]></system-out>
    <system-err><![CDATA[Nov 24, 2023 6:36:25 AM org.openqa.selenium.remote.service.DriverService$Builder getLogOutput
INFO: Driver logs no longer sent to console by default; https://www.selenium.dev/documentation/webdriver/drivers/service/#setting-log-output
Nov 24, 2023 6:36:26 AM org.openqa.selenium.devtools.CdpVersionFinder findNearestMatch
WARNING: Unable to find CDP implementation matching 119
Nov 24, 2023 6:36:26 AM org.openqa.selenium.chromium.ChromiumDriver lambda$new$4
WARNING: Unable to find version of CDP to use for . You may need to include a dependency on a specific version of the CDP using something similar to `org.seleniumhq.selenium:selenium-devtools-v86:4.10.0` where the version ("v86") matches the version of the chromium-based browser you're using and the version number of the artifact is the same as Selenium's.
]]></system-err>
  </testcase>
  <testcase name="verifyUpdatePublicHoliday" classname="com.JiviewsAutomation.SystemDefination_Test.PublicHolidayTest" time="4.929">
    <system-out><![CDATA[06:36:48.466 [main] INFO  com.AutomationJiviewsGeneric.BaseClass - Screenshot captured for test failure. View it at: C:\Development\Automation\Jiviewsrpav2\.\ScreenShot\verifyUpdatePublicHoliday.png
06:36:48.466 [main] INFO  com.JiviewsAutomation.SystemDefination_Test.PublicHolidayTest - Updating public holiday
06:36:53.107 [main] INFO  com.JiviewsAutomation.SystemDefination_Test.PublicHolidayTest - Public holiday update successful
]]></system-out>
  </testcase>
  <testcase name="verifyDeletePublicHoliday" classname="com.JiviewsAutomation.SystemDefination_Test.PublicHolidayTest" time="1.164">
    <system-out><![CDATA[06:37:01.202 [main] INFO  com.AutomationJiviewsGeneric.BaseClass - Screenshot captured for test failure. View it at: C:\Development\Automation\Jiviewsrpav2\.\ScreenShot\verifyDeletePublicHoliday.png
06:37:01.202 [main] INFO  com.JiviewsAutomation.SystemDefination_Test.PublicHolidayTest - Deleting public holiday
06:37:02.016 [main] INFO  com.JiviewsAutomation.SystemDefination_Test.PublicHolidayTest - Deactivate public holiday successful
]]></system-out>
  </testcase>
  <testcase name="verifyCreateEmpProfile" classname="com.JiviewsAutomation.SystemDefination_Test.EmpAdmEmployeeProfileTest" time="49.305">
    <system-out><![CDATA[Logout
06:37:02.023 [main] INFO  com.AutomationJiviewsGeneric.BaseClass - Logout from Jivi application
06:37:02.024 [main] INFO  com.AutomationJiviewsGeneric.BaseClass - Close Browser...
06:37:02.712 [main] INFO  com.AutomationJiviewsGeneric.BaseClass - Open Browser
06:37:03.553 [main] INFO  com.AutomationJiviewsGeneric.BaseClass - Browser launched successfully
Login
06:37:03.617 [main] INFO  com.AutomationJiviewsGeneric.BaseClass - Login to the Jivi application
06:37:12.662 [main] INFO  com.AutomationJiviewsGeneric.BaseClass - Screenshot captured for test failure. View it at: C:\Development\Automation\Jiviewsrpav2\.\ScreenShot\EmpAdmEmployeeProfileTest.png
06:37:12.663 [main] INFO  com.JiviewsAutomation.SystemDefination_Test.EmpAdmEmployeeProfileTest - Creating Employee Profile...
06:37:23.201 [main] INFO  com.AutomationJiviewsPOM.EmpAdmEmployeeProfilePage - Choosing Male gender...
06:37:23.411 [main] INFO  com.AutomationJiviewsPOM.EmpAdmEmployeeProfilePage - Male gender selected.
06:38:01.834 [main] INFO  com.JiviewsAutomation.SystemDefination_Test.EmpAdmEmployeeProfileTest - Employee Profile creation successful
]]></system-out>
    <system-err><![CDATA[Nov 24, 2023 6:37:02 AM org.openqa.selenium.remote.service.DriverService$Builder getLogOutput
INFO: Driver logs no longer sent to console by default; https://www.selenium.dev/documentation/webdriver/drivers/service/#setting-log-output
Nov 24, 2023 6:37:03 AM org.openqa.selenium.devtools.CdpVersionFinder findNearestMatch
WARNING: Unable to find CDP implementation matching 119
Nov 24, 2023 6:37:03 AM org.openqa.selenium.chromium.ChromiumDriver lambda$new$4
WARNING: Unable to find version of CDP to use for . You may need to include a dependency on a specific version of the CDP using something similar to `org.seleniumhq.selenium:selenium-devtools-v86:4.10.0` where the version ("v86") matches the version of the chromium-based browser you're using and the version number of the artifact is the same as Selenium's.
]]></system-err>
  </testcase>
  <testcase name="verifyUpdateEmpProfile" classname="com.JiviewsAutomation.SystemDefination_Test.EmpAdmEmployeeProfileTest" time="45.295">
    <system-out><![CDATA[06:38:15.221 [main] INFO  com.AutomationJiviewsGeneric.BaseClass - Screenshot captured for test failure. View it at: C:\Development\Automation\Jiviewsrpav2\.\ScreenShot\EmpAdmEmployeeProfileTest.png
06:38:15.221 [main] INFO  com.JiviewsAutomation.SystemDefination_Test.EmpAdmEmployeeProfileTest - Updating Employee Profile...
06:39:00.363 [main] INFO  com.JiviewsAutomation.SystemDefination_Test.EmpAdmEmployeeProfileTest - Employee Profile updated
]]></system-out>
  </testcase>
  <testcase name="verifyDuplicateEmpProfile" classname="com.JiviewsAutomation.SystemDefination_Test.EmpAdmEmployeeProfileTest" time="22.167">
    <failure message="no such element: Unable to locate element: {&quot;method&quot;:&quot;xpath&quot;,&quot;selector&quot;:&quot;//div[text()=&apos;Employee Profile created successfully&apos;]&quot;}&#10;  (Session info: chrome=119.0.6045.160)&#10;For documentation on this error, please visit: https://www.selenium.dev/documentation/webdriver/troubleshooting/errors#no-such-element-exception&#10;Build info: version: &apos;4.10.0&apos;, revision: &apos;c14d967899&apos;&#10;System info: os.name: &apos;Windows 11&apos;, os.arch: &apos;amd64&apos;, os.version: &apos;10.0&apos;, java.version: &apos;17.0.8.1&apos;&#10;Driver info: org.openqa.selenium.chrome.ChromeDriver&#10;Command: [6b12d92427b3b5094b23238fe186353c, findElement {using=xpath, value=//div[text()=&apos;Employee Profile created successfully&apos;]}]&#10;Capabilities {acceptInsecureCerts: false, browserName: chrome, browserVersion: 119.0.6045.160, chrome: {chromedriverVersion: 119.0.6045.105 (38c72552c5e..., userDataDir: C:\Users\kumar\AppData\Loca...}, fedcm:accounts: true, goog:chromeOptions: {debuggerAddress: localhost:59442}, networkConnectionEnabled: false, pageLoadStrategy: normal, platformName: windows, proxy: Proxy(), se:cdp: ws://localhost:59442/devtoo..., se:cdpVersion: 119.0.6045.160, setWindowRect: true, strictFileInteractability: false, timeouts: {implicit: 0, pageLoad: 300000, script: 30000}, unhandledPromptBehavior: dismiss and notify, webauthn:extension:credBlob: true, webauthn:extension:largeBlob: true, webauthn:extension:minPinLength: true, webauthn:extension:prf: true, webauthn:virtualAuthenticators: true}&#10;Session ID: 6b12d92427b3b5094b23238fe186353c" type="org.openqa.selenium.NoSuchElementException"><![CDATA[org.openqa.selenium.NoSuchElementException: 
no such element: Unable to locate element: {"method":"xpath","selector":"//div[text()='Employee Profile created successfully']"}
  (Session info: chrome=119.0.6045.160)
For documentation on this error, please visit: https://www.selenium.dev/documentation/webdriver/troubleshooting/errors#no-such-element-exception
Build info: version: '4.10.0', revision: 'c14d967899'
System info: os.name: 'Windows 11', os.arch: 'amd64', os.version: '10.0', java.version: '17.0.8.1'
Driver info: org.openqa.selenium.chrome.ChromeDriver
Command: [6b12d92427b3b5094b23238fe186353c, findElement {using=xpath, value=//div[text()='Employee Profile created successfully']}]
Capabilities {acceptInsecureCerts: false, browserName: chrome, browserVersion: 119.0.6045.160, chrome: {chromedriverVersion: 119.0.6045.105 (38c72552c5e..., userDataDir: C:\Users\kumar\AppData\Loca...}, fedcm:accounts: true, goog:chromeOptions: {debuggerAddress: localhost:59442}, networkConnectionEnabled: false, pageLoadStrategy: normal, platformName: windows, proxy: Proxy(), se:cdp: ws://localhost:59442/devtoo..., se:cdpVersion: 119.0.6045.160, setWindowRect: true, strictFileInteractability: false, timeouts: {implicit: 0, pageLoad: 300000, script: 30000}, unhandledPromptBehavior: dismiss and notify, webauthn:extension:credBlob: true, webauthn:extension:largeBlob: true, webauthn:extension:minPinLength: true, webauthn:extension:prf: true, webauthn:virtualAuthenticators: true}
Session ID: 6b12d92427b3b5094b23238fe186353c
	at java.base/jdk.internal.reflect.NativeConstructorAccessorImpl.newInstance0(Native Method)
	at java.base/jdk.internal.reflect.NativeConstructorAccessorImpl.newInstance(NativeConstructorAccessorImpl.java:77)
	at java.base/jdk.internal.reflect.DelegatingConstructorAccessorImpl.newInstance(DelegatingConstructorAccessorImpl.java:45)
	at java.base/java.lang.reflect.Constructor.newInstanceWithCaller(Constructor.java:499)
	at java.base/java.lang.reflect.Constructor.newInstance(Constructor.java:480)
	at org.openqa.selenium.remote.codec.w3c.W3CHttpResponseCodec.createException(W3CHttpResponseCodec.java:199)
	at org.openqa.selenium.remote.codec.w3c.W3CHttpResponseCodec.decode(W3CHttpResponseCodec.java:132)
	at org.openqa.selenium.remote.codec.w3c.W3CHttpResponseCodec.decode(W3CHttpResponseCodec.java:51)
	at org.openqa.selenium.remote.HttpCommandExecutor.execute(HttpCommandExecutor.java:191)
	at org.openqa.selenium.remote.service.DriverCommandExecutor.invokeExecute(DriverCommandExecutor.java:196)
	at org.openqa.selenium.remote.service.DriverCommandExecutor.execute(DriverCommandExecutor.java:171)
	at org.openqa.selenium.remote.RemoteWebDriver.execute(RemoteWebDriver.java:531)
	at org.openqa.selenium.remote.ElementLocation$ElementFinder$2.findElement(ElementLocation.java:165)
	at org.openqa.selenium.remote.ElementLocation.findElement(ElementLocation.java:59)
	at org.openqa.selenium.remote.RemoteWebDriver.findElement(RemoteWebDriver.java:350)
	at org.openqa.selenium.remote.RemoteWebDriver.findElement(RemoteWebDriver.java:344)
	at org.openqa.selenium.support.pagefactory.DefaultElementLocator.findElement(DefaultElementLocator.java:68)
	at org.openqa.selenium.support.pagefactory.internal.LocatingElementHandler.invoke(LocatingElementHandler.java:38)
	at jdk.proxy2/jdk.proxy2.$Proxy31.getText(Unknown Source)
	at com.AutomationJiviewsPOM.EmpAdmEmployeeProfilePage.getEmployeeProfilecreatedSuccessfullyMsg(EmpAdmEmployeeProfilePage.java:1200)
	at com.AutomationJiviewsPOM.EmpAdmEmployeeProfilePage.duplicateEmpProfile(EmpAdmEmployeeProfilePage.java:1356)
	at com.JiviewsAutomation.SystemDefination_Test.EmpAdmEmployeeProfileTest.verifyDuplicateEmpProfile(EmpAdmEmployeeProfileTest.java:62)
	at java.base/jdk.internal.reflect.NativeMethodAccessorImpl.invoke0(Native Method)
	at java.base/jdk.internal.reflect.NativeMethodAccessorImpl.invoke(NativeMethodAccessorImpl.java:77)
	at java.base/jdk.internal.reflect.DelegatingMethodAccessorImpl.invoke(DelegatingMethodAccessorImpl.java:43)
	at java.base/java.lang.reflect.Method.invoke(Method.java:568)
	at org.testng.internal.MethodInvocationHelper.invokeMethod(MethodInvocationHelper.java:124)
	at org.testng.internal.Invoker.invokeMethod(Invoker.java:583)
	at org.testng.internal.Invoker.invokeTestMethod(Invoker.java:719)
	at org.testng.internal.Invoker.invokeTestMethods(Invoker.java:989)
	at org.testng.internal.TestMethodWorker.invokeTestMethods(TestMethodWorker.java:125)
	at org.testng.internal.TestMethodWorker.run(TestMethodWorker.java:109)
	at org.testng.TestRunner.privateRun(TestRunner.java:648)
	at org.testng.TestRunner.run(TestRunner.java:505)
	at org.testng.SuiteRunner.runTest(SuiteRunner.java:455)
	at org.testng.SuiteRunner.runSequentially(SuiteRunner.java:450)
	at org.testng.SuiteRunner.privateRun(SuiteRunner.java:415)
	at org.testng.SuiteRunner.run(SuiteRunner.java:364)
	at org.testng.SuiteRunnerWorker.runSuite(SuiteRunnerWorker.java:52)
	at org.testng.SuiteRunnerWorker.run(SuiteRunnerWorker.java:84)
	at org.testng.TestNG.runSuitesSequentially(TestNG.java:1208)
	at org.testng.TestNG.runSuitesLocally(TestNG.java:1137)
	at org.testng.TestNG.runSuites(TestNG.java:1049)
	at org.testng.TestNG.run(TestNG.java:1017)
	at org.apache.maven.surefire.testng.TestNGExecutor.run(TestNGExecutor.java:308)
	at org.apache.maven.surefire.testng.TestNGXmlTestSuite.execute(TestNGXmlTestSuite.java:71)
	at org.apache.maven.surefire.testng.TestNGProvider.invoke(TestNGProvider.java:113)
	at org.apache.maven.surefire.booter.ForkedBooter.runSuitesInProcess(ForkedBooter.java:385)
	at org.apache.maven.surefire.booter.ForkedBooter.execute(ForkedBooter.java:162)
	at org.apache.maven.surefire.booter.ForkedBooter.run(ForkedBooter.java:507)
	at org.apache.maven.surefire.booter.ForkedBooter.main(ForkedBooter.java:495)
]]></failure>
    <system-out><![CDATA[06:39:10.887 [main] INFO  com.AutomationJiviewsGeneric.BaseClass - Screenshot captured for test failure. View it at: C:\Development\Automation\Jiviewsrpav2\.\ScreenShot\EmpAdmEmployeeProfileTest.png
06:39:10.887 [main] INFO  com.JiviewsAutomation.SystemDefination_Test.EmpAdmEmployeeProfileTest - Duplicate Employee Profile...
]]></system-out>
  </testcase>
  <testcase name="verifyDeleteEmpProfile" classname="com.JiviewsAutomation.SystemDefination_Test.EmpAdmEmployeeProfileTest" time="7.167">
    <system-out><![CDATA[06:39:40.728 [main] INFO  com.AutomationJiviewsGeneric.BaseClass - Screenshot captured for test failure. View it at: C:\Development\Automation\Jiviewsrpav2\.\ScreenShot\EmpAdmEmployeeProfileTest.png
06:39:40.728 [main] INFO  com.JiviewsAutomation.SystemDefination_Test.EmpAdmEmployeeProfileTest - Delete Employee Profile...
06:39:47.744 [main] INFO  com.JiviewsAutomation.SystemDefination_Test.EmpAdmEmployeeProfileTest - Employee Profile is successfully Ddeleted
]]></system-out>
  </testcase>
  <testcase name="verifySearchEmpProfile" classname="com.JiviewsAutomation.SystemDefination_Test.EmpAdmEmployeeProfileTest" time="2.14">
    <system-out><![CDATA[06:39:55.336 [main] INFO  com.AutomationJiviewsGeneric.BaseClass - Screenshot captured for test failure. View it at: C:\Development\Automation\Jiviewsrpav2\.\ScreenShot\EmpAdmEmployeeProfileTest.png
06:39:55.338 [main] INFO  com.JiviewsAutomation.SystemDefination_Test.EmpAdmEmployeeProfileTest - Search Employee Profile...
06:39:57.314 [main] INFO  com.JiviewsAutomation.SystemDefination_Test.EmpAdmEmployeeProfileTest - Employee Profile is successfully Searched
]]></system-out>
  </testcase>
  <testcase name="setup" classname="com.JiviewsAutomation.SystemDefination_Test.EmpAdmEmployeeProfileTest" time="9.174">
    <failure message="disconnected: not connected to DevTools&#10;  (failed to check if window was closed: disconnected: not connected to DevTools)&#10;  (Session info: chrome=119.0.6045.160)&#10;Build info: version: &apos;4.10.0&apos;, revision: &apos;c14d967899&apos;&#10;System info: os.name: &apos;Windows 11&apos;, os.arch: &apos;amd64&apos;, os.version: &apos;10.0&apos;, java.version: &apos;17.0.8.1&apos;&#10;Driver info: org.openqa.selenium.chrome.ChromeDriver&#10;Command: [6b12d92427b3b5094b23238fe186353c, findElement {using=xpath, value=//div[@id=&apos;dvOrgUnitDropdown&apos;]/a}]&#10;Capabilities {acceptInsecureCerts: false, browserName: chrome, browserVersion: 119.0.6045.160, chrome: {chromedriverVersion: 119.0.6045.105 (38c72552c5e..., userDataDir: C:\Users\kumar\AppData\Loca...}, fedcm:accounts: true, goog:chromeOptions: {debuggerAddress: localhost:59442}, networkConnectionEnabled: false, pageLoadStrategy: normal, platformName: windows, proxy: Proxy(), se:cdp: ws://localhost:59442/devtoo..., se:cdpVersion: 119.0.6045.160, setWindowRect: true, strictFileInteractability: false, timeouts: {implicit: 0, pageLoad: 300000, script: 30000}, unhandledPromptBehavior: dismiss and notify, webauthn:extension:credBlob: true, webauthn:extension:largeBlob: true, webauthn:extension:minPinLength: true, webauthn:extension:prf: true, webauthn:virtualAuthenticators: true}&#10;Session ID: 6b12d92427b3b5094b23238fe186353c" type="org.openqa.selenium.WebDriverException"><![CDATA[org.openqa.selenium.WebDriverException: 
disconnected: not connected to DevTools
  (failed to check if window was closed: disconnected: not connected to DevTools)
  (Session info: chrome=119.0.6045.160)
Build info: version: '4.10.0', revision: 'c14d967899'
System info: os.name: 'Windows 11', os.arch: 'amd64', os.version: '10.0', java.version: '17.0.8.1'
Driver info: org.openqa.selenium.chrome.ChromeDriver
Command: [6b12d92427b3b5094b23238fe186353c, findElement {using=xpath, value=//div[@id='dvOrgUnitDropdown']/a}]
Capabilities {acceptInsecureCerts: false, browserName: chrome, browserVersion: 119.0.6045.160, chrome: {chromedriverVersion: 119.0.6045.105 (38c72552c5e..., userDataDir: C:\Users\kumar\AppData\Loca...}, fedcm:accounts: true, goog:chromeOptions: {debuggerAddress: localhost:59442}, networkConnectionEnabled: false, pageLoadStrategy: normal, platformName: windows, proxy: Proxy(), se:cdp: ws://localhost:59442/devtoo..., se:cdpVersion: 119.0.6045.160, setWindowRect: true, strictFileInteractability: false, timeouts: {implicit: 0, pageLoad: 300000, script: 30000}, unhandledPromptBehavior: dismiss and notify, webauthn:extension:credBlob: true, webauthn:extension:largeBlob: true, webauthn:extension:minPinLength: true, webauthn:extension:prf: true, webauthn:virtualAuthenticators: true}
Session ID: 6b12d92427b3b5094b23238fe186353c
	at java.base/jdk.internal.reflect.NativeConstructorAccessorImpl.newInstance0(Native Method)
	at java.base/jdk.internal.reflect.NativeConstructorAccessorImpl.newInstance(NativeConstructorAccessorImpl.java:77)
	at java.base/jdk.internal.reflect.DelegatingConstructorAccessorImpl.newInstance(DelegatingConstructorAccessorImpl.java:45)
	at java.base/java.lang.reflect.Constructor.newInstanceWithCaller(Constructor.java:499)
	at java.base/java.lang.reflect.Constructor.newInstance(Constructor.java:480)
	at org.openqa.selenium.remote.codec.w3c.W3CHttpResponseCodec.createException(W3CHttpResponseCodec.java:199)
	at org.openqa.selenium.remote.codec.w3c.W3CHttpResponseCodec.decode(W3CHttpResponseCodec.java:132)
	at org.openqa.selenium.remote.codec.w3c.W3CHttpResponseCodec.decode(W3CHttpResponseCodec.java:51)
	at org.openqa.selenium.remote.HttpCommandExecutor.execute(HttpCommandExecutor.java:191)
	at org.openqa.selenium.remote.service.DriverCommandExecutor.invokeExecute(DriverCommandExecutor.java:196)
	at org.openqa.selenium.remote.service.DriverCommandExecutor.execute(DriverCommandExecutor.java:171)
	at org.openqa.selenium.remote.RemoteWebDriver.execute(RemoteWebDriver.java:531)
	at org.openqa.selenium.remote.ElementLocation$ElementFinder$2.findElement(ElementLocation.java:165)
	at org.openqa.selenium.remote.ElementLocation.findElement(ElementLocation.java:59)
	at org.openqa.selenium.remote.RemoteWebDriver.findElement(RemoteWebDriver.java:350)
	at org.openqa.selenium.remote.RemoteWebDriver.findElement(RemoteWebDriver.java:344)
	at org.openqa.selenium.support.pagefactory.DefaultElementLocator.findElement(DefaultElementLocator.java:68)
	at org.openqa.selenium.support.pagefactory.internal.LocatingElementHandler.invoke(LocatingElementHandler.java:38)
	at jdk.proxy2/jdk.proxy2.$Proxy31.click(Unknown Source)
	at com.AutomationJiviewsPOM.HomePage.setOrgUnit(HomePage.java:39)
	at com.JiviewsAutomation.SystemDefination_Test.EmpAdmEmployeeProfileTest.setup(EmpAdmEmployeeProfileTest.java:34)
	at java.base/jdk.internal.reflect.NativeMethodAccessorImpl.invoke0(Native Method)
	at java.base/jdk.internal.reflect.NativeMethodAccessorImpl.invoke(NativeMethodAccessorImpl.java:77)
	at java.base/jdk.internal.reflect.DelegatingMethodAccessorImpl.invoke(DelegatingMethodAccessorImpl.java:43)
	at java.base/java.lang.reflect.Method.invoke(Method.java:568)
	at org.testng.internal.MethodInvocationHelper.invokeMethod(MethodInvocationHelper.java:124)
	at org.testng.internal.MethodInvocationHelper.invokeMethodConsideringTimeout(MethodInvocationHelper.java:59)
	at org.testng.internal.Invoker.invokeConfigurationMethod(Invoker.java:458)
	at org.testng.internal.Invoker.invokeConfigurations(Invoker.java:222)
	at org.testng.internal.Invoker.invokeMethod(Invoker.java:523)
	at org.testng.internal.Invoker.invokeTestMethod(Invoker.java:719)
	at org.testng.internal.Invoker.invokeTestMethods(Invoker.java:989)
	at org.testng.internal.TestMethodWorker.invokeTestMethods(TestMethodWorker.java:125)
	at org.testng.internal.TestMethodWorker.run(TestMethodWorker.java:109)
	at org.testng.TestRunner.privateRun(TestRunner.java:648)
	at org.testng.TestRunner.run(TestRunner.java:505)
	at org.testng.SuiteRunner.runTest(SuiteRunner.java:455)
	at org.testng.SuiteRunner.runSequentially(SuiteRunner.java:450)
	at org.testng.SuiteRunner.privateRun(SuiteRunner.java:415)
	at org.testng.SuiteRunner.run(SuiteRunner.java:364)
	at org.testng.SuiteRunnerWorker.runSuite(SuiteRunnerWorker.java:52)
	at org.testng.SuiteRunnerWorker.run(SuiteRunnerWorker.java:84)
	at org.testng.TestNG.runSuitesSequentially(TestNG.java:1208)
	at org.testng.TestNG.runSuitesLocally(TestNG.java:1137)
	at org.testng.TestNG.runSuites(TestNG.java:1049)
	at org.testng.TestNG.run(TestNG.java:1017)
	at org.apache.maven.surefire.testng.TestNGExecutor.run(TestNGExecutor.java:308)
	at org.apache.maven.surefire.testng.TestNGXmlTestSuite.execute(TestNGXmlTestSuite.java:71)
	at org.apache.maven.surefire.testng.TestNGProvider.invoke(TestNGProvider.java:113)
	at org.apache.maven.surefire.booter.ForkedBooter.runSuitesInProcess(ForkedBooter.java:385)
	at org.apache.maven.surefire.booter.ForkedBooter.execute(ForkedBooter.java:162)
	at org.apache.maven.surefire.booter.ForkedBooter.run(ForkedBooter.java:507)
	at org.apache.maven.surefire.booter.ForkedBooter.main(ForkedBooter.java:495)
]]></failure>
  </testcase>
  <testcase name="setup" classname="com.JiviewsAutomation.SystemDefination_Test.EmpAdmEmployeeProfileTest" time="0.0">
    <skipped/>
  </testcase>
  <testcase name="setup" classname="com.JiviewsAutomation.SystemDefination_Test.EmpAdmEmployeeProfileTest" time="0.0">
    <skipped/>
  </testcase>
  <testcase name="setup" classname="com.JiviewsAutomation.SystemDefination_Test.EmpAdmEmployeeProfileTest" time="0.0">
    <skipped/>
  </testcase>
  <testcase name="setup" classname="com.JiviewsAutomation.SystemDefination_Test.EmpAdmEmployeeProfileTest" time="0.0">
    <skipped/>
  </testcase>
  <testcase name="setup" classname="com.JiviewsAutomation.SystemDefination_Test.EmpAdmEmployeeProfileTest" time="0.0">
    <skipped/>
  </testcase>
  <testcase name="verifysearchRosterGroup" classname="com.JiviewsAutomation.SystemDefination_Test.EmpAdmEmployeeProfileTest" time="0.0">
    <skipped message="disconnected: not connected to DevTools&#10;  (failed to check if window was closed: disconnected: not connected to DevTools)&#10;  (Session info: chrome=119.0.6045.160)&#10;Build info: version: &apos;4.10.0&apos;, revision: &apos;c14d967899&apos;&#10;System info: os.name: &apos;Windows 11&apos;, os.arch: &apos;amd64&apos;, os.version: &apos;10.0&apos;, java.version: &apos;17.0.8.1&apos;&#10;Driver info: org.openqa.selenium.chrome.ChromeDriver&#10;Command: [6b12d92427b3b5094b23238fe186353c, findElement {using=xpath, value=//div[@id=&apos;dvOrgUnitDropdown&apos;]/a}]&#10;Capabilities {acceptInsecureCerts: false, browserName: chrome, browserVersion: 119.0.6045.160, chrome: {chromedriverVersion: 119.0.6045.105 (38c72552c5e..., userDataDir: C:\Users\kumar\AppData\Loca...}, fedcm:accounts: true, goog:chromeOptions: {debuggerAddress: localhost:59442}, networkConnectionEnabled: false, pageLoadStrategy: normal, platformName: windows, proxy: Proxy(), se:cdp: ws://localhost:59442/devtoo..., se:cdpVersion: 119.0.6045.160, setWindowRect: true, strictFileInteractability: false, timeouts: {implicit: 0, pageLoad: 300000, script: 30000}, unhandledPromptBehavior: dismiss and notify, webauthn:extension:credBlob: true, webauthn:extension:largeBlob: true, webauthn:extension:minPinLength: true, webauthn:extension:prf: true, webauthn:virtualAuthenticators: true}&#10;Session ID: 6b12d92427b3b5094b23238fe186353c"/>
  </testcase>
  <testcase name="verifysearchRoleGroup" classname="com.JiviewsAutomation.SystemDefination_Test.EmpAdmEmployeeProfileTest" time="0.0">
    <skipped message="disconnected: not connected to DevTools&#10;  (failed to check if window was closed: disconnected: not connected to DevTools)&#10;  (Session info: chrome=119.0.6045.160)&#10;Build info: version: &apos;4.10.0&apos;, revision: &apos;c14d967899&apos;&#10;System info: os.name: &apos;Windows 11&apos;, os.arch: &apos;amd64&apos;, os.version: &apos;10.0&apos;, java.version: &apos;17.0.8.1&apos;&#10;Driver info: org.openqa.selenium.chrome.ChromeDriver&#10;Command: [6b12d92427b3b5094b23238fe186353c, findElement {using=xpath, value=//div[@id=&apos;dvOrgUnitDropdown&apos;]/a}]&#10;Capabilities {acceptInsecureCerts: false, browserName: chrome, browserVersion: 119.0.6045.160, chrome: {chromedriverVersion: 119.0.6045.105 (38c72552c5e..., userDataDir: C:\Users\kumar\AppData\Loca...}, fedcm:accounts: true, goog:chromeOptions: {debuggerAddress: localhost:59442}, networkConnectionEnabled: false, pageLoadStrategy: normal, platformName: windows, proxy: Proxy(), se:cdp: ws://localhost:59442/devtoo..., se:cdpVersion: 119.0.6045.160, setWindowRect: true, strictFileInteractability: false, timeouts: {implicit: 0, pageLoad: 300000, script: 30000}, unhandledPromptBehavior: dismiss and notify, webauthn:extension:credBlob: true, webauthn:extension:largeBlob: true, webauthn:extension:minPinLength: true, webauthn:extension:prf: true, webauthn:virtualAuthenticators: true}&#10;Session ID: 6b12d92427b3b5094b23238fe186353c"/>
  </testcase>
  <testcase name="verifysearchEmpStatus" classname="com.JiviewsAutomation.SystemDefination_Test.EmpAdmEmployeeProfileTest" time="0.0">
    <skipped message="disconnected: not connected to DevTools&#10;  (failed to check if window was closed: disconnected: not connected to DevTools)&#10;  (Session info: chrome=119.0.6045.160)&#10;Build info: version: &apos;4.10.0&apos;, revision: &apos;c14d967899&apos;&#10;System info: os.name: &apos;Windows 11&apos;, os.arch: &apos;amd64&apos;, os.version: &apos;10.0&apos;, java.version: &apos;17.0.8.1&apos;&#10;Driver info: org.openqa.selenium.chrome.ChromeDriver&#10;Command: [6b12d92427b3b5094b23238fe186353c, findElement {using=xpath, value=//div[@id=&apos;dvOrgUnitDropdown&apos;]/a}]&#10;Capabilities {acceptInsecureCerts: false, browserName: chrome, browserVersion: 119.0.6045.160, chrome: {chromedriverVersion: 119.0.6045.105 (38c72552c5e..., userDataDir: C:\Users\kumar\AppData\Loca...}, fedcm:accounts: true, goog:chromeOptions: {debuggerAddress: localhost:59442}, networkConnectionEnabled: false, pageLoadStrategy: normal, platformName: windows, proxy: Proxy(), se:cdp: ws://localhost:59442/devtoo..., se:cdpVersion: 119.0.6045.160, setWindowRect: true, strictFileInteractability: false, timeouts: {implicit: 0, pageLoad: 300000, script: 30000}, unhandledPromptBehavior: dismiss and notify, webauthn:extension:credBlob: true, webauthn:extension:largeBlob: true, webauthn:extension:minPinLength: true, webauthn:extension:prf: true, webauthn:virtualAuthenticators: true}&#10;Session ID: 6b12d92427b3b5094b23238fe186353c"/>
  </testcase>
  <testcase name="verifyEmpNoInSearchBar" classname="com.JiviewsAutomation.SystemDefination_Test.EmpAdmEmployeeProfileTest" time="0.0">
    <skipped message="disconnected: not connected to DevTools&#10;  (failed to check if window was closed: disconnected: not connected to DevTools)&#10;  (Session info: chrome=119.0.6045.160)&#10;Build info: version: &apos;4.10.0&apos;, revision: &apos;c14d967899&apos;&#10;System info: os.name: &apos;Windows 11&apos;, os.arch: &apos;amd64&apos;, os.version: &apos;10.0&apos;, java.version: &apos;17.0.8.1&apos;&#10;Driver info: org.openqa.selenium.chrome.ChromeDriver&#10;Command: [6b12d92427b3b5094b23238fe186353c, findElement {using=xpath, value=//div[@id=&apos;dvOrgUnitDropdown&apos;]/a}]&#10;Capabilities {acceptInsecureCerts: false, browserName: chrome, browserVersion: 119.0.6045.160, chrome: {chromedriverVersion: 119.0.6045.105 (38c72552c5e..., userDataDir: C:\Users\kumar\AppData\Loca...}, fedcm:accounts: true, goog:chromeOptions: {debuggerAddress: localhost:59442}, networkConnectionEnabled: false, pageLoadStrategy: normal, platformName: windows, proxy: Proxy(), se:cdp: ws://localhost:59442/devtoo..., se:cdpVersion: 119.0.6045.160, setWindowRect: true, strictFileInteractability: false, timeouts: {implicit: 0, pageLoad: 300000, script: 30000}, unhandledPromptBehavior: dismiss and notify, webauthn:extension:credBlob: true, webauthn:extension:largeBlob: true, webauthn:extension:minPinLength: true, webauthn:extension:prf: true, webauthn:virtualAuthenticators: true}&#10;Session ID: 6b12d92427b3b5094b23238fe186353c"/>
  </testcase>
  <testcase name="verifyTerminateEmpProfile" classname="com.JiviewsAutomation.SystemDefination_Test.EmpAdmEmployeeProfileTest" time="0.0">
    <skipped message="disconnected: not connected to DevTools&#10;  (failed to check if window was closed: disconnected: not connected to DevTools)&#10;  (Session info: chrome=119.0.6045.160)&#10;Build info: version: &apos;4.10.0&apos;, revision: &apos;c14d967899&apos;&#10;System info: os.name: &apos;Windows 11&apos;, os.arch: &apos;amd64&apos;, os.version: &apos;10.0&apos;, java.version: &apos;17.0.8.1&apos;&#10;Driver info: org.openqa.selenium.chrome.ChromeDriver&#10;Command: [6b12d92427b3b5094b23238fe186353c, findElement {using=xpath, value=//div[@id=&apos;dvOrgUnitDropdown&apos;]/a}]&#10;Capabilities {acceptInsecureCerts: false, browserName: chrome, browserVersion: 119.0.6045.160, chrome: {chromedriverVersion: 119.0.6045.105 (38c72552c5e..., userDataDir: C:\Users\kumar\AppData\Loca...}, fedcm:accounts: true, goog:chromeOptions: {debuggerAddress: localhost:59442}, networkConnectionEnabled: false, pageLoadStrategy: normal, platformName: windows, proxy: Proxy(), se:cdp: ws://localhost:59442/devtoo..., se:cdpVersion: 119.0.6045.160, setWindowRect: true, strictFileInteractability: false, timeouts: {implicit: 0, pageLoad: 300000, script: 30000}, unhandledPromptBehavior: dismiss and notify, webauthn:extension:credBlob: true, webauthn:extension:largeBlob: true, webauthn:extension:minPinLength: true, webauthn:extension:prf: true, webauthn:virtualAuthenticators: true}&#10;Session ID: 6b12d92427b3b5094b23238fe186353c"/>
  </testcase>
  <testcase name="verifyreactivateEmpProfile" classname="com.JiviewsAutomation.SystemDefination_Test.EmpAdmEmployeeProfileTest" time="0.0">
    <skipped message="disconnected: not connected to DevTools&#10;  (failed to check if window was closed: disconnected: not connected to DevTools)&#10;  (Session info: chrome=119.0.6045.160)&#10;Build info: version: &apos;4.10.0&apos;, revision: &apos;c14d967899&apos;&#10;System info: os.name: &apos;Windows 11&apos;, os.arch: &apos;amd64&apos;, os.version: &apos;10.0&apos;, java.version: &apos;17.0.8.1&apos;&#10;Driver info: org.openqa.selenium.chrome.ChromeDriver&#10;Command: [6b12d92427b3b5094b23238fe186353c, findElement {using=xpath, value=//div[@id=&apos;dvOrgUnitDropdown&apos;]/a}]&#10;Capabilities {acceptInsecureCerts: false, browserName: chrome, browserVersion: 119.0.6045.160, chrome: {chromedriverVersion: 119.0.6045.105 (38c72552c5e..., userDataDir: C:\Users\kumar\AppData\Loca...}, fedcm:accounts: true, goog:chromeOptions: {debuggerAddress: localhost:59442}, networkConnectionEnabled: false, pageLoadStrategy: normal, platformName: windows, proxy: Proxy(), se:cdp: ws://localhost:59442/devtoo..., se:cdpVersion: 119.0.6045.160, setWindowRect: true, strictFileInteractability: false, timeouts: {implicit: 0, pageLoad: 300000, script: 30000}, unhandledPromptBehavior: dismiss and notify, webauthn:extension:credBlob: true, webauthn:extension:largeBlob: true, webauthn:extension:minPinLength: true, webauthn:extension:prf: true, webauthn:virtualAuthenticators: true}&#10;Session ID: 6b12d92427b3b5094b23238fe186353c"/>
  </testcase>
  <testcase name="afterTestMethod" classname="com.JiviewsAutomation.SystemDefination_Test.EmpAdmEmployeeProfileTest" time="0.0">
    <skipped/>
  </testcase>
  <testcase name="closeBrowser" classname="com.JiviewsAutomation.SystemDefination_Test.EmpAdmEmployeeProfileTest" time="0.0">
    <skipped/>
  </testcase>
</testsuite>