<?xml version="1.0" encoding="UTF-8"?>
<testsuite xmlns:xsi="http://www.w3.org/2001/XMLSchema-instance" xsi:noNamespaceSchemaLocation="https://maven.apache.org/surefire/maven-surefire-plugin/xsd/surefire-test-report-3.0.xsd" version="3.0" name="TestSuite" time="1456.799" tests="62" errors="0" skipped="8" failures="11">
  <properties>
    <property name="java.specification.version" value="17"/>
    <property name="webdriver.chrome.driver" value="C:\Users\kumar\.cache\selenium\chromedriver\win64\119.0.6045.105\chromedriver.exe"/>
    <property name="sun.cpu.isalist" value="amd64"/>
    <property name="sun.jnu.encoding" value="Cp1252"/>
    <property name="java.class.path" value="C:\Development\Automation\Jiviewsrpav2\target\test-classes;C:\Development\Automation\Jiviewsrpav2\target\classes;C:\Users\kumar\.m2\repository\org\testng\testng\6.14.3\testng-6.14.3.jar;C:\Users\kumar\.m2\repository\com\beust\jcommander\1.72\jcommander-1.72.jar;C:\Users\kumar\.m2\repository\org\apache-extras\beanshell\bsh\2.0b6\bsh-2.0b6.jar;C:\Users\kumar\.m2\repository\org\seleniumhq\selenium\selenium-java\4.10.0\selenium-java-4.10.0.jar;C:\Users\kumar\.m2\repository\org\seleniumhq\selenium\selenium-api\4.10.0\selenium-api-4.10.0.jar;C:\Users\kumar\.m2\repository\org\seleniumhq\selenium\selenium-chrome-driver\4.10.0\selenium-chrome-driver-4.10.0.jar;C:\Users\kumar\.m2\repository\com\google\auto\service\auto-service-annotations\1.0.1\auto-service-annotations-1.0.1.jar;C:\Users\kumar\.m2\repository\com\google\auto\service\auto-service\1.0.1\auto-service-1.0.1.jar;C:\Users\kumar\.m2\repository\com\google\auto\auto-common\1.2\auto-common-1.2.jar;C:\Users\kumar\.m2\repository\com\google\guava\guava\31.1-jre\guava-31.1-jre.jar;C:\Users\kumar\.m2\repository\com\google\guava\failureaccess\1.0.1\failureaccess-1.0.1.jar;C:\Users\kumar\.m2\repository\com\google\guava\listenablefuture\9999.0-empty-to-avoid-conflict-with-guava\listenablefuture-9999.0-empty-to-avoid-conflict-with-guava.jar;C:\Users\kumar\.m2\repository\com\google\code\findbugs\jsr305\3.0.2\jsr305-3.0.2.jar;C:\Users\kumar\.m2\repository\org\checkerframework\checker-qual\3.12.0\checker-qual-3.12.0.jar;C:\Users\kumar\.m2\repository\com\google\errorprone\error_prone_annotations\2.11.0\error_prone_annotations-2.11.0.jar;C:\Users\kumar\.m2\repository\com\google\j2objc\j2objc-annotations\1.3\j2objc-annotations-1.3.jar;C:\Users\kumar\.m2\repository\org\seleniumhq\selenium\selenium-chromium-driver\4.10.0\selenium-chromium-driver-4.10.0.jar;C:\Users\kumar\.m2\repository\org\seleniumhq\selenium\selenium-json\4.10.0\selenium-json-4.10.0.jar;C:\Users\kumar\.m2\repository\org\seleniumhq\selenium\selenium-manager\4.10.0\selenium-manager-4.10.0.jar;C:\Users\kumar\.m2\repository\org\seleniumhq\selenium\selenium-devtools-v112\4.10.0\selenium-devtools-v112-4.10.0.jar;C:\Users\kumar\.m2\repository\org\seleniumhq\selenium\selenium-devtools-v113\4.10.0\selenium-devtools-v113-4.10.0.jar;C:\Users\kumar\.m2\repository\org\seleniumhq\selenium\selenium-devtools-v114\4.10.0\selenium-devtools-v114-4.10.0.jar;C:\Users\kumar\.m2\repository\org\seleniumhq\selenium\selenium-devtools-v85\4.10.0\selenium-devtools-v85-4.10.0.jar;C:\Users\kumar\.m2\repository\org\seleniumhq\selenium\selenium-edge-driver\4.10.0\selenium-edge-driver-4.10.0.jar;C:\Users\kumar\.m2\repository\org\seleniumhq\selenium\selenium-firefox-driver\4.10.0\selenium-firefox-driver-4.10.0.jar;C:\Users\kumar\.m2\repository\org\seleniumhq\selenium\selenium-http\4.10.0\selenium-http-4.10.0.jar;C:\Users\kumar\.m2\repository\dev\failsafe\failsafe\3.3.1\failsafe-3.3.1.jar;C:\Users\kumar\.m2\repository\org\seleniumhq\selenium\selenium-ie-driver\4.10.0\selenium-ie-driver-4.10.0.jar;C:\Users\kumar\.m2\repository\org\seleniumhq\selenium\selenium-remote-driver\4.10.0\selenium-remote-driver-4.10.0.jar;C:\Users\kumar\.m2\repository\io\netty\netty-buffer\4.1.92.Final\netty-buffer-4.1.92.Final.jar;C:\Users\kumar\.m2\repository\io\netty\netty-codec-http\4.1.92.Final\netty-codec-http-4.1.92.Final.jar;C:\Users\kumar\.m2\repository\io\netty\netty-codec\4.1.92.Final\netty-codec-4.1.92.Final.jar;C:\Users\kumar\.m2\repository\io\netty\netty-handler\4.1.92.Final\netty-handler-4.1.92.Final.jar;C:\Users\kumar\.m2\repository\io\netty\netty-common\4.1.92.Final\netty-common-4.1.92.Final.jar;C:\Users\kumar\.m2\repository\io\netty\netty-transport-classes-epoll\4.1.92.Final\netty-transport-classes-epoll-4.1.92.Final.jar;C:\Users\kumar\.m2\repository\io\netty\netty-transport-classes-kqueue\4.1.92.Final\netty-transport-classes-kqueue-4.1.92.Final.jar;C:\Users\kumar\.m2\repository\io\netty\netty-transport-native-epoll\4.1.92.Final\netty-transport-native-epoll-4.1.92.Final.jar;C:\Users\kumar\.m2\repository\io\netty\netty-transport-native-kqueue\4.1.92.Final\netty-transport-native-kqueue-4.1.92.Final.jar;C:\Users\kumar\.m2\repository\io\netty\netty-transport-native-unix-common\4.1.92.Final\netty-transport-native-unix-common-4.1.92.Final.jar;C:\Users\kumar\.m2\repository\io\netty\netty-transport\4.1.92.Final\netty-transport-4.1.92.Final.jar;C:\Users\kumar\.m2\repository\io\netty\netty-resolver\4.1.92.Final\netty-resolver-4.1.92.Final.jar;C:\Users\kumar\.m2\repository\io\opentelemetry\opentelemetry-api\1.26.0\opentelemetry-api-1.26.0.jar;C:\Users\kumar\.m2\repository\io\opentelemetry\opentelemetry-context\1.26.0\opentelemetry-context-1.26.0.jar;C:\Users\kumar\.m2\repository\io\opentelemetry\opentelemetry-exporter-logging\1.26.0\opentelemetry-exporter-logging-1.26.0.jar;C:\Users\kumar\.m2\repository\io\opentelemetry\opentelemetry-sdk-metrics\1.26.0\opentelemetry-sdk-metrics-1.26.0.jar;C:\Users\kumar\.m2\repository\io\opentelemetry\opentelemetry-extension-incubator\1.26.0-alpha\opentelemetry-extension-incubator-1.26.0-alpha.jar;C:\Users\kumar\.m2\repository\io\opentelemetry\opentelemetry-sdk-logs\1.26.0-alpha\opentelemetry-sdk-logs-1.26.0-alpha.jar;C:\Users\kumar\.m2\repository\io\opentelemetry\opentelemetry-api-logs\1.26.0-alpha\opentelemetry-api-logs-1.26.0-alpha.jar;C:\Users\kumar\.m2\repository\io\opentelemetry\opentelemetry-api-events\1.26.0-alpha\opentelemetry-api-events-1.26.0-alpha.jar;C:\Users\kumar\.m2\repository\io\opentelemetry\opentelemetry-sdk-common\1.26.0\opentelemetry-sdk-common-1.26.0.jar;C:\Users\kumar\.m2\repository\io\opentelemetry\opentelemetry-sdk-extension-autoconfigure-spi\1.26.0\opentelemetry-sdk-extension-autoconfigure-spi-1.26.0.jar;C:\Users\kumar\.m2\repository\io\opentelemetry\opentelemetry-sdk-extension-autoconfigure\1.26.0-alpha\opentelemetry-sdk-extension-autoconfigure-1.26.0-alpha.jar;C:\Users\kumar\.m2\repository\io\opentelemetry\opentelemetry-sdk-trace\1.26.0\opentelemetry-sdk-trace-1.26.0.jar;C:\Users\kumar\.m2\repository\io\opentelemetry\opentelemetry-sdk\1.26.0\opentelemetry-sdk-1.26.0.jar;C:\Users\kumar\.m2\repository\io\opentelemetry\opentelemetry-semconv\1.26.0-alpha\opentelemetry-semconv-1.26.0-alpha.jar;C:\Users\kumar\.m2\repository\net\bytebuddy\byte-buddy\1.14.4\byte-buddy-1.14.4.jar;C:\Users\kumar\.m2\repository\org\apache\commons\commons-exec\1.3\commons-exec-1.3.jar;C:\Users\kumar\.m2\repository\org\asynchttpclient\async-http-client\2.12.3\async-http-client-2.12.3.jar;C:\Users\kumar\.m2\repository\org\asynchttpclient\async-http-client-netty-utils\2.12.3\async-http-client-netty-utils-2.12.3.jar;C:\Users\kumar\.m2\repository\io\netty\netty-codec-socks\4.1.60.Final\netty-codec-socks-4.1.60.Final.jar;C:\Users\kumar\.m2\repository\io\netty\netty-handler-proxy\4.1.60.Final\netty-handler-proxy-4.1.60.Final.jar;C:\Users\kumar\.m2\repository\io\netty\netty-transport-native-epoll\4.1.60.Final\netty-transport-native-epoll-4.1.60.Final-linux-x86_64.jar;C:\Users\kumar\.m2\repository\io\netty\netty-transport-native-kqueue\4.1.60.Final\netty-transport-native-kqueue-4.1.60.Final-osx-x86_64.jar;C:\Users\kumar\.m2\repository\org\reactivestreams\reactive-streams\1.0.3\reactive-streams-1.0.3.jar;C:\Users\kumar\.m2\repository\com\typesafe\netty\netty-reactive-streams\2.0.4\netty-reactive-streams-2.0.4.jar;C:\Users\kumar\.m2\repository\com\sun\activation\jakarta.activation\1.2.2\jakarta.activation-1.2.2.jar;C:\Users\kumar\.m2\repository\org\seleniumhq\selenium\selenium-safari-driver\4.10.0\selenium-safari-driver-4.10.0.jar;C:\Users\kumar\.m2\repository\org\seleniumhq\selenium\selenium-support\4.10.0\selenium-support-4.10.0.jar;C:\Users\kumar\.m2\repository\io\github\bonigarcia\webdrivermanager\5.5.3\webdrivermanager-5.5.3.jar;C:\Users\kumar\.m2\repository\org\slf4j\slf4j-api\2.0.7\slf4j-api-2.0.7.jar;C:\Users\kumar\.m2\repository\com\google\code\gson\gson\2.10.1\gson-2.10.1.jar;C:\Users\kumar\.m2\repository\com\github\docker-java\docker-java\3.3.3\docker-java-3.3.3.jar;C:\Users\kumar\.m2\repository\com\github\docker-java\docker-java-core\3.3.3\docker-java-core-3.3.3.jar;C:\Users\kumar\.m2\repository\com\github\docker-java\docker-java-api\3.3.3\docker-java-api-3.3.3.jar;C:\Users\kumar\.m2\repository\com\fasterxml\jackson\core\jackson-annotations\2.10.3\jackson-annotations-2.10.3.jar;C:\Users\kumar\.m2\repository\com\fasterxml\jackson\core\jackson-databind\2.10.3\jackson-databind-2.10.3.jar;C:\Users\kumar\.m2\repository\com\fasterxml\jackson\core\jackson-core\2.10.3\jackson-core-2.10.3.jar;C:\Users\kumar\.m2\repository\org\bouncycastle\bcpkix-jdk18on\1.75\bcpkix-jdk18on-1.75.jar;C:\Users\kumar\.m2\repository\org\bouncycastle\bcprov-jdk18on\1.75\bcprov-jdk18on-1.75.jar;C:\Users\kumar\.m2\repository\org\bouncycastle\bcutil-jdk18on\1.75\bcutil-jdk18on-1.75.jar;C:\Users\kumar\.m2\repository\org\slf4j\jcl-over-slf4j\1.7.30\jcl-over-slf4j-1.7.30.jar;C:\Users\kumar\.m2\repository\com\github\docker-java\docker-java-transport-httpclient5\3.3.3\docker-java-transport-httpclient5-3.3.3.jar;C:\Users\kumar\.m2\repository\com\github\docker-java\docker-java-transport\3.3.3\docker-java-transport-3.3.3.jar;C:\Users\kumar\.m2\repository\net\java\dev\jna\jna\5.12.1\jna-5.12.1.jar;C:\Users\kumar\.m2\repository\org\brotli\dec\0.1.2\dec-0.1.2.jar;C:\Users\kumar\.m2\repository\org\apache\commons\commons-lang3\3.13.0\commons-lang3-3.13.0.jar;C:\Users\kumar\.m2\repository\org\apache\httpcomponents\client5\httpclient5\5.2.1\httpclient5-5.2.1.jar;C:\Users\kumar\.m2\repository\org\apache\httpcomponents\core5\httpcore5\5.2\httpcore5-5.2.jar;C:\Users\kumar\.m2\repository\org\apache\httpcomponents\core5\httpcore5-h2\5.2\httpcore5-h2-5.2.jar;C:\Users\kumar\.m2\repository\org\apache\poi\poi\5.2.3\poi-5.2.3.jar;C:\Users\kumar\.m2\repository\commons-codec\commons-codec\1.15\commons-codec-1.15.jar;C:\Users\kumar\.m2\repository\org\apache\commons\commons-collections4\4.4\commons-collections4-4.4.jar;C:\Users\kumar\.m2\repository\org\apache\commons\commons-math3\3.6.1\commons-math3-3.6.1.jar;C:\Users\kumar\.m2\repository\commons-io\commons-io\2.11.0\commons-io-2.11.0.jar;C:\Users\kumar\.m2\repository\com\zaxxer\SparseBitSet\1.2\SparseBitSet-1.2.jar;C:\Users\kumar\.m2\repository\org\apache\poi\poi-ooxml\5.2.3\poi-ooxml-5.2.3.jar;C:\Users\kumar\.m2\repository\org\apache\poi\poi-ooxml-lite\5.2.3\poi-ooxml-lite-5.2.3.jar;C:\Users\kumar\.m2\repository\org\apache\xmlbeans\xmlbeans\5.1.1\xmlbeans-5.1.1.jar;C:\Users\kumar\.m2\repository\org\apache\commons\commons-compress\1.21\commons-compress-1.21.jar;C:\Users\kumar\.m2\repository\com\github\virtuald\curvesapi\1.07\curvesapi-1.07.jar;C:\Users\kumar\.m2\repository\org\apache\poi\poi-ooxml-schemas\4.1.2\poi-ooxml-schemas-4.1.2.jar;C:\Users\kumar\.m2\repository\org\apache\logging\log4j\log4j-api\2.14.1\log4j-api-2.14.1.jar;C:\Users\kumar\.m2\repository\org\apache\logging\log4j\log4j-core\2.14.1\log4j-core-2.14.1.jar;C:\Users\kumar\.m2\repository\com\aventstack\extentreports\4.0.9\extentreports-4.0.9.jar;C:\Users\kumar\.m2\repository\org\freemarker\freemarker\2.3.23\freemarker-2.3.23.jar;C:\Users\kumar\.m2\repository\org\mongodb\mongodb-driver\3.3.0\mongodb-driver-3.3.0.jar;C:\Users\kumar\.m2\repository\org\mongodb\mongodb-driver-core\3.3.0\mongodb-driver-core-3.3.0.jar;C:\Users\kumar\.m2\repository\org\mongodb\bson\3.3.0\bson-3.3.0.jar;C:\Users\kumar\.m2\repository\org\apache\httpcomponents\httpclient\4.5.2\httpclient-4.5.2.jar;C:\Users\kumar\.m2\repository\org\apache\httpcomponents\httpcore\4.4.4\httpcore-4.4.4.jar;C:\Users\kumar\.m2\repository\commons-logging\commons-logging\1.2\commons-logging-1.2.jar;C:\Users\kumar\.m2\repository\org\apache\httpcomponents\httpmime\4.5.2\httpmime-4.5.2.jar;C:\Users\kumar\.m2\repository\com\github\javafaker\javafaker\1.0.2\javafaker-1.0.2.jar;C:\Users\kumar\.m2\repository\org\yaml\snakeyaml\1.23\snakeyaml-1.23-android.jar;C:\Users\kumar\.m2\repository\com\github\mifmif\generex\1.0.2\generex-1.0.2.jar;C:\Users\kumar\.m2\repository\dk\brics\automaton\automaton\1.11-8\automaton-1.11-8.jar;C:\Users\kumar\.m2\repository\org\json\json\20230618\json-20230618.jar;"/>
    <property name="java.vm.vendor" value="Eclipse Adoptium"/>
    <property name="sun.arch.data.model" value="64"/>
    <property name="user.variant" value=""/>
    <property name="java.vendor.url" value="https://adoptium.net/"/>
    <property name="user.timezone" value="Asia/Calcutta"/>
    <property name="os.name" value="Windows 11"/>
    <property name="java.vm.specification.version" value="17"/>
    <property name="sun.java.launcher" value="SUN_STANDARD"/>
    <property name="user.country" value="IN"/>
    <property name="sun.boot.library.path" value="C:\Users\kumar\.p2\pool\plugins\org.eclipse.justj.openjdk.hotspot.jre.full.win32.x86_64_17.0.8.v20230831-1047\jre\bin"/>
    <property name="sun.java.command" value="C:\Users\kumar\AppData\Local\Temp\surefire17645907432624549052\surefirebooter-20231206110135516_3.jar C:\Users\kumar\AppData\Local\Temp\surefire17645907432624549052 2023-12-06T11-01-35_406-jvmRun1 surefire-20231206110135516_1tmp surefire_0-20231206110135516_2tmp"/>
    <property name="jdk.debug" value="release"/>
    <property name="surefire.test.class.path" value="C:\Development\Automation\Jiviewsrpav2\target\test-classes;C:\Development\Automation\Jiviewsrpav2\target\classes;C:\Users\kumar\.m2\repository\org\testng\testng\6.14.3\testng-6.14.3.jar;C:\Users\kumar\.m2\repository\com\beust\jcommander\1.72\jcommander-1.72.jar;C:\Users\kumar\.m2\repository\org\apache-extras\beanshell\bsh\2.0b6\bsh-2.0b6.jar;C:\Users\kumar\.m2\repository\org\seleniumhq\selenium\selenium-java\4.10.0\selenium-java-4.10.0.jar;C:\Users\kumar\.m2\repository\org\seleniumhq\selenium\selenium-api\4.10.0\selenium-api-4.10.0.jar;C:\Users\kumar\.m2\repository\org\seleniumhq\selenium\selenium-chrome-driver\4.10.0\selenium-chrome-driver-4.10.0.jar;C:\Users\kumar\.m2\repository\com\google\auto\service\auto-service-annotations\1.0.1\auto-service-annotations-1.0.1.jar;C:\Users\kumar\.m2\repository\com\google\auto\service\auto-service\1.0.1\auto-service-1.0.1.jar;C:\Users\kumar\.m2\repository\com\google\auto\auto-common\1.2\auto-common-1.2.jar;C:\Users\kumar\.m2\repository\com\google\guava\guava\31.1-jre\guava-31.1-jre.jar;C:\Users\kumar\.m2\repository\com\google\guava\failureaccess\1.0.1\failureaccess-1.0.1.jar;C:\Users\kumar\.m2\repository\com\google\guava\listenablefuture\9999.0-empty-to-avoid-conflict-with-guava\listenablefuture-9999.0-empty-to-avoid-conflict-with-guava.jar;C:\Users\kumar\.m2\repository\com\google\code\findbugs\jsr305\3.0.2\jsr305-3.0.2.jar;C:\Users\kumar\.m2\repository\org\checkerframework\checker-qual\3.12.0\checker-qual-3.12.0.jar;C:\Users\kumar\.m2\repository\com\google\errorprone\error_prone_annotations\2.11.0\error_prone_annotations-2.11.0.jar;C:\Users\kumar\.m2\repository\com\google\j2objc\j2objc-annotations\1.3\j2objc-annotations-1.3.jar;C:\Users\kumar\.m2\repository\org\seleniumhq\selenium\selenium-chromium-driver\4.10.0\selenium-chromium-driver-4.10.0.jar;C:\Users\kumar\.m2\repository\org\seleniumhq\selenium\selenium-json\4.10.0\selenium-json-4.10.0.jar;C:\Users\kumar\.m2\repository\org\seleniumhq\selenium\selenium-manager\4.10.0\selenium-manager-4.10.0.jar;C:\Users\kumar\.m2\repository\org\seleniumhq\selenium\selenium-devtools-v112\4.10.0\selenium-devtools-v112-4.10.0.jar;C:\Users\kumar\.m2\repository\org\seleniumhq\selenium\selenium-devtools-v113\4.10.0\selenium-devtools-v113-4.10.0.jar;C:\Users\kumar\.m2\repository\org\seleniumhq\selenium\selenium-devtools-v114\4.10.0\selenium-devtools-v114-4.10.0.jar;C:\Users\kumar\.m2\repository\org\seleniumhq\selenium\selenium-devtools-v85\4.10.0\selenium-devtools-v85-4.10.0.jar;C:\Users\kumar\.m2\repository\org\seleniumhq\selenium\selenium-edge-driver\4.10.0\selenium-edge-driver-4.10.0.jar;C:\Users\kumar\.m2\repository\org\seleniumhq\selenium\selenium-firefox-driver\4.10.0\selenium-firefox-driver-4.10.0.jar;C:\Users\kumar\.m2\repository\org\seleniumhq\selenium\selenium-http\4.10.0\selenium-http-4.10.0.jar;C:\Users\kumar\.m2\repository\dev\failsafe\failsafe\3.3.1\failsafe-3.3.1.jar;C:\Users\kumar\.m2\repository\org\seleniumhq\selenium\selenium-ie-driver\4.10.0\selenium-ie-driver-4.10.0.jar;C:\Users\kumar\.m2\repository\org\seleniumhq\selenium\selenium-remote-driver\4.10.0\selenium-remote-driver-4.10.0.jar;C:\Users\kumar\.m2\repository\io\netty\netty-buffer\4.1.92.Final\netty-buffer-4.1.92.Final.jar;C:\Users\kumar\.m2\repository\io\netty\netty-codec-http\4.1.92.Final\netty-codec-http-4.1.92.Final.jar;C:\Users\kumar\.m2\repository\io\netty\netty-codec\4.1.92.Final\netty-codec-4.1.92.Final.jar;C:\Users\kumar\.m2\repository\io\netty\netty-handler\4.1.92.Final\netty-handler-4.1.92.Final.jar;C:\Users\kumar\.m2\repository\io\netty\netty-common\4.1.92.Final\netty-common-4.1.92.Final.jar;C:\Users\kumar\.m2\repository\io\netty\netty-transport-classes-epoll\4.1.92.Final\netty-transport-classes-epoll-4.1.92.Final.jar;C:\Users\kumar\.m2\repository\io\netty\netty-transport-classes-kqueue\4.1.92.Final\netty-transport-classes-kqueue-4.1.92.Final.jar;C:\Users\kumar\.m2\repository\io\netty\netty-transport-native-epoll\4.1.92.Final\netty-transport-native-epoll-4.1.92.Final.jar;C:\Users\kumar\.m2\repository\io\netty\netty-transport-native-kqueue\4.1.92.Final\netty-transport-native-kqueue-4.1.92.Final.jar;C:\Users\kumar\.m2\repository\io\netty\netty-transport-native-unix-common\4.1.92.Final\netty-transport-native-unix-common-4.1.92.Final.jar;C:\Users\kumar\.m2\repository\io\netty\netty-transport\4.1.92.Final\netty-transport-4.1.92.Final.jar;C:\Users\kumar\.m2\repository\io\netty\netty-resolver\4.1.92.Final\netty-resolver-4.1.92.Final.jar;C:\Users\kumar\.m2\repository\io\opentelemetry\opentelemetry-api\1.26.0\opentelemetry-api-1.26.0.jar;C:\Users\kumar\.m2\repository\io\opentelemetry\opentelemetry-context\1.26.0\opentelemetry-context-1.26.0.jar;C:\Users\kumar\.m2\repository\io\opentelemetry\opentelemetry-exporter-logging\1.26.0\opentelemetry-exporter-logging-1.26.0.jar;C:\Users\kumar\.m2\repository\io\opentelemetry\opentelemetry-sdk-metrics\1.26.0\opentelemetry-sdk-metrics-1.26.0.jar;C:\Users\kumar\.m2\repository\io\opentelemetry\opentelemetry-extension-incubator\1.26.0-alpha\opentelemetry-extension-incubator-1.26.0-alpha.jar;C:\Users\kumar\.m2\repository\io\opentelemetry\opentelemetry-sdk-logs\1.26.0-alpha\opentelemetry-sdk-logs-1.26.0-alpha.jar;C:\Users\kumar\.m2\repository\io\opentelemetry\opentelemetry-api-logs\1.26.0-alpha\opentelemetry-api-logs-1.26.0-alpha.jar;C:\Users\kumar\.m2\repository\io\opentelemetry\opentelemetry-api-events\1.26.0-alpha\opentelemetry-api-events-1.26.0-alpha.jar;C:\Users\kumar\.m2\repository\io\opentelemetry\opentelemetry-sdk-common\1.26.0\opentelemetry-sdk-common-1.26.0.jar;C:\Users\kumar\.m2\repository\io\opentelemetry\opentelemetry-sdk-extension-autoconfigure-spi\1.26.0\opentelemetry-sdk-extension-autoconfigure-spi-1.26.0.jar;C:\Users\kumar\.m2\repository\io\opentelemetry\opentelemetry-sdk-extension-autoconfigure\1.26.0-alpha\opentelemetry-sdk-extension-autoconfigure-1.26.0-alpha.jar;C:\Users\kumar\.m2\repository\io\opentelemetry\opentelemetry-sdk-trace\1.26.0\opentelemetry-sdk-trace-1.26.0.jar;C:\Users\kumar\.m2\repository\io\opentelemetry\opentelemetry-sdk\1.26.0\opentelemetry-sdk-1.26.0.jar;C:\Users\kumar\.m2\repository\io\opentelemetry\opentelemetry-semconv\1.26.0-alpha\opentelemetry-semconv-1.26.0-alpha.jar;C:\Users\kumar\.m2\repository\net\bytebuddy\byte-buddy\1.14.4\byte-buddy-1.14.4.jar;C:\Users\kumar\.m2\repository\org\apache\commons\commons-exec\1.3\commons-exec-1.3.jar;C:\Users\kumar\.m2\repository\org\asynchttpclient\async-http-client\2.12.3\async-http-client-2.12.3.jar;C:\Users\kumar\.m2\repository\org\asynchttpclient\async-http-client-netty-utils\2.12.3\async-http-client-netty-utils-2.12.3.jar;C:\Users\kumar\.m2\repository\io\netty\netty-codec-socks\4.1.60.Final\netty-codec-socks-4.1.60.Final.jar;C:\Users\kumar\.m2\repository\io\netty\netty-handler-proxy\4.1.60.Final\netty-handler-proxy-4.1.60.Final.jar;C:\Users\kumar\.m2\repository\io\netty\netty-transport-native-epoll\4.1.60.Final\netty-transport-native-epoll-4.1.60.Final-linux-x86_64.jar;C:\Users\kumar\.m2\repository\io\netty\netty-transport-native-kqueue\4.1.60.Final\netty-transport-native-kqueue-4.1.60.Final-osx-x86_64.jar;C:\Users\kumar\.m2\repository\org\reactivestreams\reactive-streams\1.0.3\reactive-streams-1.0.3.jar;C:\Users\kumar\.m2\repository\com\typesafe\netty\netty-reactive-streams\2.0.4\netty-reactive-streams-2.0.4.jar;C:\Users\kumar\.m2\repository\com\sun\activation\jakarta.activation\1.2.2\jakarta.activation-1.2.2.jar;C:\Users\kumar\.m2\repository\org\seleniumhq\selenium\selenium-safari-driver\4.10.0\selenium-safari-driver-4.10.0.jar;C:\Users\kumar\.m2\repository\org\seleniumhq\selenium\selenium-support\4.10.0\selenium-support-4.10.0.jar;C:\Users\kumar\.m2\repository\io\github\bonigarcia\webdrivermanager\5.5.3\webdrivermanager-5.5.3.jar;C:\Users\kumar\.m2\repository\org\slf4j\slf4j-api\2.0.7\slf4j-api-2.0.7.jar;C:\Users\kumar\.m2\repository\com\google\code\gson\gson\2.10.1\gson-2.10.1.jar;C:\Users\kumar\.m2\repository\com\github\docker-java\docker-java\3.3.3\docker-java-3.3.3.jar;C:\Users\kumar\.m2\repository\com\github\docker-java\docker-java-core\3.3.3\docker-java-core-3.3.3.jar;C:\Users\kumar\.m2\repository\com\github\docker-java\docker-java-api\3.3.3\docker-java-api-3.3.3.jar;C:\Users\kumar\.m2\repository\com\fasterxml\jackson\core\jackson-annotations\2.10.3\jackson-annotations-2.10.3.jar;C:\Users\kumar\.m2\repository\com\fasterxml\jackson\core\jackson-databind\2.10.3\jackson-databind-2.10.3.jar;C:\Users\kumar\.m2\repository\com\fasterxml\jackson\core\jackson-core\2.10.3\jackson-core-2.10.3.jar;C:\Users\kumar\.m2\repository\org\bouncycastle\bcpkix-jdk18on\1.75\bcpkix-jdk18on-1.75.jar;C:\Users\kumar\.m2\repository\org\bouncycastle\bcprov-jdk18on\1.75\bcprov-jdk18on-1.75.jar;C:\Users\kumar\.m2\repository\org\bouncycastle\bcutil-jdk18on\1.75\bcutil-jdk18on-1.75.jar;C:\Users\kumar\.m2\repository\org\slf4j\jcl-over-slf4j\1.7.30\jcl-over-slf4j-1.7.30.jar;C:\Users\kumar\.m2\repository\com\github\docker-java\docker-java-transport-httpclient5\3.3.3\docker-java-transport-httpclient5-3.3.3.jar;C:\Users\kumar\.m2\repository\com\github\docker-java\docker-java-transport\3.3.3\docker-java-transport-3.3.3.jar;C:\Users\kumar\.m2\repository\net\java\dev\jna\jna\5.12.1\jna-5.12.1.jar;C:\Users\kumar\.m2\repository\org\brotli\dec\0.1.2\dec-0.1.2.jar;C:\Users\kumar\.m2\repository\org\apache\commons\commons-lang3\3.13.0\commons-lang3-3.13.0.jar;C:\Users\kumar\.m2\repository\org\apache\httpcomponents\client5\httpclient5\5.2.1\httpclient5-5.2.1.jar;C:\Users\kumar\.m2\repository\org\apache\httpcomponents\core5\httpcore5\5.2\httpcore5-5.2.jar;C:\Users\kumar\.m2\repository\org\apache\httpcomponents\core5\httpcore5-h2\5.2\httpcore5-h2-5.2.jar;C:\Users\kumar\.m2\repository\org\apache\poi\poi\5.2.3\poi-5.2.3.jar;C:\Users\kumar\.m2\repository\commons-codec\commons-codec\1.15\commons-codec-1.15.jar;C:\Users\kumar\.m2\repository\org\apache\commons\commons-collections4\4.4\commons-collections4-4.4.jar;C:\Users\kumar\.m2\repository\org\apache\commons\commons-math3\3.6.1\commons-math3-3.6.1.jar;C:\Users\kumar\.m2\repository\commons-io\commons-io\2.11.0\commons-io-2.11.0.jar;C:\Users\kumar\.m2\repository\com\zaxxer\SparseBitSet\1.2\SparseBitSet-1.2.jar;C:\Users\kumar\.m2\repository\org\apache\poi\poi-ooxml\5.2.3\poi-ooxml-5.2.3.jar;C:\Users\kumar\.m2\repository\org\apache\poi\poi-ooxml-lite\5.2.3\poi-ooxml-lite-5.2.3.jar;C:\Users\kumar\.m2\repository\org\apache\xmlbeans\xmlbeans\5.1.1\xmlbeans-5.1.1.jar;C:\Users\kumar\.m2\repository\org\apache\commons\commons-compress\1.21\commons-compress-1.21.jar;C:\Users\kumar\.m2\repository\com\github\virtuald\curvesapi\1.07\curvesapi-1.07.jar;C:\Users\kumar\.m2\repository\org\apache\poi\poi-ooxml-schemas\4.1.2\poi-ooxml-schemas-4.1.2.jar;C:\Users\kumar\.m2\repository\org\apache\logging\log4j\log4j-api\2.14.1\log4j-api-2.14.1.jar;C:\Users\kumar\.m2\repository\org\apache\logging\log4j\log4j-core\2.14.1\log4j-core-2.14.1.jar;C:\Users\kumar\.m2\repository\com\aventstack\extentreports\4.0.9\extentreports-4.0.9.jar;C:\Users\kumar\.m2\repository\org\freemarker\freemarker\2.3.23\freemarker-2.3.23.jar;C:\Users\kumar\.m2\repository\org\mongodb\mongodb-driver\3.3.0\mongodb-driver-3.3.0.jar;C:\Users\kumar\.m2\repository\org\mongodb\mongodb-driver-core\3.3.0\mongodb-driver-core-3.3.0.jar;C:\Users\kumar\.m2\repository\org\mongodb\bson\3.3.0\bson-3.3.0.jar;C:\Users\kumar\.m2\repository\org\apache\httpcomponents\httpclient\4.5.2\httpclient-4.5.2.jar;C:\Users\kumar\.m2\repository\org\apache\httpcomponents\httpcore\4.4.4\httpcore-4.4.4.jar;C:\Users\kumar\.m2\repository\commons-logging\commons-logging\1.2\commons-logging-1.2.jar;C:\Users\kumar\.m2\repository\org\apache\httpcomponents\httpmime\4.5.2\httpmime-4.5.2.jar;C:\Users\kumar\.m2\repository\com\github\javafaker\javafaker\1.0.2\javafaker-1.0.2.jar;C:\Users\kumar\.m2\repository\org\yaml\snakeyaml\1.23\snakeyaml-1.23-android.jar;C:\Users\kumar\.m2\repository\com\github\mifmif\generex\1.0.2\generex-1.0.2.jar;C:\Users\kumar\.m2\repository\dk\brics\automaton\automaton\1.11-8\automaton-1.11-8.jar;C:\Users\kumar\.m2\repository\org\json\json\20230618\json-20230618.jar;"/>
    <property name="sun.cpu.endian" value="little"/>
    <property name="user.home" value="C:\Users\kumar"/>
    <property name="user.language" value="en"/>
    <property name="java.specification.vendor" value="Oracle Corporation"/>
    <property name="java.version.date" value="2023-08-24"/>
    <property name="java.home" value="C:\Users\kumar\.p2\pool\plugins\org.eclipse.justj.openjdk.hotspot.jre.full.win32.x86_64_17.0.8.v20230831-1047\jre"/>
    <property name="file.separator" value="\"/>
    <property name="style.color" value="always"/>
    <property name="basedir" value="C:\Development\Automation\Jiviewsrpav2"/>
    <property name="java.vm.compressedOopsMode" value="Zero based"/>
    <property name="line.separator" value="&#10;"/>
    <property name="java.vm.specification.vendor" value="Oracle Corporation"/>
    <property name="java.specification.name" value="Java Platform API Specification"/>
    <property name="surefire.real.class.path" value="C:\Users\kumar\AppData\Local\Temp\surefire17645907432624549052\surefirebooter-20231206110135516_3.jar"/>
    <property name="user.script" value=""/>
    <property name="sun.management.compiler" value="HotSpot 64-Bit Tiered Compilers"/>
    <property name="java.runtime.version" value="17.0.8.1+1"/>
    <property name="user.name" value="kumar"/>
    <property name="path.separator" value=";"/>
    <property name="os.version" value="10.0"/>
    <property name="java.runtime.name" value="OpenJDK Runtime Environment"/>
    <property name="file.encoding" value="Cp1252"/>
    <property name="java.vm.name" value="OpenJDK 64-Bit Server VM"/>
    <property name="java.vendor.version" value="Temurin-17.0.8.1+1"/>
    <property name="localRepository" value="C:\Users\kumar\.m2\repository"/>
    <property name="java.vendor.url.bug" value="https://github.com/adoptium/adoptium-support/issues"/>
    <property name="java.io.tmpdir" value="C:\Users\kumar\AppData\Local\Temp\"/>
    <property name="java.version" value="17.0.8.1"/>
    <property name="user.dir" value="C:\Development\Automation\Jiviewsrpav2"/>
    <property name="os.arch" value="amd64"/>
    <property name="java.vm.specification.name" value="Java Virtual Machine Specification"/>
    <property name="sun.os.patch.level" value=""/>
    <property name="native.encoding" value="Cp1252"/>
    <property name="java.library.path" value="C:\Users\kumar\.p2\pool\plugins\org.eclipse.justj.openjdk.hotspot.jre.full.win32.x86_64_17.0.8.v20230831-1047\jre\bin;C:\windows\Sun\Java\bin;C:\windows\system32;C:\windows;C:/Users/kumar/.p2/pool/plugins/org.eclipse.justj.openjdk.hotspot.jre.full.win32.x86_64_17.0.8.v20230831-1047/jre/bin/server;C:/Users/kumar/.p2/pool/plugins/org.eclipse.justj.openjdk.hotspot.jre.full.win32.x86_64_17.0.8.v20230831-1047/jre/bin;C:\Program Files\Common Files\Oracle\Java\javapath;C:\windows\system32;C:\windows;C:\windows\System32\Wbem;C:\windows\System32\WindowsPowerShell\v1.0\;C:\windows\System32\OpenSSH\;C:\Program Files\Java\jdk-11\bin;C:\Users\kumar;C:\Users\kumar\Downloads\gradle-8.3-bin\gradle-8.3\bin;C:\Program Files\Git\cmd;C:\apache-maven-3.9.4-bin\apache-maven-3.9.4;C:\Program Files\Java\allure-2.24.0\bin;C:\Users\kumar\AppData\Local\Microsoft\WindowsApps;C:\Users\kumar\Downloads\gradle-8.3-bin\gradle-8.3\bin;C:\Users\kumar\Downloads\apache-maven-3.9.4-bin\apache-maven-3.9.4\bin;C:\Program Files\Java\apache-maven-3.9.4-bin\apache-maven-3.9.4\bin;C:\apache-maven-3.9.4-bin\apache-maven-3.9.4;C:\Users\kumar\Downloads\allure-2.24.0\allure-2.24.0\bin;;C:\Users\kumar\OneDrive\Desktop;;."/>
    <property name="java.vm.info" value="mixed mode"/>
    <property name="java.vendor" value="Eclipse Adoptium"/>
    <property name="java.vm.version" value="17.0.8.1+1"/>
    <property name="sun.io.unicode.encoding" value="UnicodeLittle"/>
    <property name="java.class.version" value="61.0"/>
  </properties>
  <testcase name="createNewSkill" classname="com.JiviewsAutomation.SystemDefination_Test.skillSetUpTest" time="11.259">
    <system-out><![CDATA[[TestNGContentHandler] [WARN] It is strongly recommended to add "<!DOCTYPE suite SYSTEM "http://testng.org/testng-1.0.dtd" >" at the top of your file, otherwise TestNG may fail or not work as expected.
11:01:36.339 [main] INFO  com.AutomationJiviewsGeneric.ListenerImplimentation - Extent Report Output Path: null
11:01:36.498 [main] INFO  com.AutomationJiviewsGeneric.BaseClass - Open Browser
11:01:38.030 [main] INFO  com.AutomationJiviewsGeneric.BaseClass - Browser launched successfully
Login
11:01:38.186 [main] INFO  com.AutomationJiviewsGeneric.BaseClass - Login to the Jivi application
11:01:53.500 [main] INFO  com.JiviewsAutomation.SystemDefination_Test.skillSetUpTest - Create a new Skill
11:02:04.597 [main] INFO  com.JiviewsAutomation.SystemDefination_Test.skillSetUpTest - A skill is created successfully 
]]></system-out>
    <system-err><![CDATA[SLF4J: No SLF4J providers were found.
SLF4J: Defaulting to no-operation (NOP) logger implementation
SLF4J: See https://www.slf4j.org/codes.html#noProviders for further details.
Dec 06, 2023 11:01:36 AM org.openqa.selenium.remote.service.DriverService$Builder getLogOutput
INFO: Driver logs no longer sent to console by default; https://www.selenium.dev/documentation/webdriver/drivers/service/#setting-log-output
Dec 06, 2023 11:01:37 AM org.openqa.selenium.devtools.CdpVersionFinder findNearestMatch
WARNING: Unable to find CDP implementation matching 119
Dec 06, 2023 11:01:37 AM org.openqa.selenium.chromium.ChromiumDriver lambda$new$4
WARNING: Unable to find version of CDP to use for . You may need to include a dependency on a specific version of the CDP using something similar to `org.seleniumhq.selenium:selenium-devtools-v86:4.10.0` where the version ("v86") matches the version of the chromium-based browser you're using and the version number of the artifact is the same as Selenium's.
]]></system-err>
  </testcase>
  <testcase name="updateSkill" classname="com.JiviewsAutomation.SystemDefination_Test.skillSetUpTest" time="3.794">
    <system-out><![CDATA[11:02:14.275 [main] INFO  com.JiviewsAutomation.SystemDefination_Test.skillSetUpTest - Update a Skill
11:02:17.939 [main] INFO  com.JiviewsAutomation.SystemDefination_Test.skillSetUpTest - A skill is updated successfully 
]]></system-out>
  </testcase>
  <testcase name="deActivateSkill" classname="com.JiviewsAutomation.SystemDefination_Test.skillSetUpTest" time="1.807">
    <system-out><![CDATA[11:02:26.113 [main] INFO  com.JiviewsAutomation.SystemDefination_Test.skillSetUpTest - Deactivate a Skill
11:02:27.776 [main] INFO  com.JiviewsAutomation.SystemDefination_Test.skillSetUpTest - A skill is deactivated successfully 
]]></system-out>
  </testcase>
  <testcase name="reactivateSkill" classname="com.JiviewsAutomation.SystemDefination_Test.skillSetUpTest" time="2.793">
    <system-out><![CDATA[11:02:35.715 [main] INFO  com.JiviewsAutomation.SystemDefination_Test.skillSetUpTest - Reactivate a Skill
11:02:38.382 [main] INFO  com.JiviewsAutomation.SystemDefination_Test.skillSetUpTest - A skill is reactivated successfully 
]]></system-out>
  </testcase>
  <testcase name="searchColumnsForSkill" classname="com.JiviewsAutomation.SystemDefination_Test.skillSetUpTest" time="1.047">
    <system-out><![CDATA[11:02:53.431 [main] INFO  com.JiviewsAutomation.SystemDefination_Test.skillSetUpTest - Searching a skill
11:02:54.342 [main] INFO  com.JiviewsAutomation.SystemDefination_Test.skillSetUpTest - Searching a skill is successful
]]></system-out>
  </testcase>
  <testcase name="verifyCreateNewRole" classname="com.JiviewsAutomation.SystemDefination_Test.RoleSetUpTest" time="14.599">
    <system-out><![CDATA[Logout
11:02:54.342 [main] INFO  com.AutomationJiviewsGeneric.BaseClass - Logout from Jivi application
11:02:54.342 [main] INFO  com.AutomationJiviewsGeneric.BaseClass - Close Browser...
11:02:54.713 [main] INFO  com.AutomationJiviewsGeneric.BaseClass - Open Browser
11:02:55.498 [main] INFO  com.AutomationJiviewsGeneric.BaseClass - Browser launched successfully
Login
11:02:55.575 [main] INFO  com.AutomationJiviewsGeneric.BaseClass - Login to the Jivi application
11:03:08.482 [main] INFO  com.JiviewsAutomation.SystemDefination_Test.RoleSetUpTest - Create a new Skill
11:03:22.957 [main] INFO  com.JiviewsAutomation.SystemDefination_Test.RoleSetUpTest - verify Create a new role is successful
]]></system-out>
    <system-err><![CDATA[Dec 06, 2023 11:02:54 AM org.openqa.selenium.remote.service.DriverService$Builder getLogOutput
INFO: Driver logs no longer sent to console by default; https://www.selenium.dev/documentation/webdriver/drivers/service/#setting-log-output
Dec 06, 2023 11:02:55 AM org.openqa.selenium.devtools.CdpVersionFinder findNearestMatch
WARNING: Unable to find CDP implementation matching 119
Dec 06, 2023 11:02:55 AM org.openqa.selenium.chromium.ChromiumDriver lambda$new$4
WARNING: Unable to find version of CDP to use for . You may need to include a dependency on a specific version of the CDP using something similar to `org.seleniumhq.selenium:selenium-devtools-v86:4.10.0` where the version ("v86") matches the version of the chromium-based browser you're using and the version number of the artifact is the same as Selenium's.
]]></system-err>
  </testcase>
  <testcase name="verifyUpdateRole" classname="com.JiviewsAutomation.SystemDefination_Test.RoleSetUpTest" time="5.57">
    <system-out><![CDATA[11:03:39.339 [main] INFO  com.JiviewsAutomation.SystemDefination_Test.RoleSetUpTest - Verify Update Role successful
]]></system-out>
  </testcase>
  <testcase name="verifyDeactiveRole" classname="com.JiviewsAutomation.SystemDefination_Test.RoleSetUpTest" time="2.636">
    <system-out><![CDATA[11:03:50.248 [main] INFO  com.JiviewsAutomation.SystemDefination_Test.RoleSetUpTest - Verify Deactive Role is successful
]]></system-out>
  </testcase>
  <testcase name="verifyReactiveRole" classname="com.JiviewsAutomation.SystemDefination_Test.RoleSetUpTest" time="3.406">
    <system-out><![CDATA[11:04:01.945 [main] INFO  com.JiviewsAutomation.SystemDefination_Test.RoleSetUpTest - Verify Reactive Role is successful
]]></system-out>
  </testcase>
  <testcase name="verifyCreateRoleWithAllAvailableSkill" classname="com.JiviewsAutomation.SystemDefination_Test.RoleSetUpTest" time="5.222">
    <system-out><![CDATA[11:04:15.389 [main] INFO  com.JiviewsAutomation.SystemDefination_Test.RoleSetUpTest - Verify create a role with all available skill
]]></system-out>
  </testcase>
  <testcase name="verifyDisselectAllAvailableSkill" classname="com.JiviewsAutomation.SystemDefination_Test.RoleSetUpTest" time="8.921">
    <system-out><![CDATA[11:04:34.584 [main] INFO  com.JiviewsAutomation.SystemDefination_Test.RoleSetUpTest - Verify disselect all available skill
]]></system-out>
  </testcase>
  <testcase name="verifySearchColumnsForRole" classname="com.JiviewsAutomation.SystemDefination_Test.RoleSetUpTest" time="1.332">
    <system-out><![CDATA[11:04:43.642 [main] INFO  com.JiviewsAutomation.SystemDefination_Test.RoleSetUpTest - verify Search Columns For Role is successfull
]]></system-out>
  </testcase>
  <testcase name="verifyCreateNewRoleWithoutRoleCode" classname="com.JiviewsAutomation.SystemDefination_Test.RoleSetUpTest" time="7.123">
    <system-out><![CDATA[11:04:58.124 [main] INFO  com.JiviewsAutomation.SystemDefination_Test.RoleSetUpTest - verify create new role without role code
]]></system-out>
  </testcase>
  <testcase name="verifyCreateNewRoleWithoutRoleDescription" classname="com.JiviewsAutomation.SystemDefination_Test.RoleSetUpTest" time="4.97">
    <system-out><![CDATA[11:05:10.299 [main] INFO  com.JiviewsAutomation.SystemDefination_Test.RoleSetUpTest - verify create new role without role description
]]></system-out>
  </testcase>
  <testcase name="verifyCreateNewRoleWithoutSecondarySkillEmpty" classname="com.JiviewsAutomation.SystemDefination_Test.RoleSetUpTest" time="3.995">
    <system-out><![CDATA[11:05:18.935 [main] INFO  com.JiviewsAutomation.SystemDefination_Test.RoleSetUpTest - verify Create New Role Without Secondary Skill Empty is successfull
]]></system-out>
  </testcase>
  <testcase name="verifyDisselectSingleSkillFromSelectedSkill" classname="com.JiviewsAutomation.SystemDefination_Test.RoleSetUpTest" time="11.565">
    <system-out><![CDATA[11:05:35.141 [main] INFO  com.JiviewsAutomation.SystemDefination_Test.RoleSetUpTest - verify Disselect Single Skill From Selected Skill is successfull
]]></system-out>
  </testcase>
  <testcase name="verifyCreateNewRoleWithoutPriarySkill" classname="com.JiviewsAutomation.SystemDefination_Test.RoleSetUpTest" time="8.733">
    <system-out><![CDATA[11:05:49.127 [main] INFO  com.JiviewsAutomation.SystemDefination_Test.RoleSetUpTest - verify create new role without priary skill
]]></system-out>
  </testcase>
  <testcase name="verifyCreateRoleGroups" classname="com.JiviewsAutomation.SystemDefination_Test.RoleGroupTest" time="4.047">
    <system-out><![CDATA[Logout
11:05:49.130 [main] INFO  com.AutomationJiviewsGeneric.BaseClass - Logout from Jivi application
11:05:49.130 [main] INFO  com.AutomationJiviewsGeneric.BaseClass - Close Browser...
11:05:49.259 [main] INFO  com.AutomationJiviewsGeneric.BaseClass - Open Browser
11:05:50.037 [main] INFO  com.AutomationJiviewsGeneric.BaseClass - Browser launched successfully
Login
11:05:50.091 [main] INFO  com.AutomationJiviewsGeneric.BaseClass - Login to the Jivi application
11:06:02.294 [main] INFO  com.JiviewsAutomation.SystemDefination_Test.RoleGroupTest - Create Role Group
]]></system-out>
    <system-err><![CDATA[Dec 06, 2023 11:05:49 AM org.openqa.selenium.remote.service.DriverService$Builder getLogOutput
INFO: Driver logs no longer sent to console by default; https://www.selenium.dev/documentation/webdriver/drivers/service/#setting-log-output
Dec 06, 2023 11:05:49 AM org.openqa.selenium.devtools.CdpVersionFinder findNearestMatch
WARNING: Unable to find CDP implementation matching 119
Dec 06, 2023 11:05:49 AM org.openqa.selenium.chromium.ChromiumDriver lambda$new$4
WARNING: Unable to find version of CDP to use for . You may need to include a dependency on a specific version of the CDP using something similar to `org.seleniumhq.selenium:selenium-devtools-v86:4.10.0` where the version ("v86") matches the version of the chromium-based browser you're using and the version number of the artifact is the same as Selenium's.
]]></system-err>
  </testcase>
  <testcase name="verifyUpdateRoleGroups" classname="com.JiviewsAutomation.SystemDefination_Test.RoleGroupTest" time="4.251">
    <system-out><![CDATA[11:06:12.969 [main] INFO  com.JiviewsAutomation.SystemDefination_Test.RoleGroupTest - Update Role Group
]]></system-out>
  </testcase>
  <testcase name="verifyDeactivateRoleGroups" classname="com.JiviewsAutomation.SystemDefination_Test.RoleGroupTest" time="2.617">
    <system-out><![CDATA[11:06:24.923 [main] INFO  com.JiviewsAutomation.SystemDefination_Test.RoleGroupTest - Deactivate Role Group
]]></system-out>
  </testcase>
  <testcase name="verifyCreateRoleGrpWithoutAvailableRole" classname="com.JiviewsAutomation.SystemDefination_Test.RoleGroupTest" time="3.568">
    <system-out><![CDATA[11:06:35.919 [main] INFO  com.JiviewsAutomation.SystemDefination_Test.RoleGroupTest - Create role group without available role Group
]]></system-out>
  </testcase>
  <testcase name="verifySearchRoleGroup" classname="com.JiviewsAutomation.SystemDefination_Test.RoleGroupTest" time="0.967">
    <system-out><![CDATA[11:06:48.147 [main] INFO  com.JiviewsAutomation.SystemDefination_Test.RoleGroupTest - Create role group without available role Group
]]></system-out>
  </testcase>
  <testcase name="verifyCreateRoleGrpWithoutRoleGrpName" classname="com.JiviewsAutomation.SystemDefination_Test.RoleGroupTest" time="2.681">
    <system-out><![CDATA[11:06:58.321 [main] INFO  com.JiviewsAutomation.SystemDefination_Test.RoleGroupTest - Create role group without role group name
]]></system-out>
  </testcase>
  <testcase name="testCreateShiftBand" classname="com.JiviewsAutomation.SystemDefination_Test.ShiftBandTest" time="10.327">
    <failure message="no such element: Unable to locate element: {&quot;method&quot;:&quot;css selector&quot;,&quot;selector&quot;:&quot;#btnAddNew&quot;}&#10;  (Session info: chrome=119.0.6045.200)&#10;For documentation on this error, please visit: https://www.selenium.dev/documentation/webdriver/troubleshooting/errors#no-such-element-exception&#10;Build info: version: &apos;4.10.0&apos;, revision: &apos;c14d967899&apos;&#10;System info: os.name: &apos;Windows 11&apos;, os.arch: &apos;amd64&apos;, os.version: &apos;10.0&apos;, java.version: &apos;17.0.8.1&apos;&#10;Driver info: org.openqa.selenium.chrome.ChromeDriver&#10;Command: [336eaea0d339a829d982e0c20c4190d0, findElement {using=id, value=btnAddNew}]&#10;Capabilities {acceptInsecureCerts: false, browserName: chrome, browserVersion: 119.0.6045.200, chrome: {chromedriverVersion: 119.0.6045.105 (38c72552c5e..., userDataDir: C:\Users\kumar\AppData\Loca...}, fedcm:accounts: true, goog:chromeOptions: {debuggerAddress: localhost:53896}, networkConnectionEnabled: false, pageLoadStrategy: normal, platformName: windows, proxy: Proxy(), se:cdp: ws://localhost:53896/devtoo..., se:cdpVersion: 119.0.6045.200, setWindowRect: true, strictFileInteractability: false, timeouts: {implicit: 0, pageLoad: 300000, script: 30000}, unhandledPromptBehavior: dismiss and notify, webauthn:extension:credBlob: true, webauthn:extension:largeBlob: true, webauthn:extension:minPinLength: true, webauthn:extension:prf: true, webauthn:virtualAuthenticators: true}&#10;Session ID: 336eaea0d339a829d982e0c20c4190d0" type="org.openqa.selenium.NoSuchElementException"><![CDATA[org.openqa.selenium.NoSuchElementException: 
no such element: Unable to locate element: {"method":"css selector","selector":"#btnAddNew"}
  (Session info: chrome=119.0.6045.200)
For documentation on this error, please visit: https://www.selenium.dev/documentation/webdriver/troubleshooting/errors#no-such-element-exception
Build info: version: '4.10.0', revision: 'c14d967899'
System info: os.name: 'Windows 11', os.arch: 'amd64', os.version: '10.0', java.version: '17.0.8.1'
Driver info: org.openqa.selenium.chrome.ChromeDriver
Command: [336eaea0d339a829d982e0c20c4190d0, findElement {using=id, value=btnAddNew}]
Capabilities {acceptInsecureCerts: false, browserName: chrome, browserVersion: 119.0.6045.200, chrome: {chromedriverVersion: 119.0.6045.105 (38c72552c5e..., userDataDir: C:\Users\kumar\AppData\Loca...}, fedcm:accounts: true, goog:chromeOptions: {debuggerAddress: localhost:53896}, networkConnectionEnabled: false, pageLoadStrategy: normal, platformName: windows, proxy: Proxy(), se:cdp: ws://localhost:53896/devtoo..., se:cdpVersion: 119.0.6045.200, setWindowRect: true, strictFileInteractability: false, timeouts: {implicit: 0, pageLoad: 300000, script: 30000}, unhandledPromptBehavior: dismiss and notify, webauthn:extension:credBlob: true, webauthn:extension:largeBlob: true, webauthn:extension:minPinLength: true, webauthn:extension:prf: true, webauthn:virtualAuthenticators: true}
Session ID: 336eaea0d339a829d982e0c20c4190d0
	at java.base/jdk.internal.reflect.NativeConstructorAccessorImpl.newInstance0(Native Method)
	at java.base/jdk.internal.reflect.NativeConstructorAccessorImpl.newInstance(NativeConstructorAccessorImpl.java:77)
	at java.base/jdk.internal.reflect.DelegatingConstructorAccessorImpl.newInstance(DelegatingConstructorAccessorImpl.java:45)
	at java.base/java.lang.reflect.Constructor.newInstanceWithCaller(Constructor.java:499)
	at java.base/java.lang.reflect.Constructor.newInstance(Constructor.java:480)
	at org.openqa.selenium.remote.codec.w3c.W3CHttpResponseCodec.createException(W3CHttpResponseCodec.java:199)
	at org.openqa.selenium.remote.codec.w3c.W3CHttpResponseCodec.decode(W3CHttpResponseCodec.java:132)
	at org.openqa.selenium.remote.codec.w3c.W3CHttpResponseCodec.decode(W3CHttpResponseCodec.java:51)
	at org.openqa.selenium.remote.HttpCommandExecutor.execute(HttpCommandExecutor.java:191)
	at org.openqa.selenium.remote.service.DriverCommandExecutor.invokeExecute(DriverCommandExecutor.java:196)
	at org.openqa.selenium.remote.service.DriverCommandExecutor.execute(DriverCommandExecutor.java:171)
	at org.openqa.selenium.remote.RemoteWebDriver.execute(RemoteWebDriver.java:531)
	at org.openqa.selenium.remote.ElementLocation$ElementFinder$2.findElement(ElementLocation.java:165)
	at org.openqa.selenium.remote.ElementLocation.findElement(ElementLocation.java:59)
	at org.openqa.selenium.remote.RemoteWebDriver.findElement(RemoteWebDriver.java:350)
	at org.openqa.selenium.remote.RemoteWebDriver.findElement(RemoteWebDriver.java:344)
	at org.openqa.selenium.support.pagefactory.DefaultElementLocator.findElement(DefaultElementLocator.java:68)
	at org.openqa.selenium.support.pagefactory.internal.LocatingElementHandler.invoke(LocatingElementHandler.java:38)
	at jdk.proxy2/jdk.proxy2.$Proxy31.click(Unknown Source)
	at com.AutomationJiviewsPOM.SystemDefinationShiftBandPage.setAddBtn(SystemDefinationShiftBandPage.java:176)
	at com.AutomationJiviewsPOM.SystemDefinationShiftBandPage.createShiftBand(SystemDefinationShiftBandPage.java:407)
	at com.JiviewsAutomation.SystemDefination_Test.ShiftBandTest.testCreateShiftBand(ShiftBandTest.java:56)
	at java.base/jdk.internal.reflect.NativeMethodAccessorImpl.invoke0(Native Method)
	at java.base/jdk.internal.reflect.NativeMethodAccessorImpl.invoke(NativeMethodAccessorImpl.java:77)
	at java.base/jdk.internal.reflect.DelegatingMethodAccessorImpl.invoke(DelegatingMethodAccessorImpl.java:43)
	at java.base/java.lang.reflect.Method.invoke(Method.java:568)
	at org.testng.internal.MethodInvocationHelper.invokeMethod(MethodInvocationHelper.java:124)
	at org.testng.internal.Invoker.invokeMethod(Invoker.java:583)
	at org.testng.internal.Invoker.invokeTestMethod(Invoker.java:719)
	at org.testng.internal.Invoker.invokeTestMethods(Invoker.java:989)
	at org.testng.internal.TestMethodWorker.invokeTestMethods(TestMethodWorker.java:125)
	at org.testng.internal.TestMethodWorker.run(TestMethodWorker.java:109)
	at org.testng.TestRunner.privateRun(TestRunner.java:648)
	at org.testng.TestRunner.run(TestRunner.java:505)
	at org.testng.SuiteRunner.runTest(SuiteRunner.java:455)
	at org.testng.SuiteRunner.runSequentially(SuiteRunner.java:450)
	at org.testng.SuiteRunner.privateRun(SuiteRunner.java:415)
	at org.testng.SuiteRunner.run(SuiteRunner.java:364)
	at org.testng.SuiteRunnerWorker.runSuite(SuiteRunnerWorker.java:52)
	at org.testng.SuiteRunnerWorker.run(SuiteRunnerWorker.java:84)
	at org.testng.TestNG.runSuitesSequentially(TestNG.java:1208)
	at org.testng.TestNG.runSuitesLocally(TestNG.java:1137)
	at org.testng.TestNG.runSuites(TestNG.java:1049)
	at org.testng.TestNG.run(TestNG.java:1017)
	at org.apache.maven.surefire.testng.TestNGExecutor.run(TestNGExecutor.java:308)
	at org.apache.maven.surefire.testng.TestNGXmlTestSuite.execute(TestNGXmlTestSuite.java:71)
	at org.apache.maven.surefire.testng.TestNGProvider.invoke(TestNGProvider.java:113)
	at org.apache.maven.surefire.booter.ForkedBooter.runSuitesInProcess(ForkedBooter.java:385)
	at org.apache.maven.surefire.booter.ForkedBooter.execute(ForkedBooter.java:162)
	at org.apache.maven.surefire.booter.ForkedBooter.run(ForkedBooter.java:507)
	at org.apache.maven.surefire.booter.ForkedBooter.main(ForkedBooter.java:495)
]]></failure>
    <system-out><![CDATA[Logout
11:07:00.877 [main] INFO  com.AutomationJiviewsGeneric.BaseClass - Logout from Jivi application
11:07:00.877 [main] INFO  com.AutomationJiviewsGeneric.BaseClass - Close Browser...
11:07:01.094 [main] INFO  com.AutomationJiviewsGeneric.BaseClass - Open Browser
11:07:01.908 [main] INFO  com.AutomationJiviewsGeneric.BaseClass - Browser launched successfully
Login
11:07:01.958 [main] INFO  com.AutomationJiviewsGeneric.BaseClass - Login to the Jivi application
11:07:16.089 [main] INFO  com.JiviewsAutomation.SystemDefination_Test.ShiftBandTest - Create Shift Band Definition
]]></system-out>
    <system-err><![CDATA[Dec 06, 2023 11:07:01 AM org.openqa.selenium.remote.service.DriverService$Builder getLogOutput
INFO: Driver logs no longer sent to console by default; https://www.selenium.dev/documentation/webdriver/drivers/service/#setting-log-output
Dec 06, 2023 11:07:01 AM org.openqa.selenium.devtools.CdpVersionFinder findNearestMatch
WARNING: Unable to find CDP implementation matching 119
Dec 06, 2023 11:07:01 AM org.openqa.selenium.chromium.ChromiumDriver lambda$new$4
WARNING: Unable to find version of CDP to use for . You may need to include a dependency on a specific version of the CDP using something similar to `org.seleniumhq.selenium:selenium-devtools-v86:4.10.0` where the version ("v86") matches the version of the chromium-based browser you're using and the version number of the artifact is the same as Selenium's.
]]></system-err>
  </testcase>
  <testcase name="testUpdateShiftBand" classname="com.JiviewsAutomation.SystemDefination_Test.ShiftBandTest" time="3.874">
    <system-out><![CDATA[11:07:26.430 [main] INFO  com.AutomationJiviewsGeneric.ListenerImplimentation - Screenshot captured and saved to: C:\Development\Automation\Jiviewsrpav2\.\ScreenShot\testCreateShiftBand.png
11:07:44.180 [main] INFO  com.JiviewsAutomation.SystemDefination_Test.ShiftBandTest - Verify update shiftBand
]]></system-out>
  </testcase>
  <testcase name="testDeactivateShiftBand" classname="com.JiviewsAutomation.SystemDefination_Test.ShiftBandTest" time="13.585">
    <failure message="no such element: Unable to locate element: {&quot;method&quot;:&quot;xpath&quot;,&quot;selector&quot;:&quot;//button[text()=&apos;Yes&apos;]&quot;}&#10;  (Session info: chrome=119.0.6045.200)&#10;For documentation on this error, please visit: https://www.selenium.dev/documentation/webdriver/troubleshooting/errors#no-such-element-exception&#10;Build info: version: &apos;4.10.0&apos;, revision: &apos;c14d967899&apos;&#10;System info: os.name: &apos;Windows 11&apos;, os.arch: &apos;amd64&apos;, os.version: &apos;10.0&apos;, java.version: &apos;17.0.8.1&apos;&#10;Driver info: org.openqa.selenium.chrome.ChromeDriver&#10;Command: [336eaea0d339a829d982e0c20c4190d0, findElement {using=xpath, value=//button[text()=&apos;Yes&apos;]}]&#10;Capabilities {acceptInsecureCerts: false, browserName: chrome, browserVersion: 119.0.6045.200, chrome: {chromedriverVersion: 119.0.6045.105 (38c72552c5e..., userDataDir: C:\Users\kumar\AppData\Loca...}, fedcm:accounts: true, goog:chromeOptions: {debuggerAddress: localhost:53896}, networkConnectionEnabled: false, pageLoadStrategy: normal, platformName: windows, proxy: Proxy(), se:cdp: ws://localhost:53896/devtoo..., se:cdpVersion: 119.0.6045.200, setWindowRect: true, strictFileInteractability: false, timeouts: {implicit: 0, pageLoad: 300000, script: 30000}, unhandledPromptBehavior: dismiss and notify, webauthn:extension:credBlob: true, webauthn:extension:largeBlob: true, webauthn:extension:minPinLength: true, webauthn:extension:prf: true, webauthn:virtualAuthenticators: true}&#10;Session ID: 336eaea0d339a829d982e0c20c4190d0" type="org.openqa.selenium.NoSuchElementException"><![CDATA[org.openqa.selenium.NoSuchElementException: 
no such element: Unable to locate element: {"method":"xpath","selector":"//button[text()='Yes']"}
  (Session info: chrome=119.0.6045.200)
For documentation on this error, please visit: https://www.selenium.dev/documentation/webdriver/troubleshooting/errors#no-such-element-exception
Build info: version: '4.10.0', revision: 'c14d967899'
System info: os.name: 'Windows 11', os.arch: 'amd64', os.version: '10.0', java.version: '17.0.8.1'
Driver info: org.openqa.selenium.chrome.ChromeDriver
Command: [336eaea0d339a829d982e0c20c4190d0, findElement {using=xpath, value=//button[text()='Yes']}]
Capabilities {acceptInsecureCerts: false, browserName: chrome, browserVersion: 119.0.6045.200, chrome: {chromedriverVersion: 119.0.6045.105 (38c72552c5e..., userDataDir: C:\Users\kumar\AppData\Loca...}, fedcm:accounts: true, goog:chromeOptions: {debuggerAddress: localhost:53896}, networkConnectionEnabled: false, pageLoadStrategy: normal, platformName: windows, proxy: Proxy(), se:cdp: ws://localhost:53896/devtoo..., se:cdpVersion: 119.0.6045.200, setWindowRect: true, strictFileInteractability: false, timeouts: {implicit: 0, pageLoad: 300000, script: 30000}, unhandledPromptBehavior: dismiss and notify, webauthn:extension:credBlob: true, webauthn:extension:largeBlob: true, webauthn:extension:minPinLength: true, webauthn:extension:prf: true, webauthn:virtualAuthenticators: true}
Session ID: 336eaea0d339a829d982e0c20c4190d0
	at java.base/jdk.internal.reflect.NativeConstructorAccessorImpl.newInstance0(Native Method)
	at java.base/jdk.internal.reflect.NativeConstructorAccessorImpl.newInstance(NativeConstructorAccessorImpl.java:77)
	at java.base/jdk.internal.reflect.DelegatingConstructorAccessorImpl.newInstance(DelegatingConstructorAccessorImpl.java:45)
	at java.base/java.lang.reflect.Constructor.newInstanceWithCaller(Constructor.java:499)
	at java.base/java.lang.reflect.Constructor.newInstance(Constructor.java:480)
	at org.openqa.selenium.remote.codec.w3c.W3CHttpResponseCodec.createException(W3CHttpResponseCodec.java:199)
	at org.openqa.selenium.remote.codec.w3c.W3CHttpResponseCodec.decode(W3CHttpResponseCodec.java:132)
	at org.openqa.selenium.remote.codec.w3c.W3CHttpResponseCodec.decode(W3CHttpResponseCodec.java:51)
	at org.openqa.selenium.remote.HttpCommandExecutor.execute(HttpCommandExecutor.java:191)
	at org.openqa.selenium.remote.service.DriverCommandExecutor.invokeExecute(DriverCommandExecutor.java:196)
	at org.openqa.selenium.remote.service.DriverCommandExecutor.execute(DriverCommandExecutor.java:171)
	at org.openqa.selenium.remote.RemoteWebDriver.execute(RemoteWebDriver.java:531)
	at org.openqa.selenium.remote.ElementLocation$ElementFinder$2.findElement(ElementLocation.java:165)
	at org.openqa.selenium.remote.ElementLocation.findElement(ElementLocation.java:59)
	at org.openqa.selenium.remote.RemoteWebDriver.findElement(RemoteWebDriver.java:350)
	at org.openqa.selenium.remote.RemoteWebDriver.findElement(RemoteWebDriver.java:344)
	at org.openqa.selenium.support.pagefactory.DefaultElementLocator.findElement(DefaultElementLocator.java:68)
	at org.openqa.selenium.support.pagefactory.internal.LocatingElementHandler.invoke(LocatingElementHandler.java:38)
	at jdk.proxy2/jdk.proxy2.$Proxy31.click(Unknown Source)
	at com.AutomationJiviewsPOM.SystemDefinationShiftBandPage.setClickYes(SystemDefinationShiftBandPage.java:382)
	at com.AutomationJiviewsPOM.SystemDefinationShiftBandPage.deactiveShiftBand(SystemDefinationShiftBandPage.java:443)
	at com.JiviewsAutomation.SystemDefination_Test.ShiftBandTest.testDeactivateShiftBand(ShiftBandTest.java:72)
	at java.base/jdk.internal.reflect.NativeMethodAccessorImpl.invoke0(Native Method)
	at java.base/jdk.internal.reflect.NativeMethodAccessorImpl.invoke(NativeMethodAccessorImpl.java:77)
	at java.base/jdk.internal.reflect.DelegatingMethodAccessorImpl.invoke(DelegatingMethodAccessorImpl.java:43)
	at java.base/java.lang.reflect.Method.invoke(Method.java:568)
	at org.testng.internal.MethodInvocationHelper.invokeMethod(MethodInvocationHelper.java:124)
	at org.testng.internal.Invoker.invokeMethod(Invoker.java:583)
	at org.testng.internal.Invoker.invokeTestMethod(Invoker.java:719)
	at org.testng.internal.Invoker.invokeTestMethods(Invoker.java:989)
	at org.testng.internal.TestMethodWorker.invokeTestMethods(TestMethodWorker.java:125)
	at org.testng.internal.TestMethodWorker.run(TestMethodWorker.java:109)
	at org.testng.TestRunner.privateRun(TestRunner.java:648)
	at org.testng.TestRunner.run(TestRunner.java:505)
	at org.testng.SuiteRunner.runTest(SuiteRunner.java:455)
	at org.testng.SuiteRunner.runSequentially(SuiteRunner.java:450)
	at org.testng.SuiteRunner.privateRun(SuiteRunner.java:415)
	at org.testng.SuiteRunner.run(SuiteRunner.java:364)
	at org.testng.SuiteRunnerWorker.runSuite(SuiteRunnerWorker.java:52)
	at org.testng.SuiteRunnerWorker.run(SuiteRunnerWorker.java:84)
	at org.testng.TestNG.runSuitesSequentially(TestNG.java:1208)
	at org.testng.TestNG.runSuitesLocally(TestNG.java:1137)
	at org.testng.TestNG.runSuites(TestNG.java:1049)
	at org.testng.TestNG.run(TestNG.java:1017)
	at org.apache.maven.surefire.testng.TestNGExecutor.run(TestNGExecutor.java:308)
	at org.apache.maven.surefire.testng.TestNGXmlTestSuite.execute(TestNGXmlTestSuite.java:71)
	at org.apache.maven.surefire.testng.TestNGProvider.invoke(TestNGProvider.java:113)
	at org.apache.maven.surefire.booter.ForkedBooter.runSuitesInProcess(ForkedBooter.java:385)
	at org.apache.maven.surefire.booter.ForkedBooter.execute(ForkedBooter.java:162)
	at org.apache.maven.surefire.booter.ForkedBooter.run(ForkedBooter.java:507)
	at org.apache.maven.surefire.booter.ForkedBooter.main(ForkedBooter.java:495)
]]></failure>
    <system-out><![CDATA[11:07:55.958 [main] INFO  com.JiviewsAutomation.SystemDefination_Test.ShiftBandTest - Verify Deactivate Shift band
]]></system-out>
  </testcase>
  <testcase name="testReactivateShiftBand" classname="com.JiviewsAutomation.SystemDefination_Test.ShiftBandTest" time="1.819">
    <system-out><![CDATA[11:08:09.386 [main] INFO  com.AutomationJiviewsGeneric.ListenerImplimentation - Screenshot captured and saved to: C:\Development\Automation\Jiviewsrpav2\.\ScreenShot\testDeactivateShiftBand.png
11:08:17.218 [main] INFO  com.JiviewsAutomation.SystemDefination_Test.ShiftBandTest - Verify Reactivate Shift band
]]></system-out>
  </testcase>
  <testcase name="testWithoutShiftBandName" classname="com.JiviewsAutomation.SystemDefination_Test.ShiftBandTest" time="4.969">
    <system-out><![CDATA[11:08:27.365 [main] INFO  com.JiviewsAutomation.SystemDefination_Test.ShiftBandTest - Verify Without Shift Band Name
]]></system-out>
  </testcase>
  <testcase name="testWithCombinationShift" classname="com.JiviewsAutomation.SystemDefination_Test.ShiftBandTest" time="7.998">
    <system-out><![CDATA[11:08:39.730 [main] INFO  com.JiviewsAutomation.SystemDefination_Test.ShiftBandTest - Verify With Combination Shift
]]></system-out>
  </testcase>
  <testcase name="testWithOvertimeShift" classname="com.JiviewsAutomation.SystemDefination_Test.ShiftBandTest" time="4.255">
    <system-out><![CDATA[11:08:55.231 [main] INFO  com.JiviewsAutomation.SystemDefination_Test.ShiftBandTest - Verify With Overtime Shift
]]></system-out>
  </testcase>
  <testcase name="verifyCreateRoasterWithGroup" classname="com.JiviewsAutomation.SystemDefination_Test.roasterSetupTest" time="41.993">
    <system-out><![CDATA[Logout
11:08:59.207 [main] INFO  com.AutomationJiviewsGeneric.BaseClass - Logout from Jivi application
11:08:59.207 [main] INFO  com.AutomationJiviewsGeneric.BaseClass - Close Browser...
11:08:59.387 [main] INFO  com.AutomationJiviewsGeneric.BaseClass - Open Browser
11:09:42.535 [main] INFO  com.AutomationJiviewsGeneric.BaseClass - Browser launched successfully
Login
11:09:42.587 [main] INFO  com.AutomationJiviewsGeneric.BaseClass - Login to the Jivi application
11:10:00.086 [main] INFO  com.JiviewsAutomation.SystemDefination_Test.roasterSetupTest - Creating Roaster with Roster Group ...
11:10:41.775 [main] INFO  com.JiviewsAutomation.SystemDefination_Test.roasterSetupTest - Create a Roster Pattern with Roster Group is successfull
]]></system-out>
    <system-err><![CDATA[Dec 06, 2023 11:09:41 AM org.openqa.selenium.remote.service.DriverService$Builder getLogOutput
INFO: Driver logs no longer sent to console by default; https://www.selenium.dev/documentation/webdriver/drivers/service/#setting-log-output
Dec 06, 2023 11:09:42 AM org.openqa.selenium.devtools.CdpVersionFinder findNearestMatch
WARNING: Unable to find CDP implementation matching 119
Dec 06, 2023 11:09:42 AM org.openqa.selenium.chromium.ChromiumDriver lambda$new$4
WARNING: Unable to find version of CDP to use for . You may need to include a dependency on a specific version of the CDP using something similar to `org.seleniumhq.selenium:selenium-devtools-v86:4.10.0` where the version ("v86") matches the version of the chromium-based browser you're using and the version number of the artifact is the same as Selenium's.
org.openqa.selenium.ElementNotInteractableException: element not interactable
  (Session info: chrome=119.0.6045.200)
Build info: version: '4.10.0', revision: 'c14d967899'
System info: os.name: 'Windows 11', os.arch: 'amd64', os.version: '10.0', java.version: '17.0.8.1'
Driver info: org.openqa.selenium.chrome.ChromeDriver
Command: [815c2e4acba77f3d2079b113f53349c5, sendKeysToElement {id=3AB9593F95AC2E43C4F1D7D783DF04CF_element_12175, value=[Ljava.lang.CharSequence;@552870a2}]
Capabilities {acceptInsecureCerts: false, browserName: chrome, browserVersion: 119.0.6045.200, chrome: {chromedriverVersion: 119.0.6045.105 (38c72552c5e..., userDataDir: C:\Users\kumar\AppData\Loca...}, fedcm:accounts: true, goog:chromeOptions: {debuggerAddress: localhost:53938}, networkConnectionEnabled: false, pageLoadStrategy: normal, platformName: windows, proxy: Proxy(), se:cdp: ws://localhost:53938/devtoo..., se:cdpVersion: 119.0.6045.200, setWindowRect: true, strictFileInteractability: false, timeouts: {implicit: 0, pageLoad: 300000, script: 30000}, unhandledPromptBehavior: dismiss and notify, webauthn:extension:credBlob: true, webauthn:extension:largeBlob: true, webauthn:extension:minPinLength: true, webauthn:extension:prf: true, webauthn:virtualAuthenticators: true}
Element: [[ChromeDriver: chrome on windows (815c2e4acba77f3d2079b113f53349c5)] -> xpath: //div[text()='Off']/..]
Session ID: 815c2e4acba77f3d2079b113f53349c5
	at java.base/jdk.internal.reflect.NativeConstructorAccessorImpl.newInstance0(Native Method)
	at java.base/jdk.internal.reflect.NativeConstructorAccessorImpl.newInstance(NativeConstructorAccessorImpl.java:77)
	at java.base/jdk.internal.reflect.DelegatingConstructorAccessorImpl.newInstance(DelegatingConstructorAccessorImpl.java:45)
	at java.base/java.lang.reflect.Constructor.newInstanceWithCaller(Constructor.java:499)
	at java.base/java.lang.reflect.Constructor.newInstance(Constructor.java:480)
	at org.openqa.selenium.remote.codec.w3c.W3CHttpResponseCodec.createException(W3CHttpResponseCodec.java:199)
	at org.openqa.selenium.remote.codec.w3c.W3CHttpResponseCodec.decode(W3CHttpResponseCodec.java:132)
	at org.openqa.selenium.remote.codec.w3c.W3CHttpResponseCodec.decode(W3CHttpResponseCodec.java:51)
	at org.openqa.selenium.remote.HttpCommandExecutor.execute(HttpCommandExecutor.java:191)
	at org.openqa.selenium.remote.service.DriverCommandExecutor.invokeExecute(DriverCommandExecutor.java:196)
	at org.openqa.selenium.remote.service.DriverCommandExecutor.execute(DriverCommandExecutor.java:171)
	at org.openqa.selenium.remote.RemoteWebDriver.execute(RemoteWebDriver.java:531)
	at org.openqa.selenium.remote.RemoteWebElement.execute(RemoteWebElement.java:242)
	at org.openqa.selenium.remote.RemoteWebElement.sendKeys(RemoteWebElement.java:111)
	at com.AutomationJiviewsPOM.SystemDefinationRosterCreationPage.enterEmptyCell(SystemDefinationRosterCreationPage.java:372)
	at com.AutomationJiviewsPOM.SystemDefinationRosterCreationPage.setCreateRoasterwithGroup(SystemDefinationRosterCreationPage.java:453)
	at com.JiviewsAutomation.SystemDefination_Test.roasterSetupTest.verifyCreateRoasterWithGroup(roasterSetupTest.java:51)
	at java.base/jdk.internal.reflect.NativeMethodAccessorImpl.invoke0(Native Method)
	at java.base/jdk.internal.reflect.NativeMethodAccessorImpl.invoke(NativeMethodAccessorImpl.java:77)
	at java.base/jdk.internal.reflect.DelegatingMethodAccessorImpl.invoke(DelegatingMethodAccessorImpl.java:43)
	at java.base/java.lang.reflect.Method.invoke(Method.java:568)
	at org.testng.internal.MethodInvocationHelper.invokeMethod(MethodInvocationHelper.java:124)
	at org.testng.internal.Invoker.invokeMethod(Invoker.java:583)
	at org.testng.internal.Invoker.invokeTestMethod(Invoker.java:719)
	at org.testng.internal.Invoker.invokeTestMethods(Invoker.java:989)
	at org.testng.internal.TestMethodWorker.invokeTestMethods(TestMethodWorker.java:125)
	at org.testng.internal.TestMethodWorker.run(TestMethodWorker.java:109)
	at org.testng.TestRunner.privateRun(TestRunner.java:648)
	at org.testng.TestRunner.run(TestRunner.java:505)
	at org.testng.SuiteRunner.runTest(SuiteRunner.java:455)
	at org.testng.SuiteRunner.runSequentially(SuiteRunner.java:450)
	at org.testng.SuiteRunner.privateRun(SuiteRunner.java:415)
	at org.testng.SuiteRunner.run(SuiteRunner.java:364)
	at org.testng.SuiteRunnerWorker.runSuite(SuiteRunnerWorker.java:52)
	at org.testng.SuiteRunnerWorker.run(SuiteRunnerWorker.java:84)
	at org.testng.TestNG.runSuitesSequentially(TestNG.java:1208)
	at org.testng.TestNG.runSuitesLocally(TestNG.java:1137)
	at org.testng.TestNG.runSuites(TestNG.java:1049)
	at org.testng.TestNG.run(TestNG.java:1017)
	at org.apache.maven.surefire.testng.TestNGExecutor.run(TestNGExecutor.java:308)
	at org.apache.maven.surefire.testng.TestNGXmlTestSuite.execute(TestNGXmlTestSuite.java:71)
	at org.apache.maven.surefire.testng.TestNGProvider.invoke(TestNGProvider.java:113)
	at org.apache.maven.surefire.booter.ForkedBooter.runSuitesInProcess(ForkedBooter.java:385)
	at org.apache.maven.surefire.booter.ForkedBooter.execute(ForkedBooter.java:162)
	at org.apache.maven.surefire.booter.ForkedBooter.run(ForkedBooter.java:507)
	at org.apache.maven.surefire.booter.ForkedBooter.main(ForkedBooter.java:495)
]]></system-err>
  </testcase>
  <testcase name="verifyCreateRoasterwithEmployee" classname="com.JiviewsAutomation.SystemDefination_Test.roasterSetupTest" time="39.223">
    <system-out><![CDATA[11:11:00.386 [main] INFO  com.JiviewsAutomation.SystemDefination_Test.roasterSetupTest - Creating Roaster with Employee...
11:11:39.303 [main] INFO  com.JiviewsAutomation.SystemDefination_Test.roasterSetupTest - Creating Roaster with Employee is successful
]]></system-out>
    <system-err><![CDATA[org.openqa.selenium.ElementNotInteractableException: element not interactable
  (Session info: chrome=119.0.6045.200)
Build info: version: '4.10.0', revision: 'c14d967899'
System info: os.name: 'Windows 11', os.arch: 'amd64', os.version: '10.0', java.version: '17.0.8.1'
Driver info: org.openqa.selenium.chrome.ChromeDriver
Command: [815c2e4acba77f3d2079b113f53349c5, sendKeysToElement {id=CAA1FCB32280838271EE04AF1B437B9B_element_40922, value=[Ljava.lang.CharSequence;@6da00f8e}]
Capabilities {acceptInsecureCerts: false, browserName: chrome, browserVersion: 119.0.6045.200, chrome: {chromedriverVersion: 119.0.6045.105 (38c72552c5e..., userDataDir: C:\Users\kumar\AppData\Loca...}, fedcm:accounts: true, goog:chromeOptions: {debuggerAddress: localhost:53938}, networkConnectionEnabled: false, pageLoadStrategy: normal, platformName: windows, proxy: Proxy(), se:cdp: ws://localhost:53938/devtoo..., se:cdpVersion: 119.0.6045.200, setWindowRect: true, strictFileInteractability: false, timeouts: {implicit: 0, pageLoad: 300000, script: 30000}, unhandledPromptBehavior: dismiss and notify, webauthn:extension:credBlob: true, webauthn:extension:largeBlob: true, webauthn:extension:minPinLength: true, webauthn:extension:prf: true, webauthn:virtualAuthenticators: true}
Element: [[ChromeDriver: chrome on windows (815c2e4acba77f3d2079b113f53349c5)] -> xpath: //div[text()='Off']/..]
Session ID: 815c2e4acba77f3d2079b113f53349c5
	at java.base/jdk.internal.reflect.NativeConstructorAccessorImpl.newInstance0(Native Method)
	at java.base/jdk.internal.reflect.NativeConstructorAccessorImpl.newInstance(NativeConstructorAccessorImpl.java:77)
	at java.base/jdk.internal.reflect.DelegatingConstructorAccessorImpl.newInstance(DelegatingConstructorAccessorImpl.java:45)
	at java.base/java.lang.reflect.Constructor.newInstanceWithCaller(Constructor.java:499)
	at java.base/java.lang.reflect.Constructor.newInstance(Constructor.java:480)
	at org.openqa.selenium.remote.codec.w3c.W3CHttpResponseCodec.createException(W3CHttpResponseCodec.java:199)
	at org.openqa.selenium.remote.codec.w3c.W3CHttpResponseCodec.decode(W3CHttpResponseCodec.java:132)
	at org.openqa.selenium.remote.codec.w3c.W3CHttpResponseCodec.decode(W3CHttpResponseCodec.java:51)
	at org.openqa.selenium.remote.HttpCommandExecutor.execute(HttpCommandExecutor.java:191)
	at org.openqa.selenium.remote.service.DriverCommandExecutor.invokeExecute(DriverCommandExecutor.java:196)
	at org.openqa.selenium.remote.service.DriverCommandExecutor.execute(DriverCommandExecutor.java:171)
	at org.openqa.selenium.remote.RemoteWebDriver.execute(RemoteWebDriver.java:531)
	at org.openqa.selenium.remote.RemoteWebElement.execute(RemoteWebElement.java:242)
	at org.openqa.selenium.remote.RemoteWebElement.sendKeys(RemoteWebElement.java:111)
	at com.AutomationJiviewsPOM.SystemDefinationRosterCreationPage.enterEmptyCell(SystemDefinationRosterCreationPage.java:372)
	at com.AutomationJiviewsPOM.SystemDefinationRosterCreationPage.setCreateRoasterwithEmployee(SystemDefinationRosterCreationPage.java:491)
	at com.JiviewsAutomation.SystemDefination_Test.roasterSetupTest.verifyCreateRoasterwithEmployee(roasterSetupTest.java:60)
	at java.base/jdk.internal.reflect.NativeMethodAccessorImpl.invoke0(Native Method)
	at java.base/jdk.internal.reflect.NativeMethodAccessorImpl.invoke(NativeMethodAccessorImpl.java:77)
	at java.base/jdk.internal.reflect.DelegatingMethodAccessorImpl.invoke(DelegatingMethodAccessorImpl.java:43)
	at java.base/java.lang.reflect.Method.invoke(Method.java:568)
	at org.testng.internal.MethodInvocationHelper.invokeMethod(MethodInvocationHelper.java:124)
	at org.testng.internal.Invoker.invokeMethod(Invoker.java:583)
	at org.testng.internal.Invoker.invokeTestMethod(Invoker.java:719)
	at org.testng.internal.Invoker.invokeTestMethods(Invoker.java:989)
	at org.testng.internal.TestMethodWorker.invokeTestMethods(TestMethodWorker.java:125)
	at org.testng.internal.TestMethodWorker.run(TestMethodWorker.java:109)
	at org.testng.TestRunner.privateRun(TestRunner.java:648)
	at org.testng.TestRunner.run(TestRunner.java:505)
	at org.testng.SuiteRunner.runTest(SuiteRunner.java:455)
	at org.testng.SuiteRunner.runSequentially(SuiteRunner.java:450)
	at org.testng.SuiteRunner.privateRun(SuiteRunner.java:415)
	at org.testng.SuiteRunner.run(SuiteRunner.java:364)
	at org.testng.SuiteRunnerWorker.runSuite(SuiteRunnerWorker.java:52)
	at org.testng.SuiteRunnerWorker.run(SuiteRunnerWorker.java:84)
	at org.testng.TestNG.runSuitesSequentially(TestNG.java:1208)
	at org.testng.TestNG.runSuitesLocally(TestNG.java:1137)
	at org.testng.TestNG.runSuites(TestNG.java:1049)
	at org.testng.TestNG.run(TestNG.java:1017)
	at org.apache.maven.surefire.testng.TestNGExecutor.run(TestNGExecutor.java:308)
	at org.apache.maven.surefire.testng.TestNGXmlTestSuite.execute(TestNGXmlTestSuite.java:71)
	at org.apache.maven.surefire.testng.TestNGProvider.invoke(TestNGProvider.java:113)
	at org.apache.maven.surefire.booter.ForkedBooter.runSuitesInProcess(ForkedBooter.java:385)
	at org.apache.maven.surefire.booter.ForkedBooter.execute(ForkedBooter.java:162)
	at org.apache.maven.surefire.booter.ForkedBooter.run(ForkedBooter.java:507)
	at org.apache.maven.surefire.booter.ForkedBooter.main(ForkedBooter.java:495)
]]></system-err>
  </testcase>
  <testcase name="verifyUpdateRoaster" classname="com.JiviewsAutomation.SystemDefination_Test.roasterSetupTest" time="5.141">
    <system-out><![CDATA[11:12:07.638 [main] INFO  com.JiviewsAutomation.SystemDefination_Test.roasterSetupTest - Update Roaster with Employee is successful
]]></system-out>
  </testcase>
  <testcase name="verifyDeactiveRoster" classname="com.JiviewsAutomation.SystemDefination_Test.roasterSetupTest" time="1.006">
    <system-out><![CDATA[11:12:29.550 [main] INFO  com.JiviewsAutomation.SystemDefination_Test.roasterSetupTest - Deactivate Roaster is successful
]]></system-out>
  </testcase>
  <testcase name="verifyReactiveRoster" classname="com.JiviewsAutomation.SystemDefination_Test.roasterSetupTest" time="4.129">
    <system-out><![CDATA[11:12:51.352 [main] INFO  com.JiviewsAutomation.SystemDefination_Test.roasterSetupTest - Reactivate Roaster is successful
]]></system-out>
  </testcase>
  <testcase name="verifyCreateRoasterWithGroupAndEmp" classname="com.JiviewsAutomation.SystemDefination_Test.roasterSetupTest" time="38.242">
    <failure message="element not interactable: [object HTMLSelectElement] has no size and location&#10;  (Session info: chrome=119.0.6045.200)&#10;Build info: version: &apos;4.10.0&apos;, revision: &apos;c14d967899&apos;&#10;System info: os.name: &apos;Windows 11&apos;, os.arch: &apos;amd64&apos;, os.version: &apos;10.0&apos;, java.version: &apos;17.0.8.1&apos;&#10;Driver info: org.openqa.selenium.chrome.ChromeDriver&#10;Command: [815c2e4acba77f3d2079b113f53349c5, actions {actions=[org.openqa.selenium.interactions.Sequence@7aa20895]}]&#10;Capabilities {acceptInsecureCerts: false, browserName: chrome, browserVersion: 119.0.6045.200, chrome: {chromedriverVersion: 119.0.6045.105 (38c72552c5e..., userDataDir: C:\Users\kumar\AppData\Loca...}, fedcm:accounts: true, goog:chromeOptions: {debuggerAddress: localhost:53938}, networkConnectionEnabled: false, pageLoadStrategy: normal, platformName: windows, proxy: Proxy(), se:cdp: ws://localhost:53938/devtoo..., se:cdpVersion: 119.0.6045.200, setWindowRect: true, strictFileInteractability: false, timeouts: {implicit: 0, pageLoad: 300000, script: 30000}, unhandledPromptBehavior: dismiss and notify, webauthn:extension:credBlob: true, webauthn:extension:largeBlob: true, webauthn:extension:minPinLength: true, webauthn:extension:prf: true, webauthn:virtualAuthenticators: true}&#10;Session ID: 815c2e4acba77f3d2079b113f53349c5" type="org.openqa.selenium.ElementNotInteractableException"><![CDATA[org.openqa.selenium.ElementNotInteractableException: 
element not interactable: [object HTMLSelectElement] has no size and location
  (Session info: chrome=119.0.6045.200)
Build info: version: '4.10.0', revision: 'c14d967899'
System info: os.name: 'Windows 11', os.arch: 'amd64', os.version: '10.0', java.version: '17.0.8.1'
Driver info: org.openqa.selenium.chrome.ChromeDriver
Command: [815c2e4acba77f3d2079b113f53349c5, actions {actions=[org.openqa.selenium.interactions.Sequence@7aa20895]}]
Capabilities {acceptInsecureCerts: false, browserName: chrome, browserVersion: 119.0.6045.200, chrome: {chromedriverVersion: 119.0.6045.105 (38c72552c5e..., userDataDir: C:\Users\kumar\AppData\Loca...}, fedcm:accounts: true, goog:chromeOptions: {debuggerAddress: localhost:53938}, networkConnectionEnabled: false, pageLoadStrategy: normal, platformName: windows, proxy: Proxy(), se:cdp: ws://localhost:53938/devtoo..., se:cdpVersion: 119.0.6045.200, setWindowRect: true, strictFileInteractability: false, timeouts: {implicit: 0, pageLoad: 300000, script: 30000}, unhandledPromptBehavior: dismiss and notify, webauthn:extension:credBlob: true, webauthn:extension:largeBlob: true, webauthn:extension:minPinLength: true, webauthn:extension:prf: true, webauthn:virtualAuthenticators: true}
Session ID: 815c2e4acba77f3d2079b113f53349c5
	at java.base/jdk.internal.reflect.NativeConstructorAccessorImpl.newInstance0(Native Method)
	at java.base/jdk.internal.reflect.NativeConstructorAccessorImpl.newInstance(NativeConstructorAccessorImpl.java:77)
	at java.base/jdk.internal.reflect.DelegatingConstructorAccessorImpl.newInstance(DelegatingConstructorAccessorImpl.java:45)
	at java.base/java.lang.reflect.Constructor.newInstanceWithCaller(Constructor.java:499)
	at java.base/java.lang.reflect.Constructor.newInstance(Constructor.java:480)
	at org.openqa.selenium.remote.codec.w3c.W3CHttpResponseCodec.createException(W3CHttpResponseCodec.java:199)
	at org.openqa.selenium.remote.codec.w3c.W3CHttpResponseCodec.decode(W3CHttpResponseCodec.java:132)
	at org.openqa.selenium.remote.codec.w3c.W3CHttpResponseCodec.decode(W3CHttpResponseCodec.java:51)
	at org.openqa.selenium.remote.HttpCommandExecutor.execute(HttpCommandExecutor.java:191)
	at org.openqa.selenium.remote.service.DriverCommandExecutor.invokeExecute(DriverCommandExecutor.java:196)
	at org.openqa.selenium.remote.service.DriverCommandExecutor.execute(DriverCommandExecutor.java:171)
	at org.openqa.selenium.remote.RemoteWebDriver.execute(RemoteWebDriver.java:531)
	at org.openqa.selenium.remote.RemoteWebDriver.perform(RemoteWebDriver.java:603)
	at org.openqa.selenium.interactions.Actions$BuiltAction.perform(Actions.java:585)
	at org.openqa.selenium.interactions.Actions.perform(Actions.java:554)
	at com.AutomationJiviewsPOM.SystemDefinationRosterCreationPage.setAvailableEmpTable(SystemDefinationRosterCreationPage.java:265)
	at com.AutomationJiviewsPOM.SystemDefinationRosterCreationPage.setCreateRoasterwithRosterAndEmp(SystemDefinationRosterCreationPage.java:518)
	at com.JiviewsAutomation.SystemDefination_Test.roasterSetupTest.verifyCreateRoasterWithGroupAndEmp(roasterSetupTest.java:90)
	at java.base/jdk.internal.reflect.NativeMethodAccessorImpl.invoke0(Native Method)
	at java.base/jdk.internal.reflect.NativeMethodAccessorImpl.invoke(NativeMethodAccessorImpl.java:77)
	at java.base/jdk.internal.reflect.DelegatingMethodAccessorImpl.invoke(DelegatingMethodAccessorImpl.java:43)
	at java.base/java.lang.reflect.Method.invoke(Method.java:568)
	at org.testng.internal.MethodInvocationHelper.invokeMethod(MethodInvocationHelper.java:124)
	at org.testng.internal.Invoker.invokeMethod(Invoker.java:583)
	at org.testng.internal.Invoker.invokeTestMethod(Invoker.java:719)
	at org.testng.internal.Invoker.invokeTestMethods(Invoker.java:989)
	at org.testng.internal.TestMethodWorker.invokeTestMethods(TestMethodWorker.java:125)
	at org.testng.internal.TestMethodWorker.run(TestMethodWorker.java:109)
	at org.testng.TestRunner.privateRun(TestRunner.java:648)
	at org.testng.TestRunner.run(TestRunner.java:505)
	at org.testng.SuiteRunner.runTest(SuiteRunner.java:455)
	at org.testng.SuiteRunner.runSequentially(SuiteRunner.java:450)
	at org.testng.SuiteRunner.privateRun(SuiteRunner.java:415)
	at org.testng.SuiteRunner.run(SuiteRunner.java:364)
	at org.testng.SuiteRunnerWorker.runSuite(SuiteRunnerWorker.java:52)
	at org.testng.SuiteRunnerWorker.run(SuiteRunnerWorker.java:84)
	at org.testng.TestNG.runSuitesSequentially(TestNG.java:1208)
	at org.testng.TestNG.runSuitesLocally(TestNG.java:1137)
	at org.testng.TestNG.runSuites(TestNG.java:1049)
	at org.testng.TestNG.run(TestNG.java:1017)
	at org.apache.maven.surefire.testng.TestNGExecutor.run(TestNGExecutor.java:308)
	at org.apache.maven.surefire.testng.TestNGXmlTestSuite.execute(TestNGXmlTestSuite.java:71)
	at org.apache.maven.surefire.testng.TestNGProvider.invoke(TestNGProvider.java:113)
	at org.apache.maven.surefire.booter.ForkedBooter.runSuitesInProcess(ForkedBooter.java:385)
	at org.apache.maven.surefire.booter.ForkedBooter.execute(ForkedBooter.java:162)
	at org.apache.maven.surefire.booter.ForkedBooter.run(ForkedBooter.java:507)
	at org.apache.maven.surefire.booter.ForkedBooter.main(ForkedBooter.java:495)
]]></failure>
    <system-err><![CDATA[org.openqa.selenium.ElementNotInteractableException: element not interactable
  (Session info: chrome=119.0.6045.200)
Build info: version: '4.10.0', revision: 'c14d967899'
System info: os.name: 'Windows 11', os.arch: 'amd64', os.version: '10.0', java.version: '17.0.8.1'
Driver info: org.openqa.selenium.chrome.ChromeDriver
Command: [815c2e4acba77f3d2079b113f53349c5, sendKeysToElement {id=842B976B3A26EF77A606A6E571B269B5_element_84193, value=[Ljava.lang.CharSequence;@1773cdb8}]
Capabilities {acceptInsecureCerts: false, browserName: chrome, browserVersion: 119.0.6045.200, chrome: {chromedriverVersion: 119.0.6045.105 (38c72552c5e..., userDataDir: C:\Users\kumar\AppData\Loca...}, fedcm:accounts: true, goog:chromeOptions: {debuggerAddress: localhost:53938}, networkConnectionEnabled: false, pageLoadStrategy: normal, platformName: windows, proxy: Proxy(), se:cdp: ws://localhost:53938/devtoo..., se:cdpVersion: 119.0.6045.200, setWindowRect: true, strictFileInteractability: false, timeouts: {implicit: 0, pageLoad: 300000, script: 30000}, unhandledPromptBehavior: dismiss and notify, webauthn:extension:credBlob: true, webauthn:extension:largeBlob: true, webauthn:extension:minPinLength: true, webauthn:extension:prf: true, webauthn:virtualAuthenticators: true}
Element: [[ChromeDriver: chrome on windows (815c2e4acba77f3d2079b113f53349c5)] -> xpath: //div[text()='Off']/..]
Session ID: 815c2e4acba77f3d2079b113f53349c5
	at java.base/jdk.internal.reflect.NativeConstructorAccessorImpl.newInstance0(Native Method)
	at java.base/jdk.internal.reflect.NativeConstructorAccessorImpl.newInstance(NativeConstructorAccessorImpl.java:77)
	at java.base/jdk.internal.reflect.DelegatingConstructorAccessorImpl.newInstance(DelegatingConstructorAccessorImpl.java:45)
	at java.base/java.lang.reflect.Constructor.newInstanceWithCaller(Constructor.java:499)
	at java.base/java.lang.reflect.Constructor.newInstance(Constructor.java:480)
	at org.openqa.selenium.remote.codec.w3c.W3CHttpResponseCodec.createException(W3CHttpResponseCodec.java:199)
	at org.openqa.selenium.remote.codec.w3c.W3CHttpResponseCodec.decode(W3CHttpResponseCodec.java:132)
	at org.openqa.selenium.remote.codec.w3c.W3CHttpResponseCodec.decode(W3CHttpResponseCodec.java:51)
	at org.openqa.selenium.remote.HttpCommandExecutor.execute(HttpCommandExecutor.java:191)
	at org.openqa.selenium.remote.service.DriverCommandExecutor.invokeExecute(DriverCommandExecutor.java:196)
	at org.openqa.selenium.remote.service.DriverCommandExecutor.execute(DriverCommandExecutor.java:171)
	at org.openqa.selenium.remote.RemoteWebDriver.execute(RemoteWebDriver.java:531)
	at org.openqa.selenium.remote.RemoteWebElement.execute(RemoteWebElement.java:242)
	at org.openqa.selenium.remote.RemoteWebElement.sendKeys(RemoteWebElement.java:111)
	at com.AutomationJiviewsPOM.SystemDefinationRosterCreationPage.enterEmptyCell(SystemDefinationRosterCreationPage.java:372)
	at com.AutomationJiviewsPOM.SystemDefinationRosterCreationPage.setCreateRoasterwithRosterAndEmp(SystemDefinationRosterCreationPage.java:513)
	at com.JiviewsAutomation.SystemDefination_Test.roasterSetupTest.verifyCreateRoasterWithGroupAndEmp(roasterSetupTest.java:90)
	at java.base/jdk.internal.reflect.NativeMethodAccessorImpl.invoke0(Native Method)
	at java.base/jdk.internal.reflect.NativeMethodAccessorImpl.invoke(NativeMethodAccessorImpl.java:77)
	at java.base/jdk.internal.reflect.DelegatingMethodAccessorImpl.invoke(DelegatingMethodAccessorImpl.java:43)
	at java.base/java.lang.reflect.Method.invoke(Method.java:568)
	at org.testng.internal.MethodInvocationHelper.invokeMethod(MethodInvocationHelper.java:124)
	at org.testng.internal.Invoker.invokeMethod(Invoker.java:583)
	at org.testng.internal.Invoker.invokeTestMethod(Invoker.java:719)
	at org.testng.internal.Invoker.invokeTestMethods(Invoker.java:989)
	at org.testng.internal.TestMethodWorker.invokeTestMethods(TestMethodWorker.java:125)
	at org.testng.internal.TestMethodWorker.run(TestMethodWorker.java:109)
	at org.testng.TestRunner.privateRun(TestRunner.java:648)
	at org.testng.TestRunner.run(TestRunner.java:505)
	at org.testng.SuiteRunner.runTest(SuiteRunner.java:455)
	at org.testng.SuiteRunner.runSequentially(SuiteRunner.java:450)
	at org.testng.SuiteRunner.privateRun(SuiteRunner.java:415)
	at org.testng.SuiteRunner.run(SuiteRunner.java:364)
	at org.testng.SuiteRunnerWorker.runSuite(SuiteRunnerWorker.java:52)
	at org.testng.SuiteRunnerWorker.run(SuiteRunnerWorker.java:84)
	at org.testng.TestNG.runSuitesSequentially(TestNG.java:1208)
	at org.testng.TestNG.runSuitesLocally(TestNG.java:1137)
	at org.testng.TestNG.runSuites(TestNG.java:1049)
	at org.testng.TestNG.run(TestNG.java:1017)
	at org.apache.maven.surefire.testng.TestNGExecutor.run(TestNGExecutor.java:308)
	at org.apache.maven.surefire.testng.TestNGXmlTestSuite.execute(TestNGXmlTestSuite.java:71)
	at org.apache.maven.surefire.testng.TestNGProvider.invoke(TestNGProvider.java:113)
	at org.apache.maven.surefire.booter.ForkedBooter.runSuitesInProcess(ForkedBooter.java:385)
	at org.apache.maven.surefire.booter.ForkedBooter.execute(ForkedBooter.java:162)
	at org.apache.maven.surefire.booter.ForkedBooter.run(ForkedBooter.java:507)
	at org.apache.maven.surefire.booter.ForkedBooter.main(ForkedBooter.java:495)
]]></system-err>
  </testcase>
  <testcase name="setup" classname="com.JiviewsAutomation.SystemDefination_Test.SCRTest" time="128.559">
    <failure message="Expected condition failed: waiting for element to be clickable: Proxy element for: DefaultElementLocator &apos;By.xpath: //div[@id=&apos;dvOrgUnitDropdown&apos;]/a&apos; (tried for 70 second(s) with 500 milliseconds interval)" type="org.openqa.selenium.TimeoutException"><![CDATA[org.openqa.selenium.TimeoutException: Expected condition failed: waiting for element to be clickable: Proxy element for: DefaultElementLocator 'By.xpath: //div[@id='dvOrgUnitDropdown']/a' (tried for 70 second(s) with 500 milliseconds interval)
	at org.openqa.selenium.support.ui.WebDriverWait.timeoutException(WebDriverWait.java:84)
	at org.openqa.selenium.support.ui.FluentWait.until(FluentWait.java:230)
	at com.AutomationJiviewsGeneric.WebUtilities.ElementClickable(WebUtilities.java:58)
	at com.AutomationJiviewsPOM.HomePage.setOrgUnit(HomePage.java:37)
	at com.JiviewsAutomation.SystemDefination_Test.SCRTest.setup(SCRTest.java:40)
	at java.base/jdk.internal.reflect.NativeMethodAccessorImpl.invoke0(Native Method)
	at java.base/jdk.internal.reflect.NativeMethodAccessorImpl.invoke(NativeMethodAccessorImpl.java:77)
	at java.base/jdk.internal.reflect.DelegatingMethodAccessorImpl.invoke(DelegatingMethodAccessorImpl.java:43)
	at java.base/java.lang.reflect.Method.invoke(Method.java:568)
	at org.testng.internal.MethodInvocationHelper.invokeMethod(MethodInvocationHelper.java:124)
	at org.testng.internal.MethodInvocationHelper.invokeMethodConsideringTimeout(MethodInvocationHelper.java:59)
	at org.testng.internal.Invoker.invokeConfigurationMethod(Invoker.java:458)
	at org.testng.internal.Invoker.invokeConfigurations(Invoker.java:222)
	at org.testng.internal.Invoker.invokeMethod(Invoker.java:523)
	at org.testng.internal.Invoker.invokeTestMethod(Invoker.java:719)
	at org.testng.internal.Invoker.invokeTestMethods(Invoker.java:989)
	at org.testng.internal.TestMethodWorker.invokeTestMethods(TestMethodWorker.java:125)
	at org.testng.internal.TestMethodWorker.run(TestMethodWorker.java:109)
	at org.testng.TestRunner.privateRun(TestRunner.java:648)
	at org.testng.TestRunner.run(TestRunner.java:505)
	at org.testng.SuiteRunner.runTest(SuiteRunner.java:455)
	at org.testng.SuiteRunner.runSequentially(SuiteRunner.java:450)
	at org.testng.SuiteRunner.privateRun(SuiteRunner.java:415)
	at org.testng.SuiteRunner.run(SuiteRunner.java:364)
	at org.testng.SuiteRunnerWorker.runSuite(SuiteRunnerWorker.java:52)
	at org.testng.SuiteRunnerWorker.run(SuiteRunnerWorker.java:84)
	at org.testng.TestNG.runSuitesSequentially(TestNG.java:1208)
	at org.testng.TestNG.runSuitesLocally(TestNG.java:1137)
	at org.testng.TestNG.runSuites(TestNG.java:1049)
	at org.testng.TestNG.run(TestNG.java:1017)
	at org.apache.maven.surefire.testng.TestNGExecutor.run(TestNGExecutor.java:308)
	at org.apache.maven.surefire.testng.TestNGXmlTestSuite.execute(TestNGXmlTestSuite.java:71)
	at org.apache.maven.surefire.testng.TestNGProvider.invoke(TestNGProvider.java:113)
	at org.apache.maven.surefire.booter.ForkedBooter.runSuitesInProcess(ForkedBooter.java:385)
	at org.apache.maven.surefire.booter.ForkedBooter.execute(ForkedBooter.java:162)
	at org.apache.maven.surefire.booter.ForkedBooter.run(ForkedBooter.java:507)
	at org.apache.maven.surefire.booter.ForkedBooter.main(ForkedBooter.java:495)
Caused by: org.openqa.selenium.NoSuchElementException: no such element: Unable to locate element: {"method":"xpath","selector":"//div[@id='dvOrgUnitDropdown']/a"}
  (Session info: chrome=119.0.6045.200)
For documentation on this error, please visit: https://www.selenium.dev/documentation/webdriver/troubleshooting/errors#no-such-element-exception
Build info: version: '4.10.0', revision: 'c14d967899'
System info: os.name: 'Windows 11', os.arch: 'amd64', os.version: '10.0', java.version: '17.0.8.1'
Driver info: org.openqa.selenium.chrome.ChromeDriver
Command: [1ce6475b53dafa0baf7795e6f525be9d, findElement {using=xpath, value=//div[@id='dvOrgUnitDropdown']/a}]
Capabilities {acceptInsecureCerts: false, browserName: chrome, browserVersion: 119.0.6045.200, chrome: {chromedriverVersion: 119.0.6045.105 (38c72552c5e..., userDataDir: C:\Users\kumar\AppData\Loca...}, fedcm:accounts: true, goog:chromeOptions: {debuggerAddress: localhost:53982}, networkConnectionEnabled: false, pageLoadStrategy: normal, platformName: windows, proxy: Proxy(), se:cdp: ws://localhost:53982/devtoo..., se:cdpVersion: 119.0.6045.200, setWindowRect: true, strictFileInteractability: false, timeouts: {implicit: 0, pageLoad: 300000, script: 30000}, unhandledPromptBehavior: dismiss and notify, webauthn:extension:credBlob: true, webauthn:extension:largeBlob: true, webauthn:extension:minPinLength: true, webauthn:extension:prf: true, webauthn:virtualAuthenticators: true}
Session ID: 1ce6475b53dafa0baf7795e6f525be9d
	at java.base/jdk.internal.reflect.NativeConstructorAccessorImpl.newInstance0(Native Method)
	at java.base/jdk.internal.reflect.NativeConstructorAccessorImpl.newInstance(NativeConstructorAccessorImpl.java:77)
	at java.base/jdk.internal.reflect.DelegatingConstructorAccessorImpl.newInstance(DelegatingConstructorAccessorImpl.java:45)
	at java.base/java.lang.reflect.Constructor.newInstanceWithCaller(Constructor.java:499)
	at java.base/java.lang.reflect.Constructor.newInstance(Constructor.java:480)
	at org.openqa.selenium.remote.codec.w3c.W3CHttpResponseCodec.createException(W3CHttpResponseCodec.java:199)
	at org.openqa.selenium.remote.codec.w3c.W3CHttpResponseCodec.decode(W3CHttpResponseCodec.java:132)
	at org.openqa.selenium.remote.codec.w3c.W3CHttpResponseCodec.decode(W3CHttpResponseCodec.java:51)
	at org.openqa.selenium.remote.HttpCommandExecutor.execute(HttpCommandExecutor.java:191)
	at org.openqa.selenium.remote.service.DriverCommandExecutor.invokeExecute(DriverCommandExecutor.java:196)
	at org.openqa.selenium.remote.service.DriverCommandExecutor.execute(DriverCommandExecutor.java:171)
	at org.openqa.selenium.remote.RemoteWebDriver.execute(RemoteWebDriver.java:531)
	at org.openqa.selenium.remote.ElementLocation$ElementFinder$2.findElement(ElementLocation.java:165)
	at org.openqa.selenium.remote.ElementLocation.findElement(ElementLocation.java:59)
	at org.openqa.selenium.remote.RemoteWebDriver.findElement(RemoteWebDriver.java:350)
	at org.openqa.selenium.remote.RemoteWebDriver.findElement(RemoteWebDriver.java:344)
	at org.openqa.selenium.support.pagefactory.DefaultElementLocator.findElement(DefaultElementLocator.java:68)
	at org.openqa.selenium.support.pagefactory.internal.LocatingElementHandler.invoke(LocatingElementHandler.java:38)
	at jdk.proxy2/jdk.proxy2.$Proxy31.isDisplayed(Unknown Source)
	at org.openqa.selenium.support.ui.ExpectedConditions.elementIfVisible(ExpectedConditions.java:304)
	at org.openqa.selenium.support.ui.ExpectedConditions.access$000(ExpectedConditions.java:37)
	at org.openqa.selenium.support.ui.ExpectedConditions$10.apply(ExpectedConditions.java:290)
	at org.openqa.selenium.support.ui.ExpectedConditions$10.apply(ExpectedConditions.java:287)
	at org.openqa.selenium.support.ui.ExpectedConditions$23.apply(ExpectedConditions.java:656)
	at org.openqa.selenium.support.ui.ExpectedConditions$23.apply(ExpectedConditions.java:652)
	at org.openqa.selenium.support.ui.FluentWait.until(FluentWait.java:205)
	... 35 more
]]></failure>
    <system-out><![CDATA[11:13:45.918 [main] INFO  com.AutomationJiviewsGeneric.ListenerImplimentation - Screenshot captured and saved to: C:\Development\Automation\Jiviewsrpav2\.\ScreenShot\verifyCreateRoasterWithGroupAndEmp.png
Logout
11:13:45.920 [main] INFO  com.AutomationJiviewsGeneric.BaseClass - Logout from Jivi application
11:13:45.920 [main] INFO  com.AutomationJiviewsGeneric.BaseClass - Close Browser...
11:13:46.116 [main] INFO  com.AutomationJiviewsGeneric.BaseClass - Open Browser
11:13:46.890 [main] INFO  com.AutomationJiviewsGeneric.BaseClass - Browser launched successfully
Login
11:13:46.926 [main] INFO  com.AutomationJiviewsGeneric.BaseClass - Login to the Jivi application
]]></system-out>
    <system-err><![CDATA[Dec 06, 2023 11:13:46 AM org.openqa.selenium.remote.service.DriverService$Builder getLogOutput
INFO: Driver logs no longer sent to console by default; https://www.selenium.dev/documentation/webdriver/drivers/service/#setting-log-output
Dec 06, 2023 11:13:46 AM org.openqa.selenium.devtools.CdpVersionFinder findNearestMatch
WARNING: Unable to find CDP implementation matching 119
Dec 06, 2023 11:13:46 AM org.openqa.selenium.chromium.ChromiumDriver lambda$new$4
WARNING: Unable to find version of CDP to use for . You may need to include a dependency on a specific version of the CDP using something similar to `org.seleniumhq.selenium:selenium-devtools-v86:4.10.0` where the version ("v86") matches the version of the chromium-based browser you're using and the version number of the artifact is the same as Selenium's.
]]></system-err>
  </testcase>
  <testcase name="setup" classname="com.JiviewsAutomation.SystemDefination_Test.SCRTest" time="0.0">
    <skipped/>
  </testcase>
  <testcase name="testCreateSCR" classname="com.JiviewsAutomation.SystemDefination_Test.SCRTest" time="0.0">
    <skipped message="Expected condition failed: waiting for element to be clickable: Proxy element for: DefaultElementLocator &apos;By.xpath: //div[@id=&apos;dvOrgUnitDropdown&apos;]/a&apos; (tried for 70 second(s) with 500 milliseconds interval)"/>
  </testcase>
  <testcase name="testUpdateSCR" classname="com.JiviewsAutomation.SystemDefination_Test.SCRTest" time="0.0">
    <skipped message="Expected condition failed: waiting for element to be clickable: Proxy element for: DefaultElementLocator &apos;By.xpath: //div[@id=&apos;dvOrgUnitDropdown&apos;]/a&apos; (tried for 70 second(s) with 500 milliseconds interval)"/>
  </testcase>
  <testcase name="testDeactivateSCR" classname="com.JiviewsAutomation.SystemDefination_Test.SCRTest" time="0.0">
    <skipped message="Method SCRTest.testDeactivateSCR()[pri:3, instance:com.JiviewsAutomation.SystemDefination_Test.SCRTest@79da1ec0] depends on not successfully finished methods"/>
  </testcase>
  <testcase name="testReactivateSCR" classname="com.JiviewsAutomation.SystemDefination_Test.SCRTest" time="0.0">
    <skipped message="Method SCRTest.testReactivateSCR()[pri:4, instance:com.JiviewsAutomation.SystemDefination_Test.SCRTest@79da1ec0] depends on not successfully finished methods"/>
  </testcase>
  <testcase name="afterTestMethod" classname="com.JiviewsAutomation.SystemDefination_Test.SCRTest" time="0.0">
    <skipped/>
  </testcase>
  <testcase name="closeBrowser" classname="com.JiviewsAutomation.SystemDefination_Test.SCRTest" time="0.0">
    <skipped/>
  </testcase>
  <testcase name="verifyCreatePublicHoliday" classname="com.JiviewsAutomation.SystemDefination_Test.PublicHolidayTest" time="10.147">
    <system-out><![CDATA[11:15:16.357 [main] INFO  com.AutomationJiviewsGeneric.BaseClass - Open Browser
11:15:17.148 [main] INFO  com.AutomationJiviewsGeneric.BaseClass - Browser launched successfully
Login
11:15:17.174 [main] INFO  com.AutomationJiviewsGeneric.BaseClass - Login to the Jivi application
11:16:39.698 [main] INFO  com.JiviewsAutomation.SystemDefination_Test.PublicHolidayTest - Creating public holiday
11:16:49.734 [main] INFO  com.JiviewsAutomation.SystemDefination_Test.PublicHolidayTest - Public holiday creation successful
]]></system-out>
    <system-err><![CDATA[Dec 06, 2023 11:15:16 AM org.openqa.selenium.remote.service.DriverService$Builder getLogOutput
INFO: Driver logs no longer sent to console by default; https://www.selenium.dev/documentation/webdriver/drivers/service/#setting-log-output
Dec 06, 2023 11:15:17 AM org.openqa.selenium.devtools.CdpVersionFinder findNearestMatch
WARNING: Unable to find CDP implementation matching 119
Dec 06, 2023 11:15:17 AM org.openqa.selenium.chromium.ChromiumDriver lambda$new$4
WARNING: Unable to find version of CDP to use for . You may need to include a dependency on a specific version of the CDP using something similar to `org.seleniumhq.selenium:selenium-devtools-v86:4.10.0` where the version ("v86") matches the version of the chromium-based browser you're using and the version number of the artifact is the same as Selenium's.
]]></system-err>
  </testcase>
  <testcase name="verifyUpdatePublicHoliday" classname="com.JiviewsAutomation.SystemDefination_Test.PublicHolidayTest" time="13.845">
    <failure message="no such element: Unable to locate element: {&quot;method&quot;:&quot;xpath&quot;,&quot;selector&quot;:&quot;//div[text()=&apos;Public Holiday updated successfully&apos;]&quot;}&#10;  (Session info: chrome=119.0.6045.200)&#10;For documentation on this error, please visit: https://www.selenium.dev/documentation/webdriver/troubleshooting/errors#no-such-element-exception&#10;Build info: version: &apos;4.10.0&apos;, revision: &apos;c14d967899&apos;&#10;System info: os.name: &apos;Windows 11&apos;, os.arch: &apos;amd64&apos;, os.version: &apos;10.0&apos;, java.version: &apos;17.0.8.1&apos;&#10;Driver info: org.openqa.selenium.chrome.ChromeDriver&#10;Command: [c205966e7cdd552fe07c635a26dd8526, findElement {using=xpath, value=//div[text()=&apos;Public Holiday updated successfully&apos;]}]&#10;Capabilities {acceptInsecureCerts: false, browserName: chrome, browserVersion: 119.0.6045.200, chrome: {chromedriverVersion: 119.0.6045.105 (38c72552c5e..., userDataDir: C:\Users\kumar\AppData\Loca...}, fedcm:accounts: true, goog:chromeOptions: {debuggerAddress: localhost:54008}, networkConnectionEnabled: false, pageLoadStrategy: normal, platformName: windows, proxy: Proxy(), se:cdp: ws://localhost:54008/devtoo..., se:cdpVersion: 119.0.6045.200, setWindowRect: true, strictFileInteractability: false, timeouts: {implicit: 0, pageLoad: 300000, script: 30000}, unhandledPromptBehavior: dismiss and notify, webauthn:extension:credBlob: true, webauthn:extension:largeBlob: true, webauthn:extension:minPinLength: true, webauthn:extension:prf: true, webauthn:virtualAuthenticators: true}&#10;Session ID: c205966e7cdd552fe07c635a26dd8526" type="org.openqa.selenium.NoSuchElementException"><![CDATA[org.openqa.selenium.NoSuchElementException: 
no such element: Unable to locate element: {"method":"xpath","selector":"//div[text()='Public Holiday updated successfully']"}
  (Session info: chrome=119.0.6045.200)
For documentation on this error, please visit: https://www.selenium.dev/documentation/webdriver/troubleshooting/errors#no-such-element-exception
Build info: version: '4.10.0', revision: 'c14d967899'
System info: os.name: 'Windows 11', os.arch: 'amd64', os.version: '10.0', java.version: '17.0.8.1'
Driver info: org.openqa.selenium.chrome.ChromeDriver
Command: [c205966e7cdd552fe07c635a26dd8526, findElement {using=xpath, value=//div[text()='Public Holiday updated successfully']}]
Capabilities {acceptInsecureCerts: false, browserName: chrome, browserVersion: 119.0.6045.200, chrome: {chromedriverVersion: 119.0.6045.105 (38c72552c5e..., userDataDir: C:\Users\kumar\AppData\Loca...}, fedcm:accounts: true, goog:chromeOptions: {debuggerAddress: localhost:54008}, networkConnectionEnabled: false, pageLoadStrategy: normal, platformName: windows, proxy: Proxy(), se:cdp: ws://localhost:54008/devtoo..., se:cdpVersion: 119.0.6045.200, setWindowRect: true, strictFileInteractability: false, timeouts: {implicit: 0, pageLoad: 300000, script: 30000}, unhandledPromptBehavior: dismiss and notify, webauthn:extension:credBlob: true, webauthn:extension:largeBlob: true, webauthn:extension:minPinLength: true, webauthn:extension:prf: true, webauthn:virtualAuthenticators: true}
Session ID: c205966e7cdd552fe07c635a26dd8526
	at java.base/jdk.internal.reflect.NativeConstructorAccessorImpl.newInstance0(Native Method)
	at java.base/jdk.internal.reflect.NativeConstructorAccessorImpl.newInstance(NativeConstructorAccessorImpl.java:77)
	at java.base/jdk.internal.reflect.DelegatingConstructorAccessorImpl.newInstance(DelegatingConstructorAccessorImpl.java:45)
	at java.base/java.lang.reflect.Constructor.newInstanceWithCaller(Constructor.java:499)
	at java.base/java.lang.reflect.Constructor.newInstance(Constructor.java:480)
	at org.openqa.selenium.remote.codec.w3c.W3CHttpResponseCodec.createException(W3CHttpResponseCodec.java:199)
	at org.openqa.selenium.remote.codec.w3c.W3CHttpResponseCodec.decode(W3CHttpResponseCodec.java:132)
	at org.openqa.selenium.remote.codec.w3c.W3CHttpResponseCodec.decode(W3CHttpResponseCodec.java:51)
	at org.openqa.selenium.remote.HttpCommandExecutor.execute(HttpCommandExecutor.java:191)
	at org.openqa.selenium.remote.service.DriverCommandExecutor.invokeExecute(DriverCommandExecutor.java:196)
	at org.openqa.selenium.remote.service.DriverCommandExecutor.execute(DriverCommandExecutor.java:171)
	at org.openqa.selenium.remote.RemoteWebDriver.execute(RemoteWebDriver.java:531)
	at org.openqa.selenium.remote.ElementLocation$ElementFinder$2.findElement(ElementLocation.java:165)
	at org.openqa.selenium.remote.ElementLocation.findElement(ElementLocation.java:59)
	at org.openqa.selenium.remote.RemoteWebDriver.findElement(RemoteWebDriver.java:350)
	at org.openqa.selenium.remote.RemoteWebDriver.findElement(RemoteWebDriver.java:344)
	at org.openqa.selenium.support.pagefactory.DefaultElementLocator.findElement(DefaultElementLocator.java:68)
	at org.openqa.selenium.support.pagefactory.internal.LocatingElementHandler.invoke(LocatingElementHandler.java:38)
	at jdk.proxy2/jdk.proxy2.$Proxy31.getText(Unknown Source)
	at com.AutomationJiviewsPOM.SystemDefinationPublicHolidayPage.setUpdateNotificationPopup(SystemDefinationPublicHolidayPage.java:142)
	at com.AutomationJiviewsPOM.SystemDefinationPublicHolidayPage.setUpdatePublicHoliday(SystemDefinationPublicHolidayPage.java:243)
	at com.JiviewsAutomation.SystemDefination_Test.PublicHolidayTest.verifyUpdatePublicHoliday(PublicHolidayTest.java:59)
	at java.base/jdk.internal.reflect.NativeMethodAccessorImpl.invoke0(Native Method)
	at java.base/jdk.internal.reflect.NativeMethodAccessorImpl.invoke(NativeMethodAccessorImpl.java:77)
	at java.base/jdk.internal.reflect.DelegatingMethodAccessorImpl.invoke(DelegatingMethodAccessorImpl.java:43)
	at java.base/java.lang.reflect.Method.invoke(Method.java:568)
	at org.testng.internal.MethodInvocationHelper.invokeMethod(MethodInvocationHelper.java:124)
	at org.testng.internal.Invoker.invokeMethod(Invoker.java:583)
	at org.testng.internal.Invoker.invokeTestMethod(Invoker.java:719)
	at org.testng.internal.Invoker.invokeTestMethods(Invoker.java:989)
	at org.testng.internal.TestMethodWorker.invokeTestMethods(TestMethodWorker.java:125)
	at org.testng.internal.TestMethodWorker.run(TestMethodWorker.java:109)
	at org.testng.TestRunner.privateRun(TestRunner.java:648)
	at org.testng.TestRunner.run(TestRunner.java:505)
	at org.testng.SuiteRunner.runTest(SuiteRunner.java:455)
	at org.testng.SuiteRunner.runSequentially(SuiteRunner.java:450)
	at org.testng.SuiteRunner.privateRun(SuiteRunner.java:415)
	at org.testng.SuiteRunner.run(SuiteRunner.java:364)
	at org.testng.SuiteRunnerWorker.runSuite(SuiteRunnerWorker.java:52)
	at org.testng.SuiteRunnerWorker.run(SuiteRunnerWorker.java:84)
	at org.testng.TestNG.runSuitesSequentially(TestNG.java:1208)
	at org.testng.TestNG.runSuitesLocally(TestNG.java:1137)
	at org.testng.TestNG.runSuites(TestNG.java:1049)
	at org.testng.TestNG.run(TestNG.java:1017)
	at org.apache.maven.surefire.testng.TestNGExecutor.run(TestNGExecutor.java:308)
	at org.apache.maven.surefire.testng.TestNGXmlTestSuite.execute(TestNGXmlTestSuite.java:71)
	at org.apache.maven.surefire.testng.TestNGProvider.invoke(TestNGProvider.java:113)
	at org.apache.maven.surefire.booter.ForkedBooter.runSuitesInProcess(ForkedBooter.java:385)
	at org.apache.maven.surefire.booter.ForkedBooter.execute(ForkedBooter.java:162)
	at org.apache.maven.surefire.booter.ForkedBooter.run(ForkedBooter.java:507)
	at org.apache.maven.surefire.booter.ForkedBooter.main(ForkedBooter.java:495)
]]></failure>
    <system-out><![CDATA[11:16:56.376 [main] INFO  com.JiviewsAutomation.SystemDefination_Test.PublicHolidayTest - Updating public holiday
]]></system-out>
  </testcase>
  <testcase name="verifyDeletePublicHoliday" classname="com.JiviewsAutomation.SystemDefination_Test.PublicHolidayTest" time="1.06">
    <system-out><![CDATA[11:17:10.238 [main] INFO  com.AutomationJiviewsGeneric.ListenerImplimentation - Screenshot captured and saved to: C:\Development\Automation\Jiviewsrpav2\.\ScreenShot\verifyUpdatePublicHoliday.png
11:17:17.167 [main] INFO  com.JiviewsAutomation.SystemDefination_Test.PublicHolidayTest - Deleting public holiday
11:17:17.954 [main] INFO  com.JiviewsAutomation.SystemDefination_Test.PublicHolidayTest - Deactivate public holiday successful
]]></system-out>
  </testcase>
  <testcase name="verifyCreateEmpProfile" classname="com.JiviewsAutomation.SystemDefination_Test.EmpAdmEmployeeProfileTest" time="46.073">
    <failure message="element not interactable&#10;  (Session info: chrome=119.0.6045.200)&#10;Build info: version: &apos;4.10.0&apos;, revision: &apos;c14d967899&apos;&#10;System info: os.name: &apos;Windows 11&apos;, os.arch: &apos;amd64&apos;, os.version: &apos;10.0&apos;, java.version: &apos;17.0.8.1&apos;&#10;Driver info: org.openqa.selenium.chrome.ChromeDriver&#10;Command: [3d9562eb60539aaa340e82e4877c54c2, clearElement {id=EED32295EB604B7AC9759E3D96E1CEBA_element_588}]&#10;Capabilities {acceptInsecureCerts: false, browserName: chrome, browserVersion: 119.0.6045.200, chrome: {chromedriverVersion: 119.0.6045.105 (38c72552c5e..., userDataDir: C:\Users\kumar\AppData\Loca...}, fedcm:accounts: true, goog:chromeOptions: {debuggerAddress: localhost:54040}, networkConnectionEnabled: false, pageLoadStrategy: normal, platformName: windows, proxy: Proxy(), se:cdp: ws://localhost:54040/devtoo..., se:cdpVersion: 119.0.6045.200, setWindowRect: true, strictFileInteractability: false, timeouts: {implicit: 0, pageLoad: 300000, script: 30000}, unhandledPromptBehavior: dismiss and notify, webauthn:extension:credBlob: true, webauthn:extension:largeBlob: true, webauthn:extension:minPinLength: true, webauthn:extension:prf: true, webauthn:virtualAuthenticators: true}&#10;Element: [[ChromeDriver: chrome on windows (3d9562eb60539aaa340e82e4877c54c2)] -&gt; xpath: //input[@id=&apos;txtContactCity&apos;]]&#10;Session ID: 3d9562eb60539aaa340e82e4877c54c2" type="org.openqa.selenium.ElementNotInteractableException"><![CDATA[org.openqa.selenium.ElementNotInteractableException: 
element not interactable
  (Session info: chrome=119.0.6045.200)
Build info: version: '4.10.0', revision: 'c14d967899'
System info: os.name: 'Windows 11', os.arch: 'amd64', os.version: '10.0', java.version: '17.0.8.1'
Driver info: org.openqa.selenium.chrome.ChromeDriver
Command: [3d9562eb60539aaa340e82e4877c54c2, clearElement {id=EED32295EB604B7AC9759E3D96E1CEBA_element_588}]
Capabilities {acceptInsecureCerts: false, browserName: chrome, browserVersion: 119.0.6045.200, chrome: {chromedriverVersion: 119.0.6045.105 (38c72552c5e..., userDataDir: C:\Users\kumar\AppData\Loca...}, fedcm:accounts: true, goog:chromeOptions: {debuggerAddress: localhost:54040}, networkConnectionEnabled: false, pageLoadStrategy: normal, platformName: windows, proxy: Proxy(), se:cdp: ws://localhost:54040/devtoo..., se:cdpVersion: 119.0.6045.200, setWindowRect: true, strictFileInteractability: false, timeouts: {implicit: 0, pageLoad: 300000, script: 30000}, unhandledPromptBehavior: dismiss and notify, webauthn:extension:credBlob: true, webauthn:extension:largeBlob: true, webauthn:extension:minPinLength: true, webauthn:extension:prf: true, webauthn:virtualAuthenticators: true}
Element: [[ChromeDriver: chrome on windows (3d9562eb60539aaa340e82e4877c54c2)] -> xpath: //input[@id='txtContactCity']]
Session ID: 3d9562eb60539aaa340e82e4877c54c2
	at java.base/jdk.internal.reflect.NativeConstructorAccessorImpl.newInstance0(Native Method)
	at java.base/jdk.internal.reflect.NativeConstructorAccessorImpl.newInstance(NativeConstructorAccessorImpl.java:77)
	at java.base/jdk.internal.reflect.DelegatingConstructorAccessorImpl.newInstance(DelegatingConstructorAccessorImpl.java:45)
	at java.base/java.lang.reflect.Constructor.newInstanceWithCaller(Constructor.java:499)
	at java.base/java.lang.reflect.Constructor.newInstance(Constructor.java:480)
	at org.openqa.selenium.remote.codec.w3c.W3CHttpResponseCodec.createException(W3CHttpResponseCodec.java:199)
	at org.openqa.selenium.remote.codec.w3c.W3CHttpResponseCodec.decode(W3CHttpResponseCodec.java:132)
	at org.openqa.selenium.remote.codec.w3c.W3CHttpResponseCodec.decode(W3CHttpResponseCodec.java:51)
	at org.openqa.selenium.remote.HttpCommandExecutor.execute(HttpCommandExecutor.java:191)
	at org.openqa.selenium.remote.service.DriverCommandExecutor.invokeExecute(DriverCommandExecutor.java:196)
	at org.openqa.selenium.remote.service.DriverCommandExecutor.execute(DriverCommandExecutor.java:171)
	at org.openqa.selenium.remote.RemoteWebDriver.execute(RemoteWebDriver.java:531)
	at org.openqa.selenium.remote.RemoteWebElement.execute(RemoteWebElement.java:242)
	at org.openqa.selenium.remote.RemoteWebElement.clear(RemoteWebElement.java:130)
	at jdk.internal.reflect.GeneratedMethodAccessor13.invoke(Unknown Source)
	at java.base/jdk.internal.reflect.DelegatingMethodAccessorImpl.invoke(DelegatingMethodAccessorImpl.java:43)
	at java.base/java.lang.reflect.Method.invoke(Method.java:568)
	at org.openqa.selenium.support.pagefactory.internal.LocatingElementHandler.invoke(LocatingElementHandler.java:51)
	at jdk.proxy2/jdk.proxy2.$Proxy31.clear(Unknown Source)
	at com.AutomationJiviewsPOM.EmpAdmEmployeeProfilePage.enterContactCity(EmpAdmEmployeeProfilePage.java:724)
	at com.AutomationJiviewsPOM.EmpAdmEmployeeProfilePage.createEmpProfile(EmpAdmEmployeeProfilePage.java:1269)
	at com.JiviewsAutomation.SystemDefination_Test.EmpAdmEmployeeProfileTest.verifyCreateEmpProfile(EmpAdmEmployeeProfileTest.java:49)
	at java.base/jdk.internal.reflect.NativeMethodAccessorImpl.invoke0(Native Method)
	at java.base/jdk.internal.reflect.NativeMethodAccessorImpl.invoke(NativeMethodAccessorImpl.java:77)
	at java.base/jdk.internal.reflect.DelegatingMethodAccessorImpl.invoke(DelegatingMethodAccessorImpl.java:43)
	at java.base/java.lang.reflect.Method.invoke(Method.java:568)
	at org.testng.internal.MethodInvocationHelper.invokeMethod(MethodInvocationHelper.java:124)
	at org.testng.internal.Invoker.invokeMethod(Invoker.java:583)
	at org.testng.internal.Invoker.invokeTestMethod(Invoker.java:719)
	at org.testng.internal.Invoker.invokeTestMethods(Invoker.java:989)
	at org.testng.internal.TestMethodWorker.invokeTestMethods(TestMethodWorker.java:125)
	at org.testng.internal.TestMethodWorker.run(TestMethodWorker.java:109)
	at org.testng.TestRunner.privateRun(TestRunner.java:648)
	at org.testng.TestRunner.run(TestRunner.java:505)
	at org.testng.SuiteRunner.runTest(SuiteRunner.java:455)
	at org.testng.SuiteRunner.runSequentially(SuiteRunner.java:450)
	at org.testng.SuiteRunner.privateRun(SuiteRunner.java:415)
	at org.testng.SuiteRunner.run(SuiteRunner.java:364)
	at org.testng.SuiteRunnerWorker.runSuite(SuiteRunnerWorker.java:52)
	at org.testng.SuiteRunnerWorker.run(SuiteRunnerWorker.java:84)
	at org.testng.TestNG.runSuitesSequentially(TestNG.java:1208)
	at org.testng.TestNG.runSuitesLocally(TestNG.java:1137)
	at org.testng.TestNG.runSuites(TestNG.java:1049)
	at org.testng.TestNG.run(TestNG.java:1017)
	at org.apache.maven.surefire.testng.TestNGExecutor.run(TestNGExecutor.java:308)
	at org.apache.maven.surefire.testng.TestNGXmlTestSuite.execute(TestNGXmlTestSuite.java:71)
	at org.apache.maven.surefire.testng.TestNGProvider.invoke(TestNGProvider.java:113)
	at org.apache.maven.surefire.booter.ForkedBooter.runSuitesInProcess(ForkedBooter.java:385)
	at org.apache.maven.surefire.booter.ForkedBooter.execute(ForkedBooter.java:162)
	at org.apache.maven.surefire.booter.ForkedBooter.run(ForkedBooter.java:507)
	at org.apache.maven.surefire.booter.ForkedBooter.main(ForkedBooter.java:495)
]]></failure>
    <system-out><![CDATA[Logout
11:17:17.954 [main] INFO  com.AutomationJiviewsGeneric.BaseClass - Logout from Jivi application
11:17:17.954 [main] INFO  com.AutomationJiviewsGeneric.BaseClass - Close Browser...
11:17:18.186 [main] INFO  com.AutomationJiviewsGeneric.BaseClass - Open Browser
11:17:18.983 [main] INFO  com.AutomationJiviewsGeneric.BaseClass - Browser launched successfully
Login
11:17:19.022 [main] INFO  com.AutomationJiviewsGeneric.BaseClass - Login to the Jivi application
11:17:30.410 [main] INFO  com.JiviewsAutomation.SystemDefination_Test.EmpAdmEmployeeProfileTest - Creating Employee Profile...
11:17:50.758 [main] INFO  com.AutomationJiviewsPOM.EmpAdmEmployeeProfilePage - Choosing Male gender...
11:17:50.938 [main] INFO  com.AutomationJiviewsPOM.EmpAdmEmployeeProfilePage - Male gender selected.
]]></system-out>
    <system-err><![CDATA[Dec 06, 2023 11:17:18 AM org.openqa.selenium.remote.service.DriverService$Builder getLogOutput
INFO: Driver logs no longer sent to console by default; https://www.selenium.dev/documentation/webdriver/drivers/service/#setting-log-output
Dec 06, 2023 11:17:18 AM org.openqa.selenium.devtools.CdpVersionFinder findNearestMatch
WARNING: Unable to find CDP implementation matching 119
Dec 06, 2023 11:17:18 AM org.openqa.selenium.chromium.ChromiumDriver lambda$new$4
WARNING: Unable to find version of CDP to use for . You may need to include a dependency on a specific version of the CDP using something similar to `org.seleniumhq.selenium:selenium-devtools-v86:4.10.0` where the version ("v86") matches the version of the chromium-based browser you're using and the version number of the artifact is the same as Selenium's.
]]></system-err>
  </testcase>
  <testcase name="verifyUpdateEmpProfile" classname="com.JiviewsAutomation.SystemDefination_Test.EmpAdmEmployeeProfileTest" time="109.855">
    <system-out><![CDATA[11:18:16.448 [main] INFO  com.AutomationJiviewsGeneric.ListenerImplimentation - Screenshot captured and saved to: C:\Development\Automation\Jiviewsrpav2\.\ScreenShot\verifyCreateEmpProfile.png
11:18:27.132 [main] INFO  com.JiviewsAutomation.SystemDefination_Test.EmpAdmEmployeeProfileTest - Updating Employee Profile...
11:20:16.868 [main] INFO  com.JiviewsAutomation.SystemDefination_Test.EmpAdmEmployeeProfileTest - Employee Profile updated
]]></system-out>
  </testcase>
  <testcase name="verifyDeleteEmpProfile" classname="com.JiviewsAutomation.SystemDefination_Test.EmpAdmEmployeeProfileTest" time="0.0">
    <skipped message="Method EmpAdmEmployeeProfileTest.verifyDeleteEmpProfile()[pri:4, instance:com.JiviewsAutomation.SystemDefination_Test.EmpAdmEmployeeProfileTest@36546a22] depends on not successfully finished methods"/>
  </testcase>
  <testcase name="verifySearchEmpProfile" classname="com.JiviewsAutomation.SystemDefination_Test.EmpAdmEmployeeProfileTest" time="2.43">
    <system-out><![CDATA[11:20:23.189 [main] INFO  com.JiviewsAutomation.SystemDefination_Test.EmpAdmEmployeeProfileTest - Search Employee Profile...
11:20:25.496 [main] INFO  com.JiviewsAutomation.SystemDefination_Test.EmpAdmEmployeeProfileTest - Employee Profile is successfully Searched
]]></system-out>
  </testcase>
  <testcase name="verifysearchRosterGroup" classname="com.JiviewsAutomation.SystemDefination_Test.EmpAdmEmployeeProfileTest" time="12.425">
    <failure message="no such element: Unable to locate element: {&quot;method&quot;:&quot;xpath&quot;,&quot;selector&quot;:&quot;//li[text()=&apos;Default Roster  Group&apos;]&quot;}&#10;  (Session info: chrome=119.0.6045.200)&#10;For documentation on this error, please visit: https://www.selenium.dev/documentation/webdriver/troubleshooting/errors#no-such-element-exception&#10;Build info: version: &apos;4.10.0&apos;, revision: &apos;c14d967899&apos;&#10;System info: os.name: &apos;Windows 11&apos;, os.arch: &apos;amd64&apos;, os.version: &apos;10.0&apos;, java.version: &apos;17.0.8.1&apos;&#10;Driver info: org.openqa.selenium.chrome.ChromeDriver&#10;Command: [3d9562eb60539aaa340e82e4877c54c2, findElement {using=xpath, value=//li[text()=&apos;Default Roster  Group&apos;]}]&#10;Capabilities {acceptInsecureCerts: false, browserName: chrome, browserVersion: 119.0.6045.200, chrome: {chromedriverVersion: 119.0.6045.105 (38c72552c5e..., userDataDir: C:\Users\kumar\AppData\Loca...}, fedcm:accounts: true, goog:chromeOptions: {debuggerAddress: localhost:54040}, networkConnectionEnabled: false, pageLoadStrategy: normal, platformName: windows, proxy: Proxy(), se:cdp: ws://localhost:54040/devtoo..., se:cdpVersion: 119.0.6045.200, setWindowRect: true, strictFileInteractability: false, timeouts: {implicit: 0, pageLoad: 300000, script: 30000}, unhandledPromptBehavior: dismiss and notify, webauthn:extension:credBlob: true, webauthn:extension:largeBlob: true, webauthn:extension:minPinLength: true, webauthn:extension:prf: true, webauthn:virtualAuthenticators: true}&#10;Session ID: 3d9562eb60539aaa340e82e4877c54c2" type="org.openqa.selenium.NoSuchElementException"><![CDATA[org.openqa.selenium.NoSuchElementException: 
no such element: Unable to locate element: {"method":"xpath","selector":"//li[text()='Default Roster  Group']"}
  (Session info: chrome=119.0.6045.200)
For documentation on this error, please visit: https://www.selenium.dev/documentation/webdriver/troubleshooting/errors#no-such-element-exception
Build info: version: '4.10.0', revision: 'c14d967899'
System info: os.name: 'Windows 11', os.arch: 'amd64', os.version: '10.0', java.version: '17.0.8.1'
Driver info: org.openqa.selenium.chrome.ChromeDriver
Command: [3d9562eb60539aaa340e82e4877c54c2, findElement {using=xpath, value=//li[text()='Default Roster  Group']}]
Capabilities {acceptInsecureCerts: false, browserName: chrome, browserVersion: 119.0.6045.200, chrome: {chromedriverVersion: 119.0.6045.105 (38c72552c5e..., userDataDir: C:\Users\kumar\AppData\Loca...}, fedcm:accounts: true, goog:chromeOptions: {debuggerAddress: localhost:54040}, networkConnectionEnabled: false, pageLoadStrategy: normal, platformName: windows, proxy: Proxy(), se:cdp: ws://localhost:54040/devtoo..., se:cdpVersion: 119.0.6045.200, setWindowRect: true, strictFileInteractability: false, timeouts: {implicit: 0, pageLoad: 300000, script: 30000}, unhandledPromptBehavior: dismiss and notify, webauthn:extension:credBlob: true, webauthn:extension:largeBlob: true, webauthn:extension:minPinLength: true, webauthn:extension:prf: true, webauthn:virtualAuthenticators: true}
Session ID: 3d9562eb60539aaa340e82e4877c54c2
	at jdk.internal.reflect.GeneratedConstructorAccessor60.newInstance(Unknown Source)
	at java.base/jdk.internal.reflect.DelegatingConstructorAccessorImpl.newInstance(DelegatingConstructorAccessorImpl.java:45)
	at java.base/java.lang.reflect.Constructor.newInstanceWithCaller(Constructor.java:499)
	at java.base/java.lang.reflect.Constructor.newInstance(Constructor.java:480)
	at org.openqa.selenium.remote.codec.w3c.W3CHttpResponseCodec.createException(W3CHttpResponseCodec.java:199)
	at org.openqa.selenium.remote.codec.w3c.W3CHttpResponseCodec.decode(W3CHttpResponseCodec.java:132)
	at org.openqa.selenium.remote.codec.w3c.W3CHttpResponseCodec.decode(W3CHttpResponseCodec.java:51)
	at org.openqa.selenium.remote.HttpCommandExecutor.execute(HttpCommandExecutor.java:191)
	at org.openqa.selenium.remote.service.DriverCommandExecutor.invokeExecute(DriverCommandExecutor.java:196)
	at org.openqa.selenium.remote.service.DriverCommandExecutor.execute(DriverCommandExecutor.java:171)
	at org.openqa.selenium.remote.RemoteWebDriver.execute(RemoteWebDriver.java:531)
	at org.openqa.selenium.remote.ElementLocation$ElementFinder$2.findElement(ElementLocation.java:165)
	at org.openqa.selenium.remote.ElementLocation.findElement(ElementLocation.java:59)
	at org.openqa.selenium.remote.RemoteWebDriver.findElement(RemoteWebDriver.java:350)
	at org.openqa.selenium.remote.RemoteWebDriver.findElement(RemoteWebDriver.java:344)
	at org.openqa.selenium.support.pagefactory.DefaultElementLocator.findElement(DefaultElementLocator.java:68)
	at org.openqa.selenium.support.pagefactory.internal.LocatingElementHandler.invoke(LocatingElementHandler.java:38)
	at jdk.proxy2/jdk.proxy2.$Proxy31.click(Unknown Source)
	at com.AutomationJiviewsPOM.EmpAdmEmployeeProfilePage.chooseRosterGroup(EmpAdmEmployeeProfilePage.java:1167)
	at com.AutomationJiviewsPOM.EmpAdmEmployeeProfilePage.searchRosterGroup(EmpAdmEmployeeProfilePage.java:1399)
	at com.JiviewsAutomation.SystemDefination_Test.EmpAdmEmployeeProfileTest.verifysearchRosterGroup(EmpAdmEmployeeProfileTest.java:90)
	at java.base/jdk.internal.reflect.NativeMethodAccessorImpl.invoke0(Native Method)
	at java.base/jdk.internal.reflect.NativeMethodAccessorImpl.invoke(NativeMethodAccessorImpl.java:77)
	at java.base/jdk.internal.reflect.DelegatingMethodAccessorImpl.invoke(DelegatingMethodAccessorImpl.java:43)
	at java.base/java.lang.reflect.Method.invoke(Method.java:568)
	at org.testng.internal.MethodInvocationHelper.invokeMethod(MethodInvocationHelper.java:124)
	at org.testng.internal.Invoker.invokeMethod(Invoker.java:583)
	at org.testng.internal.Invoker.invokeTestMethod(Invoker.java:719)
	at org.testng.internal.Invoker.invokeTestMethods(Invoker.java:989)
	at org.testng.internal.TestMethodWorker.invokeTestMethods(TestMethodWorker.java:125)
	at org.testng.internal.TestMethodWorker.run(TestMethodWorker.java:109)
	at org.testng.TestRunner.privateRun(TestRunner.java:648)
	at org.testng.TestRunner.run(TestRunner.java:505)
	at org.testng.SuiteRunner.runTest(SuiteRunner.java:455)
	at org.testng.SuiteRunner.runSequentially(SuiteRunner.java:450)
	at org.testng.SuiteRunner.privateRun(SuiteRunner.java:415)
	at org.testng.SuiteRunner.run(SuiteRunner.java:364)
	at org.testng.SuiteRunnerWorker.runSuite(SuiteRunnerWorker.java:52)
	at org.testng.SuiteRunnerWorker.run(SuiteRunnerWorker.java:84)
	at org.testng.TestNG.runSuitesSequentially(TestNG.java:1208)
	at org.testng.TestNG.runSuitesLocally(TestNG.java:1137)
	at org.testng.TestNG.runSuites(TestNG.java:1049)
	at org.testng.TestNG.run(TestNG.java:1017)
	at org.apache.maven.surefire.testng.TestNGExecutor.run(TestNGExecutor.java:308)
	at org.apache.maven.surefire.testng.TestNGXmlTestSuite.execute(TestNGXmlTestSuite.java:71)
	at org.apache.maven.surefire.testng.TestNGProvider.invoke(TestNGProvider.java:113)
	at org.apache.maven.surefire.booter.ForkedBooter.runSuitesInProcess(ForkedBooter.java:385)
	at org.apache.maven.surefire.booter.ForkedBooter.execute(ForkedBooter.java:162)
	at org.apache.maven.surefire.booter.ForkedBooter.run(ForkedBooter.java:507)
	at org.apache.maven.surefire.booter.ForkedBooter.main(ForkedBooter.java:495)
]]></failure>
    <system-out><![CDATA[11:20:31.302 [main] INFO  com.JiviewsAutomation.SystemDefination_Test.EmpAdmEmployeeProfileTest - Search RosterGroup...
]]></system-out>
  </testcase>
  <testcase name="verifysearchRoleGroup" classname="com.JiviewsAutomation.SystemDefination_Test.EmpAdmEmployeeProfileTest" time="3.121">
    <system-out><![CDATA[11:20:43.729 [main] INFO  com.AutomationJiviewsGeneric.ListenerImplimentation - Screenshot captured and saved to: C:\Development\Automation\Jiviewsrpav2\.\ScreenShot\verifysearchRosterGroup.png
11:20:48.182 [main] INFO  com.JiviewsAutomation.SystemDefination_Test.EmpAdmEmployeeProfileTest - Search Role Group...
11:20:51.184 [main] INFO  com.JiviewsAutomation.SystemDefination_Test.EmpAdmEmployeeProfileTest - Role Group is successfully Searched
]]></system-out>
  </testcase>
  <testcase name="verifysearchEmpStatus" classname="com.JiviewsAutomation.SystemDefination_Test.EmpAdmEmployeeProfileTest" time="3.092">
    <system-out><![CDATA[11:20:56.162 [main] INFO  com.JiviewsAutomation.SystemDefination_Test.EmpAdmEmployeeProfileTest - Search Employee Status...
11:20:59.127 [main] INFO  com.JiviewsAutomation.SystemDefination_Test.EmpAdmEmployeeProfileTest - Employee Status is successfully Searched
]]></system-out>
  </testcase>
  <testcase name="verifyEmpNoInSearchBar" classname="com.JiviewsAutomation.SystemDefination_Test.EmpAdmEmployeeProfileTest" time="0.934">
    <system-out><![CDATA[11:21:04.044 [main] INFO  com.JiviewsAutomation.SystemDefination_Test.EmpAdmEmployeeProfileTest - Search Employee number...
11:21:04.842 [main] INFO  com.JiviewsAutomation.SystemDefination_Test.EmpAdmEmployeeProfileTest - Employee is successfully Searched
]]></system-out>
  </testcase>
  <testcase name="verifyTerminateEmpProfile" classname="com.JiviewsAutomation.SystemDefination_Test.EmpAdmEmployeeProfileTest" time="21.91">
    <system-out><![CDATA[11:21:09.306 [main] INFO  com.JiviewsAutomation.SystemDefination_Test.EmpAdmEmployeeProfileTest - Terminate Employee ...
11:21:31.083 [main] INFO  com.JiviewsAutomation.SystemDefination_Test.EmpAdmEmployeeProfileTest - Employee is successfully terminated
]]></system-out>
  </testcase>
  <testcase name="verifyreactivateEmpProfile" classname="com.JiviewsAutomation.SystemDefination_Test.EmpAdmEmployeeProfileTest" time="27.227">
    <failure message="stale element reference: stale element not found&#10;  (Session info: chrome=119.0.6045.200)&#10;For documentation on this error, please visit: https://www.selenium.dev/documentation/webdriver/troubleshooting/errors#stale-element-reference-exception&#10;Build info: version: &apos;4.10.0&apos;, revision: &apos;c14d967899&apos;&#10;System info: os.name: &apos;Windows 11&apos;, os.arch: &apos;amd64&apos;, os.version: &apos;10.0&apos;, java.version: &apos;17.0.8.1&apos;&#10;Driver info: org.openqa.selenium.chrome.ChromeDriver&#10;Command: [3d9562eb60539aaa340e82e4877c54c2, isElementEnabled {id=6932AC8C8A793533D023B89E546D97CA_element_1640}]&#10;Capabilities {acceptInsecureCerts: false, browserName: chrome, browserVersion: 119.0.6045.200, chrome: {chromedriverVersion: 119.0.6045.105 (38c72552c5e..., userDataDir: C:\Users\kumar\AppData\Loca...}, fedcm:accounts: true, goog:chromeOptions: {debuggerAddress: localhost:54040}, networkConnectionEnabled: false, pageLoadStrategy: normal, platformName: windows, proxy: Proxy(), se:cdp: ws://localhost:54040/devtoo..., se:cdpVersion: 119.0.6045.200, setWindowRect: true, strictFileInteractability: false, timeouts: {implicit: 0, pageLoad: 300000, script: 30000}, unhandledPromptBehavior: dismiss and notify, webauthn:extension:credBlob: true, webauthn:extension:largeBlob: true, webauthn:extension:minPinLength: true, webauthn:extension:prf: true, webauthn:virtualAuthenticators: true}&#10;Element: [[ChromeDriver: chrome on windows (3d9562eb60539aaa340e82e4877c54c2)] -&gt; xpath: //td/input[@type=&apos;checkbox&apos;]]&#10;Session ID: 3d9562eb60539aaa340e82e4877c54c2" type="org.openqa.selenium.StaleElementReferenceException"><![CDATA[org.openqa.selenium.StaleElementReferenceException: 
stale element reference: stale element not found
  (Session info: chrome=119.0.6045.200)
For documentation on this error, please visit: https://www.selenium.dev/documentation/webdriver/troubleshooting/errors#stale-element-reference-exception
Build info: version: '4.10.0', revision: 'c14d967899'
System info: os.name: 'Windows 11', os.arch: 'amd64', os.version: '10.0', java.version: '17.0.8.1'
Driver info: org.openqa.selenium.chrome.ChromeDriver
Command: [3d9562eb60539aaa340e82e4877c54c2, isElementEnabled {id=6932AC8C8A793533D023B89E546D97CA_element_1640}]
Capabilities {acceptInsecureCerts: false, browserName: chrome, browserVersion: 119.0.6045.200, chrome: {chromedriverVersion: 119.0.6045.105 (38c72552c5e..., userDataDir: C:\Users\kumar\AppData\Loca...}, fedcm:accounts: true, goog:chromeOptions: {debuggerAddress: localhost:54040}, networkConnectionEnabled: false, pageLoadStrategy: normal, platformName: windows, proxy: Proxy(), se:cdp: ws://localhost:54040/devtoo..., se:cdpVersion: 119.0.6045.200, setWindowRect: true, strictFileInteractability: false, timeouts: {implicit: 0, pageLoad: 300000, script: 30000}, unhandledPromptBehavior: dismiss and notify, webauthn:extension:credBlob: true, webauthn:extension:largeBlob: true, webauthn:extension:minPinLength: true, webauthn:extension:prf: true, webauthn:virtualAuthenticators: true}
Element: [[ChromeDriver: chrome on windows (3d9562eb60539aaa340e82e4877c54c2)] -> xpath: //td/input[@type='checkbox']]
Session ID: 3d9562eb60539aaa340e82e4877c54c2
	at java.base/jdk.internal.reflect.NativeConstructorAccessorImpl.newInstance0(Native Method)
	at java.base/jdk.internal.reflect.NativeConstructorAccessorImpl.newInstance(NativeConstructorAccessorImpl.java:77)
	at java.base/jdk.internal.reflect.DelegatingConstructorAccessorImpl.newInstance(DelegatingConstructorAccessorImpl.java:45)
	at java.base/java.lang.reflect.Constructor.newInstanceWithCaller(Constructor.java:499)
	at java.base/java.lang.reflect.Constructor.newInstance(Constructor.java:480)
	at org.openqa.selenium.remote.codec.w3c.W3CHttpResponseCodec.createException(W3CHttpResponseCodec.java:199)
	at org.openqa.selenium.remote.codec.w3c.W3CHttpResponseCodec.decode(W3CHttpResponseCodec.java:132)
	at org.openqa.selenium.remote.codec.w3c.W3CHttpResponseCodec.decode(W3CHttpResponseCodec.java:51)
	at org.openqa.selenium.remote.HttpCommandExecutor.execute(HttpCommandExecutor.java:191)
	at org.openqa.selenium.remote.service.DriverCommandExecutor.invokeExecute(DriverCommandExecutor.java:196)
	at org.openqa.selenium.remote.service.DriverCommandExecutor.execute(DriverCommandExecutor.java:171)
	at org.openqa.selenium.remote.RemoteWebDriver.execute(RemoteWebDriver.java:531)
	at org.openqa.selenium.remote.RemoteWebElement.execute(RemoteWebElement.java:242)
	at org.openqa.selenium.remote.RemoteWebElement.isEnabled(RemoteWebElement.java:182)
	at com.AutomationJiviewsPOM.EmpAdmEmployeeProfilePage.reactivateRowsWithEnabledCheckbox(EmpAdmEmployeeProfilePage.java:958)
	at com.AutomationJiviewsPOM.EmpAdmEmployeeProfilePage.goToNextPageAndReactivate(EmpAdmEmployeeProfilePage.java:978)
	at com.AutomationJiviewsPOM.EmpAdmEmployeeProfilePage.reactivateRowsWithEnabledCheckbox(EmpAdmEmployeeProfilePage.java:969)
	at com.AutomationJiviewsPOM.EmpAdmEmployeeProfilePage.goToNextPageAndReactivate(EmpAdmEmployeeProfilePage.java:978)
	at com.AutomationJiviewsPOM.EmpAdmEmployeeProfilePage.reactivateRowsWithEnabledCheckbox(EmpAdmEmployeeProfilePage.java:969)
	at com.AutomationJiviewsPOM.EmpAdmEmployeeProfilePage.goToNextPageAndReactivate(EmpAdmEmployeeProfilePage.java:978)
	at com.AutomationJiviewsPOM.EmpAdmEmployeeProfilePage.reactivateRowsWithEnabledCheckbox(EmpAdmEmployeeProfilePage.java:969)
	at com.AutomationJiviewsPOM.EmpAdmEmployeeProfilePage.goToNextPageAndReactivate(EmpAdmEmployeeProfilePage.java:978)
	at com.AutomationJiviewsPOM.EmpAdmEmployeeProfilePage.reactivateRowsWithEnabledCheckbox(EmpAdmEmployeeProfilePage.java:969)
	at com.AutomationJiviewsPOM.EmpAdmEmployeeProfilePage.goToNextPageAndReactivate(EmpAdmEmployeeProfilePage.java:978)
	at com.AutomationJiviewsPOM.EmpAdmEmployeeProfilePage.reactivateRowsWithEnabledCheckbox(EmpAdmEmployeeProfilePage.java:969)
	at com.AutomationJiviewsPOM.EmpAdmEmployeeProfilePage.goToNextPageAndReactivate(EmpAdmEmployeeProfilePage.java:978)
	at com.AutomationJiviewsPOM.EmpAdmEmployeeProfilePage.reactivateRowsWithEnabledCheckbox(EmpAdmEmployeeProfilePage.java:969)
	at com.AutomationJiviewsPOM.EmpAdmEmployeeProfilePage.goToNextPageAndReactivate(EmpAdmEmployeeProfilePage.java:978)
	at com.AutomationJiviewsPOM.EmpAdmEmployeeProfilePage.reactivateRowsWithEnabledCheckbox(EmpAdmEmployeeProfilePage.java:969)
	at com.AutomationJiviewsPOM.EmpAdmEmployeeProfilePage.goToNextPageAndReactivate(EmpAdmEmployeeProfilePage.java:978)
	at com.AutomationJiviewsPOM.EmpAdmEmployeeProfilePage.reactivateRowsWithEnabledCheckbox(EmpAdmEmployeeProfilePage.java:969)
	at com.AutomationJiviewsPOM.EmpAdmEmployeeProfilePage.goToNextPageAndReactivate(EmpAdmEmployeeProfilePage.java:978)
	at com.AutomationJiviewsPOM.EmpAdmEmployeeProfilePage.reactivateRowsWithEnabledCheckbox(EmpAdmEmployeeProfilePage.java:969)
	at com.AutomationJiviewsPOM.EmpAdmEmployeeProfilePage.goToNextPageAndReactivate(EmpAdmEmployeeProfilePage.java:978)
	at com.AutomationJiviewsPOM.EmpAdmEmployeeProfilePage.reactivateRowsWithEnabledCheckbox(EmpAdmEmployeeProfilePage.java:969)
	at com.AutomationJiviewsPOM.EmpAdmEmployeeProfilePage.goToNextPageAndReactivate(EmpAdmEmployeeProfilePage.java:978)
	at com.AutomationJiviewsPOM.EmpAdmEmployeeProfilePage.reactivateRowsWithEnabledCheckbox(EmpAdmEmployeeProfilePage.java:969)
	at com.AutomationJiviewsPOM.EmpAdmEmployeeProfilePage.goToNextPageAndReactivate(EmpAdmEmployeeProfilePage.java:978)
	at com.AutomationJiviewsPOM.EmpAdmEmployeeProfilePage.reactivateRowsWithEnabledCheckbox(EmpAdmEmployeeProfilePage.java:969)
	at com.AutomationJiviewsPOM.EmpAdmEmployeeProfilePage.goToNextPageAndReactivate(EmpAdmEmployeeProfilePage.java:978)
	at com.AutomationJiviewsPOM.EmpAdmEmployeeProfilePage.reactivateRowsWithEnabledCheckbox(EmpAdmEmployeeProfilePage.java:969)
	at com.AutomationJiviewsPOM.EmpAdmEmployeeProfilePage.goToNextPageAndReactivate(EmpAdmEmployeeProfilePage.java:978)
	at com.AutomationJiviewsPOM.EmpAdmEmployeeProfilePage.reactivateRowsWithEnabledCheckbox(EmpAdmEmployeeProfilePage.java:969)
	at com.AutomationJiviewsPOM.EmpAdmEmployeeProfilePage.goToNextPageAndReactivate(EmpAdmEmployeeProfilePage.java:978)
	at com.AutomationJiviewsPOM.EmpAdmEmployeeProfilePage.reactivateRowsWithEnabledCheckbox(EmpAdmEmployeeProfilePage.java:969)
	at com.AutomationJiviewsPOM.EmpAdmEmployeeProfilePage.goToNextPageAndReactivate(EmpAdmEmployeeProfilePage.java:978)
	at com.AutomationJiviewsPOM.EmpAdmEmployeeProfilePage.reactivateRowsWithEnabledCheckbox(EmpAdmEmployeeProfilePage.java:969)
	at com.AutomationJiviewsPOM.EmpAdmEmployeeProfilePage.goToNextPageAndReactivate(EmpAdmEmployeeProfilePage.java:978)
	at com.AutomationJiviewsPOM.EmpAdmEmployeeProfilePage.reactivateRowsWithEnabledCheckbox(EmpAdmEmployeeProfilePage.java:969)
	at com.AutomationJiviewsPOM.EmpAdmEmployeeProfilePage.goToNextPageAndReactivate(EmpAdmEmployeeProfilePage.java:978)
	at com.AutomationJiviewsPOM.EmpAdmEmployeeProfilePage.reactivateRowsWithEnabledCheckbox(EmpAdmEmployeeProfilePage.java:969)
	at com.AutomationJiviewsPOM.EmpAdmEmployeeProfilePage.goToNextPageAndReactivate(EmpAdmEmployeeProfilePage.java:978)
	at com.AutomationJiviewsPOM.EmpAdmEmployeeProfilePage.reactivateRowsWithEnabledCheckbox(EmpAdmEmployeeProfilePage.java:969)
	at com.AutomationJiviewsPOM.EmpAdmEmployeeProfilePage.goToNextPageAndReactivate(EmpAdmEmployeeProfilePage.java:978)
	at com.AutomationJiviewsPOM.EmpAdmEmployeeProfilePage.reactivateRowsWithEnabledCheckbox(EmpAdmEmployeeProfilePage.java:969)
	at com.AutomationJiviewsPOM.EmpAdmEmployeeProfilePage.goToNextPageAndReactivate(EmpAdmEmployeeProfilePage.java:978)
	at com.AutomationJiviewsPOM.EmpAdmEmployeeProfilePage.reactivateRowsWithEnabledCheckbox(EmpAdmEmployeeProfilePage.java:969)
	at com.AutomationJiviewsPOM.EmpAdmEmployeeProfilePage.goToNextPageAndReactivate(EmpAdmEmployeeProfilePage.java:978)
	at com.AutomationJiviewsPOM.EmpAdmEmployeeProfilePage.reactivateRowsWithEnabledCheckbox(EmpAdmEmployeeProfilePage.java:969)
	at com.AutomationJiviewsPOM.EmpAdmEmployeeProfilePage.goToNextPageAndReactivate(EmpAdmEmployeeProfilePage.java:978)
	at com.AutomationJiviewsPOM.EmpAdmEmployeeProfilePage.reactivateRowsWithEnabledCheckbox(EmpAdmEmployeeProfilePage.java:969)
	at com.AutomationJiviewsPOM.EmpAdmEmployeeProfilePage.goToNextPageAndReactivate(EmpAdmEmployeeProfilePage.java:978)
	at com.AutomationJiviewsPOM.EmpAdmEmployeeProfilePage.reactivateRowsWithEnabledCheckbox(EmpAdmEmployeeProfilePage.java:969)
	at com.AutomationJiviewsPOM.EmpAdmEmployeeProfilePage.goToNextPageAndReactivate(EmpAdmEmployeeProfilePage.java:978)
	at com.AutomationJiviewsPOM.EmpAdmEmployeeProfilePage.reactivateRowsWithEnabledCheckbox(EmpAdmEmployeeProfilePage.java:969)
	at com.AutomationJiviewsPOM.EmpAdmEmployeeProfilePage.goToNextPageAndReactivate(EmpAdmEmployeeProfilePage.java:978)
	at com.AutomationJiviewsPOM.EmpAdmEmployeeProfilePage.reactivateRowsWithEnabledCheckbox(EmpAdmEmployeeProfilePage.java:969)
	at com.AutomationJiviewsPOM.EmpAdmEmployeeProfilePage.goToNextPageAndReactivate(EmpAdmEmployeeProfilePage.java:978)
	at com.AutomationJiviewsPOM.EmpAdmEmployeeProfilePage.reactivateRowsWithEnabledCheckbox(EmpAdmEmployeeProfilePage.java:969)
	at com.AutomationJiviewsPOM.EmpAdmEmployeeProfilePage.goToNextPageAndReactivate(EmpAdmEmployeeProfilePage.java:978)
	at com.AutomationJiviewsPOM.EmpAdmEmployeeProfilePage.reactivateRowsWithEnabledCheckbox(EmpAdmEmployeeProfilePage.java:969)
	at com.AutomationJiviewsPOM.EmpAdmEmployeeProfilePage.goToNextPageAndReactivate(EmpAdmEmployeeProfilePage.java:978)
	at com.AutomationJiviewsPOM.EmpAdmEmployeeProfilePage.reactivateRowsWithEnabledCheckbox(EmpAdmEmployeeProfilePage.java:969)
	at com.AutomationJiviewsPOM.EmpAdmEmployeeProfilePage.goToNextPageAndReactivate(EmpAdmEmployeeProfilePage.java:978)
	at com.AutomationJiviewsPOM.EmpAdmEmployeeProfilePage.reactivateRowsWithEnabledCheckbox(EmpAdmEmployeeProfilePage.java:969)
	at com.AutomationJiviewsPOM.EmpAdmEmployeeProfilePage.goToNextPageAndReactivate(EmpAdmEmployeeProfilePage.java:978)
	at com.AutomationJiviewsPOM.EmpAdmEmployeeProfilePage.reactivateRowsWithEnabledCheckbox(EmpAdmEmployeeProfilePage.java:969)
	at com.AutomationJiviewsPOM.EmpAdmEmployeeProfilePage.goToNextPageAndReactivate(EmpAdmEmployeeProfilePage.java:978)
	at com.AutomationJiviewsPOM.EmpAdmEmployeeProfilePage.reactivateRowsWithEnabledCheckbox(EmpAdmEmployeeProfilePage.java:969)
	at com.AutomationJiviewsPOM.EmpAdmEmployeeProfilePage.goToNextPageAndReactivate(EmpAdmEmployeeProfilePage.java:978)
	at com.AutomationJiviewsPOM.EmpAdmEmployeeProfilePage.reactivateRowsWithEnabledCheckbox(EmpAdmEmployeeProfilePage.java:969)
	at com.AutomationJiviewsPOM.EmpAdmEmployeeProfilePage.goToNextPageAndReactivate(EmpAdmEmployeeProfilePage.java:978)
	at com.AutomationJiviewsPOM.EmpAdmEmployeeProfilePage.reactivateRowsWithEnabledCheckbox(EmpAdmEmployeeProfilePage.java:969)
	at com.AutomationJiviewsPOM.EmpAdmEmployeeProfilePage.goToNextPageAndReactivate(EmpAdmEmployeeProfilePage.java:978)
	at com.AutomationJiviewsPOM.EmpAdmEmployeeProfilePage.reactivateRowsWithEnabledCheckbox(EmpAdmEmployeeProfilePage.java:969)
	at com.AutomationJiviewsPOM.EmpAdmEmployeeProfilePage.goToNextPageAndReactivate(EmpAdmEmployeeProfilePage.java:978)
	at com.AutomationJiviewsPOM.EmpAdmEmployeeProfilePage.reactivateRowsWithEnabledCheckbox(EmpAdmEmployeeProfilePage.java:969)
	at com.AutomationJiviewsPOM.EmpAdmEmployeeProfilePage.goToNextPageAndReactivate(EmpAdmEmployeeProfilePage.java:978)
	at com.AutomationJiviewsPOM.EmpAdmEmployeeProfilePage.reactivateRowsWithEnabledCheckbox(EmpAdmEmployeeProfilePage.java:969)
	at com.AutomationJiviewsPOM.EmpAdmEmployeeProfilePage.goToNextPageAndReactivate(EmpAdmEmployeeProfilePage.java:978)
	at com.AutomationJiviewsPOM.EmpAdmEmployeeProfilePage.reactivateRowsWithEnabledCheckbox(EmpAdmEmployeeProfilePage.java:969)
	at com.AutomationJiviewsPOM.EmpAdmEmployeeProfilePage.goToNextPageAndReactivate(EmpAdmEmployeeProfilePage.java:978)
	at com.AutomationJiviewsPOM.EmpAdmEmployeeProfilePage.reactivateRowsWithEnabledCheckbox(EmpAdmEmployeeProfilePage.java:969)
	at com.AutomationJiviewsPOM.EmpAdmEmployeeProfilePage.goToNextPageAndReactivate(EmpAdmEmployeeProfilePage.java:978)
	at com.AutomationJiviewsPOM.EmpAdmEmployeeProfilePage.reactivateRowsWithEnabledCheckbox(EmpAdmEmployeeProfilePage.java:969)
	at com.AutomationJiviewsPOM.EmpAdmEmployeeProfilePage.goToNextPageAndReactivate(EmpAdmEmployeeProfilePage.java:978)
	at com.AutomationJiviewsPOM.EmpAdmEmployeeProfilePage.reactivateRowsWithEnabledCheckbox(EmpAdmEmployeeProfilePage.java:969)
	at com.AutomationJiviewsPOM.EmpAdmEmployeeProfilePage.goToNextPageAndReactivate(EmpAdmEmployeeProfilePage.java:978)
	at com.AutomationJiviewsPOM.EmpAdmEmployeeProfilePage.reactivateRowsWithEnabledCheckbox(EmpAdmEmployeeProfilePage.java:969)
	at com.AutomationJiviewsPOM.EmpAdmEmployeeProfilePage.goToNextPageAndReactivate(EmpAdmEmployeeProfilePage.java:978)
	at com.AutomationJiviewsPOM.EmpAdmEmployeeProfilePage.reactivateRowsWithEnabledCheckbox(EmpAdmEmployeeProfilePage.java:969)
	at com.AutomationJiviewsPOM.EmpAdmEmployeeProfilePage.goToNextPageAndReactivate(EmpAdmEmployeeProfilePage.java:978)
	at com.AutomationJiviewsPOM.EmpAdmEmployeeProfilePage.reactivateRowsWithEnabledCheckbox(EmpAdmEmployeeProfilePage.java:969)
	at com.AutomationJiviewsPOM.EmpAdmEmployeeProfilePage.goToNextPageAndReactivate(EmpAdmEmployeeProfilePage.java:978)
	at com.AutomationJiviewsPOM.EmpAdmEmployeeProfilePage.reactivateRowsWithEnabledCheckbox(EmpAdmEmployeeProfilePage.java:969)
	at com.AutomationJiviewsPOM.EmpAdmEmployeeProfilePage.goToNextPageAndReactivate(EmpAdmEmployeeProfilePage.java:978)
	at com.AutomationJiviewsPOM.EmpAdmEmployeeProfilePage.reactivateRowsWithEnabledCheckbox(EmpAdmEmployeeProfilePage.java:969)
	at com.AutomationJiviewsPOM.EmpAdmEmployeeProfilePage.goToNextPageAndReactivate(EmpAdmEmployeeProfilePage.java:978)
	at com.AutomationJiviewsPOM.EmpAdmEmployeeProfilePage.reactivateRowsWithEnabledCheckbox(EmpAdmEmployeeProfilePage.java:969)
	at com.AutomationJiviewsPOM.EmpAdmEmployeeProfilePage.goToNextPageAndReactivate(EmpAdmEmployeeProfilePage.java:978)
	at com.AutomationJiviewsPOM.EmpAdmEmployeeProfilePage.reactivateRowsWithEnabledCheckbox(EmpAdmEmployeeProfilePage.java:969)
	at com.AutomationJiviewsPOM.EmpAdmEmployeeProfilePage.goToNextPageAndReactivate(EmpAdmEmployeeProfilePage.java:978)
	at com.AutomationJiviewsPOM.EmpAdmEmployeeProfilePage.reactivateRowsWithEnabledCheckbox(EmpAdmEmployeeProfilePage.java:969)
	at com.AutomationJiviewsPOM.EmpAdmEmployeeProfilePage.goToNextPageAndReactivate(EmpAdmEmployeeProfilePage.java:978)
	at com.AutomationJiviewsPOM.EmpAdmEmployeeProfilePage.reactivateRowsWithEnabledCheckbox(EmpAdmEmployeeProfilePage.java:969)
	at com.AutomationJiviewsPOM.EmpAdmEmployeeProfilePage.goToNextPageAndReactivate(EmpAdmEmployeeProfilePage.java:978)
	at com.AutomationJiviewsPOM.EmpAdmEmployeeProfilePage.reactivateRowsWithEnabledCheckbox(EmpAdmEmployeeProfilePage.java:969)
	at com.AutomationJiviewsPOM.EmpAdmEmployeeProfilePage.goToNextPageAndReactivate(EmpAdmEmployeeProfilePage.java:978)
	at com.AutomationJiviewsPOM.EmpAdmEmployeeProfilePage.reactivateRowsWithEnabledCheckbox(EmpAdmEmployeeProfilePage.java:969)
	at com.AutomationJiviewsPOM.EmpAdmEmployeeProfilePage.goToNextPageAndReactivate(EmpAdmEmployeeProfilePage.java:978)
	at com.AutomationJiviewsPOM.EmpAdmEmployeeProfilePage.reactivateRowsWithEnabledCheckbox(EmpAdmEmployeeProfilePage.java:969)
	at com.AutomationJiviewsPOM.EmpAdmEmployeeProfilePage.goToNextPageAndReactivate(EmpAdmEmployeeProfilePage.java:978)
	at com.AutomationJiviewsPOM.EmpAdmEmployeeProfilePage.reactivateRowsWithEnabledCheckbox(EmpAdmEmployeeProfilePage.java:969)
	at com.AutomationJiviewsPOM.EmpAdmEmployeeProfilePage.goToNextPageAndReactivate(EmpAdmEmployeeProfilePage.java:978)
	at com.AutomationJiviewsPOM.EmpAdmEmployeeProfilePage.reactivateRowsWithEnabledCheckbox(EmpAdmEmployeeProfilePage.java:969)
	at com.AutomationJiviewsPOM.EmpAdmEmployeeProfilePage.goToNextPageAndReactivate(EmpAdmEmployeeProfilePage.java:978)
	at com.AutomationJiviewsPOM.EmpAdmEmployeeProfilePage.reactivateRowsWithEnabledCheckbox(EmpAdmEmployeeProfilePage.java:969)
	at com.AutomationJiviewsPOM.EmpAdmEmployeeProfilePage.goToNextPageAndReactivate(EmpAdmEmployeeProfilePage.java:978)
	at com.AutomationJiviewsPOM.EmpAdmEmployeeProfilePage.reactivateRowsWithEnabledCheckbox(EmpAdmEmployeeProfilePage.java:969)
	at com.AutomationJiviewsPOM.EmpAdmEmployeeProfilePage.goToNextPageAndReactivate(EmpAdmEmployeeProfilePage.java:978)
	at com.AutomationJiviewsPOM.EmpAdmEmployeeProfilePage.reactivateRowsWithEnabledCheckbox(EmpAdmEmployeeProfilePage.java:969)
	at com.AutomationJiviewsPOM.EmpAdmEmployeeProfilePage.goToNextPageAndReactivate(EmpAdmEmployeeProfilePage.java:978)
	at com.AutomationJiviewsPOM.EmpAdmEmployeeProfilePage.reactivateRowsWithEnabledCheckbox(EmpAdmEmployeeProfilePage.java:969)
	at com.AutomationJiviewsPOM.EmpAdmEmployeeProfilePage.goToNextPageAndReactivate(EmpAdmEmployeeProfilePage.java:978)
	at com.AutomationJiviewsPOM.EmpAdmEmployeeProfilePage.reactivateRowsWithEnabledCheckbox(EmpAdmEmployeeProfilePage.java:969)
	at com.AutomationJiviewsPOM.EmpAdmEmployeeProfilePage.goToNextPageAndReactivate(EmpAdmEmployeeProfilePage.java:978)
	at com.AutomationJiviewsPOM.EmpAdmEmployeeProfilePage.reactivateRowsWithEnabledCheckbox(EmpAdmEmployeeProfilePage.java:969)
	at com.AutomationJiviewsPOM.EmpAdmEmployeeProfilePage.goToNextPageAndReactivate(EmpAdmEmployeeProfilePage.java:978)
	at com.AutomationJiviewsPOM.EmpAdmEmployeeProfilePage.reactivateRowsWithEnabledCheckbox(EmpAdmEmployeeProfilePage.java:969)
	at com.AutomationJiviewsPOM.EmpAdmEmployeeProfilePage.goToNextPageAndReactivate(EmpAdmEmployeeProfilePage.java:978)
	at com.AutomationJiviewsPOM.EmpAdmEmployeeProfilePage.reactivateRowsWithEnabledCheckbox(EmpAdmEmployeeProfilePage.java:969)
	at com.AutomationJiviewsPOM.EmpAdmEmployeeProfilePage.goToNextPageAndReactivate(EmpAdmEmployeeProfilePage.java:978)
	at com.AutomationJiviewsPOM.EmpAdmEmployeeProfilePage.reactivateRowsWithEnabledCheckbox(EmpAdmEmployeeProfilePage.java:969)
	at com.AutomationJiviewsPOM.EmpAdmEmployeeProfilePage.goToNextPageAndReactivate(EmpAdmEmployeeProfilePage.java:978)
	at com.AutomationJiviewsPOM.EmpAdmEmployeeProfilePage.reactivateRowsWithEnabledCheckbox(EmpAdmEmployeeProfilePage.java:969)
	at com.AutomationJiviewsPOM.EmpAdmEmployeeProfilePage.goToNextPageAndReactivate(EmpAdmEmployeeProfilePage.java:978)
	at com.AutomationJiviewsPOM.EmpAdmEmployeeProfilePage.reactivateRowsWithEnabledCheckbox(EmpAdmEmployeeProfilePage.java:969)
	at com.AutomationJiviewsPOM.EmpAdmEmployeeProfilePage.goToNextPageAndReactivate(EmpAdmEmployeeProfilePage.java:978)
	at com.AutomationJiviewsPOM.EmpAdmEmployeeProfilePage.reactivateRowsWithEnabledCheckbox(EmpAdmEmployeeProfilePage.java:969)
	at com.AutomationJiviewsPOM.EmpAdmEmployeeProfilePage.goToNextPageAndReactivate(EmpAdmEmployeeProfilePage.java:978)
	at com.AutomationJiviewsPOM.EmpAdmEmployeeProfilePage.reactivateRowsWithEnabledCheckbox(EmpAdmEmployeeProfilePage.java:969)
	at com.AutomationJiviewsPOM.EmpAdmEmployeeProfilePage.goToNextPageAndReactivate(EmpAdmEmployeeProfilePage.java:978)
	at com.AutomationJiviewsPOM.EmpAdmEmployeeProfilePage.reactivateRowsWithEnabledCheckbox(EmpAdmEmployeeProfilePage.java:969)
	at com.AutomationJiviewsPOM.EmpAdmEmployeeProfilePage.goToNextPageAndReactivate(EmpAdmEmployeeProfilePage.java:978)
	at com.AutomationJiviewsPOM.EmpAdmEmployeeProfilePage.reactivateRowsWithEnabledCheckbox(EmpAdmEmployeeProfilePage.java:969)
	at com.AutomationJiviewsPOM.EmpAdmEmployeeProfilePage.goToNextPageAndReactivate(EmpAdmEmployeeProfilePage.java:978)
	at com.AutomationJiviewsPOM.EmpAdmEmployeeProfilePage.reactivateRowsWithEnabledCheckbox(EmpAdmEmployeeProfilePage.java:969)
	at com.AutomationJiviewsPOM.EmpAdmEmployeeProfilePage.goToNextPageAndReactivate(EmpAdmEmployeeProfilePage.java:978)
	at com.AutomationJiviewsPOM.EmpAdmEmployeeProfilePage.reactivateRowsWithEnabledCheckbox(EmpAdmEmployeeProfilePage.java:969)
	at com.AutomationJiviewsPOM.EmpAdmEmployeeProfilePage.goToNextPageAndReactivate(EmpAdmEmployeeProfilePage.java:978)
	at com.AutomationJiviewsPOM.EmpAdmEmployeeProfilePage.reactivateRowsWithEnabledCheckbox(EmpAdmEmployeeProfilePage.java:969)
	at com.AutomationJiviewsPOM.EmpAdmEmployeeProfilePage.goToNextPageAndReactivate(EmpAdmEmployeeProfilePage.java:978)
	at com.AutomationJiviewsPOM.EmpAdmEmployeeProfilePage.reactivateRowsWithEnabledCheckbox(EmpAdmEmployeeProfilePage.java:969)
	at com.AutomationJiviewsPOM.EmpAdmEmployeeProfilePage.goToNextPageAndReactivate(EmpAdmEmployeeProfilePage.java:978)
	at com.AutomationJiviewsPOM.EmpAdmEmployeeProfilePage.reactivateRowsWithEnabledCheckbox(EmpAdmEmployeeProfilePage.java:969)
	at com.AutomationJiviewsPOM.EmpAdmEmployeeProfilePage.goToNextPageAndReactivate(EmpAdmEmployeeProfilePage.java:978)
	at com.AutomationJiviewsPOM.EmpAdmEmployeeProfilePage.reactivateRowsWithEnabledCheckbox(EmpAdmEmployeeProfilePage.java:969)
	at com.AutomationJiviewsPOM.EmpAdmEmployeeProfilePage.goToNextPageAndReactivate(EmpAdmEmployeeProfilePage.java:978)
	at com.AutomationJiviewsPOM.EmpAdmEmployeeProfilePage.reactivateRowsWithEnabledCheckbox(EmpAdmEmployeeProfilePage.java:969)
	at com.AutomationJiviewsPOM.EmpAdmEmployeeProfilePage.goToNextPageAndReactivate(EmpAdmEmployeeProfilePage.java:978)
	at com.AutomationJiviewsPOM.EmpAdmEmployeeProfilePage.reactivateRowsWithEnabledCheckbox(EmpAdmEmployeeProfilePage.java:969)
	at com.AutomationJiviewsPOM.EmpAdmEmployeeProfilePage.goToNextPageAndReactivate(EmpAdmEmployeeProfilePage.java:978)
	at com.AutomationJiviewsPOM.EmpAdmEmployeeProfilePage.reactivateRowsWithEnabledCheckbox(EmpAdmEmployeeProfilePage.java:969)
	at com.AutomationJiviewsPOM.EmpAdmEmployeeProfilePage.goToNextPageAndReactivate(EmpAdmEmployeeProfilePage.java:978)
	at com.AutomationJiviewsPOM.EmpAdmEmployeeProfilePage.reactivateRowsWithEnabledCheckbox(EmpAdmEmployeeProfilePage.java:969)
	at com.AutomationJiviewsPOM.EmpAdmEmployeeProfilePage.goToNextPageAndReactivate(EmpAdmEmployeeProfilePage.java:978)
	at com.AutomationJiviewsPOM.EmpAdmEmployeeProfilePage.reactivateRowsWithEnabledCheckbox(EmpAdmEmployeeProfilePage.java:969)
	at com.AutomationJiviewsPOM.EmpAdmEmployeeProfilePage.goToNextPageAndReactivate(EmpAdmEmployeeProfilePage.java:978)
	at com.AutomationJiviewsPOM.EmpAdmEmployeeProfilePage.reactivateRowsWithEnabledCheckbox(EmpAdmEmployeeProfilePage.java:969)
	at com.AutomationJiviewsPOM.EmpAdmEmployeeProfilePage.goToNextPageAndReactivate(EmpAdmEmployeeProfilePage.java:978)
	at com.AutomationJiviewsPOM.EmpAdmEmployeeProfilePage.reactivateRowsWithEnabledCheckbox(EmpAdmEmployeeProfilePage.java:969)
	at com.AutomationJiviewsPOM.EmpAdmEmployeeProfilePage.goToNextPageAndReactivate(EmpAdmEmployeeProfilePage.java:978)
	at com.AutomationJiviewsPOM.EmpAdmEmployeeProfilePage.reactivateRowsWithEnabledCheckbox(EmpAdmEmployeeProfilePage.java:969)
	at com.AutomationJiviewsPOM.EmpAdmEmployeeProfilePage.goToNextPageAndReactivate(EmpAdmEmployeeProfilePage.java:978)
	at com.AutomationJiviewsPOM.EmpAdmEmployeeProfilePage.reactivateRowsWithEnabledCheckbox(EmpAdmEmployeeProfilePage.java:969)
	at com.AutomationJiviewsPOM.EmpAdmEmployeeProfilePage.goToNextPageAndReactivate(EmpAdmEmployeeProfilePage.java:978)
	at com.AutomationJiviewsPOM.EmpAdmEmployeeProfilePage.reactivateRowsWithEnabledCheckbox(EmpAdmEmployeeProfilePage.java:969)
	at com.AutomationJiviewsPOM.EmpAdmEmployeeProfilePage.goToNextPageAndReactivate(EmpAdmEmployeeProfilePage.java:978)
	at com.AutomationJiviewsPOM.EmpAdmEmployeeProfilePage.reactivateRowsWithEnabledCheckbox(EmpAdmEmployeeProfilePage.java:969)
	at com.AutomationJiviewsPOM.EmpAdmEmployeeProfilePage.goToNextPageAndReactivate(EmpAdmEmployeeProfilePage.java:978)
	at com.AutomationJiviewsPOM.EmpAdmEmployeeProfilePage.reactivateRowsWithEnabledCheckbox(EmpAdmEmployeeProfilePage.java:969)
	at com.AutomationJiviewsPOM.EmpAdmEmployeeProfilePage.goToNextPageAndReactivate(EmpAdmEmployeeProfilePage.java:978)
	at com.AutomationJiviewsPOM.EmpAdmEmployeeProfilePage.reactivateRowsWithEnabledCheckbox(EmpAdmEmployeeProfilePage.java:969)
	at com.AutomationJiviewsPOM.EmpAdmEmployeeProfilePage.goToNextPageAndReactivate(EmpAdmEmployeeProfilePage.java:978)
	at com.AutomationJiviewsPOM.EmpAdmEmployeeProfilePage.reactivateRowsWithEnabledCheckbox(EmpAdmEmployeeProfilePage.java:969)
	at com.AutomationJiviewsPOM.EmpAdmEmployeeProfilePage.goToNextPageAndReactivate(EmpAdmEmployeeProfilePage.java:978)
	at com.AutomationJiviewsPOM.EmpAdmEmployeeProfilePage.reactivateRowsWithEnabledCheckbox(EmpAdmEmployeeProfilePage.java:969)
	at com.AutomationJiviewsPOM.EmpAdmEmployeeProfilePage.goToNextPageAndReactivate(EmpAdmEmployeeProfilePage.java:978)
	at com.AutomationJiviewsPOM.EmpAdmEmployeeProfilePage.reactivateRowsWithEnabledCheckbox(EmpAdmEmployeeProfilePage.java:969)
	at com.AutomationJiviewsPOM.EmpAdmEmployeeProfilePage.goToNextPageAndReactivate(EmpAdmEmployeeProfilePage.java:978)
	at com.AutomationJiviewsPOM.EmpAdmEmployeeProfilePage.reactivateRowsWithEnabledCheckbox(EmpAdmEmployeeProfilePage.java:969)
	at com.AutomationJiviewsPOM.EmpAdmEmployeeProfilePage.goToNextPageAndReactivate(EmpAdmEmployeeProfilePage.java:978)
	at com.AutomationJiviewsPOM.EmpAdmEmployeeProfilePage.reactivateRowsWithEnabledCheckbox(EmpAdmEmployeeProfilePage.java:969)
	at com.AutomationJiviewsPOM.EmpAdmEmployeeProfilePage.goToNextPageAndReactivate(EmpAdmEmployeeProfilePage.java:978)
	at com.AutomationJiviewsPOM.EmpAdmEmployeeProfilePage.reactivateRowsWithEnabledCheckbox(EmpAdmEmployeeProfilePage.java:969)
	at com.AutomationJiviewsPOM.EmpAdmEmployeeProfilePage.goToNextPageAndReactivate(EmpAdmEmployeeProfilePage.java:978)
	at com.AutomationJiviewsPOM.EmpAdmEmployeeProfilePage.reactivateRowsWithEnabledCheckbox(EmpAdmEmployeeProfilePage.java:969)
	at com.AutomationJiviewsPOM.EmpAdmEmployeeProfilePage.goToNextPageAndReactivate(EmpAdmEmployeeProfilePage.java:978)
	at com.AutomationJiviewsPOM.EmpAdmEmployeeProfilePage.reactivateRowsWithEnabledCheckbox(EmpAdmEmployeeProfilePage.java:969)
	at com.AutomationJiviewsPOM.EmpAdmEmployeeProfilePage.goToNextPageAndReactivate(EmpAdmEmployeeProfilePage.java:978)
	at com.AutomationJiviewsPOM.EmpAdmEmployeeProfilePage.reactivateRowsWithEnabledCheckbox(EmpAdmEmployeeProfilePage.java:969)
	at com.AutomationJiviewsPOM.EmpAdmEmployeeProfilePage.goToNextPageAndReactivate(EmpAdmEmployeeProfilePage.java:978)
	at com.AutomationJiviewsPOM.EmpAdmEmployeeProfilePage.reactivateRowsWithEnabledCheckbox(EmpAdmEmployeeProfilePage.java:969)
	at com.AutomationJiviewsPOM.EmpAdmEmployeeProfilePage.goToNextPageAndReactivate(EmpAdmEmployeeProfilePage.java:978)
	at com.AutomationJiviewsPOM.EmpAdmEmployeeProfilePage.reactivateRowsWithEnabledCheckbox(EmpAdmEmployeeProfilePage.java:969)
	at com.AutomationJiviewsPOM.EmpAdmEmployeeProfilePage.goToNextPageAndReactivate(EmpAdmEmployeeProfilePage.java:978)
	at com.AutomationJiviewsPOM.EmpAdmEmployeeProfilePage.reactivateRowsWithEnabledCheckbox(EmpAdmEmployeeProfilePage.java:969)
	at com.AutomationJiviewsPOM.EmpAdmEmployeeProfilePage.goToNextPageAndReactivate(EmpAdmEmployeeProfilePage.java:978)
	at com.AutomationJiviewsPOM.EmpAdmEmployeeProfilePage.reactivateRowsWithEnabledCheckbox(EmpAdmEmployeeProfilePage.java:969)
	at com.AutomationJiviewsPOM.EmpAdmEmployeeProfilePage.goToNextPageAndReactivate(EmpAdmEmployeeProfilePage.java:978)
	at com.AutomationJiviewsPOM.EmpAdmEmployeeProfilePage.reactivateRowsWithEnabledCheckbox(EmpAdmEmployeeProfilePage.java:969)
	at com.AutomationJiviewsPOM.EmpAdmEmployeeProfilePage.goToNextPageAndReactivate(EmpAdmEmployeeProfilePage.java:978)
	at com.AutomationJiviewsPOM.EmpAdmEmployeeProfilePage.reactivateRowsWithEnabledCheckbox(EmpAdmEmployeeProfilePage.java:969)
	at com.AutomationJiviewsPOM.EmpAdmEmployeeProfilePage.goToNextPageAndReactivate(EmpAdmEmployeeProfilePage.java:978)
	at com.AutomationJiviewsPOM.EmpAdmEmployeeProfilePage.reactivateRowsWithEnabledCheckbox(EmpAdmEmployeeProfilePage.java:969)
	at com.AutomationJiviewsPOM.EmpAdmEmployeeProfilePage.goToNextPageAndReactivate(EmpAdmEmployeeProfilePage.java:978)
	at com.AutomationJiviewsPOM.EmpAdmEmployeeProfilePage.reactivateRowsWithEnabledCheckbox(EmpAdmEmployeeProfilePage.java:969)
	at com.AutomationJiviewsPOM.EmpAdmEmployeeProfilePage.goToNextPageAndReactivate(EmpAdmEmployeeProfilePage.java:978)
	at com.AutomationJiviewsPOM.EmpAdmEmployeeProfilePage.reactivateRowsWithEnabledCheckbox(EmpAdmEmployeeProfilePage.java:969)
	at com.AutomationJiviewsPOM.EmpAdmEmployeeProfilePage.goToNextPageAndReactivate(EmpAdmEmployeeProfilePage.java:978)
	at com.AutomationJiviewsPOM.EmpAdmEmployeeProfilePage.reactivateRowsWithEnabledCheckbox(EmpAdmEmployeeProfilePage.java:969)
	at com.AutomationJiviewsPOM.EmpAdmEmployeeProfilePage.goToNextPageAndReactivate(EmpAdmEmployeeProfilePage.java:978)
	at com.AutomationJiviewsPOM.EmpAdmEmployeeProfilePage.reactivateRowsWithEnabledCheckbox(EmpAdmEmployeeProfilePage.java:969)
	at com.AutomationJiviewsPOM.EmpAdmEmployeeProfilePage.goToNextPageAndReactivate(EmpAdmEmployeeProfilePage.java:978)
	at com.AutomationJiviewsPOM.EmpAdmEmployeeProfilePage.reactivateRowsWithEnabledCheckbox(EmpAdmEmployeeProfilePage.java:969)
	at com.AutomationJiviewsPOM.EmpAdmEmployeeProfilePage.goToNextPageAndReactivate(EmpAdmEmployeeProfilePage.java:978)
	at com.AutomationJiviewsPOM.EmpAdmEmployeeProfilePage.reactivateRowsWithEnabledCheckbox(EmpAdmEmployeeProfilePage.java:969)
	at com.AutomationJiviewsPOM.EmpAdmEmployeeProfilePage.goToNextPageAndReactivate(EmpAdmEmployeeProfilePage.java:978)
	at com.AutomationJiviewsPOM.EmpAdmEmployeeProfilePage.reactivateRowsWithEnabledCheckbox(EmpAdmEmployeeProfilePage.java:969)
	at com.AutomationJiviewsPOM.EmpAdmEmployeeProfilePage.goToNextPageAndReactivate(EmpAdmEmployeeProfilePage.java:978)
	at com.AutomationJiviewsPOM.EmpAdmEmployeeProfilePage.reactivateRowsWithEnabledCheckbox(EmpAdmEmployeeProfilePage.java:969)
	at com.AutomationJiviewsPOM.EmpAdmEmployeeProfilePage.goToNextPageAndReactivate(EmpAdmEmployeeProfilePage.java:978)
	at com.AutomationJiviewsPOM.EmpAdmEmployeeProfilePage.reactivateRowsWithEnabledCheckbox(EmpAdmEmployeeProfilePage.java:969)
	at com.AutomationJiviewsPOM.EmpAdmEmployeeProfilePage.goToNextPageAndReactivate(EmpAdmEmployeeProfilePage.java:978)
	at com.AutomationJiviewsPOM.EmpAdmEmployeeProfilePage.reactivateRowsWithEnabledCheckbox(EmpAdmEmployeeProfilePage.java:969)
	at com.AutomationJiviewsPOM.EmpAdmEmployeeProfilePage.goToNextPageAndReactivate(EmpAdmEmployeeProfilePage.java:978)
	at com.AutomationJiviewsPOM.EmpAdmEmployeeProfilePage.reactivateRowsWithEnabledCheckbox(EmpAdmEmployeeProfilePage.java:969)
	at com.AutomationJiviewsPOM.EmpAdmEmployeeProfilePage.goToNextPageAndReactivate(EmpAdmEmployeeProfilePage.java:978)
	at com.AutomationJiviewsPOM.EmpAdmEmployeeProfilePage.reactivateRowsWithEnabledCheckbox(EmpAdmEmployeeProfilePage.java:969)
	at com.AutomationJiviewsPOM.EmpAdmEmployeeProfilePage.goToNextPageAndReactivate(EmpAdmEmployeeProfilePage.java:978)
	at com.AutomationJiviewsPOM.EmpAdmEmployeeProfilePage.reactivateRowsWithEnabledCheckbox(EmpAdmEmployeeProfilePage.java:969)
	at com.AutomationJiviewsPOM.EmpAdmEmployeeProfilePage.goToNextPageAndReactivate(EmpAdmEmployeeProfilePage.java:978)
	at com.AutomationJiviewsPOM.EmpAdmEmployeeProfilePage.reactivateRowsWithEnabledCheckbox(EmpAdmEmployeeProfilePage.java:969)
	at com.AutomationJiviewsPOM.EmpAdmEmployeeProfilePage.goToNextPageAndReactivate(EmpAdmEmployeeProfilePage.java:978)
	at com.AutomationJiviewsPOM.EmpAdmEmployeeProfilePage.reactivateRowsWithEnabledCheckbox(EmpAdmEmployeeProfilePage.java:969)
	at com.AutomationJiviewsPOM.EmpAdmEmployeeProfilePage.goToNextPageAndReactivate(EmpAdmEmployeeProfilePage.java:978)
	at com.AutomationJiviewsPOM.EmpAdmEmployeeProfilePage.reactivateRowsWithEnabledCheckbox(EmpAdmEmployeeProfilePage.java:969)
	at com.AutomationJiviewsPOM.EmpAdmEmployeeProfilePage.goToNextPageAndReactivate(EmpAdmEmployeeProfilePage.java:978)
	at com.AutomationJiviewsPOM.EmpAdmEmployeeProfilePage.reactivateRowsWithEnabledCheckbox(EmpAdmEmployeeProfilePage.java:969)
	at com.AutomationJiviewsPOM.EmpAdmEmployeeProfilePage.goToNextPageAndReactivate(EmpAdmEmployeeProfilePage.java:978)
	at com.AutomationJiviewsPOM.EmpAdmEmployeeProfilePage.reactivateRowsWithEnabledCheckbox(EmpAdmEmployeeProfilePage.java:969)
	at com.AutomationJiviewsPOM.EmpAdmEmployeeProfilePage.goToNextPageAndReactivate(EmpAdmEmployeeProfilePage.java:978)
	at com.AutomationJiviewsPOM.EmpAdmEmployeeProfilePage.reactivateRowsWithEnabledCheckbox(EmpAdmEmployeeProfilePage.java:969)
	at com.AutomationJiviewsPOM.EmpAdmEmployeeProfilePage.goToNextPageAndReactivate(EmpAdmEmployeeProfilePage.java:978)
	at com.AutomationJiviewsPOM.EmpAdmEmployeeProfilePage.reactivateRowsWithEnabledCheckbox(EmpAdmEmployeeProfilePage.java:969)
	at com.AutomationJiviewsPOM.EmpAdmEmployeeProfilePage.reactivateEmpProfile(EmpAdmEmployeeProfilePage.java:1391)
	at com.JiviewsAutomation.SystemDefination_Test.EmpAdmEmployeeProfileTest.verifyreactivateEmpProfile(EmpAdmEmployeeProfileTest.java:130)
	at java.base/jdk.internal.reflect.NativeMethodAccessorImpl.invoke0(Native Method)
	at java.base/jdk.internal.reflect.NativeMethodAccessorImpl.invoke(NativeMethodAccessorImpl.java:77)
	at java.base/jdk.internal.reflect.DelegatingMethodAccessorImpl.invoke(DelegatingMethodAccessorImpl.java:43)
	at java.base/java.lang.reflect.Method.invoke(Method.java:568)
	at org.testng.internal.MethodInvocationHelper.invokeMethod(MethodInvocationHelper.java:124)
	at org.testng.internal.Invoker.invokeMethod(Invoker.java:583)
	at org.testng.internal.Invoker.invokeTestMethod(Invoker.java:719)
	at org.testng.internal.Invoker.invokeTestMethods(Invoker.java:989)
	at org.testng.internal.TestMethodWorker.invokeTestMethods(TestMethodWorker.java:125)
	at org.testng.internal.TestMethodWorker.run(TestMethodWorker.java:109)
	at org.testng.TestRunner.privateRun(TestRunner.java:648)
	at org.testng.TestRunner.run(TestRunner.java:505)
	at org.testng.SuiteRunner.runTest(SuiteRunner.java:455)
	at org.testng.SuiteRunner.runSequentially(SuiteRunner.java:450)
	at org.testng.SuiteRunner.privateRun(SuiteRunner.java:415)
	at org.testng.SuiteRunner.run(SuiteRunner.java:364)
	at org.testng.SuiteRunnerWorker.runSuite(SuiteRunnerWorker.java:52)
	at org.testng.SuiteRunnerWorker.run(SuiteRunnerWorker.java:84)
	at org.testng.TestNG.runSuitesSequentially(TestNG.java:1208)
	at org.testng.TestNG.runSuitesLocally(TestNG.java:1137)
	at org.testng.TestNG.runSuites(TestNG.java:1049)
	at org.testng.TestNG.run(TestNG.java:1017)
	at org.apache.maven.surefire.testng.TestNGExecutor.run(TestNGExecutor.java:308)
	at org.apache.maven.surefire.testng.TestNGXmlTestSuite.execute(TestNGXmlTestSuite.java:71)
	at org.apache.maven.surefire.testng.TestNGProvider.invoke(TestNGProvider.java:113)
	at org.apache.maven.surefire.booter.ForkedBooter.runSuitesInProcess(ForkedBooter.java:385)
	at org.apache.maven.surefire.booter.ForkedBooter.execute(ForkedBooter.java:162)
	at org.apache.maven.surefire.booter.ForkedBooter.run(ForkedBooter.java:507)
	at org.apache.maven.surefire.booter.ForkedBooter.main(ForkedBooter.java:495)
]]></failure>
    <system-out><![CDATA[11:21:36.300 [main] INFO  com.JiviewsAutomation.SystemDefination_Test.EmpAdmEmployeeProfileTest - Reactivate Employee profile...
]]></system-out>
  </testcase>
  <testcase name="verifyCreateRosterGroupAssignment" classname="com.JiviewsAutomation.SystemDefination_Test.EmpAdmRosterGroupAssignmentTest" time="10.17">
    <failure message="no such element: Unable to locate element: {&quot;method&quot;:&quot;xpath&quot;,&quot;selector&quot;:&quot;//button[@id=&apos;btnAddRosterGroup&apos;]&quot;}&#10;  (Session info: chrome=119.0.6045.200)&#10;For documentation on this error, please visit: https://www.selenium.dev/documentation/webdriver/troubleshooting/errors#no-such-element-exception&#10;Build info: version: &apos;4.10.0&apos;, revision: &apos;c14d967899&apos;&#10;System info: os.name: &apos;Windows 11&apos;, os.arch: &apos;amd64&apos;, os.version: &apos;10.0&apos;, java.version: &apos;17.0.8.1&apos;&#10;Driver info: org.openqa.selenium.chrome.ChromeDriver&#10;Command: [1694cd4284e928cf74e4333dcd9a491d, findElement {using=xpath, value=//button[@id=&apos;btnAddRosterGroup&apos;]}]&#10;Capabilities {acceptInsecureCerts: false, browserName: chrome, browserVersion: 119.0.6045.200, chrome: {chromedriverVersion: 119.0.6045.105 (38c72552c5e..., userDataDir: C:\Users\kumar\AppData\Loca...}, fedcm:accounts: true, goog:chromeOptions: {debuggerAddress: localhost:54083}, networkConnectionEnabled: false, pageLoadStrategy: normal, platformName: windows, proxy: Proxy(), se:cdp: ws://localhost:54083/devtoo..., se:cdpVersion: 119.0.6045.200, setWindowRect: true, strictFileInteractability: false, timeouts: {implicit: 0, pageLoad: 300000, script: 30000}, unhandledPromptBehavior: dismiss and notify, webauthn:extension:credBlob: true, webauthn:extension:largeBlob: true, webauthn:extension:minPinLength: true, webauthn:extension:prf: true, webauthn:virtualAuthenticators: true}&#10;Session ID: 1694cd4284e928cf74e4333dcd9a491d" type="org.openqa.selenium.NoSuchElementException"><![CDATA[org.openqa.selenium.NoSuchElementException: 
no such element: Unable to locate element: {"method":"xpath","selector":"//button[@id='btnAddRosterGroup']"}
  (Session info: chrome=119.0.6045.200)
For documentation on this error, please visit: https://www.selenium.dev/documentation/webdriver/troubleshooting/errors#no-such-element-exception
Build info: version: '4.10.0', revision: 'c14d967899'
System info: os.name: 'Windows 11', os.arch: 'amd64', os.version: '10.0', java.version: '17.0.8.1'
Driver info: org.openqa.selenium.chrome.ChromeDriver
Command: [1694cd4284e928cf74e4333dcd9a491d, findElement {using=xpath, value=//button[@id='btnAddRosterGroup']}]
Capabilities {acceptInsecureCerts: false, browserName: chrome, browserVersion: 119.0.6045.200, chrome: {chromedriverVersion: 119.0.6045.105 (38c72552c5e..., userDataDir: C:\Users\kumar\AppData\Loca...}, fedcm:accounts: true, goog:chromeOptions: {debuggerAddress: localhost:54083}, networkConnectionEnabled: false, pageLoadStrategy: normal, platformName: windows, proxy: Proxy(), se:cdp: ws://localhost:54083/devtoo..., se:cdpVersion: 119.0.6045.200, setWindowRect: true, strictFileInteractability: false, timeouts: {implicit: 0, pageLoad: 300000, script: 30000}, unhandledPromptBehavior: dismiss and notify, webauthn:extension:credBlob: true, webauthn:extension:largeBlob: true, webauthn:extension:minPinLength: true, webauthn:extension:prf: true, webauthn:virtualAuthenticators: true}
Session ID: 1694cd4284e928cf74e4333dcd9a491d
	at jdk.internal.reflect.GeneratedConstructorAccessor60.newInstance(Unknown Source)
	at java.base/jdk.internal.reflect.DelegatingConstructorAccessorImpl.newInstance(DelegatingConstructorAccessorImpl.java:45)
	at java.base/java.lang.reflect.Constructor.newInstanceWithCaller(Constructor.java:499)
	at java.base/java.lang.reflect.Constructor.newInstance(Constructor.java:480)
	at org.openqa.selenium.remote.codec.w3c.W3CHttpResponseCodec.createException(W3CHttpResponseCodec.java:199)
	at org.openqa.selenium.remote.codec.w3c.W3CHttpResponseCodec.decode(W3CHttpResponseCodec.java:132)
	at org.openqa.selenium.remote.codec.w3c.W3CHttpResponseCodec.decode(W3CHttpResponseCodec.java:51)
	at org.openqa.selenium.remote.HttpCommandExecutor.execute(HttpCommandExecutor.java:191)
	at org.openqa.selenium.remote.service.DriverCommandExecutor.invokeExecute(DriverCommandExecutor.java:196)
	at org.openqa.selenium.remote.service.DriverCommandExecutor.execute(DriverCommandExecutor.java:171)
	at org.openqa.selenium.remote.RemoteWebDriver.execute(RemoteWebDriver.java:531)
	at org.openqa.selenium.remote.ElementLocation$ElementFinder$2.findElement(ElementLocation.java:165)
	at org.openqa.selenium.remote.ElementLocation.findElement(ElementLocation.java:59)
	at org.openqa.selenium.remote.RemoteWebDriver.findElement(RemoteWebDriver.java:350)
	at org.openqa.selenium.remote.RemoteWebDriver.findElement(RemoteWebDriver.java:344)
	at org.openqa.selenium.support.pagefactory.DefaultElementLocator.findElement(DefaultElementLocator.java:68)
	at org.openqa.selenium.support.pagefactory.internal.LocatingElementHandler.invoke(LocatingElementHandler.java:38)
	at jdk.proxy2/jdk.proxy2.$Proxy31.click(Unknown Source)
	at com.AutomationJiviewsPOM.EmpAdmRosterGroupAssignmentPage.clickBtnAddRosterGroup(EmpAdmRosterGroupAssignmentPage.java:103)
	at com.AutomationJiviewsPOM.EmpAdmRosterGroupAssignmentPage.createRosterGroupAssignment(EmpAdmRosterGroupAssignmentPage.java:269)
	at com.JiviewsAutomation.SystemDefination_Test.EmpAdmRosterGroupAssignmentTest.verifyCreateRosterGroupAssignment(EmpAdmRosterGroupAssignmentTest.java:45)
	at java.base/jdk.internal.reflect.NativeMethodAccessorImpl.invoke0(Native Method)
	at java.base/jdk.internal.reflect.NativeMethodAccessorImpl.invoke(NativeMethodAccessorImpl.java:77)
	at java.base/jdk.internal.reflect.DelegatingMethodAccessorImpl.invoke(DelegatingMethodAccessorImpl.java:43)
	at java.base/java.lang.reflect.Method.invoke(Method.java:568)
	at org.testng.internal.MethodInvocationHelper.invokeMethod(MethodInvocationHelper.java:124)
	at org.testng.internal.Invoker.invokeMethod(Invoker.java:583)
	at org.testng.internal.Invoker.invokeTestMethod(Invoker.java:719)
	at org.testng.internal.Invoker.invokeTestMethods(Invoker.java:989)
	at org.testng.internal.TestMethodWorker.invokeTestMethods(TestMethodWorker.java:125)
	at org.testng.internal.TestMethodWorker.run(TestMethodWorker.java:109)
	at org.testng.TestRunner.privateRun(TestRunner.java:648)
	at org.testng.TestRunner.run(TestRunner.java:505)
	at org.testng.SuiteRunner.runTest(SuiteRunner.java:455)
	at org.testng.SuiteRunner.runSequentially(SuiteRunner.java:450)
	at org.testng.SuiteRunner.privateRun(SuiteRunner.java:415)
	at org.testng.SuiteRunner.run(SuiteRunner.java:364)
	at org.testng.SuiteRunnerWorker.runSuite(SuiteRunnerWorker.java:52)
	at org.testng.SuiteRunnerWorker.run(SuiteRunnerWorker.java:84)
	at org.testng.TestNG.runSuitesSequentially(TestNG.java:1208)
	at org.testng.TestNG.runSuitesLocally(TestNG.java:1137)
	at org.testng.TestNG.runSuites(TestNG.java:1049)
	at org.testng.TestNG.run(TestNG.java:1017)
	at org.apache.maven.surefire.testng.TestNGExecutor.run(TestNGExecutor.java:308)
	at org.apache.maven.surefire.testng.TestNGXmlTestSuite.execute(TestNGXmlTestSuite.java:71)
	at org.apache.maven.surefire.testng.TestNGProvider.invoke(TestNGProvider.java:113)
	at org.apache.maven.surefire.booter.ForkedBooter.runSuitesInProcess(ForkedBooter.java:385)
	at org.apache.maven.surefire.booter.ForkedBooter.execute(ForkedBooter.java:162)
	at org.apache.maven.surefire.booter.ForkedBooter.run(ForkedBooter.java:507)
	at org.apache.maven.surefire.booter.ForkedBooter.main(ForkedBooter.java:495)
]]></failure>
    <system-out><![CDATA[11:22:03.555 [main] INFO  com.AutomationJiviewsGeneric.ListenerImplimentation - Screenshot captured and saved to: C:\Development\Automation\Jiviewsrpav2\.\ScreenShot\verifyreactivateEmpProfile.png
Logout
11:22:03.558 [main] INFO  com.AutomationJiviewsGeneric.BaseClass - Logout from Jivi application
11:22:03.558 [main] INFO  com.AutomationJiviewsGeneric.BaseClass - Close Browser...
11:22:03.999 [main] INFO  com.AutomationJiviewsGeneric.BaseClass - Open Browser
11:22:04.744 [main] INFO  com.AutomationJiviewsGeneric.BaseClass - Browser launched successfully
Login
11:22:04.786 [main] INFO  com.AutomationJiviewsGeneric.BaseClass - Login to the Jivi application
11:22:21.143 [main] INFO  com.JiviewsAutomation.SystemDefination_Test.EmpAdmEmployeeProfileTest - Creating Roster Group Assignment...
]]></system-out>
    <system-err><![CDATA[Dec 06, 2023 11:22:04 AM org.openqa.selenium.remote.service.DriverService$Builder getLogOutput
INFO: Driver logs no longer sent to console by default; https://www.selenium.dev/documentation/webdriver/drivers/service/#setting-log-output
Dec 06, 2023 11:22:04 AM org.openqa.selenium.devtools.CdpVersionFinder findNearestMatch
WARNING: Unable to find CDP implementation matching 119
Dec 06, 2023 11:22:04 AM org.openqa.selenium.chromium.ChromiumDriver lambda$new$4
WARNING: Unable to find version of CDP to use for . You may need to include a dependency on a specific version of the CDP using something similar to `org.seleniumhq.selenium:selenium-devtools-v86:4.10.0` where the version ("v86") matches the version of the chromium-based browser you're using and the version number of the artifact is the same as Selenium's.
]]></system-err>
  </testcase>
  <testcase name="verifyUpdateRosterGroupAssignment" classname="com.JiviewsAutomation.SystemDefination_Test.EmpAdmRosterGroupAssignmentTest" time="11.886">
    <failure message="no such element: Unable to locate element: {&quot;method&quot;:&quot;xpath&quot;,&quot;selector&quot;:&quot;//input[@id=&apos;txtRosterGroupname&apos;]&quot;}&#10;  (Session info: chrome=119.0.6045.200)&#10;For documentation on this error, please visit: https://www.selenium.dev/documentation/webdriver/troubleshooting/errors#no-such-element-exception&#10;Build info: version: &apos;4.10.0&apos;, revision: &apos;c14d967899&apos;&#10;System info: os.name: &apos;Windows 11&apos;, os.arch: &apos;amd64&apos;, os.version: &apos;10.0&apos;, java.version: &apos;17.0.8.1&apos;&#10;Driver info: org.openqa.selenium.chrome.ChromeDriver&#10;Command: [1694cd4284e928cf74e4333dcd9a491d, findElement {using=xpath, value=//input[@id=&apos;txtRosterGroupname&apos;]}]&#10;Capabilities {acceptInsecureCerts: false, browserName: chrome, browserVersion: 119.0.6045.200, chrome: {chromedriverVersion: 119.0.6045.105 (38c72552c5e..., userDataDir: C:\Users\kumar\AppData\Loca...}, fedcm:accounts: true, goog:chromeOptions: {debuggerAddress: localhost:54083}, networkConnectionEnabled: false, pageLoadStrategy: normal, platformName: windows, proxy: Proxy(), se:cdp: ws://localhost:54083/devtoo..., se:cdpVersion: 119.0.6045.200, setWindowRect: true, strictFileInteractability: false, timeouts: {implicit: 0, pageLoad: 300000, script: 30000}, unhandledPromptBehavior: dismiss and notify, webauthn:extension:credBlob: true, webauthn:extension:largeBlob: true, webauthn:extension:minPinLength: true, webauthn:extension:prf: true, webauthn:virtualAuthenticators: true}&#10;Session ID: 1694cd4284e928cf74e4333dcd9a491d" type="org.openqa.selenium.NoSuchElementException"><![CDATA[org.openqa.selenium.NoSuchElementException: 
no such element: Unable to locate element: {"method":"xpath","selector":"//input[@id='txtRosterGroupname']"}
  (Session info: chrome=119.0.6045.200)
For documentation on this error, please visit: https://www.selenium.dev/documentation/webdriver/troubleshooting/errors#no-such-element-exception
Build info: version: '4.10.0', revision: 'c14d967899'
System info: os.name: 'Windows 11', os.arch: 'amd64', os.version: '10.0', java.version: '17.0.8.1'
Driver info: org.openqa.selenium.chrome.ChromeDriver
Command: [1694cd4284e928cf74e4333dcd9a491d, findElement {using=xpath, value=//input[@id='txtRosterGroupname']}]
Capabilities {acceptInsecureCerts: false, browserName: chrome, browserVersion: 119.0.6045.200, chrome: {chromedriverVersion: 119.0.6045.105 (38c72552c5e..., userDataDir: C:\Users\kumar\AppData\Loca...}, fedcm:accounts: true, goog:chromeOptions: {debuggerAddress: localhost:54083}, networkConnectionEnabled: false, pageLoadStrategy: normal, platformName: windows, proxy: Proxy(), se:cdp: ws://localhost:54083/devtoo..., se:cdpVersion: 119.0.6045.200, setWindowRect: true, strictFileInteractability: false, timeouts: {implicit: 0, pageLoad: 300000, script: 30000}, unhandledPromptBehavior: dismiss and notify, webauthn:extension:credBlob: true, webauthn:extension:largeBlob: true, webauthn:extension:minPinLength: true, webauthn:extension:prf: true, webauthn:virtualAuthenticators: true}
Session ID: 1694cd4284e928cf74e4333dcd9a491d
	at jdk.internal.reflect.GeneratedConstructorAccessor60.newInstance(Unknown Source)
	at java.base/jdk.internal.reflect.DelegatingConstructorAccessorImpl.newInstance(DelegatingConstructorAccessorImpl.java:45)
	at java.base/java.lang.reflect.Constructor.newInstanceWithCaller(Constructor.java:499)
	at java.base/java.lang.reflect.Constructor.newInstance(Constructor.java:480)
	at org.openqa.selenium.remote.codec.w3c.W3CHttpResponseCodec.createException(W3CHttpResponseCodec.java:199)
	at org.openqa.selenium.remote.codec.w3c.W3CHttpResponseCodec.decode(W3CHttpResponseCodec.java:132)
	at org.openqa.selenium.remote.codec.w3c.W3CHttpResponseCodec.decode(W3CHttpResponseCodec.java:51)
	at org.openqa.selenium.remote.HttpCommandExecutor.execute(HttpCommandExecutor.java:191)
	at org.openqa.selenium.remote.service.DriverCommandExecutor.invokeExecute(DriverCommandExecutor.java:196)
	at org.openqa.selenium.remote.service.DriverCommandExecutor.execute(DriverCommandExecutor.java:171)
	at org.openqa.selenium.remote.RemoteWebDriver.execute(RemoteWebDriver.java:531)
	at org.openqa.selenium.remote.ElementLocation$ElementFinder$2.findElement(ElementLocation.java:165)
	at org.openqa.selenium.remote.ElementLocation.findElement(ElementLocation.java:59)
	at org.openqa.selenium.remote.RemoteWebDriver.findElement(RemoteWebDriver.java:350)
	at org.openqa.selenium.remote.RemoteWebDriver.findElement(RemoteWebDriver.java:344)
	at org.openqa.selenium.support.pagefactory.DefaultElementLocator.findElement(DefaultElementLocator.java:68)
	at org.openqa.selenium.support.pagefactory.internal.LocatingElementHandler.invoke(LocatingElementHandler.java:38)
	at jdk.proxy2/jdk.proxy2.$Proxy31.clear(Unknown Source)
	at com.AutomationJiviewsPOM.EmpAdmRosterGroupAssignmentPage.enterTxtRosterGroupname(EmpAdmRosterGroupAssignmentPage.java:106)
	at com.AutomationJiviewsPOM.EmpAdmRosterGroupAssignmentPage.updateRosterGroupAssignment(EmpAdmRosterGroupAssignmentPage.java:289)
	at com.JiviewsAutomation.SystemDefination_Test.EmpAdmRosterGroupAssignmentTest.verifyUpdateRosterGroupAssignment(EmpAdmRosterGroupAssignmentTest.java:53)
	at java.base/jdk.internal.reflect.NativeMethodAccessorImpl.invoke0(Native Method)
	at java.base/jdk.internal.reflect.NativeMethodAccessorImpl.invoke(NativeMethodAccessorImpl.java:77)
	at java.base/jdk.internal.reflect.DelegatingMethodAccessorImpl.invoke(DelegatingMethodAccessorImpl.java:43)
	at java.base/java.lang.reflect.Method.invoke(Method.java:568)
	at org.testng.internal.MethodInvocationHelper.invokeMethod(MethodInvocationHelper.java:124)
	at org.testng.internal.Invoker.invokeMethod(Invoker.java:583)
	at org.testng.internal.Invoker.invokeTestMethod(Invoker.java:719)
	at org.testng.internal.Invoker.invokeTestMethods(Invoker.java:989)
	at org.testng.internal.TestMethodWorker.invokeTestMethods(TestMethodWorker.java:125)
	at org.testng.internal.TestMethodWorker.run(TestMethodWorker.java:109)
	at org.testng.TestRunner.privateRun(TestRunner.java:648)
	at org.testng.TestRunner.run(TestRunner.java:505)
	at org.testng.SuiteRunner.runTest(SuiteRunner.java:455)
	at org.testng.SuiteRunner.runSequentially(SuiteRunner.java:450)
	at org.testng.SuiteRunner.privateRun(SuiteRunner.java:415)
	at org.testng.SuiteRunner.run(SuiteRunner.java:364)
	at org.testng.SuiteRunnerWorker.runSuite(SuiteRunnerWorker.java:52)
	at org.testng.SuiteRunnerWorker.run(SuiteRunnerWorker.java:84)
	at org.testng.TestNG.runSuitesSequentially(TestNG.java:1208)
	at org.testng.TestNG.runSuitesLocally(TestNG.java:1137)
	at org.testng.TestNG.runSuites(TestNG.java:1049)
	at org.testng.TestNG.run(TestNG.java:1017)
	at org.apache.maven.surefire.testng.TestNGExecutor.run(TestNGExecutor.java:308)
	at org.apache.maven.surefire.testng.TestNGXmlTestSuite.execute(TestNGXmlTestSuite.java:71)
	at org.apache.maven.surefire.testng.TestNGProvider.invoke(TestNGProvider.java:113)
	at org.apache.maven.surefire.booter.ForkedBooter.runSuitesInProcess(ForkedBooter.java:385)
	at org.apache.maven.surefire.booter.ForkedBooter.execute(ForkedBooter.java:162)
	at org.apache.maven.surefire.booter.ForkedBooter.run(ForkedBooter.java:507)
	at org.apache.maven.surefire.booter.ForkedBooter.main(ForkedBooter.java:495)
]]></failure>
    <system-out><![CDATA[11:22:31.260 [main] INFO  com.AutomationJiviewsGeneric.ListenerImplimentation - Screenshot captured and saved to: C:\Development\Automation\Jiviewsrpav2\.\ScreenShot\verifyCreateRosterGroupAssignment.png
11:23:01.239 [main] INFO  com.JiviewsAutomation.SystemDefination_Test.EmpAdmEmployeeProfileTest - Updating Roster Group Assignment...
]]></system-out>
  </testcase>
  <testcase name="verifyDeleteRosterGroupAssignment" classname="com.JiviewsAutomation.SystemDefination_Test.EmpAdmRosterGroupAssignmentTest" time="3.453">
    <system-out><![CDATA[11:23:13.131 [main] INFO  com.AutomationJiviewsGeneric.ListenerImplimentation - Screenshot captured and saved to: C:\Development\Automation\Jiviewsrpav2\.\ScreenShot\verifyUpdateRosterGroupAssignment.png
11:23:32.217 [main] INFO  com.JiviewsAutomation.SystemDefination_Test.EmpAdmEmployeeProfileTest - Deleting Roster Group Assignment...
11:23:35.549 [main] INFO  com.JiviewsAutomation.SystemDefination_Test.EmpAdmEmployeeProfileTest - Roster Group Assignment deleted
]]></system-out>
  </testcase>
  <testcase name="verifyReactivateRosterGroupAssignment" classname="com.JiviewsAutomation.SystemDefination_Test.EmpAdmRosterGroupAssignmentTest" time="4.97">
    <system-out><![CDATA[11:23:59.939 [main] INFO  com.JiviewsAutomation.SystemDefination_Test.EmpAdmEmployeeProfileTest - Deleting Roster Group Assignment...
11:24:04.772 [main] INFO  com.JiviewsAutomation.SystemDefination_Test.EmpAdmEmployeeProfileTest - Roster Group Assignment reactivated
]]></system-out>
  </testcase>
  <testcase name="verifyAddEmployeesNonMembersToMembersAndRemoveFromMembersToNonMember" classname="com.JiviewsAutomation.SystemDefination_Test.EmpAdmRosterGroupAssignmentTest" time="90.934">
    <failure message="no such element: Unable to locate element: {&quot;method&quot;:&quot;xpath&quot;,&quot;selector&quot;:&quot;//div[text()=&apos;Roster Group Updated SuccessFully.&apos;]&quot;}&#10;  (Session info: chrome=119.0.6045.200)&#10;For documentation on this error, please visit: https://www.selenium.dev/documentation/webdriver/troubleshooting/errors#no-such-element-exception&#10;Build info: version: &apos;4.10.0&apos;, revision: &apos;c14d967899&apos;&#10;System info: os.name: &apos;Windows 11&apos;, os.arch: &apos;amd64&apos;, os.version: &apos;10.0&apos;, java.version: &apos;17.0.8.1&apos;&#10;Driver info: org.openqa.selenium.chrome.ChromeDriver&#10;Command: [1694cd4284e928cf74e4333dcd9a491d, findElement {using=xpath, value=//div[text()=&apos;Roster Group Updated SuccessFully.&apos;]}]&#10;Capabilities {acceptInsecureCerts: false, browserName: chrome, browserVersion: 119.0.6045.200, chrome: {chromedriverVersion: 119.0.6045.105 (38c72552c5e..., userDataDir: C:\Users\kumar\AppData\Loca...}, fedcm:accounts: true, goog:chromeOptions: {debuggerAddress: localhost:54083}, networkConnectionEnabled: false, pageLoadStrategy: normal, platformName: windows, proxy: Proxy(), se:cdp: ws://localhost:54083/devtoo..., se:cdpVersion: 119.0.6045.200, setWindowRect: true, strictFileInteractability: false, timeouts: {implicit: 0, pageLoad: 300000, script: 30000}, unhandledPromptBehavior: dismiss and notify, webauthn:extension:credBlob: true, webauthn:extension:largeBlob: true, webauthn:extension:minPinLength: true, webauthn:extension:prf: true, webauthn:virtualAuthenticators: true}&#10;Session ID: 1694cd4284e928cf74e4333dcd9a491d" type="org.openqa.selenium.NoSuchElementException"><![CDATA[org.openqa.selenium.NoSuchElementException: 
no such element: Unable to locate element: {"method":"xpath","selector":"//div[text()='Roster Group Updated SuccessFully.']"}
  (Session info: chrome=119.0.6045.200)
For documentation on this error, please visit: https://www.selenium.dev/documentation/webdriver/troubleshooting/errors#no-such-element-exception
Build info: version: '4.10.0', revision: 'c14d967899'
System info: os.name: 'Windows 11', os.arch: 'amd64', os.version: '10.0', java.version: '17.0.8.1'
Driver info: org.openqa.selenium.chrome.ChromeDriver
Command: [1694cd4284e928cf74e4333dcd9a491d, findElement {using=xpath, value=//div[text()='Roster Group Updated SuccessFully.']}]
Capabilities {acceptInsecureCerts: false, browserName: chrome, browserVersion: 119.0.6045.200, chrome: {chromedriverVersion: 119.0.6045.105 (38c72552c5e..., userDataDir: C:\Users\kumar\AppData\Loca...}, fedcm:accounts: true, goog:chromeOptions: {debuggerAddress: localhost:54083}, networkConnectionEnabled: false, pageLoadStrategy: normal, platformName: windows, proxy: Proxy(), se:cdp: ws://localhost:54083/devtoo..., se:cdpVersion: 119.0.6045.200, setWindowRect: true, strictFileInteractability: false, timeouts: {implicit: 0, pageLoad: 300000, script: 30000}, unhandledPromptBehavior: dismiss and notify, webauthn:extension:credBlob: true, webauthn:extension:largeBlob: true, webauthn:extension:minPinLength: true, webauthn:extension:prf: true, webauthn:virtualAuthenticators: true}
Session ID: 1694cd4284e928cf74e4333dcd9a491d
	at jdk.internal.reflect.GeneratedConstructorAccessor60.newInstance(Unknown Source)
	at java.base/jdk.internal.reflect.DelegatingConstructorAccessorImpl.newInstance(DelegatingConstructorAccessorImpl.java:45)
	at java.base/java.lang.reflect.Constructor.newInstanceWithCaller(Constructor.java:499)
	at java.base/java.lang.reflect.Constructor.newInstance(Constructor.java:480)
	at org.openqa.selenium.remote.codec.w3c.W3CHttpResponseCodec.createException(W3CHttpResponseCodec.java:199)
	at org.openqa.selenium.remote.codec.w3c.W3CHttpResponseCodec.decode(W3CHttpResponseCodec.java:132)
	at org.openqa.selenium.remote.codec.w3c.W3CHttpResponseCodec.decode(W3CHttpResponseCodec.java:51)
	at org.openqa.selenium.remote.HttpCommandExecutor.execute(HttpCommandExecutor.java:191)
	at org.openqa.selenium.remote.service.DriverCommandExecutor.invokeExecute(DriverCommandExecutor.java:196)
	at org.openqa.selenium.remote.service.DriverCommandExecutor.execute(DriverCommandExecutor.java:171)
	at org.openqa.selenium.remote.RemoteWebDriver.execute(RemoteWebDriver.java:531)
	at org.openqa.selenium.remote.ElementLocation$ElementFinder$2.findElement(ElementLocation.java:165)
	at org.openqa.selenium.remote.ElementLocation.findElement(ElementLocation.java:59)
	at org.openqa.selenium.remote.RemoteWebDriver.findElement(RemoteWebDriver.java:350)
	at org.openqa.selenium.remote.RemoteWebDriver.findElement(RemoteWebDriver.java:344)
	at org.openqa.selenium.support.pagefactory.DefaultElementLocator.findElement(DefaultElementLocator.java:68)
	at org.openqa.selenium.support.pagefactory.internal.LocatingElementHandler.invoke(LocatingElementHandler.java:38)
	at jdk.proxy2/jdk.proxy2.$Proxy31.getText(Unknown Source)
	at com.AutomationJiviewsPOM.EmpAdmRosterGroupAssignmentPage.checkRosterGroupUpdatedSuccessFullyMsg(EmpAdmRosterGroupAssignmentPage.java:260)
	at com.AutomationJiviewsPOM.EmpAdmRosterGroupAssignmentPage.AddEmployeesNonMembersToMembersAndRemoveFromMembersToNonMember(EmpAdmRosterGroupAssignmentPage.java:359)
	at com.JiviewsAutomation.SystemDefination_Test.EmpAdmRosterGroupAssignmentTest.verifyAddEmployeesNonMembersToMembersAndRemoveFromMembersToNonMember(EmpAdmRosterGroupAssignmentTest.java:78)
	at java.base/jdk.internal.reflect.NativeMethodAccessorImpl.invoke0(Native Method)
	at java.base/jdk.internal.reflect.NativeMethodAccessorImpl.invoke(NativeMethodAccessorImpl.java:77)
	at java.base/jdk.internal.reflect.DelegatingMethodAccessorImpl.invoke(DelegatingMethodAccessorImpl.java:43)
	at java.base/java.lang.reflect.Method.invoke(Method.java:568)
	at org.testng.internal.MethodInvocationHelper.invokeMethod(MethodInvocationHelper.java:124)
	at org.testng.internal.Invoker.invokeMethod(Invoker.java:583)
	at org.testng.internal.Invoker.invokeTestMethod(Invoker.java:719)
	at org.testng.internal.Invoker.invokeTestMethods(Invoker.java:989)
	at org.testng.internal.TestMethodWorker.invokeTestMethods(TestMethodWorker.java:125)
	at org.testng.internal.TestMethodWorker.run(TestMethodWorker.java:109)
	at org.testng.TestRunner.privateRun(TestRunner.java:648)
	at org.testng.TestRunner.run(TestRunner.java:505)
	at org.testng.SuiteRunner.runTest(SuiteRunner.java:455)
	at org.testng.SuiteRunner.runSequentially(SuiteRunner.java:450)
	at org.testng.SuiteRunner.privateRun(SuiteRunner.java:415)
	at org.testng.SuiteRunner.run(SuiteRunner.java:364)
	at org.testng.SuiteRunnerWorker.runSuite(SuiteRunnerWorker.java:52)
	at org.testng.SuiteRunnerWorker.run(SuiteRunnerWorker.java:84)
	at org.testng.TestNG.runSuitesSequentially(TestNG.java:1208)
	at org.testng.TestNG.runSuitesLocally(TestNG.java:1137)
	at org.testng.TestNG.runSuites(TestNG.java:1049)
	at org.testng.TestNG.run(TestNG.java:1017)
	at org.apache.maven.surefire.testng.TestNGExecutor.run(TestNGExecutor.java:308)
	at org.apache.maven.surefire.testng.TestNGXmlTestSuite.execute(TestNGXmlTestSuite.java:71)
	at org.apache.maven.surefire.testng.TestNGProvider.invoke(TestNGProvider.java:113)
	at org.apache.maven.surefire.booter.ForkedBooter.runSuitesInProcess(ForkedBooter.java:385)
	at org.apache.maven.surefire.booter.ForkedBooter.execute(ForkedBooter.java:162)
	at org.apache.maven.surefire.booter.ForkedBooter.run(ForkedBooter.java:507)
	at org.apache.maven.surefire.booter.ForkedBooter.main(ForkedBooter.java:495)
]]></failure>
    <system-out><![CDATA[11:24:21.164 [main] INFO  com.JiviewsAutomation.SystemDefination_Test.EmpAdmEmployeeProfileTest - Add Employees Non-Members to Members and remove from Members to Non-Member....
Entered Roster Group Name: Crew Group_1701841924784
]]></system-out>
    <system-err><![CDATA[org.openqa.selenium.ElementNotInteractableException: element not interactable
  (Session info: chrome=119.0.6045.200)
Build info: version: '4.10.0', revision: 'c14d967899'
System info: os.name: 'Windows 11', os.arch: 'amd64', os.version: '10.0', java.version: '17.0.8.1'
Driver info: org.openqa.selenium.chrome.ChromeDriver
Command: [1694cd4284e928cf74e4333dcd9a491d, sendKeysToElement {id=2B3BA5566C9EFFEBF453E7C80F2465FC_element_1068, value=[Ljava.lang.CharSequence;@7dc558b1}]
Capabilities {acceptInsecureCerts: false, browserName: chrome, browserVersion: 119.0.6045.200, chrome: {chromedriverVersion: 119.0.6045.105 (38c72552c5e..., userDataDir: C:\Users\kumar\AppData\Loca...}, fedcm:accounts: true, goog:chromeOptions: {debuggerAddress: localhost:54083}, networkConnectionEnabled: false, pageLoadStrategy: normal, platformName: windows, proxy: Proxy(), se:cdp: ws://localhost:54083/devtoo..., se:cdpVersion: 119.0.6045.200, setWindowRect: true, strictFileInteractability: false, timeouts: {implicit: 0, pageLoad: 300000, script: 30000}, unhandledPromptBehavior: dismiss and notify, webauthn:extension:credBlob: true, webauthn:extension:largeBlob: true, webauthn:extension:minPinLength: true, webauthn:extension:prf: true, webauthn:virtualAuthenticators: true}
Element: [[ChromeDriver: chrome on windows (1694cd4284e928cf74e4333dcd9a491d)] -> xpath: //div[text()='Off']/..]
Session ID: 1694cd4284e928cf74e4333dcd9a491d
	at java.base/jdk.internal.reflect.NativeConstructorAccessorImpl.newInstance0(Native Method)
	at java.base/jdk.internal.reflect.NativeConstructorAccessorImpl.newInstance(NativeConstructorAccessorImpl.java:77)
	at java.base/jdk.internal.reflect.DelegatingConstructorAccessorImpl.newInstance(DelegatingConstructorAccessorImpl.java:45)
	at java.base/java.lang.reflect.Constructor.newInstanceWithCaller(Constructor.java:499)
	at java.base/java.lang.reflect.Constructor.newInstance(Constructor.java:480)
	at org.openqa.selenium.remote.codec.w3c.W3CHttpResponseCodec.createException(W3CHttpResponseCodec.java:199)
	at org.openqa.selenium.remote.codec.w3c.W3CHttpResponseCodec.decode(W3CHttpResponseCodec.java:132)
	at org.openqa.selenium.remote.codec.w3c.W3CHttpResponseCodec.decode(W3CHttpResponseCodec.java:51)
	at org.openqa.selenium.remote.HttpCommandExecutor.execute(HttpCommandExecutor.java:191)
	at org.openqa.selenium.remote.service.DriverCommandExecutor.invokeExecute(DriverCommandExecutor.java:196)
	at org.openqa.selenium.remote.service.DriverCommandExecutor.execute(DriverCommandExecutor.java:171)
	at org.openqa.selenium.remote.RemoteWebDriver.execute(RemoteWebDriver.java:531)
	at org.openqa.selenium.remote.RemoteWebElement.execute(RemoteWebElement.java:242)
	at org.openqa.selenium.remote.RemoteWebElement.sendKeys(RemoteWebElement.java:111)
	at com.AutomationJiviewsPOM.SystemDefinationRosterCreationPage.enterEmptyCell(SystemDefinationRosterCreationPage.java:372)
	at com.AutomationJiviewsPOM.SystemDefinationRosterCreationPage.setCreateRoasterwithGroup(SystemDefinationRosterCreationPage.java:453)
	at com.AutomationJiviewsPOM.EmpAdmRosterGroupAssignmentPage.AddEmployeesNonMembersToMembersAndRemoveFromMembersToNonMember(EmpAdmRosterGroupAssignmentPage.java:331)
	at com.JiviewsAutomation.SystemDefination_Test.EmpAdmRosterGroupAssignmentTest.verifyAddEmployeesNonMembersToMembersAndRemoveFromMembersToNonMember(EmpAdmRosterGroupAssignmentTest.java:78)
	at java.base/jdk.internal.reflect.NativeMethodAccessorImpl.invoke0(Native Method)
	at java.base/jdk.internal.reflect.NativeMethodAccessorImpl.invoke(NativeMethodAccessorImpl.java:77)
	at java.base/jdk.internal.reflect.DelegatingMethodAccessorImpl.invoke(DelegatingMethodAccessorImpl.java:43)
	at java.base/java.lang.reflect.Method.invoke(Method.java:568)
	at org.testng.internal.MethodInvocationHelper.invokeMethod(MethodInvocationHelper.java:124)
	at org.testng.internal.Invoker.invokeMethod(Invoker.java:583)
	at org.testng.internal.Invoker.invokeTestMethod(Invoker.java:719)
	at org.testng.internal.Invoker.invokeTestMethods(Invoker.java:989)
	at org.testng.internal.TestMethodWorker.invokeTestMethods(TestMethodWorker.java:125)
	at org.testng.internal.TestMethodWorker.run(TestMethodWorker.java:109)
	at org.testng.TestRunner.privateRun(TestRunner.java:648)
	at org.testng.TestRunner.run(TestRunner.java:505)
	at org.testng.SuiteRunner.runTest(SuiteRunner.java:455)
	at org.testng.SuiteRunner.runSequentially(SuiteRunner.java:450)
	at org.testng.SuiteRunner.privateRun(SuiteRunner.java:415)
	at org.testng.SuiteRunner.run(SuiteRunner.java:364)
	at org.testng.SuiteRunnerWorker.runSuite(SuiteRunnerWorker.java:52)
	at org.testng.SuiteRunnerWorker.run(SuiteRunnerWorker.java:84)
	at org.testng.TestNG.runSuitesSequentially(TestNG.java:1208)
	at org.testng.TestNG.runSuitesLocally(TestNG.java:1137)
	at org.testng.TestNG.runSuites(TestNG.java:1049)
	at org.testng.TestNG.run(TestNG.java:1017)
	at org.apache.maven.surefire.testng.TestNGExecutor.run(TestNGExecutor.java:308)
	at org.apache.maven.surefire.testng.TestNGXmlTestSuite.execute(TestNGXmlTestSuite.java:71)
	at org.apache.maven.surefire.testng.TestNGProvider.invoke(TestNGProvider.java:113)
	at org.apache.maven.surefire.booter.ForkedBooter.runSuitesInProcess(ForkedBooter.java:385)
	at org.apache.maven.surefire.booter.ForkedBooter.execute(ForkedBooter.java:162)
	at org.apache.maven.surefire.booter.ForkedBooter.run(ForkedBooter.java:507)
	at org.apache.maven.surefire.booter.ForkedBooter.main(ForkedBooter.java:495)
]]></system-err>
  </testcase>
</testsuite>