<?xml version="1.0" encoding="UTF-8"?>
<!-- Generated by org.testng.reporters.JUnitReportReporter -->
<testsuite hostname="Rajat" failures="0" tests="1" name="com.JiviewsAutomation.SystemDefination_TestScript.roleSetUpTestScript" time="32.228" errors="0" timestamp="2023-10-11T12:47:37 IST" skipped="0">
  <testcase classname="com.JiviewsAutomation.SystemDefination_TestScript.roleSetUpTestScript" name="verifyCreateNewRole" time="32.228"/>
  <system-out/>
</testsuite> <!-- com.JiviewsAutomation.SystemDefination_TestScript.roleSetUpTestScript -->
