<?xml version="1.0" encoding="UTF-8"?>
<!-- Generated by org.testng.reporters.JUnitReportReporter -->
<testsuite hostname="Rajat" failures="0" tests="1" name="com.SystemDefination_TestScript_Skill.skillDeactive" time="0.000" errors="0" timestamp="2023-10-11T01:24:29 IST" skipped="1">
  <testcase classname="com.SystemDefination_TestScript_Skill.skillDeactive" name="deActiveSkill" time="0.000">
    <skipped/>
  </testcase> <!-- deActiveSkill -->
  <system-out/>
</testsuite> <!-- com.SystemDefination_TestScript_Skill.skillDeactive -->
