<?xml version="1.0" encoding="UTF-8"?>
<!-- Generated by org.testng.reporters.JUnitReportReporter -->
<testsuite hostname="Rajat" failures="0" tests="5" name="com.SystemDefination_TestScript_Skill.skillSetUpTestScript" time="191.556" errors="0" timestamp="2023-10-11T01:48:06 IST" skipped="0">
  <testcase classname="com.SystemDefination_TestScript_Skill.skillSetUpTestScript" name="createNewSkill" time="36.313"/>
  <system-out/>
  <testcase classname="com.SystemDefination_TestScript_Skill.skillSetUpTestScript" name="updateSkill" time="37.184"/>
  <system-out/>
  <testcase classname="com.SystemDefination_TestScript_Skill.skillSetUpTestScript" name="deActiveSkill" time="34.484"/>
  <system-out/>
  <testcase classname="com.SystemDefination_TestScript_Skill.skillSetUpTestScript" name="setReActiveSkill" time="50.406"/>
  <system-out/>
  <testcase classname="com.SystemDefination_TestScript_Skill.skillSetUpTestScript" name="searchColumns" time="33.169"/>
  <system-out/>
</testsuite> <!-- com.SystemDefination_TestScript_Skill.skillSetUpTestScript -->
