<?xml version="1.0" encoding="UTF-8"?>
<!-- Generated by org.testng.reporters.JUnitReportReporter -->
<testsuite hostname="Rajat" failures="0" tests="1" name="com.SystemDefination_TestScript_Skill.skillSearchColumns" time="33.137" errors="0" timestamp="2023-10-11T01:37:11 IST" skipped="0">
  <testcase classname="com.SystemDefination_TestScript_Skill.skillSearchColumns" name="searchColumns" time="33.137"/>
  <system-out/>
</testsuite> <!-- com.SystemDefination_TestScript_Skill.skillSearchColumns -->
