<?xml version="1.0" encoding="UTF-8"?>
<!-- Generated by org.testng.reporters.JUnitReportReporter -->
<testsuite hostname="Rajat" failures="0" tests="5" name="com.JiviewsAutomation.SystemDefination_TestScript.skillSetUpTestScript" time="158.872" errors="0" timestamp="2023-10-12T17:32:20 IST" skipped="0">
  <testcase classname="com.JiviewsAutomation.SystemDefination_TestScript.skillSetUpTestScript" name="createNewSkill" time="34.851"/>
  <system-out/>
  <testcase classname="com.JiviewsAutomation.SystemDefination_TestScript.skillSetUpTestScript" name="updateSkill" time="36.626"/>
  <system-out/>
  <testcase classname="com.JiviewsAutomation.SystemDefination_TestScript.skillSetUpTestScript" name="deActiveSkill" time="25.751"/>
  <system-out/>
  <testcase classname="com.JiviewsAutomation.SystemDefination_TestScript.skillSetUpTestScript" name="setReActiveSkill" time="37.281"/>
  <system-out/>
  <testcase classname="com.JiviewsAutomation.SystemDefination_TestScript.skillSetUpTestScript" name="searchColumns" time="24.363"/>
  <system-out/>
</testsuite> <!-- com.JiviewsAutomation.SystemDefination_TestScript.skillSetUpTestScript -->
