<?xml version="1.0" encoding="UTF-8"?>
<!-- Generated by org.testng.reporters.JUnitReportReporter -->
<testsuite hostname="Rajat" failures="0" tests="5" name="com.JiviewsAutomation.SystemDefination_TestScript.skillSetUpTestScript" time="169.999" errors="0" timestamp="2023-10-13T09:23:53 IST" skipped="0">
  <testcase classname="com.JiviewsAutomation.SystemDefination_TestScript.skillSetUpTestScript" name="createNewSkill" time="37.084"/>
  <system-out/>
  <testcase classname="com.JiviewsAutomation.SystemDefination_TestScript.skillSetUpTestScript" name="updateSkill" time="31.136"/>
  <system-out/>
  <testcase classname="com.JiviewsAutomation.SystemDefination_TestScript.skillSetUpTestScript" name="deActiveSkill" time="30.427"/>
  <system-out/>
  <testcase classname="com.JiviewsAutomation.SystemDefination_TestScript.skillSetUpTestScript" name="setReActiveSkill" time="42.035"/>
  <system-out/>
  <testcase classname="com.JiviewsAutomation.SystemDefination_TestScript.skillSetUpTestScript" name="searchColumns" time="29.317"/>
  <system-out/>
</testsuite> <!-- com.JiviewsAutomation.SystemDefination_TestScript.skillSetUpTestScript -->
