<?xml version="1.0" encoding="UTF-8"?>
<!-- Generated by org.testng.reporters.JUnitReportReporter -->
<testsuite hostname="Rajat" failures="0" tests="1" name="com.SystemDefination_TestScript_Skill.skillUpdate" time="29.545" errors="0" timestamp="2023-10-11T01:41:18 IST" skipped="0">
  <testcase classname="com.SystemDefination_TestScript_Skill.skillUpdate" name="updateSkill" time="29.545"/>
  <system-out/>
</testsuite> <!-- com.SystemDefination_TestScript_Skill.skillUpdate -->
