<?xml version="1.0" encoding="UTF-8"?>
<!-- Generated by org.testng.reporters.JUnitReportReporter -->
<testsuite hostname="Rajat" failures="0" tests="5" name="com.JiviewsAutomation.SystemDefination_TestScript.skillSetUpTestScript" time="171.909" errors="0" timestamp="2023-10-13T14:00:27 IST" skipped="0">
  <testcase classname="com.JiviewsAutomation.SystemDefination_TestScript.skillSetUpTestScript" name="createNewSkill" time="39.124"/>
  <system-out/>
  <testcase classname="com.JiviewsAutomation.SystemDefination_TestScript.skillSetUpTestScript" name="updateSkill" time="30.800"/>
  <system-out/>
  <testcase classname="com.JiviewsAutomation.SystemDefination_TestScript.skillSetUpTestScript" name="deActiveSkill" time="30.899"/>
  <system-out/>
  <testcase classname="com.JiviewsAutomation.SystemDefination_TestScript.skillSetUpTestScript" name="setReActiveSkill" time="41.948"/>
  <system-out/>
  <testcase classname="com.JiviewsAutomation.SystemDefination_TestScript.skillSetUpTestScript" name="searchColumns" time="29.138"/>
  <system-out/>
</testsuite> <!-- com.JiviewsAutomation.SystemDefination_TestScript.skillSetUpTestScript -->
