<?xml version="1.0" encoding="UTF-8"?>
<!-- Generated by org.testng.reporters.JUnitReportReporter -->
<testsuite hostname="Rajat" failures="0" tests="5" name="com.JiviewsAutomation.SystemDefination_TestScript.skillSetUpTestScript" time="173.721" errors="0" timestamp="2023-10-13T10:14:06 IST" skipped="0">
  <testcase classname="com.JiviewsAutomation.SystemDefination_TestScript.skillSetUpTestScript" name="createNewSkill" time="45.461"/>
  <system-out/>
  <testcase classname="com.JiviewsAutomation.SystemDefination_TestScript.skillSetUpTestScript" name="updateSkill" time="29.287"/>
  <system-out/>
  <testcase classname="com.JiviewsAutomation.SystemDefination_TestScript.skillSetUpTestScript" name="deActiveSkill" time="29.384"/>
  <system-out/>
  <testcase classname="com.JiviewsAutomation.SystemDefination_TestScript.skillSetUpTestScript" name="setReActiveSkill" time="41.306"/>
  <system-out/>
  <testcase classname="com.JiviewsAutomation.SystemDefination_TestScript.skillSetUpTestScript" name="searchColumns" time="28.283"/>
  <system-out/>
</testsuite> <!-- com.JiviewsAutomation.SystemDefination_TestScript.skillSetUpTestScript -->
