<?xml version="1.0" encoding="UTF-8"?>
<!-- Generated by org.testng.reporters.JUnitReportReporter -->
<testsuite hostname="Rajat" failures="0" tests="5" name="com.SystemDefination_TestScript_Skill.skillSetUpTestScript" time="144.031" errors="0" timestamp="2023-10-11T12:26:58 IST" skipped="0">
  <testcase classname="com.SystemDefination_TestScript_Skill.skillSetUpTestScript" name="createNewSkill" time="31.077"/>
  <system-out/>
  <testcase classname="com.SystemDefination_TestScript_Skill.skillSetUpTestScript" name="updateSkill" time="25.174"/>
  <system-out/>
  <testcase classname="com.SystemDefination_TestScript_Skill.skillSetUpTestScript" name="deActiveSkill" time="25.712"/>
  <system-out/>
  <testcase classname="com.SystemDefination_TestScript_Skill.skillSetUpTestScript" name="setReActiveSkill" time="37.359"/>
  <system-out/>
  <testcase classname="com.SystemDefination_TestScript_Skill.skillSetUpTestScript" name="searchColumns" time="24.709"/>
  <system-out/>
</testsuite> <!-- com.SystemDefination_TestScript_Skill.skillSetUpTestScript -->
